[0.178s] DEBUG:colcon:Command line arguments: ['/usr/bin/colcon', 'build', '--symlink-install']
[0.178s] DEBUG:colcon:Parsed command line arguments: Namespace(log_base=None, log_level=None, verb_name='build', build_base='build', install_base='install', merge_install=False, symlink_install=True, test_result_base=None, continue_on_error=False, executor='parallel', parallel_workers=4, event_handlers=None, ignore_user_meta=False, metas=['./colcon.meta'], base_paths=['.'], packages_ignore=None, packages_ignore_regex=None, paths=None, packages_up_to=None, packages_up_to_regex=None, packages_above=None, packages_above_and_dependencies=None, packages_above_depth=None, packages_select_by_dep=None, packages_skip_by_dep=None, packages_skip_up_to=None, packages_select_build_failed=False, packages_skip_build_finished=False, packages_select_test_failures=False, packages_skip_test_passed=False, packages_select=None, packages_skip=None, packages_select_regex=None, packages_skip_regex=None, packages_start=None, packages_end=None, allow_overriding=[], cmake_args=None, cmake_target=None, cmake_target_skip_unavailable=False, cmake_clean_cache=False, cmake_clean_first=False, cmake_force_configure=False, ament_cmake_args=None, catkin_cmake_args=None, catkin_skip_building_tests=False, mixin_files=None, mixin=None, verb_parser=<colcon_mixin.mixin.mixin_argument.MixinArgumentDecorator object at 0x7510fa3621a0>, verb_extension=<colcon_core.verb.build.BuildVerb object at 0x7510fa361cf0>, main=<bound method BuildVerb.main of <colcon_core.verb.build.BuildVerb object at 0x7510fa361cf0>>, mixin_verb=('build',))
[0.490s] Level 1:colcon.colcon_core.package_discovery:discover_packages(colcon_meta) check parameters
[0.490s] Level 1:colcon.colcon_core.package_discovery:discover_packages(recursive) check parameters
[0.490s] Level 1:colcon.colcon_core.package_discovery:discover_packages(ignore) check parameters
[0.491s] Level 1:colcon.colcon_core.package_discovery:discover_packages(path) check parameters
[0.491s] Level 1:colcon.colcon_core.package_discovery:discover_packages(colcon_meta) discover
[0.491s] Level 1:colcon.colcon_core.package_discovery:discover_packages(recursive) discover
[0.491s] INFO:colcon.colcon_core.package_discovery:Crawling recursively for packages in '/home/tim3145/espers2_ws'
[0.491s] Level 1:colcon.colcon_core.package_identification:_identify(.) by extensions ['ignore', 'ignore_ament_install']
[0.491s] Level 1:colcon.colcon_core.package_identification:_identify(.) by extension 'ignore'
[0.491s] Level 1:colcon.colcon_core.package_identification:_identify(.) by extension 'ignore_ament_install'
[0.491s] Level 1:colcon.colcon_core.package_identification:_identify(.) by extensions ['colcon_pkg']
[0.491s] Level 1:colcon.colcon_core.package_identification:_identify(.) by extension 'colcon_pkg'
[0.491s] Level 1:colcon.colcon_core.package_identification:_identify(.) by extensions ['colcon_meta']
[0.491s] Level 1:colcon.colcon_core.package_identification:_identify(.) by extension 'colcon_meta'
[0.491s] Level 1:colcon.colcon_core.package_identification:_identify(.) by extensions ['ros']
[0.491s] Level 1:colcon.colcon_core.package_identification:_identify(.) by extension 'ros'
[0.509s] Level 1:colcon.colcon_core.package_identification:_identify(.) by extensions ['cmake', 'python']
[0.509s] Level 1:colcon.colcon_core.package_identification:_identify(.) by extension 'cmake'
[0.509s] Level 1:colcon.colcon_core.package_identification:_identify(.) by extension 'python'
[0.509s] Level 1:colcon.colcon_core.package_identification:_identify(.) by extensions ['python_setup_py']
[0.509s] Level 1:colcon.colcon_core.package_identification:_identify(.) by extension 'python_setup_py'
[0.509s] Level 1:colcon.colcon_core.package_identification:_identify(build) by extensions ['ignore', 'ignore_ament_install']
[0.509s] Level 1:colcon.colcon_core.package_identification:_identify(build) by extension 'ignore'
[0.509s] Level 1:colcon.colcon_core.package_identification:_identify(build) ignored
[0.510s] Level 1:colcon.colcon_core.package_identification:_identify(install) by extensions ['ignore', 'ignore_ament_install']
[0.510s] Level 1:colcon.colcon_core.package_identification:_identify(install) by extension 'ignore'
[0.510s] Level 1:colcon.colcon_core.package_identification:_identify(install) ignored
[0.510s] Level 1:colcon.colcon_core.package_identification:_identify(log) by extensions ['ignore', 'ignore_ament_install']
[0.510s] Level 1:colcon.colcon_core.package_identification:_identify(log) by extension 'ignore'
[0.510s] Level 1:colcon.colcon_core.package_identification:_identify(log) ignored
[0.510s] Level 1:colcon.colcon_core.package_identification:_identify(robot_edit.ino) by extensions ['ignore', 'ignore_ament_install']
[0.510s] Level 1:colcon.colcon_core.package_identification:_identify(robot_edit.ino) by extension 'ignore'
[0.510s] Level 1:colcon.colcon_core.package_identification:_identify(robot_edit.ino) by extension 'ignore_ament_install'
[0.511s] Level 1:colcon.colcon_core.package_identification:_identify(robot_edit.ino) by extensions ['colcon_pkg']
[0.511s] Level 1:colcon.colcon_core.package_identification:_identify(robot_edit.ino) by extension 'colcon_pkg'
[0.511s] Level 1:colcon.colcon_core.package_identification:_identify(robot_edit.ino) by extensions ['colcon_meta']
[0.511s] Level 1:colcon.colcon_core.package_identification:_identify(robot_edit.ino) by extension 'colcon_meta'
[0.511s] Level 1:colcon.colcon_core.package_identification:_identify(robot_edit.ino) by extensions ['ros']
[0.511s] Level 1:colcon.colcon_core.package_identification:_identify(robot_edit.ino) by extension 'ros'
[0.511s] Level 1:colcon.colcon_core.package_identification:_identify(robot_edit.ino) by extensions ['cmake', 'python']
[0.511s] Level 1:colcon.colcon_core.package_identification:_identify(robot_edit.ino) by extension 'cmake'
[0.511s] Level 1:colcon.colcon_core.package_identification:_identify(robot_edit.ino) by extension 'python'
[0.511s] Level 1:colcon.colcon_core.package_identification:_identify(robot_edit.ino) by extensions ['python_setup_py']
[0.511s] Level 1:colcon.colcon_core.package_identification:_identify(robot_edit.ino) by extension 'python_setup_py'
[0.511s] Level 1:colcon.colcon_core.package_identification:_identify(src) by extensions ['ignore', 'ignore_ament_install']
[0.511s] Level 1:colcon.colcon_core.package_identification:_identify(src) by extension 'ignore'
[0.512s] Level 1:colcon.colcon_core.package_identification:_identify(src) by extension 'ignore_ament_install'
[0.512s] Level 1:colcon.colcon_core.package_identification:_identify(src) by extensions ['colcon_pkg']
[0.512s] Level 1:colcon.colcon_core.package_identification:_identify(src) by extension 'colcon_pkg'
[0.512s] Level 1:colcon.colcon_core.package_identification:_identify(src) by extensions ['colcon_meta']
[0.512s] Level 1:colcon.colcon_core.package_identification:_identify(src) by extension 'colcon_meta'
[0.512s] Level 1:colcon.colcon_core.package_identification:_identify(src) by extensions ['ros']
[0.512s] Level 1:colcon.colcon_core.package_identification:_identify(src) by extension 'ros'
[0.512s] Level 1:colcon.colcon_core.package_identification:_identify(src) by extensions ['cmake', 'python']
[0.512s] Level 1:colcon.colcon_core.package_identification:_identify(src) by extension 'cmake'
[0.512s] Level 1:colcon.colcon_core.package_identification:_identify(src) by extension 'python'
[0.512s] Level 1:colcon.colcon_core.package_identification:_identify(src) by extensions ['python_setup_py']
[0.512s] Level 1:colcon.colcon_core.package_identification:_identify(src) by extension 'python_setup_py'
[0.512s] Level 1:colcon.colcon_core.package_identification:_identify(src/arduino_bridge) by extensions ['ignore', 'ignore_ament_install']
[0.512s] Level 1:colcon.colcon_core.package_identification:_identify(src/arduino_bridge) by extension 'ignore'
[0.513s] Level 1:colcon.colcon_core.package_identification:_identify(src/arduino_bridge) by extension 'ignore_ament_install'
[0.513s] Level 1:colcon.colcon_core.package_identification:_identify(src/arduino_bridge) by extensions ['colcon_pkg']
[0.513s] Level 1:colcon.colcon_core.package_identification:_identify(src/arduino_bridge) by extension 'colcon_pkg'
[0.513s] Level 1:colcon.colcon_core.package_identification:_identify(src/arduino_bridge) by extensions ['colcon_meta']
[0.513s] Level 1:colcon.colcon_core.package_identification:_identify(src/arduino_bridge) by extension 'colcon_meta'
[0.513s] Level 1:colcon.colcon_core.package_identification:_identify(src/arduino_bridge) by extensions ['ros']
[0.513s] Level 1:colcon.colcon_core.package_identification:_identify(src/arduino_bridge) by extension 'ros'
[0.516s] DEBUG:colcon.colcon_core.package_identification:Package 'src/arduino_bridge' with type 'ros.catkin' and name 'arduino_bridge'
[0.517s] Level 1:colcon.colcon_core.package_identification:_identify(src/diffbot_description) by extensions ['ignore', 'ignore_ament_install']
[0.517s] Level 1:colcon.colcon_core.package_identification:_identify(src/diffbot_description) by extension 'ignore'
[0.517s] Level 1:colcon.colcon_core.package_identification:_identify(src/diffbot_description) by extension 'ignore_ament_install'
[0.517s] Level 1:colcon.colcon_core.package_identification:_identify(src/diffbot_description) by extensions ['colcon_pkg']
[0.517s] Level 1:colcon.colcon_core.package_identification:_identify(src/diffbot_description) by extension 'colcon_pkg'
[0.517s] Level 1:colcon.colcon_core.package_identification:_identify(src/diffbot_description) by extensions ['colcon_meta']
[0.517s] Level 1:colcon.colcon_core.package_identification:_identify(src/diffbot_description) by extension 'colcon_meta'
[0.517s] Level 1:colcon.colcon_core.package_identification:_identify(src/diffbot_description) by extensions ['ros']
[0.518s] Level 1:colcon.colcon_core.package_identification:_identify(src/diffbot_description) by extension 'ros'
[0.519s] DEBUG:colcon.colcon_core.package_identification:Package 'src/diffbot_description' with type 'ros.ament_cmake' and name 'diffbot_description'
[0.519s] Level 1:colcon.colcon_core.package_identification:_identify(src/rplidar_ros) by extensions ['ignore', 'ignore_ament_install']
[0.520s] Level 1:colcon.colcon_core.package_identification:_identify(src/rplidar_ros) by extension 'ignore'
[0.520s] Level 1:colcon.colcon_core.package_identification:_identify(src/rplidar_ros) by extension 'ignore_ament_install'
[0.520s] Level 1:colcon.colcon_core.package_identification:_identify(src/rplidar_ros) by extensions ['colcon_pkg']
[0.520s] Level 1:colcon.colcon_core.package_identification:_identify(src/rplidar_ros) by extension 'colcon_pkg'
[0.520s] Level 1:colcon.colcon_core.package_identification:_identify(src/rplidar_ros) by extensions ['colcon_meta']
[0.520s] Level 1:colcon.colcon_core.package_identification:_identify(src/rplidar_ros) by extension 'colcon_meta'
[0.520s] Level 1:colcon.colcon_core.package_identification:_identify(src/rplidar_ros) by extensions ['ros']
[0.520s] Level 1:colcon.colcon_core.package_identification:_identify(src/rplidar_ros) by extension 'ros'
[0.521s] DEBUG:colcon.colcon_core.package_identification:Package 'src/rplidar_ros' with type 'ros.ament_cmake' and name 'rplidar_ros'
[0.521s] Level 1:colcon.colcon_core.package_identification:_identify(src/sllidar_ros2) by extensions ['ignore', 'ignore_ament_install']
[0.521s] Level 1:colcon.colcon_core.package_identification:_identify(src/sllidar_ros2) by extension 'ignore'
[0.521s] Level 1:colcon.colcon_core.package_identification:_identify(src/sllidar_ros2) by extension 'ignore_ament_install'
[0.521s] Level 1:colcon.colcon_core.package_identification:_identify(src/sllidar_ros2) by extensions ['colcon_pkg']
[0.521s] Level 1:colcon.colcon_core.package_identification:_identify(src/sllidar_ros2) by extension 'colcon_pkg'
[0.522s] Level 1:colcon.colcon_core.package_identification:_identify(src/sllidar_ros2) by extensions ['colcon_meta']
[0.522s] Level 1:colcon.colcon_core.package_identification:_identify(src/sllidar_ros2) by extension 'colcon_meta'
[0.522s] Level 1:colcon.colcon_core.package_identification:_identify(src/sllidar_ros2) by extensions ['ros']
[0.522s] Level 1:colcon.colcon_core.package_identification:_identify(src/sllidar_ros2) by extension 'ros'
[0.523s] DEBUG:colcon.colcon_core.package_identification:Package 'src/sllidar_ros2' with type 'ros.ament_cmake' and name 'sllidar_ros2'
[0.523s] Level 1:colcon.colcon_core.package_discovery:discover_packages(recursive) using defaults
[0.523s] Level 1:colcon.colcon_core.package_discovery:discover_packages(ignore) discover
[0.523s] Level 1:colcon.colcon_core.package_discovery:discover_packages(ignore) using defaults
[0.523s] Level 1:colcon.colcon_core.package_discovery:discover_packages(path) discover
[0.523s] Level 1:colcon.colcon_core.package_discovery:discover_packages(path) using defaults
[0.554s] Level 1:colcon.colcon_core.package_discovery:discover_packages(prefix_path) check parameters
[0.554s] Level 1:colcon.colcon_core.package_discovery:discover_packages(prefix_path) discover
[0.557s] DEBUG:colcon.colcon_installed_package_information.package_discovery:Found 4 installed packages in /home/tim3145/espers2_ws/install
[0.560s] DEBUG:colcon.colcon_installed_package_information.package_discovery:Found 428 installed packages in /opt/ros/humble
[0.576s] Level 1:colcon.colcon_core.package_discovery:discover_packages(prefix_path) using defaults
[0.658s] Level 5:colcon.colcon_core.verb:set package 'arduino_bridge' build argument 'cmake_args' from command line to 'None'
[0.658s] Level 5:colcon.colcon_core.verb:set package 'arduino_bridge' build argument 'cmake_target' from command line to 'None'
[0.658s] Level 5:colcon.colcon_core.verb:set package 'arduino_bridge' build argument 'cmake_target_skip_unavailable' from command line to 'False'
[0.658s] Level 5:colcon.colcon_core.verb:set package 'arduino_bridge' build argument 'cmake_clean_cache' from command line to 'False'
[0.658s] Level 5:colcon.colcon_core.verb:set package 'arduino_bridge' build argument 'cmake_clean_first' from command line to 'False'
[0.658s] Level 5:colcon.colcon_core.verb:set package 'arduino_bridge' build argument 'cmake_force_configure' from command line to 'False'
[0.658s] Level 5:colcon.colcon_core.verb:set package 'arduino_bridge' build argument 'ament_cmake_args' from command line to 'None'
[0.658s] Level 5:colcon.colcon_core.verb:set package 'arduino_bridge' build argument 'catkin_cmake_args' from command line to 'None'
[0.658s] Level 5:colcon.colcon_core.verb:set package 'arduino_bridge' build argument 'catkin_skip_building_tests' from command line to 'False'
[0.658s] DEBUG:colcon.colcon_core.verb:Building package 'arduino_bridge' with the following arguments: {'ament_cmake_args': None, 'build_base': '/home/tim3145/espers2_ws/build/arduino_bridge', 'catkin_cmake_args': None, 'catkin_skip_building_tests': False, 'cmake_args': None, 'cmake_clean_cache': False, 'cmake_clean_first': False, 'cmake_force_configure': False, 'cmake_target': None, 'cmake_target_skip_unavailable': False, 'install_base': '/home/tim3145/espers2_ws/install/arduino_bridge', 'merge_install': False, 'path': '/home/tim3145/espers2_ws/src/arduino_bridge', 'symlink_install': True, 'test_result_base': None}
[0.659s] Level 5:colcon.colcon_core.verb:set package 'diffbot_description' build argument 'cmake_args' from command line to 'None'
[0.659s] Level 5:colcon.colcon_core.verb:set package 'diffbot_description' build argument 'cmake_target' from command line to 'None'
[0.659s] Level 5:colcon.colcon_core.verb:set package 'diffbot_description' build argument 'cmake_target_skip_unavailable' from command line to 'False'
[0.659s] Level 5:colcon.colcon_core.verb:set package 'diffbot_description' build argument 'cmake_clean_cache' from command line to 'False'
[0.659s] Level 5:colcon.colcon_core.verb:set package 'diffbot_description' build argument 'cmake_clean_first' from command line to 'False'
[0.659s] Level 5:colcon.colcon_core.verb:set package 'diffbot_description' build argument 'cmake_force_configure' from command line to 'False'
[0.659s] Level 5:colcon.colcon_core.verb:set package 'diffbot_description' build argument 'ament_cmake_args' from command line to 'None'
[0.659s] Level 5:colcon.colcon_core.verb:set package 'diffbot_description' build argument 'catkin_cmake_args' from command line to 'None'
[0.659s] Level 5:colcon.colcon_core.verb:set package 'diffbot_description' build argument 'catkin_skip_building_tests' from command line to 'False'
[0.659s] DEBUG:colcon.colcon_core.verb:Building package 'diffbot_description' with the following arguments: {'ament_cmake_args': None, 'build_base': '/home/tim3145/espers2_ws/build/diffbot_description', 'catkin_cmake_args': None, 'catkin_skip_building_tests': False, 'cmake_args': None, 'cmake_clean_cache': False, 'cmake_clean_first': False, 'cmake_force_configure': False, 'cmake_target': None, 'cmake_target_skip_unavailable': False, 'install_base': '/home/tim3145/espers2_ws/install/diffbot_description', 'merge_install': False, 'path': '/home/tim3145/espers2_ws/src/diffbot_description', 'symlink_install': True, 'test_result_base': None}
[0.660s] Level 5:colcon.colcon_core.verb:set package 'rplidar_ros' build argument 'cmake_args' from command line to 'None'
[0.660s] Level 5:colcon.colcon_core.verb:set package 'rplidar_ros' build argument 'cmake_target' from command line to 'None'
[0.660s] Level 5:colcon.colcon_core.verb:set package 'rplidar_ros' build argument 'cmake_target_skip_unavailable' from command line to 'False'
[0.660s] Level 5:colcon.colcon_core.verb:set package 'rplidar_ros' build argument 'cmake_clean_cache' from command line to 'False'
[0.660s] Level 5:colcon.colcon_core.verb:set package 'rplidar_ros' build argument 'cmake_clean_first' from command line to 'False'
[0.660s] Level 5:colcon.colcon_core.verb:set package 'rplidar_ros' build argument 'cmake_force_configure' from command line to 'False'
[0.660s] Level 5:colcon.colcon_core.verb:set package 'rplidar_ros' build argument 'ament_cmake_args' from command line to 'None'
[0.660s] Level 5:colcon.colcon_core.verb:set package 'rplidar_ros' build argument 'catkin_cmake_args' from command line to 'None'
[0.660s] Level 5:colcon.colcon_core.verb:set package 'rplidar_ros' build argument 'catkin_skip_building_tests' from command line to 'False'
[0.660s] DEBUG:colcon.colcon_core.verb:Building package 'rplidar_ros' with the following arguments: {'ament_cmake_args': None, 'build_base': '/home/tim3145/espers2_ws/build/rplidar_ros', 'catkin_cmake_args': None, 'catkin_skip_building_tests': False, 'cmake_args': None, 'cmake_clean_cache': False, 'cmake_clean_first': False, 'cmake_force_configure': False, 'cmake_target': None, 'cmake_target_skip_unavailable': False, 'install_base': '/home/tim3145/espers2_ws/install/rplidar_ros', 'merge_install': False, 'path': '/home/tim3145/espers2_ws/src/rplidar_ros', 'symlink_install': True, 'test_result_base': None}
[0.661s] Level 5:colcon.colcon_core.verb:set package 'sllidar_ros2' build argument 'cmake_args' from command line to 'None'
[0.661s] Level 5:colcon.colcon_core.verb:set package 'sllidar_ros2' build argument 'cmake_target' from command line to 'None'
[0.661s] Level 5:colcon.colcon_core.verb:set package 'sllidar_ros2' build argument 'cmake_target_skip_unavailable' from command line to 'False'
[0.661s] Level 5:colcon.colcon_core.verb:set package 'sllidar_ros2' build argument 'cmake_clean_cache' from command line to 'False'
[0.661s] Level 5:colcon.colcon_core.verb:set package 'sllidar_ros2' build argument 'cmake_clean_first' from command line to 'False'
[0.661s] Level 5:colcon.colcon_core.verb:set package 'sllidar_ros2' build argument 'cmake_force_configure' from command line to 'False'
[0.661s] Level 5:colcon.colcon_core.verb:set package 'sllidar_ros2' build argument 'ament_cmake_args' from command line to 'None'
[0.661s] Level 5:colcon.colcon_core.verb:set package 'sllidar_ros2' build argument 'catkin_cmake_args' from command line to 'None'
[0.661s] Level 5:colcon.colcon_core.verb:set package 'sllidar_ros2' build argument 'catkin_skip_building_tests' from command line to 'False'
[0.661s] DEBUG:colcon.colcon_core.verb:Building package 'sllidar_ros2' with the following arguments: {'ament_cmake_args': None, 'build_base': '/home/tim3145/espers2_ws/build/sllidar_ros2', 'catkin_cmake_args': None, 'catkin_skip_building_tests': False, 'cmake_args': None, 'cmake_clean_cache': False, 'cmake_clean_first': False, 'cmake_force_configure': False, 'cmake_target': None, 'cmake_target_skip_unavailable': False, 'install_base': '/home/tim3145/espers2_ws/install/sllidar_ros2', 'merge_install': False, 'path': '/home/tim3145/espers2_ws/src/sllidar_ros2', 'symlink_install': True, 'test_result_base': None}
[0.661s] INFO:colcon.colcon_core.executor:Executing jobs using 'parallel' executor
[0.663s] DEBUG:colcon.colcon_parallel_executor.executor.parallel:run_until_complete
[0.663s] INFO:colcon.colcon_ros.task.catkin.build:Building ROS package in '/home/tim3145/espers2_ws/src/arduino_bridge' with build type 'catkin'
[0.664s] INFO:colcon.colcon_cmake.task.cmake.build:Building CMake package in '/home/tim3145/espers2_ws/src/arduino_bridge'
[0.666s] INFO:colcon.colcon_core.plugin_system:Skipping extension 'colcon_core.shell.bat': Not used on non-Windows systems
[0.667s] INFO:colcon.colcon_core.shell:Skip shell extension 'powershell' for command environment: Not usable outside of PowerShell
[0.667s] DEBUG:colcon.colcon_core.shell:Skip shell extension 'dsv' for command environment
[0.673s] INFO:colcon.colcon_ros.task.ament_cmake.build:Building ROS package in '/home/tim3145/espers2_ws/src/diffbot_description' with build type 'ament_cmake'
[0.673s] INFO:colcon.colcon_cmake.task.cmake.build:Building CMake package in '/home/tim3145/espers2_ws/src/diffbot_description'
[0.673s] INFO:colcon.colcon_core.shell:Skip shell extension 'powershell' for command environment: Not usable outside of PowerShell
[0.673s] DEBUG:colcon.colcon_core.shell:Skip shell extension 'dsv' for command environment
[0.680s] INFO:colcon.colcon_ros.task.ament_cmake.build:Building ROS package in '/home/tim3145/espers2_ws/src/rplidar_ros' with build type 'ament_cmake'
[0.680s] INFO:colcon.colcon_cmake.task.cmake.build:Building CMake package in '/home/tim3145/espers2_ws/src/rplidar_ros'
[0.680s] INFO:colcon.colcon_core.shell:Skip shell extension 'powershell' for command environment: Not usable outside of PowerShell
[0.680s] DEBUG:colcon.colcon_core.shell:Skip shell extension 'dsv' for command environment
[0.689s] INFO:colcon.colcon_ros.task.ament_cmake.build:Building ROS package in '/home/tim3145/espers2_ws/src/sllidar_ros2' with build type 'ament_cmake'
[0.689s] INFO:colcon.colcon_cmake.task.cmake.build:Building CMake package in '/home/tim3145/espers2_ws/src/sllidar_ros2'
[0.690s] INFO:colcon.colcon_core.shell:Skip shell extension 'powershell' for command environment: Not usable outside of PowerShell
[0.690s] DEBUG:colcon.colcon_core.shell:Skip shell extension 'dsv' for command environment
[0.707s] DEBUG:colcon.colcon_core.event_handler.log_command:Invoking command in '/home/tim3145/espers2_ws/build/arduino_bridge': /usr/bin/cmake --build /home/tim3145/espers2_ws/build/arduino_bridge -- -j4 -l4
[0.715s] DEBUG:colcon.colcon_core.event_handler.log_command:Invoking command in '/home/tim3145/espers2_ws/build/diffbot_description': CMAKE_PREFIX_PATH=/home/tim3145/espers2_ws/install/sllidar_ros2:/home/tim3145/espers2_ws/install/rplidar_ros:/home/tim3145/espers2_ws/install/diffbot_description:/opt/ros/humble:/home/tim3145/espers2_ws/install/arduino_bridge /usr/bin/cmake --build /home/tim3145/espers2_ws/build/diffbot_description -- -j4 -l4
[0.719s] DEBUG:colcon.colcon_core.event_handler.log_command:Invoking command in '/home/tim3145/espers2_ws/build/rplidar_ros': CMAKE_PREFIX_PATH=/home/tim3145/espers2_ws/install/sllidar_ros2:/home/tim3145/espers2_ws/install/rplidar_ros:/home/tim3145/espers2_ws/install/diffbot_description:/opt/ros/humble:/home/tim3145/espers2_ws/install/arduino_bridge /usr/bin/cmake --build /home/tim3145/espers2_ws/build/rplidar_ros -- -j4 -l4
[0.739s] DEBUG:colcon.colcon_core.event_handler.log_command:Invoking command in '/home/tim3145/espers2_ws/build/sllidar_ros2': CMAKE_PREFIX_PATH=/home/tim3145/espers2_ws/install/sllidar_ros2:/home/tim3145/espers2_ws/install/rplidar_ros:/home/tim3145/espers2_ws/install/diffbot_description:/opt/ros/humble:/home/tim3145/espers2_ws/install/arduino_bridge /usr/bin/cmake --build /home/tim3145/espers2_ws/build/sllidar_ros2 -- -j4 -l4
[0.787s] DEBUG:colcon.colcon_core.event_handler.log_command:Invoked command in '/home/tim3145/espers2_ws/build/arduino_bridge' returned '0': /usr/bin/cmake --build /home/tim3145/espers2_ws/build/arduino_bridge -- -j4 -l4
[0.833s] DEBUG:colcon.colcon_core.event_handler.log_command:Invoked command in '/home/tim3145/espers2_ws/build/diffbot_description' returned '0': CMAKE_PREFIX_PATH=/home/tim3145/espers2_ws/install/sllidar_ros2:/home/tim3145/espers2_ws/install/rplidar_ros:/home/tim3145/espers2_ws/install/diffbot_description:/opt/ros/humble:/home/tim3145/espers2_ws/install/arduino_bridge /usr/bin/cmake --build /home/tim3145/espers2_ws/build/diffbot_description -- -j4 -l4
[0.942s] DEBUG:colcon.colcon_core.event_handler.log_command:Invoking command in '/home/tim3145/espers2_ws/build/diffbot_description': CMAKE_PREFIX_PATH=/home/tim3145/espers2_ws/install/sllidar_ros2:/home/tim3145/espers2_ws/install/rplidar_ros:/home/tim3145/espers2_ws/install/diffbot_description:/opt/ros/humble:/home/tim3145/espers2_ws/install/arduino_bridge /usr/bin/cmake --install /home/tim3145/espers2_ws/build/diffbot_description
[0.948s] DEBUG:colcon.colcon_core.event_handler.log_command:Invoking command in '/home/tim3145/espers2_ws/build/arduino_bridge': /usr/bin/cmake --install /home/tim3145/espers2_ws/build/arduino_bridge
[0.955s] DEBUG:colcon.colcon_core.event_handler.log_command:Invoked command in '/home/tim3145/espers2_ws/build/rplidar_ros' returned '0': CMAKE_PREFIX_PATH=/home/tim3145/espers2_ws/install/sllidar_ros2:/home/tim3145/espers2_ws/install/rplidar_ros:/home/tim3145/espers2_ws/install/diffbot_description:/opt/ros/humble:/home/tim3145/espers2_ws/install/arduino_bridge /usr/bin/cmake --build /home/tim3145/espers2_ws/build/rplidar_ros -- -j4 -l4
[0.987s] DEBUG:colcon.colcon_core.event_handler.log_command:Invoked command in '/home/tim3145/espers2_ws/build/arduino_bridge' returned '0': /usr/bin/cmake --install /home/tim3145/espers2_ws/build/arduino_bridge
[0.990s] DEBUG:colcon.colcon_core.event_handler.log_command:Invoked command in '/home/tim3145/espers2_ws/build/sllidar_ros2' returned '0': CMAKE_PREFIX_PATH=/home/tim3145/espers2_ws/install/sllidar_ros2:/home/tim3145/espers2_ws/install/rplidar_ros:/home/tim3145/espers2_ws/install/diffbot_description:/opt/ros/humble:/home/tim3145/espers2_ws/install/arduino_bridge /usr/bin/cmake --build /home/tim3145/espers2_ws/build/sllidar_ros2 -- -j4 -l4
[1.014s] Level 1:colcon.colcon_core.environment:create_environment_scripts_only(diffbot_description)
[1.016s] DEBUG:colcon.colcon_core.event_handler.log_command:Invoked command in '/home/tim3145/espers2_ws/build/diffbot_description' returned '0': CMAKE_PREFIX_PATH=/home/tim3145/espers2_ws/install/sllidar_ros2:/home/tim3145/espers2_ws/install/rplidar_ros:/home/tim3145/espers2_ws/install/diffbot_description:/opt/ros/humble:/home/tim3145/espers2_ws/install/arduino_bridge /usr/bin/cmake --install /home/tim3145/espers2_ws/build/diffbot_description
[1.022s] Level 1:colcon.colcon_core.environment:checking '/home/tim3145/espers2_ws/install/diffbot_description' for CMake module files
[1.025s] Level 1:colcon.colcon_core.environment:checking '/home/tim3145/espers2_ws/install/diffbot_description' for CMake config files
[1.026s] Level 1:colcon.colcon_core.shell:create_environment_hook('diffbot_description', 'cmake_prefix_path')
[1.026s] INFO:colcon.colcon_core.shell:Creating environment hook '/home/tim3145/espers2_ws/install/diffbot_description/share/diffbot_description/hook/cmake_prefix_path.ps1'
[1.027s] INFO:colcon.colcon_core.shell:Creating environment descriptor '/home/tim3145/espers2_ws/install/diffbot_description/share/diffbot_description/hook/cmake_prefix_path.dsv'
[1.028s] INFO:colcon.colcon_core.shell:Creating environment hook '/home/tim3145/espers2_ws/install/diffbot_description/share/diffbot_description/hook/cmake_prefix_path.sh'
[1.030s] Level 1:colcon.colcon_core.environment:checking '/home/tim3145/espers2_ws/install/diffbot_description/bin'
[1.030s] Level 1:colcon.colcon_core.environment:checking '/home/tim3145/espers2_ws/install/diffbot_description/lib/pkgconfig/diffbot_description.pc'
[1.031s] Level 1:colcon.colcon_core.environment:checking '/home/tim3145/espers2_ws/install/diffbot_description/lib/python3.10/site-packages'
[1.032s] Level 1:colcon.colcon_core.environment:checking '/home/tim3145/espers2_ws/install/diffbot_description/bin'
[1.033s] INFO:colcon.colcon_core.shell:Creating package script '/home/tim3145/espers2_ws/install/diffbot_description/share/diffbot_description/package.ps1'
[1.035s] INFO:colcon.colcon_core.shell:Creating package descriptor '/home/tim3145/espers2_ws/install/diffbot_description/share/diffbot_description/package.dsv'
[1.037s] INFO:colcon.colcon_core.shell:Creating package script '/home/tim3145/espers2_ws/install/diffbot_description/share/diffbot_description/package.sh'
[1.039s] INFO:colcon.colcon_core.shell:Creating package script '/home/tim3145/espers2_ws/install/diffbot_description/share/diffbot_description/package.bash'
[1.042s] INFO:colcon.colcon_core.shell:Creating package script '/home/tim3145/espers2_ws/install/diffbot_description/share/diffbot_description/package.zsh'
[1.044s] Level 1:colcon.colcon_core.environment:create_file_with_runtime_dependencies(/home/tim3145/espers2_ws/install/diffbot_description/share/colcon-core/packages/diffbot_description)
[1.048s] Level 1:colcon.colcon_core.shell:create_environment_hook('arduino_bridge', 'ros_package_path')
[1.049s] INFO:colcon.colcon_core.shell:Creating environment hook '/home/tim3145/espers2_ws/install/arduino_bridge/share/arduino_bridge/hook/ros_package_path.ps1'
[1.050s] INFO:colcon.colcon_core.shell:Creating environment descriptor '/home/tim3145/espers2_ws/install/arduino_bridge/share/arduino_bridge/hook/ros_package_path.dsv'
[1.051s] INFO:colcon.colcon_core.shell:Creating environment hook '/home/tim3145/espers2_ws/install/arduino_bridge/share/arduino_bridge/hook/ros_package_path.sh'
[1.052s] Level 1:colcon.colcon_core.shell:create_environment_hook('arduino_bridge', 'pkg_config_path')
[1.053s] INFO:colcon.colcon_core.shell:Creating environment hook '/home/tim3145/espers2_ws/install/arduino_bridge/share/arduino_bridge/hook/pkg_config_path.ps1'
[1.054s] INFO:colcon.colcon_core.shell:Creating environment descriptor '/home/tim3145/espers2_ws/install/arduino_bridge/share/arduino_bridge/hook/pkg_config_path.dsv'
[1.055s] INFO:colcon.colcon_core.shell:Creating environment hook '/home/tim3145/espers2_ws/install/arduino_bridge/share/arduino_bridge/hook/pkg_config_path.sh'
[1.059s] Level 1:colcon.colcon_core.shell:create_environment_hook('arduino_bridge', 'pkg_config_path_multiarch')
[1.060s] INFO:colcon.colcon_core.shell:Creating environment hook '/home/tim3145/espers2_ws/install/arduino_bridge/share/arduino_bridge/hook/pkg_config_path_multiarch.ps1'
[1.061s] INFO:colcon.colcon_core.shell:Creating environment descriptor '/home/tim3145/espers2_ws/install/arduino_bridge/share/arduino_bridge/hook/pkg_config_path_multiarch.dsv'
[1.062s] INFO:colcon.colcon_core.shell:Creating environment hook '/home/tim3145/espers2_ws/install/arduino_bridge/share/arduino_bridge/hook/pkg_config_path_multiarch.sh'
[1.065s] Level 1:colcon.colcon_core.environment:create_environment_scripts_only(arduino_bridge)
[1.066s] Level 1:colcon.colcon_core.environment:checking '/home/tim3145/espers2_ws/install/arduino_bridge' for CMake module files
[1.068s] Level 1:colcon.colcon_core.environment:checking '/home/tim3145/espers2_ws/install/arduino_bridge' for CMake config files
[1.069s] Level 1:colcon.colcon_core.shell:create_environment_hook('arduino_bridge', 'cmake_prefix_path')
[1.070s] INFO:colcon.colcon_core.shell:Creating environment hook '/home/tim3145/espers2_ws/install/arduino_bridge/share/arduino_bridge/hook/cmake_prefix_path.ps1'
[1.071s] INFO:colcon.colcon_core.shell:Creating environment descriptor '/home/tim3145/espers2_ws/install/arduino_bridge/share/arduino_bridge/hook/cmake_prefix_path.dsv'
[1.072s] INFO:colcon.colcon_core.shell:Creating environment hook '/home/tim3145/espers2_ws/install/arduino_bridge/share/arduino_bridge/hook/cmake_prefix_path.sh'
[1.073s] Level 1:colcon.colcon_core.environment:checking '/home/tim3145/espers2_ws/install/arduino_bridge/lib'
[1.074s] Level 1:colcon.colcon_core.environment:checking '/home/tim3145/espers2_ws/install/arduino_bridge/bin'
[1.074s] Level 1:colcon.colcon_core.environment:checking '/home/tim3145/espers2_ws/install/arduino_bridge/lib/pkgconfig/arduino_bridge.pc'
[1.075s] Level 1:colcon.colcon_core.environment:checking '/home/tim3145/espers2_ws/install/arduino_bridge/lib/python3.10/site-packages'
[1.076s] Level 1:colcon.colcon_core.environment:checking '/home/tim3145/espers2_ws/install/arduino_bridge/bin'
[1.077s] INFO:colcon.colcon_core.shell:Creating package script '/home/tim3145/espers2_ws/install/arduino_bridge/share/arduino_bridge/package.ps1'
[1.080s] INFO:colcon.colcon_core.shell:Creating package descriptor '/home/tim3145/espers2_ws/install/arduino_bridge/share/arduino_bridge/package.dsv'
[1.081s] INFO:colcon.colcon_core.shell:Creating package script '/home/tim3145/espers2_ws/install/arduino_bridge/share/arduino_bridge/package.sh'
[1.083s] INFO:colcon.colcon_core.shell:Creating package script '/home/tim3145/espers2_ws/install/arduino_bridge/share/arduino_bridge/package.bash'
[1.084s] INFO:colcon.colcon_core.shell:Creating package script '/home/tim3145/espers2_ws/install/arduino_bridge/share/arduino_bridge/package.zsh'
[1.085s] Level 1:colcon.colcon_core.environment:create_file_with_runtime_dependencies(/home/tim3145/espers2_ws/install/arduino_bridge/share/colcon-core/packages/arduino_bridge)
[1.099s] Level 1:colcon.colcon_core.environment:create_environment_scripts_only(diffbot_description)
[1.100s] Level 1:colcon.colcon_core.environment:checking '/home/tim3145/espers2_ws/install/diffbot_description' for CMake module files
[1.102s] Level 1:colcon.colcon_core.environment:checking '/home/tim3145/espers2_ws/install/diffbot_description' for CMake config files
[1.103s] Level 1:colcon.colcon_core.shell:create_environment_hook('diffbot_description', 'cmake_prefix_path')
[1.104s] INFO:colcon.colcon_core.shell:Creating environment hook '/home/tim3145/espers2_ws/install/diffbot_description/share/diffbot_description/hook/cmake_prefix_path.ps1'
[1.104s] INFO:colcon.colcon_core.shell:Creating environment descriptor '/home/tim3145/espers2_ws/install/diffbot_description/share/diffbot_description/hook/cmake_prefix_path.dsv'
[1.105s] INFO:colcon.colcon_core.shell:Creating environment hook '/home/tim3145/espers2_ws/install/diffbot_description/share/diffbot_description/hook/cmake_prefix_path.sh'
[1.106s] Level 1:colcon.colcon_core.environment:checking '/home/tim3145/espers2_ws/install/diffbot_description/bin'
[1.107s] Level 1:colcon.colcon_core.environment:checking '/home/tim3145/espers2_ws/install/diffbot_description/lib/pkgconfig/diffbot_description.pc'
[1.107s] Level 1:colcon.colcon_core.environment:checking '/home/tim3145/espers2_ws/install/diffbot_description/lib/python3.10/site-packages'
[1.108s] Level 1:colcon.colcon_core.environment:checking '/home/tim3145/espers2_ws/install/diffbot_description/bin'
[1.109s] INFO:colcon.colcon_core.shell:Creating package script '/home/tim3145/espers2_ws/install/diffbot_description/share/diffbot_description/package.ps1'
[1.110s] INFO:colcon.colcon_core.shell:Creating package descriptor '/home/tim3145/espers2_ws/install/diffbot_description/share/diffbot_description/package.dsv'
[1.111s] INFO:colcon.colcon_core.shell:Creating package script '/home/tim3145/espers2_ws/install/diffbot_description/share/diffbot_description/package.sh'
[1.112s] INFO:colcon.colcon_core.shell:Creating package script '/home/tim3145/espers2_ws/install/diffbot_description/share/diffbot_description/package.bash'
[1.113s] INFO:colcon.colcon_core.shell:Creating package script '/home/tim3145/espers2_ws/install/diffbot_description/share/diffbot_description/package.zsh'
[1.113s] Level 1:colcon.colcon_core.environment:create_file_with_runtime_dependencies(/home/tim3145/espers2_ws/install/diffbot_description/share/colcon-core/packages/diffbot_description)
[1.118s] DEBUG:colcon.colcon_core.event_handler.log_command:Invoking command in '/home/tim3145/espers2_ws/build/rplidar_ros': CMAKE_PREFIX_PATH=/home/tim3145/espers2_ws/install/sllidar_ros2:/home/tim3145/espers2_ws/install/rplidar_ros:/home/tim3145/espers2_ws/install/diffbot_description:/opt/ros/humble:/home/tim3145/espers2_ws/install/arduino_bridge /usr/bin/cmake --install /home/tim3145/espers2_ws/build/rplidar_ros
[1.123s] DEBUG:colcon.colcon_core.event_handler.log_command:Invoking command in '/home/tim3145/espers2_ws/build/sllidar_ros2': CMAKE_PREFIX_PATH=/home/tim3145/espers2_ws/install/sllidar_ros2:/home/tim3145/espers2_ws/install/rplidar_ros:/home/tim3145/espers2_ws/install/diffbot_description:/opt/ros/humble:/home/tim3145/espers2_ws/install/arduino_bridge /usr/bin/cmake --install /home/tim3145/espers2_ws/build/sllidar_ros2
[1.165s] Level 1:colcon.colcon_core.environment:create_environment_scripts_only(rplidar_ros)
[1.165s] Level 1:colcon.colcon_core.environment:checking '/home/tim3145/espers2_ws/install/rplidar_ros' for CMake module files
[1.167s] DEBUG:colcon.colcon_core.event_handler.log_command:Invoked command in '/home/tim3145/espers2_ws/build/rplidar_ros' returned '0': CMAKE_PREFIX_PATH=/home/tim3145/espers2_ws/install/sllidar_ros2:/home/tim3145/espers2_ws/install/rplidar_ros:/home/tim3145/espers2_ws/install/diffbot_description:/opt/ros/humble:/home/tim3145/espers2_ws/install/arduino_bridge /usr/bin/cmake --install /home/tim3145/espers2_ws/build/rplidar_ros
[1.169s] Level 1:colcon.colcon_core.environment:checking '/home/tim3145/espers2_ws/install/rplidar_ros' for CMake config files
[1.170s] Level 1:colcon.colcon_core.shell:create_environment_hook('rplidar_ros', 'cmake_prefix_path')
[1.170s] INFO:colcon.colcon_core.shell:Creating environment hook '/home/tim3145/espers2_ws/install/rplidar_ros/share/rplidar_ros/hook/cmake_prefix_path.ps1'
[1.171s] INFO:colcon.colcon_core.shell:Creating environment descriptor '/home/tim3145/espers2_ws/install/rplidar_ros/share/rplidar_ros/hook/cmake_prefix_path.dsv'
[1.172s] INFO:colcon.colcon_core.shell:Creating environment hook '/home/tim3145/espers2_ws/install/rplidar_ros/share/rplidar_ros/hook/cmake_prefix_path.sh'
[1.172s] Level 1:colcon.colcon_core.environment:checking '/home/tim3145/espers2_ws/install/rplidar_ros/lib'
[1.172s] Level 1:colcon.colcon_core.environment:checking '/home/tim3145/espers2_ws/install/rplidar_ros/bin'
[1.173s] Level 1:colcon.colcon_core.environment:checking '/home/tim3145/espers2_ws/install/rplidar_ros/lib/pkgconfig/rplidar_ros.pc'
[1.173s] Level 1:colcon.colcon_core.environment:checking '/home/tim3145/espers2_ws/install/rplidar_ros/lib/python3.10/site-packages'
[1.173s] Level 1:colcon.colcon_core.environment:checking '/home/tim3145/espers2_ws/install/rplidar_ros/bin'
[1.174s] INFO:colcon.colcon_core.shell:Creating package script '/home/tim3145/espers2_ws/install/rplidar_ros/share/rplidar_ros/package.ps1'
[1.174s] INFO:colcon.colcon_core.shell:Creating package descriptor '/home/tim3145/espers2_ws/install/rplidar_ros/share/rplidar_ros/package.dsv'
[1.175s] INFO:colcon.colcon_core.shell:Creating package script '/home/tim3145/espers2_ws/install/rplidar_ros/share/rplidar_ros/package.sh'
[1.175s] INFO:colcon.colcon_core.shell:Creating package script '/home/tim3145/espers2_ws/install/rplidar_ros/share/rplidar_ros/package.bash'
[1.176s] INFO:colcon.colcon_core.shell:Creating package script '/home/tim3145/espers2_ws/install/rplidar_ros/share/rplidar_ros/package.zsh'
[1.176s] Level 1:colcon.colcon_core.environment:create_file_with_runtime_dependencies(/home/tim3145/espers2_ws/install/rplidar_ros/share/colcon-core/packages/rplidar_ros)
[1.179s] Level 1:colcon.colcon_core.environment:create_environment_scripts_only(sllidar_ros2)
[1.180s] DEBUG:colcon.colcon_core.event_handler.log_command:Invoked command in '/home/tim3145/espers2_ws/build/sllidar_ros2' returned '0': CMAKE_PREFIX_PATH=/home/tim3145/espers2_ws/install/sllidar_ros2:/home/tim3145/espers2_ws/install/rplidar_ros:/home/tim3145/espers2_ws/install/diffbot_description:/opt/ros/humble:/home/tim3145/espers2_ws/install/arduino_bridge /usr/bin/cmake --install /home/tim3145/espers2_ws/build/sllidar_ros2
[1.181s] Level 1:colcon.colcon_core.environment:checking '/home/tim3145/espers2_ws/install/sllidar_ros2' for CMake module files
[1.183s] Level 1:colcon.colcon_core.environment:checking '/home/tim3145/espers2_ws/install/sllidar_ros2' for CMake config files
[1.183s] Level 1:colcon.colcon_core.shell:create_environment_hook('sllidar_ros2', 'cmake_prefix_path')
[1.184s] INFO:colcon.colcon_core.shell:Creating environment hook '/home/tim3145/espers2_ws/install/sllidar_ros2/share/sllidar_ros2/hook/cmake_prefix_path.ps1'
[1.185s] INFO:colcon.colcon_core.shell:Creating environment descriptor '/home/tim3145/espers2_ws/install/sllidar_ros2/share/sllidar_ros2/hook/cmake_prefix_path.dsv'
[1.185s] INFO:colcon.colcon_core.shell:Creating environment hook '/home/tim3145/espers2_ws/install/sllidar_ros2/share/sllidar_ros2/hook/cmake_prefix_path.sh'
[1.186s] Level 1:colcon.colcon_core.environment:checking '/home/tim3145/espers2_ws/install/sllidar_ros2/lib'
[1.187s] Level 1:colcon.colcon_core.environment:checking '/home/tim3145/espers2_ws/install/sllidar_ros2/bin'
[1.187s] Level 1:colcon.colcon_core.environment:checking '/home/tim3145/espers2_ws/install/sllidar_ros2/lib/pkgconfig/sllidar_ros2.pc'
[1.187s] Level 1:colcon.colcon_core.environment:checking '/home/tim3145/espers2_ws/install/sllidar_ros2/lib/python3.10/site-packages'
[1.188s] Level 1:colcon.colcon_core.environment:checking '/home/tim3145/espers2_ws/install/sllidar_ros2/bin'
[1.189s] INFO:colcon.colcon_core.shell:Creating package script '/home/tim3145/espers2_ws/install/sllidar_ros2/share/sllidar_ros2/package.ps1'
[1.190s] INFO:colcon.colcon_core.shell:Creating package descriptor '/home/tim3145/espers2_ws/install/sllidar_ros2/share/sllidar_ros2/package.dsv'
[1.190s] INFO:colcon.colcon_core.shell:Creating package script '/home/tim3145/espers2_ws/install/sllidar_ros2/share/sllidar_ros2/package.sh'
[1.191s] INFO:colcon.colcon_core.shell:Creating package script '/home/tim3145/espers2_ws/install/sllidar_ros2/share/sllidar_ros2/package.bash'
[1.192s] INFO:colcon.colcon_core.shell:Creating package script '/home/tim3145/espers2_ws/install/sllidar_ros2/share/sllidar_ros2/package.zsh'
[1.193s] Level 1:colcon.colcon_core.environment:create_file_with_runtime_dependencies(/home/tim3145/espers2_ws/install/sllidar_ros2/share/colcon-core/packages/sllidar_ros2)
[1.286s] Level 1:colcon.colcon_core.environment:create_environment_scripts_only(rplidar_ros)
[1.287s] Level 1:colcon.colcon_core.environment:checking '/home/tim3145/espers2_ws/install/rplidar_ros' for CMake module files
[1.288s] Level 1:colcon.colcon_core.environment:checking '/home/tim3145/espers2_ws/install/rplidar_ros' for CMake config files
[1.288s] Level 1:colcon.colcon_core.shell:create_environment_hook('rplidar_ros', 'cmake_prefix_path')
[1.289s] INFO:colcon.colcon_core.shell:Creating environment hook '/home/tim3145/espers2_ws/install/rplidar_ros/share/rplidar_ros/hook/cmake_prefix_path.ps1'
[1.289s] INFO:colcon.colcon_core.shell:Creating environment descriptor '/home/tim3145/espers2_ws/install/rplidar_ros/share/rplidar_ros/hook/cmake_prefix_path.dsv'
[1.290s] INFO:colcon.colcon_core.shell:Creating environment hook '/home/tim3145/espers2_ws/install/rplidar_ros/share/rplidar_ros/hook/cmake_prefix_path.sh'
[1.291s] Level 1:colcon.colcon_core.environment:checking '/home/tim3145/espers2_ws/install/rplidar_ros/lib'
[1.291s] Level 1:colcon.colcon_core.environment:checking '/home/tim3145/espers2_ws/install/rplidar_ros/bin'
[1.291s] Level 1:colcon.colcon_core.environment:checking '/home/tim3145/espers2_ws/install/rplidar_ros/lib/pkgconfig/rplidar_ros.pc'
[1.292s] Level 1:colcon.colcon_core.environment:checking '/home/tim3145/espers2_ws/install/rplidar_ros/lib/python3.10/site-packages'
[1.292s] Level 1:colcon.colcon_core.environment:checking '/home/tim3145/espers2_ws/install/rplidar_ros/bin'
[1.293s] INFO:colcon.colcon_core.shell:Creating package script '/home/tim3145/espers2_ws/install/rplidar_ros/share/rplidar_ros/package.ps1'
[1.294s] INFO:colcon.colcon_core.shell:Creating package descriptor '/home/tim3145/espers2_ws/install/rplidar_ros/share/rplidar_ros/package.dsv'
[1.295s] INFO:colcon.colcon_core.shell:Creating package script '/home/tim3145/espers2_ws/install/rplidar_ros/share/rplidar_ros/package.sh'
[1.295s] INFO:colcon.colcon_core.shell:Creating package script '/home/tim3145/espers2_ws/install/rplidar_ros/share/rplidar_ros/package.bash'
[1.296s] INFO:colcon.colcon_core.shell:Creating package script '/home/tim3145/espers2_ws/install/rplidar_ros/share/rplidar_ros/package.zsh'
[1.297s] Level 1:colcon.colcon_core.environment:create_file_with_runtime_dependencies(/home/tim3145/espers2_ws/install/rplidar_ros/share/colcon-core/packages/rplidar_ros)
[1.300s] Level 1:colcon.colcon_core.environment:create_environment_scripts_only(sllidar_ros2)
[1.301s] Level 1:colcon.colcon_core.environment:checking '/home/tim3145/espers2_ws/install/sllidar_ros2' for CMake module files
[1.302s] Level 1:colcon.colcon_core.environment:checking '/home/tim3145/espers2_ws/install/sllidar_ros2' for CMake config files
[1.302s] Level 1:colcon.colcon_core.shell:create_environment_hook('sllidar_ros2', 'cmake_prefix_path')
[1.302s] INFO:colcon.colcon_core.shell:Creating environment hook '/home/tim3145/espers2_ws/install/sllidar_ros2/share/sllidar_ros2/hook/cmake_prefix_path.ps1'
[1.303s] INFO:colcon.colcon_core.shell:Creating environment descriptor '/home/tim3145/espers2_ws/install/sllidar_ros2/share/sllidar_ros2/hook/cmake_prefix_path.dsv'
[1.303s] INFO:colcon.colcon_core.shell:Creating environment hook '/home/tim3145/espers2_ws/install/sllidar_ros2/share/sllidar_ros2/hook/cmake_prefix_path.sh'
[1.304s] Level 1:colcon.colcon_core.environment:checking '/home/tim3145/espers2_ws/install/sllidar_ros2/lib'
[1.304s] Level 1:colcon.colcon_core.environment:checking '/home/tim3145/espers2_ws/install/sllidar_ros2/bin'
[1.304s] Level 1:colcon.colcon_core.environment:checking '/home/tim3145/espers2_ws/install/sllidar_ros2/lib/pkgconfig/sllidar_ros2.pc'
[1.304s] Level 1:colcon.colcon_core.environment:checking '/home/tim3145/espers2_ws/install/sllidar_ros2/lib/python3.10/site-packages'
[1.305s] Level 1:colcon.colcon_core.environment:checking '/home/tim3145/espers2_ws/install/sllidar_ros2/bin'
[1.305s] INFO:colcon.colcon_core.shell:Creating package script '/home/tim3145/espers2_ws/install/sllidar_ros2/share/sllidar_ros2/package.ps1'
[1.306s] INFO:colcon.colcon_core.shell:Creating package descriptor '/home/tim3145/espers2_ws/install/sllidar_ros2/share/sllidar_ros2/package.dsv'
[1.307s] INFO:colcon.colcon_core.shell:Creating package script '/home/tim3145/espers2_ws/install/sllidar_ros2/share/sllidar_ros2/package.sh'
[1.307s] INFO:colcon.colcon_core.shell:Creating package script '/home/tim3145/espers2_ws/install/sllidar_ros2/share/sllidar_ros2/package.bash'
[1.308s] INFO:colcon.colcon_core.shell:Creating package script '/home/tim3145/espers2_ws/install/sllidar_ros2/share/sllidar_ros2/package.zsh'
[1.309s] Level 1:colcon.colcon_core.environment:create_file_with_runtime_dependencies(/home/tim3145/espers2_ws/install/sllidar_ros2/share/colcon-core/packages/sllidar_ros2)
[1.309s] DEBUG:colcon.colcon_parallel_executor.executor.parallel:closing loop
[1.310s] DEBUG:colcon.colcon_parallel_executor.executor.parallel:loop closed
[1.310s] DEBUG:colcon.colcon_parallel_executor.executor.parallel:run_until_complete finished with '0'
[1.310s] DEBUG:colcon.colcon_core.event_reactor:joining thread
[1.318s] INFO:colcon.colcon_core.plugin_system:Skipping extension 'colcon_notification.desktop_notification.terminal_notifier': Not used on non-Darwin systems
[1.318s] INFO:colcon.colcon_core.plugin_system:Skipping extension 'colcon_notification.desktop_notification.win32': Not used on non-Windows systems
[1.318s] INFO:colcon.colcon_notification.desktop_notification:Sending desktop notification using 'notify2'
[1.335s] DEBUG:colcon.colcon_core.event_reactor:joined thread
[1.336s] INFO:colcon.colcon_core.shell:Creating prefix script '/home/tim3145/espers2_ws/install/local_setup.ps1'
[1.338s] INFO:colcon.colcon_core.shell:Creating prefix util module '/home/tim3145/espers2_ws/install/_local_setup_util_ps1.py'
[1.340s] INFO:colcon.colcon_core.shell:Creating prefix chain script '/home/tim3145/espers2_ws/install/setup.ps1'
[1.343s] INFO:colcon.colcon_core.shell:Creating prefix script '/home/tim3145/espers2_ws/install/local_setup.sh'
[1.344s] INFO:colcon.colcon_core.shell:Creating prefix util module '/home/tim3145/espers2_ws/install/_local_setup_util_sh.py'
[1.345s] INFO:colcon.colcon_core.shell:Creating prefix chain script '/home/tim3145/espers2_ws/install/setup.sh'
[1.347s] INFO:colcon.colcon_core.shell:Creating prefix script '/home/tim3145/espers2_ws/install/local_setup.bash'
[1.348s] INFO:colcon.colcon_core.shell:Creating prefix chain script '/home/tim3145/espers2_ws/install/setup.bash'
[1.350s] INFO:colcon.colcon_core.shell:Creating prefix script '/home/tim3145/espers2_ws/install/local_setup.zsh'
[1.351s] INFO:colcon.colcon_core.shell:Creating prefix chain script '/home/tim3145/espers2_ws/install/setup.zsh'
