[0.013s] Invoking command in '/home/suhyeon/livox_ws/build/livox_ros_driver2': CMAKE_PREFIX_PATH=/opt/ros/humble /usr/bin/cmake /home/suhyeon/livox_ws/livox_ros_driver2 -DAMENT_CMAKE_SYMLINK_INSTALL=1 -DCMAKE_INSTALL_PREFIX=/home/suhyeon/livox_ws/install/livox_ros_driver2
[0.028s] -- livox_ros_driver2 version: 1.2.4
[0.029s] -- Found ament_cmake_auto: 1.3.12 (/opt/ros/humble/share/ament_cmake_auto/cmake)
[0.149s] -- Override CMake install command with custom implementation using symlinks instead of copying resources
[0.238s] -- Using all available rosidl_typesupport_c: rosidl_typesupport_fastrtps_c;rosidl_typesupport_introspection_c
[0.240s] -- Found rosidl_adapter: 3.1.7 (/opt/ros/humble/share/rosidl_adapter/cmake)
[0.264s] -- Using all available rosidl_typesupport_cpp: rosidl_typesupport_fastrtps_cpp;rosidl_typesupport_introspection_cpp
[0.309s] -- Found rmw_implementation_cmake: 6.1.2 (/opt/ros/humble/share/rmw_implementation_cmake/cmake)
[0.309s] -- Found rmw_fastrtps_cpp: 6.2.8 (/opt/ros/humble/share/rmw_fastrtps_cpp/cmake)
[0.405s] -- Using RMW implementation 'rmw_fastrtps_cpp' as default
[0.499s] -- Eigen found (include: /usr/include/eigen3, version: 3.4.0)
[0.527s] -- FLANN found (include: /usr/include, lib: /usr/lib/x86_64-linux-gnu/libflann_cpp.so)
[0.777s] -- OpenNI found (version: 1.5.4.0, include: /usr/include/ni, lib: /usr/lib/libOpenNI.so;libusb::libusb)
[0.782s] -- OpenNI2 found (version: 2.2.0.33, include: /usr/include/openni2, lib: /usr/lib/x86_64-linux-gnu/libOpenNI2.so;libusb::libusb)
[0.897s] -- Eigen found (include: /usr/include/eigen3, version: 3.4.0)
[0.903s] -- OpenNI found (version: 1.5.4.0, include: /usr/include/ni, lib: /usr/lib/libOpenNI.so;libusb::libusb)
[0.909s] -- OpenNI2 found (version: 2.2.0.33, include: /usr/include/openni2, lib: /usr/lib/x86_64-linux-gnu/libOpenNI2.so;libusb::libusb)
[1.016s] -- Found Qhull version 8.0.2
[1.125s] -- OpenNI found (version: 1.5.4.0, include: /usr/include/ni, lib: /usr/lib/libOpenNI.so;libusb::libusb)
[1.247s] -- Found eigen3_cmake_module: 0.1.1 (/opt/ros/humble/share/eigen3_cmake_module/cmake)
[1.247s] -- Ensuring Eigen3 include directory is part of orocos-kdl CMake target
[1.318s] -- Checking for module 'apr-1'
[1.321s] --   No package 'apr-1' found
[1.475s] -- Found ament_cmake_ros: 0.10.0 (/opt/ros/humble/share/ament_cmake_ros/cmake)
[1.634s] -- Using all available rosidl_typesupport_c: rosidl_typesupport_fastrtps_c;rosidl_typesupport_introspection_c
[1.844s] -- Using all available rosidl_typesupport_cpp: rosidl_typesupport_fastrtps_cpp;rosidl_typesupport_introspection_cpp
[1.862s] -- Found python_cmake_module: 0.10.0 (/opt/ros/humble/share/python_cmake_module/cmake)
[1.879s] -- Using PYTHON_EXECUTABLE: /usr/bin/python3
[1.879s] -- Using PYTHON_INCLUDE_DIRS: /usr/include/python3.10
[1.879s] -- Using PYTHON_LIBRARIES: /usr/lib/x86_64-linux-gnu/libpython3.10.so
[1.898s] -- Platform: x86_64
[1.905s] -- Found ament_lint_auto: 0.12.14 (/opt/ros/humble/share/ament_lint_auto/cmake)
[1.913s] -- Added test 'copyright' to check source files copyright and LICENSE
[1.919s] -- Added test 'cppcheck' to perform static code analysis on C / C++ code
[1.920s] -- Configured cppcheck include dirs: /home/suhyeon/livox_ws/livox_ros_driver2/livox_sdk/include;/home/suhyeon/livox_ws/livox_ros_driver2/3rdparty;/home/suhyeon/livox_ws/livox_ros_driver2/src
[1.920s] -- Configured cppcheck exclude dirs and/or files: 
[1.926s] -- Added test 'cpplint' to check C / C++ code against the Google style
[1.926s] -- Configured cpplint exclude dirs and/or files: 
[1.927s] -- Added test 'flake8' to check Python code syntax and style conventions
[1.929s] -- Added test 'lint_cmake' to check CMake code style
[1.929s] -- Added test 'pep257' to check Python code against some of the docstring style conventions in PEP 257
[1.935s] -- Added test 'uncrustify' to check C / C++ code style
[1.935s] -- Configured uncrustify additional arguments: 
[1.936s] -- Added test 'xmllint' to check XML markup files
[1.938s] -- Configuring done
[2.000s] -- Generating done
[2.016s] -- Build files have been written to: /home/suhyeon/livox_ws/build/livox_ros_driver2
[2.033s] Invoked command in '/home/suhyeon/livox_ws/build/livox_ros_driver2' returned '0': CMAKE_PREFIX_PATH=/opt/ros/humble /usr/bin/cmake /home/suhyeon/livox_ws/livox_ros_driver2 -DAMENT_CMAKE_SYMLINK_INSTALL=1 -DCMAKE_INSTALL_PREFIX=/home/suhyeon/livox_ws/install/livox_ros_driver2
[2.035s] Invoking command in '/home/suhyeon/livox_ws/build/livox_ros_driver2': CMAKE_PREFIX_PATH=/opt/ros/humble /usr/bin/cmake --build /home/suhyeon/livox_ws/build/livox_ros_driver2 -- -j16 -l16
[2.076s] [35m[1mConsolidate compiler generated dependencies of target livox_interfaces2__rosidl_generator_c[0m
[2.076s] [35m[1mConsolidate compiler generated dependencies of target livox_ros_driver2_node[0m
[2.084s] [  1%] Built target livox_interfaces2__cpp
[2.085s] [  8%] Built target livox_interfaces2__rosidl_generator_c
[2.092s] [ 10%] Built target ament_cmake_python_symlink_livox_ros_driver2
[2.092s] [ 12%] Built target livox_ros_driver2_node
[2.093s] [35m[1mConsolidate compiler generated dependencies of target livox_interfaces2__rosidl_typesupport_cpp[0m
[2.093s] [35m[1mConsolidate compiler generated dependencies of target livox_interfaces2__rosidl_typesupport_fastrtps_cpp[0m
[2.093s] [35m[1mConsolidate compiler generated dependencies of target livox_interfaces2__rosidl_typesupport_introspection_cpp[0m
[2.094s] [35m[1mConsolidate compiler generated dependencies of target livox_interfaces2__rosidl_typesupport_c[0m
[2.094s] [35m[1mConsolidate compiler generated dependencies of target livox_interfaces2__rosidl_typesupport_introspection_c[0m
[2.094s] [35m[1mConsolidate compiler generated dependencies of target livox_interfaces2__rosidl_typesupport_fastrtps_c[0m
[2.104s] [ 40%] Built target livox_interfaces2__rosidl_typesupport_cpp
[2.105s] [ 40%] Built target livox_interfaces2__rosidl_typesupport_fastrtps_cpp
[2.105s] [ 40%] Built target livox_interfaces2__rosidl_typesupport_introspection_cpp
[2.105s] [ 40%] Built target livox_interfaces2__rosidl_typesupport_introspection_c
[2.105s] [ 47%] Built target livox_interfaces2__rosidl_typesupport_c
[2.105s] [ 54%] Built target livox_interfaces2__rosidl_typesupport_fastrtps_c
[2.122s] [35m[1mConsolidate compiler generated dependencies of target livox_ros_driver2[0m
[2.124s] [ 54%] Built target livox_interfaces2
[2.145s] [ 56%] Built target livox_interfaces2__py
[2.156s] [35m[1mConsolidate compiler generated dependencies of target livox_interfaces2__rosidl_generator_py[0m
[2.159s] [ 84%] Built target livox_ros_driver2
[2.169s] [ 89%] Built target livox_interfaces2__rosidl_generator_py
[2.179s] [35m[1mConsolidate compiler generated dependencies of target livox_ros_driver2__rosidl_typesupport_fastrtps_c__pyext[0m
[2.179s] [35m[1mConsolidate compiler generated dependencies of target livox_ros_driver2__rosidl_typesupport_introspection_c__pyext[0m
[2.179s] [35m[1mConsolidate compiler generated dependencies of target livox_ros_driver2__rosidl_typesupport_c__pyext[0m
[2.190s] [ 94%] Built target livox_ros_driver2__rosidl_typesupport_fastrtps_c__pyext
[2.190s] [ 96%] Built target livox_ros_driver2__rosidl_typesupport_c__pyext
[2.191s] [100%] Built target livox_ros_driver2__rosidl_typesupport_introspection_c__pyext
[2.272s] running egg_info
[2.272s] writing livox_ros_driver2.egg-info/PKG-INFO
[2.272s] writing dependency_links to livox_ros_driver2.egg-info/dependency_links.txt
[2.272s] writing top-level names to livox_ros_driver2.egg-info/top_level.txt
[2.274s] reading manifest file 'livox_ros_driver2.egg-info/SOURCES.txt'
[2.274s] writing manifest file 'livox_ros_driver2.egg-info/SOURCES.txt'
[2.297s] [100%] Built target ament_cmake_python_build_livox_ros_driver2_egg
[2.311s] Invoked command in '/home/suhyeon/livox_ws/build/livox_ros_driver2' returned '0': CMAKE_PREFIX_PATH=/opt/ros/humble /usr/bin/cmake --build /home/suhyeon/livox_ws/build/livox_ros_driver2 -- -j16 -l16
[2.311s] Invoking command in '/home/suhyeon/livox_ws/build/livox_ros_driver2': CMAKE_PREFIX_PATH=/opt/ros/humble /usr/bin/cmake --install /home/suhyeon/livox_ws/build/livox_ros_driver2
[2.317s] -- Install configuration: "Release"
[2.317s] -- Execute custom install script
[2.318s] -- Up-to-date symlink: /home/suhyeon/livox_ws/install/livox_ros_driver2/share/ament_index/resource_index/rosidl_interfaces/livox_ros_driver2
[2.318s] -- Up-to-date symlink: /home/suhyeon/livox_ws/install/livox_ros_driver2/include/livox_ros_driver2/livox_ros_driver2/msg/custom_msg.h
[2.318s] -- Up-to-date symlink: /home/suhyeon/livox_ws/install/livox_ros_driver2/include/livox_ros_driver2/livox_ros_driver2/msg/custom_point.h
[2.318s] -- Up-to-date symlink: /home/suhyeon/livox_ws/install/livox_ros_driver2/include/livox_ros_driver2/livox_ros_driver2/msg/detail/custom_msg__functions.h
[2.318s] -- Up-to-date symlink: /home/suhyeon/livox_ws/install/livox_ros_driver2/include/livox_ros_driver2/livox_ros_driver2/msg/detail/custom_msg__struct.h
[2.318s] -- Up-to-date symlink: /home/suhyeon/livox_ws/install/livox_ros_driver2/include/livox_ros_driver2/livox_ros_driver2/msg/detail/custom_msg__type_support.h
[2.318s] -- Up-to-date symlink: /home/suhyeon/livox_ws/install/livox_ros_driver2/include/livox_ros_driver2/livox_ros_driver2/msg/detail/custom_point__functions.h
[2.318s] -- Up-to-date symlink: /home/suhyeon/livox_ws/install/livox_ros_driver2/include/livox_ros_driver2/livox_ros_driver2/msg/detail/custom_point__struct.h
[2.318s] -- Up-to-date symlink: /home/suhyeon/livox_ws/install/livox_ros_driver2/include/livox_ros_driver2/livox_ros_driver2/msg/detail/custom_point__type_support.h
[2.318s] -- Up-to-date symlink: /home/suhyeon/livox_ws/install/livox_ros_driver2/include/livox_ros_driver2/livox_ros_driver2/msg/rosidl_generator_c__visibility_control.h
[2.319s] -- Up-to-date symlink: /home/suhyeon/livox_ws/install/livox_ros_driver2/share/livox_ros_driver2/environment/library_path.sh
[2.319s] -- Up-to-date symlink: /home/suhyeon/livox_ws/install/livox_ros_driver2/share/livox_ros_driver2/environment/library_path.dsv
[2.319s] -- Up-to-date symlink: /home/suhyeon/livox_ws/install/livox_ros_driver2/include/livox_ros_driver2/livox_ros_driver2/msg/detail/custom_msg__rosidl_typesupport_fastrtps_c.h
[2.319s] -- Up-to-date symlink: /home/suhyeon/livox_ws/install/livox_ros_driver2/include/livox_ros_driver2/livox_ros_driver2/msg/detail/custom_point__rosidl_typesupport_fastrtps_c.h
[2.319s] -- Up-to-date symlink: /home/suhyeon/livox_ws/install/livox_ros_driver2/include/livox_ros_driver2/livox_ros_driver2/msg/rosidl_typesupport_fastrtps_c__visibility_control.h
[2.319s] -- Up-to-date symlink: /home/suhyeon/livox_ws/install/livox_ros_driver2/include/livox_ros_driver2/livox_ros_driver2/msg/detail/custom_msg__rosidl_typesupport_introspection_c.h
[2.319s] -- Up-to-date symlink: /home/suhyeon/livox_ws/install/livox_ros_driver2/include/livox_ros_driver2/livox_ros_driver2/msg/detail/custom_point__rosidl_typesupport_introspection_c.h
[2.320s] -- Up-to-date symlink: /home/suhyeon/livox_ws/install/livox_ros_driver2/include/livox_ros_driver2/livox_ros_driver2/msg/rosidl_typesupport_introspection_c__visibility_control.h
[2.320s] -- Up-to-date symlink: /home/suhyeon/livox_ws/install/livox_ros_driver2/include/livox_ros_driver2/livox_ros_driver2/msg/custom_msg.hpp
[2.320s] -- Up-to-date symlink: /home/suhyeon/livox_ws/install/livox_ros_driver2/include/livox_ros_driver2/livox_ros_driver2/msg/custom_point.hpp
[2.320s] -- Up-to-date symlink: /home/suhyeon/livox_ws/install/livox_ros_driver2/include/livox_ros_driver2/livox_ros_driver2/msg/detail/custom_msg__builder.hpp
[2.320s] -- Up-to-date symlink: /home/suhyeon/livox_ws/install/livox_ros_driver2/include/livox_ros_driver2/livox_ros_driver2/msg/detail/custom_msg__struct.hpp
[2.320s] -- Up-to-date symlink: /home/suhyeon/livox_ws/install/livox_ros_driver2/include/livox_ros_driver2/livox_ros_driver2/msg/detail/custom_msg__traits.hpp
[2.320s] -- Up-to-date symlink: /home/suhyeon/livox_ws/install/livox_ros_driver2/include/livox_ros_driver2/livox_ros_driver2/msg/detail/custom_msg__type_support.hpp
[2.320s] -- Up-to-date symlink: /home/suhyeon/livox_ws/install/livox_ros_driver2/include/livox_ros_driver2/livox_ros_driver2/msg/detail/custom_point__builder.hpp
[2.320s] -- Up-to-date symlink: /home/suhyeon/livox_ws/install/livox_ros_driver2/include/livox_ros_driver2/livox_ros_driver2/msg/detail/custom_point__struct.hpp
[2.320s] -- Up-to-date symlink: /home/suhyeon/livox_ws/install/livox_ros_driver2/include/livox_ros_driver2/livox_ros_driver2/msg/detail/custom_point__traits.hpp
[2.320s] -- Up-to-date symlink: /home/suhyeon/livox_ws/install/livox_ros_driver2/include/livox_ros_driver2/livox_ros_driver2/msg/detail/custom_point__type_support.hpp
[2.320s] -- Up-to-date symlink: /home/suhyeon/livox_ws/install/livox_ros_driver2/include/livox_ros_driver2/livox_ros_driver2/msg/rosidl_generator_cpp__visibility_control.hpp
[2.321s] -- Up-to-date symlink: /home/suhyeon/livox_ws/install/livox_ros_driver2/include/livox_ros_driver2/livox_ros_driver2/msg/detail/custom_msg__rosidl_typesupport_fastrtps_cpp.hpp
[2.321s] -- Up-to-date symlink: /home/suhyeon/livox_ws/install/livox_ros_driver2/include/livox_ros_driver2/livox_ros_driver2/msg/detail/custom_point__rosidl_typesupport_fastrtps_cpp.hpp
[2.321s] -- Up-to-date symlink: /home/suhyeon/livox_ws/install/livox_ros_driver2/include/livox_ros_driver2/livox_ros_driver2/msg/rosidl_typesupport_fastrtps_cpp__visibility_control.h
[2.321s] -- Up-to-date symlink: /home/suhyeon/livox_ws/install/livox_ros_driver2/include/livox_ros_driver2/livox_ros_driver2/msg/detail/custom_msg__rosidl_typesupport_introspection_cpp.hpp
[2.321s] -- Up-to-date symlink: /home/suhyeon/livox_ws/install/livox_ros_driver2/include/livox_ros_driver2/livox_ros_driver2/msg/detail/custom_point__rosidl_typesupport_introspection_cpp.hpp
[2.321s] -- Up-to-date symlink: /home/suhyeon/livox_ws/install/livox_ros_driver2/share/livox_ros_driver2/environment/pythonpath.sh
[2.322s] -- Up-to-date symlink: /home/suhyeon/livox_ws/install/livox_ros_driver2/share/livox_ros_driver2/environment/pythonpath.dsv
[2.322s] -- Up-to-date symlink: /home/suhyeon/livox_ws/install/livox_ros_driver2/local/lib/python3.10/dist-packages/livox_ros_driver2-1.0.0-py3.10.egg-info/PKG-INFO
[2.322s] -- Up-to-date symlink: /home/suhyeon/livox_ws/install/livox_ros_driver2/local/lib/python3.10/dist-packages/livox_ros_driver2-1.0.0-py3.10.egg-info/SOURCES.txt
[2.322s] -- Up-to-date symlink: /home/suhyeon/livox_ws/install/livox_ros_driver2/local/lib/python3.10/dist-packages/livox_ros_driver2-1.0.0-py3.10.egg-info/dependency_links.txt
[2.322s] -- Up-to-date symlink: /home/suhyeon/livox_ws/install/livox_ros_driver2/local/lib/python3.10/dist-packages/livox_ros_driver2-1.0.0-py3.10.egg-info/top_level.txt
[2.322s] -- Up-to-date symlink: /home/suhyeon/livox_ws/install/livox_ros_driver2/local/lib/python3.10/dist-packages/livox_ros_driver2/__init__.py
[2.322s] -- Up-to-date symlink: /home/suhyeon/livox_ws/install/livox_ros_driver2/local/lib/python3.10/dist-packages/livox_ros_driver2/_livox_ros_driver2_s.ep.rosidl_typesupport_c.c
[2.322s] -- Up-to-date symlink: /home/suhyeon/livox_ws/install/livox_ros_driver2/local/lib/python3.10/dist-packages/livox_ros_driver2/_livox_ros_driver2_s.ep.rosidl_typesupport_fastrtps_c.c
[2.323s] -- Up-to-date symlink: /home/suhyeon/livox_ws/install/livox_ros_driver2/local/lib/python3.10/dist-packages/livox_ros_driver2/_livox_ros_driver2_s.ep.rosidl_typesupport_introspection_c.c
[2.323s] -- Up-to-date symlink: /home/suhyeon/livox_ws/install/livox_ros_driver2/local/lib/python3.10/dist-packages/livox_ros_driver2/liblivox_interfaces2__rosidl_generator_py.so
[2.323s] -- Up-to-date symlink: /home/suhyeon/livox_ws/install/livox_ros_driver2/local/lib/python3.10/dist-packages/livox_ros_driver2/livox_ros_driver2_s__rosidl_typesupport_c.cpython-310-x86_64-linux-gnu.so
[2.323s] -- Up-to-date symlink: /home/suhyeon/livox_ws/install/livox_ros_driver2/local/lib/python3.10/dist-packages/livox_ros_driver2/livox_ros_driver2_s__rosidl_typesupport_fastrtps_c.cpython-310-x86_64-linux-gnu.so
[2.323s] -- Up-to-date symlink: /home/suhyeon/livox_ws/install/livox_ros_driver2/local/lib/python3.10/dist-packages/livox_ros_driver2/livox_ros_driver2_s__rosidl_typesupport_introspection_c.cpython-310-x86_64-linux-gnu.so
[2.323s] -- Up-to-date symlink: /home/suhyeon/livox_ws/install/livox_ros_driver2/local/lib/python3.10/dist-packages/livox_ros_driver2/msg/__init__.py
[2.323s] -- Up-to-date symlink: /home/suhyeon/livox_ws/install/livox_ros_driver2/local/lib/python3.10/dist-packages/livox_ros_driver2/msg/_custom_msg.py
[2.323s] -- Up-to-date symlink: /home/suhyeon/livox_ws/install/livox_ros_driver2/local/lib/python3.10/dist-packages/livox_ros_driver2/msg/_custom_msg_s.c
[2.323s] -- Up-to-date symlink: /home/suhyeon/livox_ws/install/livox_ros_driver2/local/lib/python3.10/dist-packages/livox_ros_driver2/msg/_custom_point.py
[2.323s] -- Up-to-date symlink: /home/suhyeon/livox_ws/install/livox_ros_driver2/local/lib/python3.10/dist-packages/livox_ros_driver2/msg/_custom_point_s.c
[2.323s] -- Up-to-date symlink: /home/suhyeon/livox_ws/install/livox_ros_driver2/local/lib/python3.10/dist-packages/livox_ros_driver2/livox_ros_driver2_s__rosidl_typesupport_fastrtps_c.cpython-310-x86_64-linux-gnu.so
[2.324s] -- Up-to-date symlink: /home/suhyeon/livox_ws/install/livox_ros_driver2/local/lib/python3.10/dist-packages/livox_ros_driver2/livox_ros_driver2_s__rosidl_typesupport_introspection_c.cpython-310-x86_64-linux-gnu.so
[2.324s] -- Up-to-date symlink: /home/suhyeon/livox_ws/install/livox_ros_driver2/local/lib/python3.10/dist-packages/livox_ros_driver2/livox_ros_driver2_s__rosidl_typesupport_c.cpython-310-x86_64-linux-gnu.so
[2.324s] -- Up-to-date symlink: /home/suhyeon/livox_ws/install/livox_ros_driver2/share/livox_ros_driver2/msg/CustomPoint.idl
[2.324s] -- Up-to-date symlink: /home/suhyeon/livox_ws/install/livox_ros_driver2/share/livox_ros_driver2/msg/CustomMsg.idl
[2.324s] -- Up-to-date symlink: /home/suhyeon/livox_ws/install/livox_ros_driver2/share/livox_ros_driver2/msg/CustomPoint.msg
[2.324s] -- Up-to-date symlink: /home/suhyeon/livox_ws/install/livox_ros_driver2/share/livox_ros_driver2/msg/CustomMsg.msg
[2.324s] -- Up-to-date symlink: /home/suhyeon/livox_ws/install/livox_ros_driver2/lib/livox_ros_driver2/livox_ros_driver2_node
[2.324s] -- Up-to-date symlink: /home/suhyeon/livox_ws/install/livox_ros_driver2/lib/liblivox_ros_driver2.so
[2.325s] -- Up-to-date symlink: /home/suhyeon/livox_ws/install/livox_ros_driver2/share/livox_ros_driver2/config/HAP_config.json
[2.325s] -- Up-to-date symlink: /home/suhyeon/livox_ws/install/livox_ros_driver2/share/livox_ros_driver2/config/MID360_config.json
[2.325s] -- Up-to-date symlink: /home/suhyeon/livox_ws/install/livox_ros_driver2/share/livox_ros_driver2/config/display_point_cloud_ROS1.rviz
[2.325s] -- Up-to-date symlink: /home/suhyeon/livox_ws/install/livox_ros_driver2/share/livox_ros_driver2/config/display_point_cloud_ROS2.rviz
[2.325s] -- Up-to-date symlink: /home/suhyeon/livox_ws/install/livox_ros_driver2/share/livox_ros_driver2/config/mixed_HAP_MID360_config.json
[2.325s] -- Up-to-date symlink: /home/suhyeon/livox_ws/install/livox_ros_driver2/share/livox_ros_driver2/launch_ROS2/msg_HAP_launch.py
[2.325s] -- Up-to-date symlink: /home/suhyeon/livox_ws/install/livox_ros_driver2/share/livox_ros_driver2/launch_ROS2/msg_MID360_launch.py
[2.325s] -- Up-to-date symlink: /home/suhyeon/livox_ws/install/livox_ros_driver2/share/livox_ros_driver2/launch_ROS2/rviz_HAP_launch.py
[2.325s] -- Up-to-date symlink: /home/suhyeon/livox_ws/install/livox_ros_driver2/share/livox_ros_driver2/launch_ROS2/rviz_MID360_launch.py
[2.325s] -- Up-to-date symlink: /home/suhyeon/livox_ws/install/livox_ros_driver2/share/livox_ros_driver2/launch_ROS2/rviz_mixed.py
[2.326s] -- Up-to-date symlink: /home/suhyeon/livox_ws/install/livox_ros_driver2/share/ament_index/resource_index/package_run_dependencies/livox_ros_driver2
[2.326s] -- Up-to-date symlink: /home/suhyeon/livox_ws/install/livox_ros_driver2/share/ament_index/resource_index/parent_prefix_path/livox_ros_driver2
[2.326s] -- Up-to-date symlink: /home/suhyeon/livox_ws/install/livox_ros_driver2/share/livox_ros_driver2/environment/ament_prefix_path.sh
[2.326s] -- Up-to-date symlink: /home/suhyeon/livox_ws/install/livox_ros_driver2/share/livox_ros_driver2/environment/ament_prefix_path.dsv
[2.326s] -- Up-to-date symlink: /home/suhyeon/livox_ws/install/livox_ros_driver2/share/livox_ros_driver2/environment/path.sh
[2.326s] -- Up-to-date symlink: /home/suhyeon/livox_ws/install/livox_ros_driver2/share/livox_ros_driver2/environment/path.dsv
[2.326s] -- Up-to-date symlink: /home/suhyeon/livox_ws/install/livox_ros_driver2/share/livox_ros_driver2/local_setup.bash
[2.326s] -- Up-to-date symlink: /home/suhyeon/livox_ws/install/livox_ros_driver2/share/livox_ros_driver2/local_setup.sh
[2.326s] -- Up-to-date symlink: /home/suhyeon/livox_ws/install/livox_ros_driver2/share/livox_ros_driver2/local_setup.zsh
[2.326s] -- Up-to-date symlink: /home/suhyeon/livox_ws/install/livox_ros_driver2/share/livox_ros_driver2/local_setup.dsv
[2.326s] -- Symlinking: /home/suhyeon/livox_ws/install/livox_ros_driver2/share/livox_ros_driver2/package.dsv
[2.335s] -- Up-to-date symlink: /home/suhyeon/livox_ws/install/livox_ros_driver2/share/ament_index/resource_index/packages/livox_ros_driver2
[2.335s] -- Up-to-date symlink: /home/suhyeon/livox_ws/install/livox_ros_driver2/share/ament_index/resource_index/rclcpp_components/livox_ros_driver2
[2.335s] -- Up-to-date symlink: /home/suhyeon/livox_ws/install/livox_ros_driver2/share/livox_ros_driver2/cmake/rosidl_cmake-extras.cmake
[2.335s] -- Up-to-date symlink: /home/suhyeon/livox_ws/install/livox_ros_driver2/share/livox_ros_driver2/cmake/ament_cmake_export_dependencies-extras.cmake
[2.335s] -- Up-to-date symlink: /home/suhyeon/livox_ws/install/livox_ros_driver2/share/livox_ros_driver2/cmake/ament_cmake_export_include_directories-extras.cmake
[2.336s] -- Up-to-date symlink: /home/suhyeon/livox_ws/install/livox_ros_driver2/share/livox_ros_driver2/cmake/ament_cmake_export_libraries-extras.cmake
[2.336s] -- Up-to-date symlink: /home/suhyeon/livox_ws/install/livox_ros_driver2/share/livox_ros_driver2/cmake/ament_cmake_export_targets-extras.cmake
[2.336s] -- Up-to-date symlink: /home/suhyeon/livox_ws/install/livox_ros_driver2/share/livox_ros_driver2/cmake/rosidl_cmake_export_typesupport_targets-extras.cmake
[2.336s] -- Up-to-date symlink: /home/suhyeon/livox_ws/install/livox_ros_driver2/share/livox_ros_driver2/cmake/rosidl_cmake_export_typesupport_libraries-extras.cmake
[2.336s] -- Up-to-date symlink: /home/suhyeon/livox_ws/install/livox_ros_driver2/share/livox_ros_driver2/cmake/livox_ros_driver2Config.cmake
[2.336s] -- Up-to-date symlink: /home/suhyeon/livox_ws/install/livox_ros_driver2/share/livox_ros_driver2/cmake/livox_ros_driver2Config-version.cmake
[2.336s] -- Up-to-date symlink: /home/suhyeon/livox_ws/install/livox_ros_driver2/share/livox_ros_driver2/package.xml
[2.336s] -- Up-to-date: /home/suhyeon/livox_ws/install/livox_ros_driver2/lib/liblivox_ros_driver2__rosidl_generator_c.so
[2.336s] -- Up-to-date: /home/suhyeon/livox_ws/install/livox_ros_driver2/lib/liblivox_ros_driver2__rosidl_typesupport_fastrtps_c.so
[2.336s] -- Up-to-date: /home/suhyeon/livox_ws/install/livox_ros_driver2/lib/liblivox_ros_driver2__rosidl_typesupport_introspection_c.so
[2.337s] -- Up-to-date: /home/suhyeon/livox_ws/install/livox_ros_driver2/lib/liblivox_ros_driver2__rosidl_typesupport_c.so
[2.337s] -- Up-to-date: /home/suhyeon/livox_ws/install/livox_ros_driver2/lib/liblivox_ros_driver2__rosidl_typesupport_fastrtps_cpp.so
[2.337s] -- Up-to-date: /home/suhyeon/livox_ws/install/livox_ros_driver2/lib/liblivox_ros_driver2__rosidl_typesupport_introspection_cpp.so
[2.337s] -- Up-to-date: /home/suhyeon/livox_ws/install/livox_ros_driver2/lib/liblivox_ros_driver2__rosidl_typesupport_cpp.so
[2.360s] Listing '/home/suhyeon/livox_ws/install/livox_ros_driver2/local/lib/python3.10/dist-packages/livox_ros_driver2'...
[2.360s] Compiling '/home/suhyeon/livox_ws/install/livox_ros_driver2/local/lib/python3.10/dist-packages/livox_ros_driver2/__init__.py'...
[2.360s] Listing '/home/suhyeon/livox_ws/install/livox_ros_driver2/local/lib/python3.10/dist-packages/livox_ros_driver2/msg'...
[2.364s] -- Up-to-date: /home/suhyeon/livox_ws/install/livox_ros_driver2/lib/liblivox_interfaces2__rosidl_generator_py.so
[2.364s] -- Up-to-date: /home/suhyeon/livox_ws/install/livox_ros_driver2/share/livox_ros_driver2/cmake/export_livox_interfaces2__rosidl_generator_cExport.cmake
[2.364s] -- Up-to-date: /home/suhyeon/livox_ws/install/livox_ros_driver2/share/livox_ros_driver2/cmake/export_livox_interfaces2__rosidl_generator_cExport-release.cmake
[2.364s] -- Up-to-date: /home/suhyeon/livox_ws/install/livox_ros_driver2/share/livox_ros_driver2/cmake/export_livox_interfaces2__rosidl_typesupport_fastrtps_cExport.cmake
[2.364s] -- Up-to-date: /home/suhyeon/livox_ws/install/livox_ros_driver2/share/livox_ros_driver2/cmake/export_livox_interfaces2__rosidl_typesupport_fastrtps_cExport-release.cmake
[2.365s] -- Up-to-date: /home/suhyeon/livox_ws/install/livox_ros_driver2/share/livox_ros_driver2/cmake/livox_interfaces2__rosidl_typesupport_introspection_cExport.cmake
[2.365s] -- Up-to-date: /home/suhyeon/livox_ws/install/livox_ros_driver2/share/livox_ros_driver2/cmake/livox_interfaces2__rosidl_typesupport_introspection_cExport-release.cmake
[2.365s] -- Up-to-date: /home/suhyeon/livox_ws/install/livox_ros_driver2/share/livox_ros_driver2/cmake/livox_interfaces2__rosidl_typesupport_cExport.cmake
[2.365s] -- Up-to-date: /home/suhyeon/livox_ws/install/livox_ros_driver2/share/livox_ros_driver2/cmake/livox_interfaces2__rosidl_typesupport_cExport-release.cmake
[2.365s] -- Up-to-date: /home/suhyeon/livox_ws/install/livox_ros_driver2/share/livox_ros_driver2/cmake/export_livox_interfaces2__rosidl_generator_cppExport.cmake
[2.365s] -- Up-to-date: /home/suhyeon/livox_ws/install/livox_ros_driver2/share/livox_ros_driver2/cmake/export_livox_interfaces2__rosidl_typesupport_fastrtps_cppExport.cmake
[2.365s] -- Up-to-date: /home/suhyeon/livox_ws/install/livox_ros_driver2/share/livox_ros_driver2/cmake/export_livox_interfaces2__rosidl_typesupport_fastrtps_cppExport-release.cmake
[2.365s] -- Up-to-date: /home/suhyeon/livox_ws/install/livox_ros_driver2/share/livox_ros_driver2/cmake/livox_interfaces2__rosidl_typesupport_introspection_cppExport.cmake
[2.365s] -- Up-to-date: /home/suhyeon/livox_ws/install/livox_ros_driver2/share/livox_ros_driver2/cmake/livox_interfaces2__rosidl_typesupport_introspection_cppExport-release.cmake
[2.365s] -- Up-to-date: /home/suhyeon/livox_ws/install/livox_ros_driver2/share/livox_ros_driver2/cmake/livox_interfaces2__rosidl_typesupport_cppExport.cmake
[2.365s] -- Up-to-date: /home/suhyeon/livox_ws/install/livox_ros_driver2/share/livox_ros_driver2/cmake/livox_interfaces2__rosidl_typesupport_cppExport-release.cmake
[2.365s] -- Up-to-date: /home/suhyeon/livox_ws/install/livox_ros_driver2/share/livox_ros_driver2/cmake/export_livox_interfaces2__rosidl_generator_pyExport.cmake
[2.366s] -- Up-to-date: /home/suhyeon/livox_ws/install/livox_ros_driver2/share/livox_ros_driver2/cmake/export_livox_interfaces2__rosidl_generator_pyExport-release.cmake
[2.368s] Invoked command in '/home/suhyeon/livox_ws/build/livox_ros_driver2' returned '0': CMAKE_PREFIX_PATH=/opt/ros/humble /usr/bin/cmake --install /home/suhyeon/livox_ws/build/livox_ros_driver2
