[0.000000] (-) TimerEvent: {}
[0.000178] (arduino_bridge) JobQueued: {'identifier': 'arduino_bridge', 'dependencies': OrderedDict()}
[0.000244] (diffbot_description) JobQueued: {'identifier': 'diffbot_description', 'dependencies': OrderedDict()}
[0.000290] (rplidar_ros) JobQueued: {'identifier': 'rplidar_ros', 'dependencies': OrderedDict()}
[0.000317] (sllidar_ros2) JobQueued: {'identifier': 'sllidar_ros2', 'dependencies': OrderedDict()}
[0.000343] (arduino_bridge) JobStarted: {'identifier': 'arduino_bridge'}
[0.008280] (diffbot_description) JobStarted: {'identifier': 'diffbot_description'}
[0.015731] (rplidar_ros) JobStarted: {'identifier': 'rplidar_ros'}
[0.021791] (sllidar_ros2) JobStarted: {'identifier': 'sllidar_ros2'}
[0.033574] (arduino_bridge) JobProgress: {'identifier': 'arduino_bridge', 'progress': 'cmake'}
[0.034649] (arduino_bridge) JobProgress: {'identifier': 'arduino_bridge', 'progress': 'build'}
[0.036262] (arduino_bridge) Command: {'cmd': ['/usr/bin/cmake', '--build', '/home/tim3145/espers2_ws/build/arduino_bridge', '--', '-j4', '-l4'], 'cwd': '/home/tim3145/espers2_ws/build/arduino_bridge', 'env': OrderedDict([('GJS_DEBUG_TOPICS', 'JS ERROR;JS LOG'), ('LANGUAGE', 'ko:en'), ('USER', 'tim3145'), ('LC_TIME', 'ko_KR.UTF-8'), ('XDG_SESSION_TYPE', 'wayland'), ('SHLVL', '1'), ('LD_LIBRARY_PATH', '/usr/lib/x86_64-linux-gnu/gazebo-11/plugins:/opt/ros/humble/opt/rviz_ogre_vendor/lib:/opt/ros/humble/lib/x86_64-linux-gnu:/opt/ros/humble/lib'), ('HOME', '/home/tim3145'), ('OLDPWD', '/home/tim3145'), ('DESKTOP_SESSION', 'ubuntu'), ('GIO_LAUNCHED_DESKTOP_FILE', '/usr/share/applications/terminator.desktop'), ('ROS_PYTHON_VERSION', '3'), ('GNOME_SHELL_SESSION_MODE', 'ubuntu'), ('GTK_MODULES', 'gail:atk-bridge'), ('LC_MONETARY', 'ko_KR.UTF-8'), ('MANAGERPID', '858'), ('SYSTEMD_EXEC_PID', '1128'), ('DBUS_SESSION_BUS_ADDRESS', 'unix:path=/run/user/1000/bus'), ('COLORTERM', 'truecolor'), ('TERMINATOR_DBUS_NAME', 'net.tenshu.Terminator25ef4b219e3b005583550f2b0f9f990c3'), ('GIO_LAUNCHED_DESKTOP_FILE_PID', '32132'), ('IM_CONFIG_PHASE', '1'), ('WAYLAND_DISPLAY', 'wayland-0'), ('ROS_DISTRO', 'humble'), ('LOGNAME', 'tim3145'), ('JOURNAL_STREAM', '8:9770'), ('_', '/usr/bin/colcon'), ('ROS_VERSION', '2'), ('XDG_SESSION_CLASS', 'user'), ('USERNAME', 'tim3145'), ('TERM', 'xterm-256color'), ('GNOME_DESKTOP_SESSION_ID', 'this-is-deprecated'), ('ROS_LOCALHOST_ONLY', '0'), ('PATH', '/home/tim3145/.local/bin:/opt/ros/humble/bin:/usr/local/sbin:/usr/local/bin:/usr/sbin:/usr/bin:/sbin:/bin:/usr/games:/usr/local/games:/snap/bin:/snap/bin'), ('SESSION_MANAGER', 'local/tim3145-350XBA-550EBA:@/tmp/.ICE-unix/1097,unix/tim3145-350XBA-550EBA:/tmp/.ICE-unix/1097'), ('INVOCATION_ID', 'bf75ce066fc94801982b4d942bd09584'), ('PAPERSIZE', 'a4'), ('XDG_MENU_PREFIX', 'gnome-'), ('LC_ADDRESS', 'ko_KR.UTF-8'), ('GNOME_SETUP_DISPLAY', ':1'), ('XDG_RUNTIME_DIR', '/run/user/1000'), ('DISPLAY', ':0'), ('TERMINATOR_DBUS_PATH', '/net/tenshu/Terminator2'), ('LANG', 'ko_KR.UTF-8'), ('XDG_CURRENT_DESKTOP', 'ubuntu:GNOME'), ('IBUS_DISABLE_SNOOPER', '1'), ('LC_TELEPHONE', 'ko_KR.UTF-8'), ('XMODIFIERS', '@im=ibus'), ('XDG_SESSION_DESKTOP', 'ubuntu'), ('XAUTHORITY', '/run/user/1000/.mutter-Xwaylandauth.Z6YGB3'), ('SSH_AGENT_LAUNCHER', 'gnome-keyring'), ('SSH_AUTH_SOCK', '/run/user/1000/keyring/ssh'), ('AMENT_PREFIX_PATH', '/opt/ros/humble'), ('SHELL', '/bin/bash'), ('LC_NAME', 'ko_KR.UTF-8'), ('TERMINATOR_UUID', 'urn:uuid:4f696728-0607-4335-b1f2-89ad4eadd299'), ('QT_ACCESSIBILITY', '1'), ('GDMSESSION', 'ubuntu'), ('LC_MEASUREMENT', 'ko_KR.UTF-8'), ('GJS_DEBUG_OUTPUT', 'stderr'), ('LC_IDENTIFICATION', 'ko_KR.UTF-8'), ('QT_IM_MODULE', 'ibus'), ('PWD', '/home/tim3145/espers2_ws/build/arduino_bridge'), ('LC_ALL', 'en_US.UTF-8'), ('XDG_CONFIG_DIRS', '/etc/xdg/xdg-ubuntu:/etc/xdg'), ('XDG_DATA_DIRS', '/usr/share/ubuntu:/usr/local/share/:/usr/share/:/var/lib/snapd/desktop'), ('LC_AL', 'en_US.UTF-8'), ('PYTHONPATH', '/opt/ros/humble/lib/python3.10/site-packages:/opt/ros/humble/local/lib/python3.10/dist-packages'), ('LC_NUMERIC', 'ko_KR.UTF-8'), ('LC_PAPER', 'ko_KR.UTF-8'), ('COLCON', '1'), ('VTE_VERSION', '6800')]), 'shell': False}
[0.040836] (diffbot_description) JobProgress: {'identifier': 'diffbot_description', 'progress': 'cmake'}
[0.042555] (diffbot_description) JobProgress: {'identifier': 'diffbot_description', 'progress': 'build'}
[0.043935] (diffbot_description) Command: {'cmd': ['/usr/bin/cmake', '--build', '/home/tim3145/espers2_ws/build/diffbot_description', '--', '-j4', '-l4'], 'cwd': '/home/tim3145/espers2_ws/build/diffbot_description', 'env': OrderedDict([('GJS_DEBUG_TOPICS', 'JS ERROR;JS LOG'), ('LANGUAGE', 'ko:en'), ('USER', 'tim3145'), ('LC_TIME', 'ko_KR.UTF-8'), ('XDG_SESSION_TYPE', 'wayland'), ('SHLVL', '1'), ('LD_LIBRARY_PATH', '/usr/lib/x86_64-linux-gnu/gazebo-11/plugins:/opt/ros/humble/opt/rviz_ogre_vendor/lib:/opt/ros/humble/lib/x86_64-linux-gnu:/opt/ros/humble/lib'), ('HOME', '/home/tim3145'), ('OLDPWD', '/home/tim3145'), ('DESKTOP_SESSION', 'ubuntu'), ('GIO_LAUNCHED_DESKTOP_FILE', '/usr/share/applications/terminator.desktop'), ('ROS_PYTHON_VERSION', '3'), ('GNOME_SHELL_SESSION_MODE', 'ubuntu'), ('GTK_MODULES', 'gail:atk-bridge'), ('LC_MONETARY', 'ko_KR.UTF-8'), ('MANAGERPID', '858'), ('SYSTEMD_EXEC_PID', '1128'), ('DBUS_SESSION_BUS_ADDRESS', 'unix:path=/run/user/1000/bus'), ('COLORTERM', 'truecolor'), ('TERMINATOR_DBUS_NAME', 'net.tenshu.Terminator25ef4b219e3b005583550f2b0f9f990c3'), ('GIO_LAUNCHED_DESKTOP_FILE_PID', '32132'), ('IM_CONFIG_PHASE', '1'), ('WAYLAND_DISPLAY', 'wayland-0'), ('ROS_DISTRO', 'humble'), ('LOGNAME', 'tim3145'), ('JOURNAL_STREAM', '8:9770'), ('_', '/usr/bin/colcon'), ('ROS_VERSION', '2'), ('XDG_SESSION_CLASS', 'user'), ('USERNAME', 'tim3145'), ('TERM', 'xterm-256color'), ('GNOME_DESKTOP_SESSION_ID', 'this-is-deprecated'), ('ROS_LOCALHOST_ONLY', '0'), ('PATH', '/home/tim3145/.local/bin:/opt/ros/humble/bin:/usr/local/sbin:/usr/local/bin:/usr/sbin:/usr/bin:/sbin:/bin:/usr/games:/usr/local/games:/snap/bin:/snap/bin'), ('SESSION_MANAGER', 'local/tim3145-350XBA-550EBA:@/tmp/.ICE-unix/1097,unix/tim3145-350XBA-550EBA:/tmp/.ICE-unix/1097'), ('INVOCATION_ID', 'bf75ce066fc94801982b4d942bd09584'), ('PAPERSIZE', 'a4'), ('XDG_MENU_PREFIX', 'gnome-'), ('LC_ADDRESS', 'ko_KR.UTF-8'), ('GNOME_SETUP_DISPLAY', ':1'), ('XDG_RUNTIME_DIR', '/run/user/1000'), ('DISPLAY', ':0'), ('TERMINATOR_DBUS_PATH', '/net/tenshu/Terminator2'), ('LANG', 'ko_KR.UTF-8'), ('XDG_CURRENT_DESKTOP', 'ubuntu:GNOME'), ('IBUS_DISABLE_SNOOPER', '1'), ('LC_TELEPHONE', 'ko_KR.UTF-8'), ('XMODIFIERS', '@im=ibus'), ('XDG_SESSION_DESKTOP', 'ubuntu'), ('XAUTHORITY', '/run/user/1000/.mutter-Xwaylandauth.Z6YGB3'), ('SSH_AGENT_LAUNCHER', 'gnome-keyring'), ('SSH_AUTH_SOCK', '/run/user/1000/keyring/ssh'), ('AMENT_PREFIX_PATH', '/opt/ros/humble'), ('SHELL', '/bin/bash'), ('LC_NAME', 'ko_KR.UTF-8'), ('TERMINATOR_UUID', 'urn:uuid:4f696728-0607-4335-b1f2-89ad4eadd299'), ('QT_ACCESSIBILITY', '1'), ('GDMSESSION', 'ubuntu'), ('LC_MEASUREMENT', 'ko_KR.UTF-8'), ('GJS_DEBUG_OUTPUT', 'stderr'), ('LC_IDENTIFICATION', 'ko_KR.UTF-8'), ('QT_IM_MODULE', 'ibus'), ('PWD', '/home/tim3145/espers2_ws/build/diffbot_description'), ('LC_ALL', 'en_US.UTF-8'), ('XDG_CONFIG_DIRS', '/etc/xdg/xdg-ubuntu:/etc/xdg'), ('XDG_DATA_DIRS', '/usr/share/ubuntu:/usr/local/share/:/usr/share/:/var/lib/snapd/desktop'), ('LC_AL', 'en_US.UTF-8'), ('PYTHONPATH', '/opt/ros/humble/lib/python3.10/site-packages:/opt/ros/humble/local/lib/python3.10/dist-packages'), ('LC_NUMERIC', 'ko_KR.UTF-8'), ('LC_PAPER', 'ko_KR.UTF-8'), ('COLCON', '1'), ('VTE_VERSION', '6800'), ('CMAKE_PREFIX_PATH', '/opt/ros/humble')]), 'shell': False}
[0.048165] (rplidar_ros) JobProgress: {'identifier': 'rplidar_ros', 'progress': 'cmake'}
[0.048791] (rplidar_ros) JobProgress: {'identifier': 'rplidar_ros', 'progress': 'build'}
[0.050682] (rplidar_ros) Command: {'cmd': ['/usr/bin/cmake', '--build', '/home/tim3145/espers2_ws/build/rplidar_ros', '--', '-j4', '-l4'], 'cwd': '/home/tim3145/espers2_ws/build/rplidar_ros', 'env': OrderedDict([('GJS_DEBUG_TOPICS', 'JS ERROR;JS LOG'), ('LANGUAGE', 'ko:en'), ('USER', 'tim3145'), ('LC_TIME', 'ko_KR.UTF-8'), ('XDG_SESSION_TYPE', 'wayland'), ('SHLVL', '1'), ('LD_LIBRARY_PATH', '/usr/lib/x86_64-linux-gnu/gazebo-11/plugins:/opt/ros/humble/opt/rviz_ogre_vendor/lib:/opt/ros/humble/lib/x86_64-linux-gnu:/opt/ros/humble/lib'), ('HOME', '/home/tim3145'), ('OLDPWD', '/home/tim3145'), ('DESKTOP_SESSION', 'ubuntu'), ('GIO_LAUNCHED_DESKTOP_FILE', '/usr/share/applications/terminator.desktop'), ('ROS_PYTHON_VERSION', '3'), ('GNOME_SHELL_SESSION_MODE', 'ubuntu'), ('GTK_MODULES', 'gail:atk-bridge'), ('LC_MONETARY', 'ko_KR.UTF-8'), ('MANAGERPID', '858'), ('SYSTEMD_EXEC_PID', '1128'), ('DBUS_SESSION_BUS_ADDRESS', 'unix:path=/run/user/1000/bus'), ('COLORTERM', 'truecolor'), ('TERMINATOR_DBUS_NAME', 'net.tenshu.Terminator25ef4b219e3b005583550f2b0f9f990c3'), ('GIO_LAUNCHED_DESKTOP_FILE_PID', '32132'), ('IM_CONFIG_PHASE', '1'), ('WAYLAND_DISPLAY', 'wayland-0'), ('ROS_DISTRO', 'humble'), ('LOGNAME', 'tim3145'), ('JOURNAL_STREAM', '8:9770'), ('_', '/usr/bin/colcon'), ('ROS_VERSION', '2'), ('XDG_SESSION_CLASS', 'user'), ('USERNAME', 'tim3145'), ('TERM', 'xterm-256color'), ('GNOME_DESKTOP_SESSION_ID', 'this-is-deprecated'), ('ROS_LOCALHOST_ONLY', '0'), ('PATH', '/home/tim3145/.local/bin:/opt/ros/humble/bin:/usr/local/sbin:/usr/local/bin:/usr/sbin:/usr/bin:/sbin:/bin:/usr/games:/usr/local/games:/snap/bin:/snap/bin'), ('SESSION_MANAGER', 'local/tim3145-350XBA-550EBA:@/tmp/.ICE-unix/1097,unix/tim3145-350XBA-550EBA:/tmp/.ICE-unix/1097'), ('INVOCATION_ID', 'bf75ce066fc94801982b4d942bd09584'), ('PAPERSIZE', 'a4'), ('XDG_MENU_PREFIX', 'gnome-'), ('LC_ADDRESS', 'ko_KR.UTF-8'), ('GNOME_SETUP_DISPLAY', ':1'), ('XDG_RUNTIME_DIR', '/run/user/1000'), ('DISPLAY', ':0'), ('TERMINATOR_DBUS_PATH', '/net/tenshu/Terminator2'), ('LANG', 'ko_KR.UTF-8'), ('XDG_CURRENT_DESKTOP', 'ubuntu:GNOME'), ('IBUS_DISABLE_SNOOPER', '1'), ('LC_TELEPHONE', 'ko_KR.UTF-8'), ('XMODIFIERS', '@im=ibus'), ('XDG_SESSION_DESKTOP', 'ubuntu'), ('XAUTHORITY', '/run/user/1000/.mutter-Xwaylandauth.Z6YGB3'), ('SSH_AGENT_LAUNCHER', 'gnome-keyring'), ('SSH_AUTH_SOCK', '/run/user/1000/keyring/ssh'), ('AMENT_PREFIX_PATH', '/opt/ros/humble'), ('SHELL', '/bin/bash'), ('LC_NAME', 'ko_KR.UTF-8'), ('TERMINATOR_UUID', 'urn:uuid:4f696728-0607-4335-b1f2-89ad4eadd299'), ('QT_ACCESSIBILITY', '1'), ('GDMSESSION', 'ubuntu'), ('LC_MEASUREMENT', 'ko_KR.UTF-8'), ('GJS_DEBUG_OUTPUT', 'stderr'), ('LC_IDENTIFICATION', 'ko_KR.UTF-8'), ('QT_IM_MODULE', 'ibus'), ('PWD', '/home/tim3145/espers2_ws/build/rplidar_ros'), ('LC_ALL', 'en_US.UTF-8'), ('XDG_CONFIG_DIRS', '/etc/xdg/xdg-ubuntu:/etc/xdg'), ('XDG_DATA_DIRS', '/usr/share/ubuntu:/usr/local/share/:/usr/share/:/var/lib/snapd/desktop'), ('LC_AL', 'en_US.UTF-8'), ('PYTHONPATH', '/opt/ros/humble/lib/python3.10/site-packages:/opt/ros/humble/local/lib/python3.10/dist-packages'), ('LC_NUMERIC', 'ko_KR.UTF-8'), ('LC_PAPER', 'ko_KR.UTF-8'), ('COLCON', '1'), ('VTE_VERSION', '6800'), ('CMAKE_PREFIX_PATH', '/opt/ros/humble')]), 'shell': False}
[0.061255] (sllidar_ros2) JobProgress: {'identifier': 'sllidar_ros2', 'progress': 'cmake'}
[0.061374] (sllidar_ros2) JobProgress: {'identifier': 'sllidar_ros2', 'progress': 'build'}
[0.061448] (sllidar_ros2) Command: {'cmd': ['/usr/bin/cmake', '--build', '/home/tim3145/espers2_ws/build/sllidar_ros2', '--', '-j4', '-l4'], 'cwd': '/home/tim3145/espers2_ws/build/sllidar_ros2', 'env': OrderedDict([('GJS_DEBUG_TOPICS', 'JS ERROR;JS LOG'), ('LANGUAGE', 'ko:en'), ('USER', 'tim3145'), ('LC_TIME', 'ko_KR.UTF-8'), ('XDG_SESSION_TYPE', 'wayland'), ('SHLVL', '1'), ('LD_LIBRARY_PATH', '/usr/lib/x86_64-linux-gnu/gazebo-11/plugins:/opt/ros/humble/opt/rviz_ogre_vendor/lib:/opt/ros/humble/lib/x86_64-linux-gnu:/opt/ros/humble/lib'), ('HOME', '/home/tim3145'), ('OLDPWD', '/home/tim3145'), ('DESKTOP_SESSION', 'ubuntu'), ('GIO_LAUNCHED_DESKTOP_FILE', '/usr/share/applications/terminator.desktop'), ('ROS_PYTHON_VERSION', '3'), ('GNOME_SHELL_SESSION_MODE', 'ubuntu'), ('GTK_MODULES', 'gail:atk-bridge'), ('LC_MONETARY', 'ko_KR.UTF-8'), ('MANAGERPID', '858'), ('SYSTEMD_EXEC_PID', '1128'), ('DBUS_SESSION_BUS_ADDRESS', 'unix:path=/run/user/1000/bus'), ('COLORTERM', 'truecolor'), ('TERMINATOR_DBUS_NAME', 'net.tenshu.Terminator25ef4b219e3b005583550f2b0f9f990c3'), ('GIO_LAUNCHED_DESKTOP_FILE_PID', '32132'), ('IM_CONFIG_PHASE', '1'), ('WAYLAND_DISPLAY', 'wayland-0'), ('ROS_DISTRO', 'humble'), ('LOGNAME', 'tim3145'), ('JOURNAL_STREAM', '8:9770'), ('_', '/usr/bin/colcon'), ('ROS_VERSION', '2'), ('XDG_SESSION_CLASS', 'user'), ('USERNAME', 'tim3145'), ('TERM', 'xterm-256color'), ('GNOME_DESKTOP_SESSION_ID', 'this-is-deprecated'), ('ROS_LOCALHOST_ONLY', '0'), ('PATH', '/home/tim3145/.local/bin:/opt/ros/humble/bin:/usr/local/sbin:/usr/local/bin:/usr/sbin:/usr/bin:/sbin:/bin:/usr/games:/usr/local/games:/snap/bin:/snap/bin'), ('SESSION_MANAGER', 'local/tim3145-350XBA-550EBA:@/tmp/.ICE-unix/1097,unix/tim3145-350XBA-550EBA:/tmp/.ICE-unix/1097'), ('INVOCATION_ID', 'bf75ce066fc94801982b4d942bd09584'), ('PAPERSIZE', 'a4'), ('XDG_MENU_PREFIX', 'gnome-'), ('LC_ADDRESS', 'ko_KR.UTF-8'), ('GNOME_SETUP_DISPLAY', ':1'), ('XDG_RUNTIME_DIR', '/run/user/1000'), ('DISPLAY', ':0'), ('TERMINATOR_DBUS_PATH', '/net/tenshu/Terminator2'), ('LANG', 'ko_KR.UTF-8'), ('XDG_CURRENT_DESKTOP', 'ubuntu:GNOME'), ('IBUS_DISABLE_SNOOPER', '1'), ('LC_TELEPHONE', 'ko_KR.UTF-8'), ('XMODIFIERS', '@im=ibus'), ('XDG_SESSION_DESKTOP', 'ubuntu'), ('XAUTHORITY', '/run/user/1000/.mutter-Xwaylandauth.Z6YGB3'), ('SSH_AGENT_LAUNCHER', 'gnome-keyring'), ('SSH_AUTH_SOCK', '/run/user/1000/keyring/ssh'), ('AMENT_PREFIX_PATH', '/opt/ros/humble'), ('SHELL', '/bin/bash'), ('LC_NAME', 'ko_KR.UTF-8'), ('TERMINATOR_UUID', 'urn:uuid:4f696728-0607-4335-b1f2-89ad4eadd299'), ('QT_ACCESSIBILITY', '1'), ('GDMSESSION', 'ubuntu'), ('LC_MEASUREMENT', 'ko_KR.UTF-8'), ('GJS_DEBUG_OUTPUT', 'stderr'), ('LC_IDENTIFICATION', 'ko_KR.UTF-8'), ('QT_IM_MODULE', 'ibus'), ('PWD', '/home/tim3145/espers2_ws/build/sllidar_ros2'), ('LC_ALL', 'en_US.UTF-8'), ('XDG_CONFIG_DIRS', '/etc/xdg/xdg-ubuntu:/etc/xdg'), ('XDG_DATA_DIRS', '/usr/share/ubuntu:/usr/local/share/:/usr/share/:/var/lib/snapd/desktop'), ('LC_AL', 'en_US.UTF-8'), ('PYTHONPATH', '/opt/ros/humble/lib/python3.10/site-packages:/opt/ros/humble/local/lib/python3.10/dist-packages'), ('LC_NUMERIC', 'ko_KR.UTF-8'), ('LC_PAPER', 'ko_KR.UTF-8'), ('COLCON', '1'), ('VTE_VERSION', '6800'), ('CMAKE_PREFIX_PATH', '/opt/ros/humble')]), 'shell': False}
[0.098621] (-) TimerEvent: {}
[0.122536] (arduino_bridge) CommandEnded: {'returncode': 0}
[0.182860] (diffbot_description) CommandEnded: {'returncode': 0}
[0.198748] (-) TimerEvent: {}
[0.218257] (rplidar_ros) StdoutLine: {'line': b'[  5%] Built target rplidar_client\n'}
[0.229022] (sllidar_ros2) StdoutLine: {'line': b'[ 10%] Built target sllidar_client\n'}
[0.248441] (rplidar_ros) StdoutLine: {'line': b'[ 52%] Built target rplidar_node\n'}
[0.254560] (sllidar_ros2) StdoutLine: {'line': b'[100%] Built target sllidar_node\n'}
[0.258052] (diffbot_description) JobProgress: {'identifier': 'diffbot_description', 'progress': 'install'}
[0.263966] (rplidar_ros) StdoutLine: {'line': b'[100%] Built target rplidar_composition\n'}
[0.279399] (diffbot_description) Command: {'cmd': ['/usr/bin/cmake', '--install', '/home/tim3145/espers2_ws/build/diffbot_description'], 'cwd': '/home/tim3145/espers2_ws/build/diffbot_description', 'env': OrderedDict([('GJS_DEBUG_TOPICS', 'JS ERROR;JS LOG'), ('LANGUAGE', 'ko:en'), ('USER', 'tim3145'), ('LC_TIME', 'ko_KR.UTF-8'), ('XDG_SESSION_TYPE', 'wayland'), ('SHLVL', '1'), ('LD_LIBRARY_PATH', '/usr/lib/x86_64-linux-gnu/gazebo-11/plugins:/opt/ros/humble/opt/rviz_ogre_vendor/lib:/opt/ros/humble/lib/x86_64-linux-gnu:/opt/ros/humble/lib'), ('HOME', '/home/tim3145'), ('OLDPWD', '/home/tim3145'), ('DESKTOP_SESSION', 'ubuntu'), ('GIO_LAUNCHED_DESKTOP_FILE', '/usr/share/applications/terminator.desktop'), ('ROS_PYTHON_VERSION', '3'), ('GNOME_SHELL_SESSION_MODE', 'ubuntu'), ('GTK_MODULES', 'gail:atk-bridge'), ('LC_MONETARY', 'ko_KR.UTF-8'), ('MANAGERPID', '858'), ('SYSTEMD_EXEC_PID', '1128'), ('DBUS_SESSION_BUS_ADDRESS', 'unix:path=/run/user/1000/bus'), ('COLORTERM', 'truecolor'), ('TERMINATOR_DBUS_NAME', 'net.tenshu.Terminator25ef4b219e3b005583550f2b0f9f990c3'), ('GIO_LAUNCHED_DESKTOP_FILE_PID', '32132'), ('IM_CONFIG_PHASE', '1'), ('WAYLAND_DISPLAY', 'wayland-0'), ('ROS_DISTRO', 'humble'), ('LOGNAME', 'tim3145'), ('JOURNAL_STREAM', '8:9770'), ('_', '/usr/bin/colcon'), ('ROS_VERSION', '2'), ('XDG_SESSION_CLASS', 'user'), ('USERNAME', 'tim3145'), ('TERM', 'xterm-256color'), ('GNOME_DESKTOP_SESSION_ID', 'this-is-deprecated'), ('ROS_LOCALHOST_ONLY', '0'), ('PATH', '/home/tim3145/.local/bin:/opt/ros/humble/bin:/usr/local/sbin:/usr/local/bin:/usr/sbin:/usr/bin:/sbin:/bin:/usr/games:/usr/local/games:/snap/bin:/snap/bin'), ('SESSION_MANAGER', 'local/tim3145-350XBA-550EBA:@/tmp/.ICE-unix/1097,unix/tim3145-350XBA-550EBA:/tmp/.ICE-unix/1097'), ('INVOCATION_ID', 'bf75ce066fc94801982b4d942bd09584'), ('PAPERSIZE', 'a4'), ('XDG_MENU_PREFIX', 'gnome-'), ('LC_ADDRESS', 'ko_KR.UTF-8'), ('GNOME_SETUP_DISPLAY', ':1'), ('XDG_RUNTIME_DIR', '/run/user/1000'), ('DISPLAY', ':0'), ('TERMINATOR_DBUS_PATH', '/net/tenshu/Terminator2'), ('LANG', 'ko_KR.UTF-8'), ('XDG_CURRENT_DESKTOP', 'ubuntu:GNOME'), ('IBUS_DISABLE_SNOOPER', '1'), ('LC_TELEPHONE', 'ko_KR.UTF-8'), ('XMODIFIERS', '@im=ibus'), ('XDG_SESSION_DESKTOP', 'ubuntu'), ('XAUTHORITY', '/run/user/1000/.mutter-Xwaylandauth.Z6YGB3'), ('SSH_AGENT_LAUNCHER', 'gnome-keyring'), ('SSH_AUTH_SOCK', '/run/user/1000/keyring/ssh'), ('AMENT_PREFIX_PATH', '/opt/ros/humble'), ('SHELL', '/bin/bash'), ('LC_NAME', 'ko_KR.UTF-8'), ('TERMINATOR_UUID', 'urn:uuid:4f696728-0607-4335-b1f2-89ad4eadd299'), ('QT_ACCESSIBILITY', '1'), ('GDMSESSION', 'ubuntu'), ('LC_MEASUREMENT', 'ko_KR.UTF-8'), ('GJS_DEBUG_OUTPUT', 'stderr'), ('LC_IDENTIFICATION', 'ko_KR.UTF-8'), ('QT_IM_MODULE', 'ibus'), ('PWD', '/home/tim3145/espers2_ws/build/diffbot_description'), ('LC_ALL', 'en_US.UTF-8'), ('XDG_CONFIG_DIRS', '/etc/xdg/xdg-ubuntu:/etc/xdg'), ('XDG_DATA_DIRS', '/usr/share/ubuntu:/usr/local/share/:/usr/share/:/var/lib/snapd/desktop'), ('LC_AL', 'en_US.UTF-8'), ('PYTHONPATH', '/opt/ros/humble/lib/python3.10/site-packages:/opt/ros/humble/local/lib/python3.10/dist-packages'), ('LC_NUMERIC', 'ko_KR.UTF-8'), ('LC_PAPER', 'ko_KR.UTF-8'), ('COLCON', '1'), ('VTE_VERSION', '6800'), ('CMAKE_PREFIX_PATH', '/opt/ros/humble')]), 'shell': False}
[0.283545] (arduino_bridge) JobProgress: {'identifier': 'arduino_bridge', 'progress': 'install'}
[0.284630] (arduino_bridge) Command: {'cmd': ['/usr/bin/cmake', '--install', '/home/tim3145/espers2_ws/build/arduino_bridge'], 'cwd': '/home/tim3145/espers2_ws/build/arduino_bridge', 'env': OrderedDict([('GJS_DEBUG_TOPICS', 'JS ERROR;JS LOG'), ('LANGUAGE', 'ko:en'), ('USER', 'tim3145'), ('LC_TIME', 'ko_KR.UTF-8'), ('XDG_SESSION_TYPE', 'wayland'), ('SHLVL', '1'), ('LD_LIBRARY_PATH', '/usr/lib/x86_64-linux-gnu/gazebo-11/plugins:/opt/ros/humble/opt/rviz_ogre_vendor/lib:/opt/ros/humble/lib/x86_64-linux-gnu:/opt/ros/humble/lib'), ('HOME', '/home/tim3145'), ('OLDPWD', '/home/tim3145'), ('DESKTOP_SESSION', 'ubuntu'), ('GIO_LAUNCHED_DESKTOP_FILE', '/usr/share/applications/terminator.desktop'), ('ROS_PYTHON_VERSION', '3'), ('GNOME_SHELL_SESSION_MODE', 'ubuntu'), ('GTK_MODULES', 'gail:atk-bridge'), ('LC_MONETARY', 'ko_KR.UTF-8'), ('MANAGERPID', '858'), ('SYSTEMD_EXEC_PID', '1128'), ('DBUS_SESSION_BUS_ADDRESS', 'unix:path=/run/user/1000/bus'), ('COLORTERM', 'truecolor'), ('TERMINATOR_DBUS_NAME', 'net.tenshu.Terminator25ef4b219e3b005583550f2b0f9f990c3'), ('GIO_LAUNCHED_DESKTOP_FILE_PID', '32132'), ('IM_CONFIG_PHASE', '1'), ('WAYLAND_DISPLAY', 'wayland-0'), ('ROS_DISTRO', 'humble'), ('LOGNAME', 'tim3145'), ('JOURNAL_STREAM', '8:9770'), ('_', '/usr/bin/colcon'), ('ROS_VERSION', '2'), ('XDG_SESSION_CLASS', 'user'), ('USERNAME', 'tim3145'), ('TERM', 'xterm-256color'), ('GNOME_DESKTOP_SESSION_ID', 'this-is-deprecated'), ('ROS_LOCALHOST_ONLY', '0'), ('PATH', '/home/tim3145/.local/bin:/opt/ros/humble/bin:/usr/local/sbin:/usr/local/bin:/usr/sbin:/usr/bin:/sbin:/bin:/usr/games:/usr/local/games:/snap/bin:/snap/bin'), ('SESSION_MANAGER', 'local/tim3145-350XBA-550EBA:@/tmp/.ICE-unix/1097,unix/tim3145-350XBA-550EBA:/tmp/.ICE-unix/1097'), ('INVOCATION_ID', 'bf75ce066fc94801982b4d942bd09584'), ('PAPERSIZE', 'a4'), ('XDG_MENU_PREFIX', 'gnome-'), ('LC_ADDRESS', 'ko_KR.UTF-8'), ('GNOME_SETUP_DISPLAY', ':1'), ('XDG_RUNTIME_DIR', '/run/user/1000'), ('DISPLAY', ':0'), ('TERMINATOR_DBUS_PATH', '/net/tenshu/Terminator2'), ('LANG', 'ko_KR.UTF-8'), ('XDG_CURRENT_DESKTOP', 'ubuntu:GNOME'), ('IBUS_DISABLE_SNOOPER', '1'), ('LC_TELEPHONE', 'ko_KR.UTF-8'), ('XMODIFIERS', '@im=ibus'), ('XDG_SESSION_DESKTOP', 'ubuntu'), ('XAUTHORITY', '/run/user/1000/.mutter-Xwaylandauth.Z6YGB3'), ('SSH_AGENT_LAUNCHER', 'gnome-keyring'), ('SSH_AUTH_SOCK', '/run/user/1000/keyring/ssh'), ('AMENT_PREFIX_PATH', '/opt/ros/humble'), ('SHELL', '/bin/bash'), ('LC_NAME', 'ko_KR.UTF-8'), ('TERMINATOR_UUID', 'urn:uuid:4f696728-0607-4335-b1f2-89ad4eadd299'), ('QT_ACCESSIBILITY', '1'), ('GDMSESSION', 'ubuntu'), ('LC_MEASUREMENT', 'ko_KR.UTF-8'), ('GJS_DEBUG_OUTPUT', 'stderr'), ('LC_IDENTIFICATION', 'ko_KR.UTF-8'), ('QT_IM_MODULE', 'ibus'), ('PWD', '/home/tim3145/espers2_ws/build/arduino_bridge'), ('LC_ALL', 'en_US.UTF-8'), ('XDG_CONFIG_DIRS', '/etc/xdg/xdg-ubuntu:/etc/xdg'), ('XDG_DATA_DIRS', '/usr/share/ubuntu:/usr/local/share/:/usr/share/:/var/lib/snapd/desktop'), ('LC_AL', 'en_US.UTF-8'), ('PYTHONPATH', '/opt/ros/humble/lib/python3.10/site-packages:/opt/ros/humble/local/lib/python3.10/dist-packages'), ('LC_NUMERIC', 'ko_KR.UTF-8'), ('LC_PAPER', 'ko_KR.UTF-8'), ('COLCON', '1'), ('VTE_VERSION', '6800')]), 'shell': False}
[0.286833] (sllidar_ros2) CommandEnded: {'returncode': 0}
[0.295287] (rplidar_ros) CommandEnded: {'returncode': 0}
[0.296394] (diffbot_description) StdoutLine: {'line': b'-- Install configuration: ""\n'}
[0.296674] (diffbot_description) StdoutLine: {'line': b'-- Execute custom install script\n'}
[0.296870] (diffbot_description) StdoutLine: {'line': b'-- Up-to-date symlink: /home/tim3145/espers2_ws/install/diffbot_description/share/diffbot_description/launch/localization.launch.py\n'}
[0.297079] (diffbot_description) StdoutLine: {'line': b'-- Up-to-date symlink: /home/tim3145/espers2_ws/install/diffbot_description/share/diffbot_description/launch/mapping.launch.py\n'}
[0.297254] (diffbot_description) StdoutLine: {'line': b'-- Up-to-date symlink: /home/tim3145/espers2_ws/install/diffbot_description/share/diffbot_description/launch/real_robot_mapping.launch.py\n'}
[0.300275] (diffbot_description) StdoutLine: {'line': b'-- Up-to-date symlink: /home/tim3145/espers2_ws/install/diffbot_description/share/diffbot_description/launch/real_robot_navigation.launch.py\n'}
[0.300627] (-) TimerEvent: {}
[0.302054] (diffbot_description) StdoutLine: {'line': b'-- Up-to-date symlink: /home/tim3145/espers2_ws/install/diffbot_description/share/diffbot_description/urdf/driving_robot.urdf\n'}
[0.302337] (diffbot_description) StdoutLine: {'line': b'-- Up-to-date symlink: /home/tim3145/espers2_ws/install/diffbot_description/share/diffbot_description/urdf/driving_robot_play.urdf\n'}
[0.302539] (diffbot_description) StdoutLine: {'line': b'-- Up-to-date symlink: /home/tim3145/espers2_ws/install/diffbot_description/share/diffbot_description/rviz/diffbot2.rviz\n'}
[0.302715] (diffbot_description) StdoutLine: {'line': b'-- Up-to-date symlink: /home/tim3145/espers2_ws/install/diffbot_description/share/diffbot_description/world/test.world\n'}
[0.302918] (diffbot_description) StdoutLine: {'line': b'-- Up-to-date symlink: /home/tim3145/espers2_ws/install/diffbot_description/share/diffbot_description/config/costmap_common.yaml\n'}
[0.303127] (diffbot_description) StdoutLine: {'line': b'-- Up-to-date symlink: /home/tim3145/espers2_ws/install/diffbot_description/share/diffbot_description/config/laser_filter.yaml\n'}
[0.303303] (diffbot_description) StdoutLine: {'line': b'-- Up-to-date symlink: /home/tim3145/espers2_ws/install/diffbot_description/share/diffbot_description/config/localization_params.yaml\n'}
[0.303470] (diffbot_description) StdoutLine: {'line': b'-- Up-to-date symlink: /home/tim3145/espers2_ws/install/diffbot_description/share/diffbot_description/config/map.data\n'}
[0.305065] (diffbot_description) StdoutLine: {'line': b'-- Up-to-date symlink: /home/tim3145/espers2_ws/install/diffbot_description/share/diffbot_description/config/map.pgm\n'}
[0.305393] (diffbot_description) StdoutLine: {'line': b'-- Up-to-date symlink: /home/tim3145/espers2_ws/install/diffbot_description/share/diffbot_description/config/map.posegraph\n'}
[0.310254] (diffbot_description) StdoutLine: {'line': b'-- Up-to-date symlink: /home/tim3145/espers2_ws/install/diffbot_description/share/diffbot_description/config/map.yaml\n'}
[0.310505] (diffbot_description) StdoutLine: {'line': b'-- Up-to-date symlink: /home/tim3145/espers2_ws/install/diffbot_description/share/diffbot_description/config/mapp.zip\n'}
[0.310671] (diffbot_description) StdoutLine: {'line': b'-- Up-to-date symlink: /home/tim3145/espers2_ws/install/diffbot_description/share/diffbot_description/config/mapping_params.yaml\n'}
[0.310841] (diffbot_description) StdoutLine: {'line': b'-- Up-to-date symlink: /home/tim3145/espers2_ws/install/diffbot_description/share/diffbot_description/config/nav2_params.yaml\n'}
[0.311495] (diffbot_description) StdoutLine: {'line': b'-- Up-to-date symlink: /home/tim3145/espers2_ws/install/diffbot_description/share/diffbot_description/config/real_robot_mapping_params.yaml\n'}
[0.311740] (diffbot_description) StdoutLine: {'line': b'-- Up-to-date symlink: /home/tim3145/espers2_ws/install/diffbot_description/share/diffbot_description/meshes/base_link.stl\n'}
[0.312001] (arduino_bridge) StdoutLine: {'line': b'-- Install configuration: ""\n'}
[0.312231] (arduino_bridge) StdoutLine: {'line': b'-- Up-to-date: /home/tim3145/espers2_ws/install/arduino_bridge/lib/arduino_bridge/arduino_bridge.py\n'}
[0.312385] (arduino_bridge) StdoutLine: {'line': b'-- Up-to-date: /home/tim3145/espers2_ws/install/arduino_bridge/share/ament_index/resource_index/package_run_dependencies/arduino_bridge\n'}
[0.312593] (arduino_bridge) StdoutLine: {'line': b'-- Up-to-date: /home/tim3145/espers2_ws/install/arduino_bridge/share/ament_index/resource_index/parent_prefix_path/arduino_bridge\n'}
[0.312809] (arduino_bridge) StdoutLine: {'line': b'-- Up-to-date: /home/tim3145/espers2_ws/install/arduino_bridge/share/arduino_bridge/environment/ament_prefix_path.sh\n'}
[0.313216] (arduino_bridge) StdoutLine: {'line': b'-- Up-to-date: /home/tim3145/espers2_ws/install/arduino_bridge/share/arduino_bridge/environment/ament_prefix_path.dsv\n'}
[0.313444] (arduino_bridge) StdoutLine: {'line': b'-- Up-to-date: /home/tim3145/espers2_ws/install/arduino_bridge/share/arduino_bridge/environment/path.sh\n'}
[0.313654] (arduino_bridge) StdoutLine: {'line': b'-- Up-to-date: /home/tim3145/espers2_ws/install/arduino_bridge/share/arduino_bridge/environment/path.dsv\n'}
[0.314017] (arduino_bridge) StdoutLine: {'line': b'-- Up-to-date: /home/tim3145/espers2_ws/install/arduino_bridge/share/arduino_bridge/local_setup.bash\n'}
[0.315341] (arduino_bridge) StdoutLine: {'line': b'-- Up-to-date: /home/tim3145/espers2_ws/install/arduino_bridge/share/arduino_bridge/local_setup.sh\n'}
[0.315542] (arduino_bridge) StdoutLine: {'line': b'-- Up-to-date: /home/tim3145/espers2_ws/install/arduino_bridge/share/arduino_bridge/local_setup.zsh\n'}
[0.315828] (arduino_bridge) StdoutLine: {'line': b'-- Up-to-date: /home/tim3145/espers2_ws/install/arduino_bridge/share/arduino_bridge/local_setup.dsv\n'}
[0.316036] (arduino_bridge) StdoutLine: {'line': b'-- Installing: /home/tim3145/espers2_ws/install/arduino_bridge/share/arduino_bridge/package.dsv\n'}
[0.316321] (arduino_bridge) StdoutLine: {'line': b'-- Up-to-date: /home/tim3145/espers2_ws/install/arduino_bridge/share/ament_index/resource_index/packages/arduino_bridge\n'}
[0.316483] (arduino_bridge) StdoutLine: {'line': b'-- Up-to-date: /home/tim3145/espers2_ws/install/arduino_bridge/share/arduino_bridge/cmake/arduino_bridgeConfig.cmake\n'}
[0.316667] (arduino_bridge) StdoutLine: {'line': b'-- Up-to-date: /home/tim3145/espers2_ws/install/arduino_bridge/share/arduino_bridge/cmake/arduino_bridgeConfig-version.cmake\n'}
[0.316915] (arduino_bridge) StdoutLine: {'line': b'-- Up-to-date: /home/tim3145/espers2_ws/install/arduino_bridge/share/arduino_bridge/package.xml\n'}
[0.317083] (diffbot_description) StdoutLine: {'line': b'-- Up-to-date symlink: /home/tim3145/espers2_ws/install/diffbot_description/share/diffbot_description/meshes/camera.stl\n'}
[0.317271] (diffbot_description) StdoutLine: {'line': b'-- Up-to-date symlink: /home/tim3145/espers2_ws/install/diffbot_description/share/diffbot_description/meshes/legacy_from_main_description/FL_direction_1.stl\n'}
[0.317442] (diffbot_description) StdoutLine: {'line': b'-- Up-to-date symlink: /home/tim3145/espers2_ws/install/diffbot_description/share/diffbot_description/meshes/legacy_from_main_description/FL_wheel_1.stl\n'}
[0.317584] (diffbot_description) StdoutLine: {'line': b'-- Up-to-date symlink: /home/tim3145/espers2_ws/install/diffbot_description/share/diffbot_description/meshes/legacy_from_main_description/FR_direction_1.stl\n'}
[0.317721] (diffbot_description) StdoutLine: {'line': b'-- Up-to-date symlink: /home/tim3145/espers2_ws/install/diffbot_description/share/diffbot_description/meshes/legacy_from_main_description/FR_wheel_1.stl\n'}
[0.317866] (diffbot_description) StdoutLine: {'line': b'-- Up-to-date symlink: /home/tim3145/espers2_ws/install/diffbot_description/share/diffbot_description/meshes/legacy_from_main_description/RL_wheel_1.stl\n'}
[0.318132] (diffbot_description) StdoutLine: {'line': b'-- Up-to-date symlink: /home/tim3145/espers2_ws/install/diffbot_description/share/diffbot_description/meshes/legacy_from_main_description/RR_wheel_1.stl\n'}
[0.318299] (diffbot_description) StdoutLine: {'line': b'-- Up-to-date symlink: /home/tim3145/espers2_ws/install/diffbot_description/share/diffbot_description/meshes/legacy_from_main_description/base_link.stl\n'}
[0.318447] (arduino_bridge) CommandEnded: {'returncode': 0}
[0.319210] (diffbot_description) StdoutLine: {'line': b'-- Up-to-date symlink: /home/tim3145/espers2_ws/install/diffbot_description/share/diffbot_description/meshes/legacy_from_main_description/collision_stl_file/FL_direction_2.stl\n'}
[0.319465] (diffbot_description) StdoutLine: {'line': b'-- Up-to-date symlink: /home/tim3145/espers2_ws/install/diffbot_description/share/diffbot_description/meshes/legacy_from_main_description/collision_stl_file/FL_wheel_2.stl\n'}
[0.319707] (diffbot_description) StdoutLine: {'line': b'-- Up-to-date symlink: /home/tim3145/espers2_ws/install/diffbot_description/share/diffbot_description/meshes/legacy_from_main_description/collision_stl_file/FR_direction_2.stl\n'}
[0.319875] (diffbot_description) StdoutLine: {'line': b'-- Up-to-date symlink: /home/tim3145/espers2_ws/install/diffbot_description/share/diffbot_description/meshes/legacy_from_main_description/collision_stl_file/FR_wheel_2.stl\n'}
[0.320267] (diffbot_description) StdoutLine: {'line': b'-- Up-to-date symlink: /home/tim3145/espers2_ws/install/diffbot_description/share/diffbot_description/meshes/legacy_from_main_description/collision_stl_file/RL_wheel_2.stl\n'}
[0.320424] (diffbot_description) StdoutLine: {'line': b'-- Up-to-date symlink: /home/tim3145/espers2_ws/install/diffbot_description/share/diffbot_description/meshes/legacy_from_main_description/collision_stl_file/RR_wheel_2.stl\n'}
[0.320589] (diffbot_description) StdoutLine: {'line': b'-- Up-to-date symlink: /home/tim3145/espers2_ws/install/diffbot_description/share/diffbot_description/meshes/legacy_from_main_description/collision_stl_file/base_link_2.stl\n'}
[0.320733] (diffbot_description) StdoutLine: {'line': b'-- Up-to-date symlink: /home/tim3145/espers2_ws/install/diffbot_description/share/diffbot_description/meshes/lidar.stl\n'}
[0.320944] (diffbot_description) StdoutLine: {'line': b'-- Up-to-date symlink: /home/tim3145/espers2_ws/install/diffbot_description/share/diffbot_description/meshes/new_wheel_left.stl\n'}
[0.321133] (diffbot_description) StdoutLine: {'line': b'-- Up-to-date symlink: /home/tim3145/espers2_ws/install/diffbot_description/share/diffbot_description/meshes/new_wheel_right.stl\n'}
[0.321281] (diffbot_description) StdoutLine: {'line': b'-- Up-to-date symlink: /home/tim3145/espers2_ws/install/diffbot_description/share/ament_index/resource_index/package_run_dependencies/diffbot_description\n'}
[0.321432] (diffbot_description) StdoutLine: {'line': b'-- Up-to-date symlink: /home/tim3145/espers2_ws/install/diffbot_description/share/ament_index/resource_index/parent_prefix_path/diffbot_description\n'}
[0.321584] (diffbot_description) StdoutLine: {'line': b'-- Up-to-date symlink: /home/tim3145/espers2_ws/install/diffbot_description/share/diffbot_description/environment/ament_prefix_path.sh\n'}
[0.321722] (diffbot_description) StdoutLine: {'line': b'-- Up-to-date symlink: /home/tim3145/espers2_ws/install/diffbot_description/share/diffbot_description/environment/ament_prefix_path.dsv\n'}
[0.321871] (diffbot_description) StdoutLine: {'line': b'-- Up-to-date symlink: /home/tim3145/espers2_ws/install/diffbot_description/share/diffbot_description/environment/path.sh\n'}
[0.322123] (diffbot_description) StdoutLine: {'line': b'-- Up-to-date symlink: /home/tim3145/espers2_ws/install/diffbot_description/share/diffbot_description/environment/path.dsv\n'}
[0.324415] (diffbot_description) StdoutLine: {'line': b'-- Up-to-date symlink: /home/tim3145/espers2_ws/install/diffbot_description/share/diffbot_description/local_setup.bash\n'}
[0.324641] (diffbot_description) StdoutLine: {'line': b'-- Up-to-date symlink: /home/tim3145/espers2_ws/install/diffbot_description/share/diffbot_description/local_setup.sh\n'}
[0.324821] (diffbot_description) StdoutLine: {'line': b'-- Up-to-date symlink: /home/tim3145/espers2_ws/install/diffbot_description/share/diffbot_description/local_setup.zsh\n'}
[0.326012] (diffbot_description) StdoutLine: {'line': b'-- Up-to-date symlink: /home/tim3145/espers2_ws/install/diffbot_description/share/diffbot_description/local_setup.dsv\n'}
[0.326236] (diffbot_description) StdoutLine: {'line': b'-- Symlinking: /home/tim3145/espers2_ws/install/diffbot_description/share/diffbot_description/package.dsv\n'}
[0.337451] (diffbot_description) StdoutLine: {'line': b'-- Up-to-date symlink: /home/tim3145/espers2_ws/install/diffbot_description/share/ament_index/resource_index/packages/diffbot_description\n'}
[0.338397] (diffbot_description) StdoutLine: {'line': b'-- Up-to-date symlink: /home/tim3145/espers2_ws/install/diffbot_description/share/diffbot_description/cmake/diffbot_descriptionConfig.cmake\n'}
[0.339248] (diffbot_description) StdoutLine: {'line': b'-- Up-to-date symlink: /home/tim3145/espers2_ws/install/diffbot_description/share/diffbot_description/cmake/diffbot_descriptionConfig-version.cmake\n'}
[0.339479] (diffbot_description) StdoutLine: {'line': b'-- Up-to-date symlink: /home/tim3145/espers2_ws/install/diffbot_description/share/diffbot_description/package.xml\n'}
[0.340052] (diffbot_description) StdoutLine: {'line': b'-- Up-to-date symlink: /home/tim3145/espers2_ws/install/diffbot_description/share/diffbot_description/meshes/base_link.stl\n'}
[0.340395] (diffbot_description) StdoutLine: {'line': b'-- Up-to-date symlink: /home/tim3145/espers2_ws/install/diffbot_description/share/diffbot_description/meshes/camera.stl\n'}
[0.340923] (diffbot_description) StdoutLine: {'line': b'-- Up-to-date symlink: /home/tim3145/espers2_ws/install/diffbot_description/share/diffbot_description/meshes/legacy_from_main_description/FL_direction_1.stl\n'}
[0.343207] (diffbot_description) StdoutLine: {'line': b'-- Up-to-date symlink: /home/tim3145/espers2_ws/install/diffbot_description/share/diffbot_description/meshes/legacy_from_main_description/FL_wheel_1.stl\n'}
[0.343534] (diffbot_description) StdoutLine: {'line': b'-- Up-to-date symlink: /home/tim3145/espers2_ws/install/diffbot_description/share/diffbot_description/meshes/legacy_from_main_description/FR_direction_1.stl\n'}
[0.344118] (diffbot_description) StdoutLine: {'line': b'-- Up-to-date symlink: /home/tim3145/espers2_ws/install/diffbot_description/share/diffbot_description/meshes/legacy_from_main_description/FR_wheel_1.stl\n'}
[0.345272] (diffbot_description) StdoutLine: {'line': b'-- Up-to-date symlink: /home/tim3145/espers2_ws/install/diffbot_description/share/diffbot_description/meshes/legacy_from_main_description/RL_wheel_1.stl\n'}
[0.345642] (diffbot_description) StdoutLine: {'line': b'-- Up-to-date symlink: /home/tim3145/espers2_ws/install/diffbot_description/share/diffbot_description/meshes/legacy_from_main_description/RR_wheel_1.stl\n'}
[0.345953] (diffbot_description) StdoutLine: {'line': b'-- Up-to-date symlink: /home/tim3145/espers2_ws/install/diffbot_description/share/diffbot_description/meshes/legacy_from_main_description/base_link.stl\n'}
[0.346505] (diffbot_description) StdoutLine: {'line': b'-- Up-to-date symlink: /home/tim3145/espers2_ws/install/diffbot_description/share/diffbot_description/meshes/legacy_from_main_description/collision_stl_file/FL_direction_2.stl\n'}
[0.346695] (diffbot_description) StdoutLine: {'line': b'-- Up-to-date symlink: /home/tim3145/espers2_ws/install/diffbot_description/share/diffbot_description/meshes/legacy_from_main_description/collision_stl_file/FL_wheel_2.stl\n'}
[0.346898] (diffbot_description) StdoutLine: {'line': b'-- Up-to-date symlink: /home/tim3145/espers2_ws/install/diffbot_description/share/diffbot_description/meshes/legacy_from_main_description/collision_stl_file/FR_direction_2.stl\n'}
[0.347094] (diffbot_description) StdoutLine: {'line': b'-- Up-to-date symlink: /home/tim3145/espers2_ws/install/diffbot_description/share/diffbot_description/meshes/legacy_from_main_description/collision_stl_file/FR_wheel_2.stl\n'}
[0.347286] (diffbot_description) StdoutLine: {'line': b'-- Up-to-date symlink: /home/tim3145/espers2_ws/install/diffbot_description/share/diffbot_description/meshes/legacy_from_main_description/collision_stl_file/RL_wheel_2.stl\n'}
[0.347484] (diffbot_description) StdoutLine: {'line': b'-- Up-to-date symlink: /home/tim3145/espers2_ws/install/diffbot_description/share/diffbot_description/meshes/legacy_from_main_description/collision_stl_file/RR_wheel_2.stl\n'}
[0.347679] (diffbot_description) StdoutLine: {'line': b'-- Up-to-date symlink: /home/tim3145/espers2_ws/install/diffbot_description/share/diffbot_description/meshes/legacy_from_main_description/collision_stl_file/base_link_2.stl\n'}
[0.347876] (diffbot_description) StdoutLine: {'line': b'-- Up-to-date symlink: /home/tim3145/espers2_ws/install/diffbot_description/share/diffbot_description/meshes/lidar.stl\n'}
[0.348111] (diffbot_description) StdoutLine: {'line': b'-- Up-to-date symlink: /home/tim3145/espers2_ws/install/diffbot_description/share/diffbot_description/meshes/new_wheel_left.stl\n'}
[0.348319] (diffbot_description) StdoutLine: {'line': b'-- Up-to-date symlink: /home/tim3145/espers2_ws/install/diffbot_description/share/diffbot_description/meshes/new_wheel_right.stl\n'}
[0.352300] (diffbot_description) CommandEnded: {'returncode': 0}
[0.401035] (-) TimerEvent: {}
[0.424333] (arduino_bridge) JobEnded: {'identifier': 'arduino_bridge', 'rc': 0}
[0.447601] (diffbot_description) JobEnded: {'identifier': 'diffbot_description', 'rc': 0}
[0.450321] (sllidar_ros2) JobProgress: {'identifier': 'sllidar_ros2', 'progress': 'install'}
[0.450618] (sllidar_ros2) Command: {'cmd': ['/usr/bin/cmake', '--install', '/home/tim3145/espers2_ws/build/sllidar_ros2'], 'cwd': '/home/tim3145/espers2_ws/build/sllidar_ros2', 'env': OrderedDict([('GJS_DEBUG_TOPICS', 'JS ERROR;JS LOG'), ('LANGUAGE', 'ko:en'), ('USER', 'tim3145'), ('LC_TIME', 'ko_KR.UTF-8'), ('XDG_SESSION_TYPE', 'wayland'), ('SHLVL', '1'), ('LD_LIBRARY_PATH', '/usr/lib/x86_64-linux-gnu/gazebo-11/plugins:/opt/ros/humble/opt/rviz_ogre_vendor/lib:/opt/ros/humble/lib/x86_64-linux-gnu:/opt/ros/humble/lib'), ('HOME', '/home/tim3145'), ('OLDPWD', '/home/tim3145'), ('DESKTOP_SESSION', 'ubuntu'), ('GIO_LAUNCHED_DESKTOP_FILE', '/usr/share/applications/terminator.desktop'), ('ROS_PYTHON_VERSION', '3'), ('GNOME_SHELL_SESSION_MODE', 'ubuntu'), ('GTK_MODULES', 'gail:atk-bridge'), ('LC_MONETARY', 'ko_KR.UTF-8'), ('MANAGERPID', '858'), ('SYSTEMD_EXEC_PID', '1128'), ('DBUS_SESSION_BUS_ADDRESS', 'unix:path=/run/user/1000/bus'), ('COLORTERM', 'truecolor'), ('TERMINATOR_DBUS_NAME', 'net.tenshu.Terminator25ef4b219e3b005583550f2b0f9f990c3'), ('GIO_LAUNCHED_DESKTOP_FILE_PID', '32132'), ('IM_CONFIG_PHASE', '1'), ('WAYLAND_DISPLAY', 'wayland-0'), ('ROS_DISTRO', 'humble'), ('LOGNAME', 'tim3145'), ('JOURNAL_STREAM', '8:9770'), ('_', '/usr/bin/colcon'), ('ROS_VERSION', '2'), ('XDG_SESSION_CLASS', 'user'), ('USERNAME', 'tim3145'), ('TERM', 'xterm-256color'), ('GNOME_DESKTOP_SESSION_ID', 'this-is-deprecated'), ('ROS_LOCALHOST_ONLY', '0'), ('PATH', '/home/tim3145/.local/bin:/opt/ros/humble/bin:/usr/local/sbin:/usr/local/bin:/usr/sbin:/usr/bin:/sbin:/bin:/usr/games:/usr/local/games:/snap/bin:/snap/bin'), ('SESSION_MANAGER', 'local/tim3145-350XBA-550EBA:@/tmp/.ICE-unix/1097,unix/tim3145-350XBA-550EBA:/tmp/.ICE-unix/1097'), ('INVOCATION_ID', 'bf75ce066fc94801982b4d942bd09584'), ('PAPERSIZE', 'a4'), ('XDG_MENU_PREFIX', 'gnome-'), ('LC_ADDRESS', 'ko_KR.UTF-8'), ('GNOME_SETUP_DISPLAY', ':1'), ('XDG_RUNTIME_DIR', '/run/user/1000'), ('DISPLAY', ':0'), ('TERMINATOR_DBUS_PATH', '/net/tenshu/Terminator2'), ('LANG', 'ko_KR.UTF-8'), ('XDG_CURRENT_DESKTOP', 'ubuntu:GNOME'), ('IBUS_DISABLE_SNOOPER', '1'), ('LC_TELEPHONE', 'ko_KR.UTF-8'), ('XMODIFIERS', '@im=ibus'), ('XDG_SESSION_DESKTOP', 'ubuntu'), ('XAUTHORITY', '/run/user/1000/.mutter-Xwaylandauth.Z6YGB3'), ('SSH_AGENT_LAUNCHER', 'gnome-keyring'), ('SSH_AUTH_SOCK', '/run/user/1000/keyring/ssh'), ('AMENT_PREFIX_PATH', '/opt/ros/humble'), ('SHELL', '/bin/bash'), ('LC_NAME', 'ko_KR.UTF-8'), ('TERMINATOR_UUID', 'urn:uuid:4f696728-0607-4335-b1f2-89ad4eadd299'), ('QT_ACCESSIBILITY', '1'), ('GDMSESSION', 'ubuntu'), ('LC_MEASUREMENT', 'ko_KR.UTF-8'), ('GJS_DEBUG_OUTPUT', 'stderr'), ('LC_IDENTIFICATION', 'ko_KR.UTF-8'), ('QT_IM_MODULE', 'ibus'), ('PWD', '/home/tim3145/espers2_ws/build/sllidar_ros2'), ('LC_ALL', 'en_US.UTF-8'), ('XDG_CONFIG_DIRS', '/etc/xdg/xdg-ubuntu:/etc/xdg'), ('XDG_DATA_DIRS', '/usr/share/ubuntu:/usr/local/share/:/usr/share/:/var/lib/snapd/desktop'), ('LC_AL', 'en_US.UTF-8'), ('PYTHONPATH', '/opt/ros/humble/lib/python3.10/site-packages:/opt/ros/humble/local/lib/python3.10/dist-packages'), ('LC_NUMERIC', 'ko_KR.UTF-8'), ('LC_PAPER', 'ko_KR.UTF-8'), ('COLCON', '1'), ('VTE_VERSION', '6800'), ('CMAKE_PREFIX_PATH', '/opt/ros/humble')]), 'shell': False}
[0.452571] (rplidar_ros) JobProgress: {'identifier': 'rplidar_ros', 'progress': 'install'}
[0.453775] (rplidar_ros) Command: {'cmd': ['/usr/bin/cmake', '--install', '/home/tim3145/espers2_ws/build/rplidar_ros'], 'cwd': '/home/tim3145/espers2_ws/build/rplidar_ros', 'env': OrderedDict([('GJS_DEBUG_TOPICS', 'JS ERROR;JS LOG'), ('LANGUAGE', 'ko:en'), ('USER', 'tim3145'), ('LC_TIME', 'ko_KR.UTF-8'), ('XDG_SESSION_TYPE', 'wayland'), ('SHLVL', '1'), ('LD_LIBRARY_PATH', '/usr/lib/x86_64-linux-gnu/gazebo-11/plugins:/opt/ros/humble/opt/rviz_ogre_vendor/lib:/opt/ros/humble/lib/x86_64-linux-gnu:/opt/ros/humble/lib'), ('HOME', '/home/tim3145'), ('OLDPWD', '/home/tim3145'), ('DESKTOP_SESSION', 'ubuntu'), ('GIO_LAUNCHED_DESKTOP_FILE', '/usr/share/applications/terminator.desktop'), ('ROS_PYTHON_VERSION', '3'), ('GNOME_SHELL_SESSION_MODE', 'ubuntu'), ('GTK_MODULES', 'gail:atk-bridge'), ('LC_MONETARY', 'ko_KR.UTF-8'), ('MANAGERPID', '858'), ('SYSTEMD_EXEC_PID', '1128'), ('DBUS_SESSION_BUS_ADDRESS', 'unix:path=/run/user/1000/bus'), ('COLORTERM', 'truecolor'), ('TERMINATOR_DBUS_NAME', 'net.tenshu.Terminator25ef4b219e3b005583550f2b0f9f990c3'), ('GIO_LAUNCHED_DESKTOP_FILE_PID', '32132'), ('IM_CONFIG_PHASE', '1'), ('WAYLAND_DISPLAY', 'wayland-0'), ('ROS_DISTRO', 'humble'), ('LOGNAME', 'tim3145'), ('JOURNAL_STREAM', '8:9770'), ('_', '/usr/bin/colcon'), ('ROS_VERSION', '2'), ('XDG_SESSION_CLASS', 'user'), ('USERNAME', 'tim3145'), ('TERM', 'xterm-256color'), ('GNOME_DESKTOP_SESSION_ID', 'this-is-deprecated'), ('ROS_LOCALHOST_ONLY', '0'), ('PATH', '/home/tim3145/.local/bin:/opt/ros/humble/bin:/usr/local/sbin:/usr/local/bin:/usr/sbin:/usr/bin:/sbin:/bin:/usr/games:/usr/local/games:/snap/bin:/snap/bin'), ('SESSION_MANAGER', 'local/tim3145-350XBA-550EBA:@/tmp/.ICE-unix/1097,unix/tim3145-350XBA-550EBA:/tmp/.ICE-unix/1097'), ('INVOCATION_ID', 'bf75ce066fc94801982b4d942bd09584'), ('PAPERSIZE', 'a4'), ('XDG_MENU_PREFIX', 'gnome-'), ('LC_ADDRESS', 'ko_KR.UTF-8'), ('GNOME_SETUP_DISPLAY', ':1'), ('XDG_RUNTIME_DIR', '/run/user/1000'), ('DISPLAY', ':0'), ('TERMINATOR_DBUS_PATH', '/net/tenshu/Terminator2'), ('LANG', 'ko_KR.UTF-8'), ('XDG_CURRENT_DESKTOP', 'ubuntu:GNOME'), ('IBUS_DISABLE_SNOOPER', '1'), ('LC_TELEPHONE', 'ko_KR.UTF-8'), ('XMODIFIERS', '@im=ibus'), ('XDG_SESSION_DESKTOP', 'ubuntu'), ('XAUTHORITY', '/run/user/1000/.mutter-Xwaylandauth.Z6YGB3'), ('SSH_AGENT_LAUNCHER', 'gnome-keyring'), ('SSH_AUTH_SOCK', '/run/user/1000/keyring/ssh'), ('AMENT_PREFIX_PATH', '/opt/ros/humble'), ('SHELL', '/bin/bash'), ('LC_NAME', 'ko_KR.UTF-8'), ('TERMINATOR_UUID', 'urn:uuid:4f696728-0607-4335-b1f2-89ad4eadd299'), ('QT_ACCESSIBILITY', '1'), ('GDMSESSION', 'ubuntu'), ('LC_MEASUREMENT', 'ko_KR.UTF-8'), ('GJS_DEBUG_OUTPUT', 'stderr'), ('LC_IDENTIFICATION', 'ko_KR.UTF-8'), ('QT_IM_MODULE', 'ibus'), ('PWD', '/home/tim3145/espers2_ws/build/rplidar_ros'), ('LC_ALL', 'en_US.UTF-8'), ('XDG_CONFIG_DIRS', '/etc/xdg/xdg-ubuntu:/etc/xdg'), ('XDG_DATA_DIRS', '/usr/share/ubuntu:/usr/local/share/:/usr/share/:/var/lib/snapd/desktop'), ('LC_AL', 'en_US.UTF-8'), ('PYTHONPATH', '/opt/ros/humble/lib/python3.10/site-packages:/opt/ros/humble/local/lib/python3.10/dist-packages'), ('LC_NUMERIC', 'ko_KR.UTF-8'), ('LC_PAPER', 'ko_KR.UTF-8'), ('COLCON', '1'), ('VTE_VERSION', '6800'), ('CMAKE_PREFIX_PATH', '/opt/ros/humble')]), 'shell': False}
[0.463623] (sllidar_ros2) StdoutLine: {'line': b'-- Install configuration: ""\n'}
[0.464431] (sllidar_ros2) StdoutLine: {'line': b'-- Execute custom install script\n'}
[0.465362] (sllidar_ros2) StdoutLine: {'line': b'-- Up-to-date symlink: /home/tim3145/espers2_ws/install/sllidar_ros2/share/sllidar_ros2/launch/sllidar_a1_launch.py\n'}
[0.466137] (sllidar_ros2) StdoutLine: {'line': b'-- Up-to-date symlink: /home/tim3145/espers2_ws/install/sllidar_ros2/share/sllidar_ros2/launch/sllidar_a2m12_launch .py\n'}
[0.466396] (sllidar_ros2) StdoutLine: {'line': b'-- Up-to-date symlink: /home/tim3145/espers2_ws/install/sllidar_ros2/share/sllidar_ros2/launch/sllidar_a2m7_launch.py\n'}
[0.466602] (sllidar_ros2) StdoutLine: {'line': b'-- Up-to-date symlink: /home/tim3145/espers2_ws/install/sllidar_ros2/share/sllidar_ros2/launch/sllidar_a2m8_launch.py\n'}
[0.466981] (sllidar_ros2) StdoutLine: {'line': b'-- Up-to-date symlink: /home/tim3145/espers2_ws/install/sllidar_ros2/share/sllidar_ros2/launch/sllidar_a3_launch.py\n'}
[0.467241] (sllidar_ros2) StdoutLine: {'line': b'-- Up-to-date symlink: /home/tim3145/espers2_ws/install/sllidar_ros2/share/sllidar_ros2/launch/sllidar_c1_launch.py\n'}
[0.467755] (sllidar_ros2) StdoutLine: {'line': b'-- Up-to-date symlink: /home/tim3145/espers2_ws/install/sllidar_ros2/share/sllidar_ros2/launch/sllidar_s1_launch.py\n'}
[0.468168] (rplidar_ros) StdoutLine: {'line': b'-- Install configuration: ""\n'}
[0.468491] (rplidar_ros) StdoutLine: {'line': b'-- Execute custom install script\n'}
[0.468724] (sllidar_ros2) StdoutLine: {'line': b'-- Up-to-date symlink: /home/tim3145/espers2_ws/install/sllidar_ros2/share/sllidar_ros2/launch/sllidar_s1_tcp_launch.py\n'}
[0.468949] (sllidar_ros2) StdoutLine: {'line': b'-- Up-to-date symlink: /home/tim3145/espers2_ws/install/sllidar_ros2/share/sllidar_ros2/launch/sllidar_s2_launch.py\n'}
[0.469317] (sllidar_ros2) StdoutLine: {'line': b'-- Up-to-date symlink: /home/tim3145/espers2_ws/install/sllidar_ros2/share/sllidar_ros2/launch/sllidar_s2e_launch.py\n'}
[0.469525] (sllidar_ros2) StdoutLine: {'line': b'-- Up-to-date symlink: /home/tim3145/espers2_ws/install/sllidar_ros2/share/sllidar_ros2/launch/sllidar_s3_launch.py\n'}
[0.469708] (rplidar_ros) StdoutLine: {'line': b'-- Up-to-date symlink: /home/tim3145/espers2_ws/install/rplidar_ros/share/rplidar_ros/launch/rplidar_a1_launch.py\n'}
[0.470119] (rplidar_ros) StdoutLine: {'line': b'-- Up-to-date symlink: /home/tim3145/espers2_ws/install/rplidar_ros/share/rplidar_ros/launch/rplidar_a2m12_launch.py\n'}
[0.470328] (sllidar_ros2) StdoutLine: {'line': b'-- Up-to-date symlink: /home/tim3145/espers2_ws/install/sllidar_ros2/share/sllidar_ros2/launch/sllidar_t1_launch.py\n'}
[0.470518] (sllidar_ros2) StdoutLine: {'line': b'-- Up-to-date symlink: /home/tim3145/espers2_ws/install/sllidar_ros2/share/sllidar_ros2/launch/view_sllidar_a1_launch.py\n'}
[0.470774] (sllidar_ros2) StdoutLine: {'line': b'-- Up-to-date symlink: /home/tim3145/espers2_ws/install/sllidar_ros2/share/sllidar_ros2/launch/view_sllidar_a2m12_launch.py\n'}
[0.471007] (sllidar_ros2) StdoutLine: {'line': b'-- Up-to-date symlink: /home/tim3145/espers2_ws/install/sllidar_ros2/share/sllidar_ros2/launch/view_sllidar_a2m7_launch.py\n'}
[0.471225] (sllidar_ros2) StdoutLine: {'line': b'-- Up-to-date symlink: /home/tim3145/espers2_ws/install/sllidar_ros2/share/sllidar_ros2/launch/view_sllidar_a2m8_launch.py\n'}
[0.471405] (rplidar_ros) StdoutLine: {'line': b'-- Up-to-date symlink: /home/tim3145/espers2_ws/install/rplidar_ros/share/rplidar_ros/launch/rplidar_a2m7_launch.py\n'}
[0.471853] (rplidar_ros) StdoutLine: {'line': b'-- Up-to-date symlink: /home/tim3145/espers2_ws/install/rplidar_ros/share/rplidar_ros/launch/rplidar_a2m8_launch.py\n'}
[0.472131] (rplidar_ros) StdoutLine: {'line': b'-- Up-to-date symlink: /home/tim3145/espers2_ws/install/rplidar_ros/share/rplidar_ros/launch/rplidar_a3_launch.py\n'}
[0.472325] (sllidar_ros2) StdoutLine: {'line': b'-- Up-to-date symlink: /home/tim3145/espers2_ws/install/sllidar_ros2/share/sllidar_ros2/launch/view_sllidar_a3_launch.py\n'}
[0.472574] (rplidar_ros) StdoutLine: {'line': b'-- Up-to-date symlink: /home/tim3145/espers2_ws/install/rplidar_ros/share/rplidar_ros/launch/rplidar_c1_launch.py\n'}
[0.472746] (rplidar_ros) StdoutLine: {'line': b'-- Up-to-date symlink: /home/tim3145/espers2_ws/install/rplidar_ros/share/rplidar_ros/launch/rplidar_s1_launch.py\n'}
[0.472942] (rplidar_ros) StdoutLine: {'line': b'-- Up-to-date symlink: /home/tim3145/espers2_ws/install/rplidar_ros/share/rplidar_ros/launch/rplidar_s1_tcp_launch.py\n'}
[0.473364] (rplidar_ros) StdoutLine: {'line': b'-- Up-to-date symlink: /home/tim3145/espers2_ws/install/rplidar_ros/share/rplidar_ros/launch/rplidar_s2_launch.py\n'}
[0.473622] (rplidar_ros) StdoutLine: {'line': b'-- Up-to-date symlink: /home/tim3145/espers2_ws/install/rplidar_ros/share/rplidar_ros/launch/rplidar_s2e_launch.py\n'}
[0.473869] (rplidar_ros) StdoutLine: {'line': b'-- Up-to-date symlink: /home/tim3145/espers2_ws/install/rplidar_ros/share/rplidar_ros/launch/rplidar_s3_launch.py\n'}
[0.474232] (sllidar_ros2) StdoutLine: {'line': b'-- Up-to-date symlink: /home/tim3145/espers2_ws/install/sllidar_ros2/share/sllidar_ros2/launch/view_sllidar_c1_launch.py\n'}
[0.474501] (sllidar_ros2) StdoutLine: {'line': b'-- Up-to-date symlink: /home/tim3145/espers2_ws/install/sllidar_ros2/share/sllidar_ros2/launch/view_sllidar_s1_launch.py\n'}
[0.474688] (sllidar_ros2) StdoutLine: {'line': b'-- Up-to-date symlink: /home/tim3145/espers2_ws/install/sllidar_ros2/share/sllidar_ros2/launch/view_sllidar_s1_tcp_launch.py\n'}
[0.474904] (sllidar_ros2) StdoutLine: {'line': b'-- Up-to-date symlink: /home/tim3145/espers2_ws/install/sllidar_ros2/share/sllidar_ros2/launch/view_sllidar_s2_launch.py\n'}
[0.475238] (sllidar_ros2) StdoutLine: {'line': b'-- Up-to-date symlink: /home/tim3145/espers2_ws/install/sllidar_ros2/share/sllidar_ros2/launch/view_sllidar_s2e_launch.py\n'}
[0.475421] (sllidar_ros2) StdoutLine: {'line': b'-- Up-to-date symlink: /home/tim3145/espers2_ws/install/sllidar_ros2/share/sllidar_ros2/launch/view_sllidar_s3_launch.py\n'}
[0.475611] (rplidar_ros) StdoutLine: {'line': b'-- Up-to-date symlink: /home/tim3145/espers2_ws/install/rplidar_ros/share/rplidar_ros/launch/rplidar_t1_launch.py\n'}
[0.475951] (sllidar_ros2) StdoutLine: {'line': b'-- Up-to-date symlink: /home/tim3145/espers2_ws/install/sllidar_ros2/share/sllidar_ros2/launch/view_sllidar_t1_launch.py\n'}
[0.476160] (rplidar_ros) StdoutLine: {'line': b'-- Up-to-date symlink: /home/tim3145/espers2_ws/install/rplidar_ros/share/rplidar_ros/launch/view_rplidar_a1_launch.py\n'}
[0.476346] (rplidar_ros) StdoutLine: {'line': b'-- Up-to-date symlink: /home/tim3145/espers2_ws/install/rplidar_ros/share/rplidar_ros/launch/view_rplidar_a2m12_launch.py\n'}
[0.476549] (rplidar_ros) StdoutLine: {'line': b'-- Up-to-date symlink: /home/tim3145/espers2_ws/install/rplidar_ros/share/rplidar_ros/launch/view_rplidar_a2m7_launch.py\n'}
[0.476829] (rplidar_ros) StdoutLine: {'line': b'-- Up-to-date symlink: /home/tim3145/espers2_ws/install/rplidar_ros/share/rplidar_ros/launch/view_rplidar_a2m8_launch.py\n'}
[0.477119] (sllidar_ros2) StdoutLine: {'line': b'-- Up-to-date symlink: /home/tim3145/espers2_ws/install/sllidar_ros2/share/sllidar_ros2/rviz/sllidar_ros2.rviz\n'}
[0.477331] (sllidar_ros2) StdoutLine: {'line': b'-- Up-to-date symlink: /home/tim3145/espers2_ws/install/sllidar_ros2/lib/sllidar_ros2/sllidar_node\n'}
[0.477507] (rplidar_ros) StdoutLine: {'line': b'-- Up-to-date symlink: /home/tim3145/espers2_ws/install/rplidar_ros/share/rplidar_ros/launch/view_rplidar_a3_launch.py\n'}
[0.477706] (rplidar_ros) StdoutLine: {'line': b'-- Up-to-date symlink: /home/tim3145/espers2_ws/install/rplidar_ros/share/rplidar_ros/launch/view_rplidar_c1_launch.py\n'}
[0.477885] (sllidar_ros2) StdoutLine: {'line': b'-- Up-to-date symlink: /home/tim3145/espers2_ws/install/sllidar_ros2/lib/sllidar_ros2/sllidar_client\n'}
[0.478353] (rplidar_ros) StdoutLine: {'line': b'-- Up-to-date symlink: /home/tim3145/espers2_ws/install/rplidar_ros/share/rplidar_ros/launch/view_rplidar_s1_launch.py\n'}
[0.478615] (sllidar_ros2) StdoutLine: {'line': b'-- Up-to-date symlink: /home/tim3145/espers2_ws/install/sllidar_ros2/share/ament_index/resource_index/package_run_dependencies/sllidar_ros2\n'}
[0.478850] (rplidar_ros) StdoutLine: {'line': b'-- Up-to-date symlink: /home/tim3145/espers2_ws/install/rplidar_ros/share/rplidar_ros/launch/view_rplidar_s1_tcp_launch.py\n'}
[0.479085] (rplidar_ros) StdoutLine: {'line': b'-- Up-to-date symlink: /home/tim3145/espers2_ws/install/rplidar_ros/share/rplidar_ros/launch/view_rplidar_s2_launch.py\n'}
[0.479240] (rplidar_ros) StdoutLine: {'line': b'-- Up-to-date symlink: /home/tim3145/espers2_ws/install/rplidar_ros/share/rplidar_ros/launch/view_rplidar_s2e_launch.py\n'}
[0.479426] (rplidar_ros) StdoutLine: {'line': b'-- Up-to-date symlink: /home/tim3145/espers2_ws/install/rplidar_ros/share/rplidar_ros/launch/view_rplidar_s3_launch.py\n'}
[0.479604] (sllidar_ros2) StdoutLine: {'line': b'-- Up-to-date symlink: /home/tim3145/espers2_ws/install/sllidar_ros2/share/ament_index/resource_index/parent_prefix_path/sllidar_ros2\n'}
[0.479905] (sllidar_ros2) StdoutLine: {'line': b'-- Up-to-date symlink: /home/tim3145/espers2_ws/install/sllidar_ros2/share/sllidar_ros2/environment/ament_prefix_path.sh\n'}
[0.480083] (rplidar_ros) StdoutLine: {'line': b'-- Up-to-date symlink: /home/tim3145/espers2_ws/install/rplidar_ros/share/rplidar_ros/launch/view_rplidar_t1_launch.py\n'}
[0.480243] (rplidar_ros) StdoutLine: {'line': b'-- Up-to-date symlink: /home/tim3145/espers2_ws/install/rplidar_ros/share/rplidar_ros/rviz/rplidar_ros.rviz\n'}
[0.480423] (sllidar_ros2) StdoutLine: {'line': b'-- Up-to-date symlink: /home/tim3145/espers2_ws/install/sllidar_ros2/share/sllidar_ros2/environment/ament_prefix_path.dsv\n'}
[0.480599] (sllidar_ros2) StdoutLine: {'line': b'-- Up-to-date symlink: /home/tim3145/espers2_ws/install/sllidar_ros2/share/sllidar_ros2/environment/path.sh\n'}
[0.480774] (rplidar_ros) StdoutLine: {'line': b'-- Up-to-date symlink: /home/tim3145/espers2_ws/install/rplidar_ros/lib/rplidar_ros/rplidar_node\n'}
[0.481023] (sllidar_ros2) StdoutLine: {'line': b'-- Up-to-date symlink: /home/tim3145/espers2_ws/install/sllidar_ros2/share/sllidar_ros2/environment/path.dsv\n'}
[0.481186] (sllidar_ros2) StdoutLine: {'line': b'-- Up-to-date symlink: /home/tim3145/espers2_ws/install/sllidar_ros2/share/sllidar_ros2/local_setup.bash\n'}
[0.481368] (rplidar_ros) StdoutLine: {'line': b'-- Up-to-date symlink: /home/tim3145/espers2_ws/install/rplidar_ros/lib/rplidar_ros/rplidar_composition\n'}
[0.481581] (sllidar_ros2) StdoutLine: {'line': b'-- Up-to-date symlink: /home/tim3145/espers2_ws/install/sllidar_ros2/share/sllidar_ros2/local_setup.sh\n'}
[0.481729] (sllidar_ros2) StdoutLine: {'line': b'-- Up-to-date symlink: /home/tim3145/espers2_ws/install/sllidar_ros2/share/sllidar_ros2/local_setup.zsh\n'}
[0.481948] (sllidar_ros2) StdoutLine: {'line': b'-- Up-to-date symlink: /home/tim3145/espers2_ws/install/sllidar_ros2/share/sllidar_ros2/local_setup.dsv\n'}
[0.482104] (rplidar_ros) StdoutLine: {'line': b'-- Up-to-date symlink: /home/tim3145/espers2_ws/install/rplidar_ros/lib/rplidar_ros/rplidar_client\n'}
[0.482265] (sllidar_ros2) StdoutLine: {'line': b'-- Symlinking: /home/tim3145/espers2_ws/install/sllidar_ros2/share/sllidar_ros2/package.dsv\n'}
[0.482446] (rplidar_ros) StdoutLine: {'line': b'-- Up-to-date symlink: /home/tim3145/espers2_ws/install/rplidar_ros/share/ament_index/resource_index/package_run_dependencies/rplidar_ros\n'}
[0.482625] (rplidar_ros) StdoutLine: {'line': b'-- Up-to-date symlink: /home/tim3145/espers2_ws/install/rplidar_ros/share/ament_index/resource_index/parent_prefix_path/rplidar_ros\n'}
[0.482800] (rplidar_ros) StdoutLine: {'line': b'-- Up-to-date symlink: /home/tim3145/espers2_ws/install/rplidar_ros/share/rplidar_ros/environment/ament_prefix_path.sh\n'}
[0.483054] (rplidar_ros) StdoutLine: {'line': b'-- Up-to-date symlink: /home/tim3145/espers2_ws/install/rplidar_ros/share/rplidar_ros/environment/ament_prefix_path.dsv\n'}
[0.483261] (rplidar_ros) StdoutLine: {'line': b'-- Up-to-date symlink: /home/tim3145/espers2_ws/install/rplidar_ros/share/rplidar_ros/environment/path.sh\n'}
[0.483462] (rplidar_ros) StdoutLine: {'line': b'-- Up-to-date symlink: /home/tim3145/espers2_ws/install/rplidar_ros/share/rplidar_ros/environment/path.dsv\n'}
[0.483684] (rplidar_ros) StdoutLine: {'line': b'-- Up-to-date symlink: /home/tim3145/espers2_ws/install/rplidar_ros/share/rplidar_ros/local_setup.bash\n'}
[0.483883] (rplidar_ros) StdoutLine: {'line': b'-- Up-to-date symlink: /home/tim3145/espers2_ws/install/rplidar_ros/share/rplidar_ros/local_setup.sh\n'}
[0.484115] (rplidar_ros) StdoutLine: {'line': b'-- Up-to-date symlink: /home/tim3145/espers2_ws/install/rplidar_ros/share/rplidar_ros/local_setup.zsh\n'}
[0.484334] (rplidar_ros) StdoutLine: {'line': b'-- Up-to-date symlink: /home/tim3145/espers2_ws/install/rplidar_ros/share/rplidar_ros/local_setup.dsv\n'}
[0.484546] (rplidar_ros) StdoutLine: {'line': b'-- Symlinking: /home/tim3145/espers2_ws/install/rplidar_ros/share/rplidar_ros/package.dsv\n'}
[0.493167] (sllidar_ros2) StdoutLine: {'line': b'-- Up-to-date symlink: /home/tim3145/espers2_ws/install/sllidar_ros2/share/ament_index/resource_index/packages/sllidar_ros2\n'}
[0.493568] (sllidar_ros2) StdoutLine: {'line': b'-- Up-to-date symlink: /home/tim3145/espers2_ws/install/sllidar_ros2/share/sllidar_ros2/cmake/ament_cmake_export_dependencies-extras.cmake\n'}
[0.494056] (sllidar_ros2) StdoutLine: {'line': b'-- Up-to-date symlink: /home/tim3145/espers2_ws/install/sllidar_ros2/share/sllidar_ros2/cmake/ament_cmake_export_include_directories-extras.cmake\n'}
[0.494497] (sllidar_ros2) StdoutLine: {'line': b'-- Up-to-date symlink: /home/tim3145/espers2_ws/install/sllidar_ros2/share/sllidar_ros2/cmake/sllidar_ros2Config.cmake\n'}
[0.494770] (sllidar_ros2) StdoutLine: {'line': b'-- Up-to-date symlink: /home/tim3145/espers2_ws/install/sllidar_ros2/share/sllidar_ros2/cmake/sllidar_ros2Config-version.cmake\n'}
[0.495223] (sllidar_ros2) StdoutLine: {'line': b'-- Up-to-date symlink: /home/tim3145/espers2_ws/install/sllidar_ros2/share/sllidar_ros2/package.xml\n'}
[0.498083] (rplidar_ros) StdoutLine: {'line': b'-- Up-to-date symlink: /home/tim3145/espers2_ws/install/rplidar_ros/share/ament_index/resource_index/packages/rplidar_ros\n'}
[0.500224] (sllidar_ros2) CommandEnded: {'returncode': 0}
[0.501297] (-) TimerEvent: {}
[0.501526] (rplidar_ros) StdoutLine: {'line': b'-- Up-to-date symlink: /home/tim3145/espers2_ws/install/rplidar_ros/share/rplidar_ros/cmake/ament_cmake_export_dependencies-extras.cmake\n'}
[0.501879] (rplidar_ros) StdoutLine: {'line': b'-- Up-to-date symlink: /home/tim3145/espers2_ws/install/rplidar_ros/share/rplidar_ros/cmake/ament_cmake_export_include_directories-extras.cmake\n'}
[0.502175] (rplidar_ros) StdoutLine: {'line': b'-- Up-to-date symlink: /home/tim3145/espers2_ws/install/rplidar_ros/share/rplidar_ros/cmake/rplidar_rosConfig.cmake\n'}
[0.502342] (rplidar_ros) StdoutLine: {'line': b'-- Up-to-date symlink: /home/tim3145/espers2_ws/install/rplidar_ros/share/rplidar_ros/cmake/rplidar_rosConfig-version.cmake\n'}
[0.502440] (rplidar_ros) StdoutLine: {'line': b'-- Up-to-date symlink: /home/tim3145/espers2_ws/install/rplidar_ros/share/rplidar_ros/package.xml\n'}
[0.512318] (rplidar_ros) CommandEnded: {'returncode': 0}
[0.601417] (-) TimerEvent: {}
[0.625195] (sllidar_ros2) JobEnded: {'identifier': 'sllidar_ros2', 'rc': 0}
[0.640651] (rplidar_ros) JobEnded: {'identifier': 'rplidar_ros', 'rc': 0}
[0.641870] (-) EventReactorShutdown: {}
