-- Install configuration: ""
-- Execute custom install script
-- Up-to-date symlink: /home/tim3145/espers2_ws/install/diffbot_description/share/diffbot_description/launch/localization.launch.py
-- Up-to-date symlink: /home/tim3145/espers2_ws/install/diffbot_description/share/diffbot_description/launch/mapping.launch.py
-- Up-to-date symlink: /home/tim3145/espers2_ws/install/diffbot_description/share/diffbot_description/launch/real_robot_mapping.launch.py
-- Up-to-date symlink: /home/tim3145/espers2_ws/install/diffbot_description/share/diffbot_description/launch/real_robot_navigation.launch.py
-- Up-to-date symlink: /home/tim3145/espers2_ws/install/diffbot_description/share/diffbot_description/urdf/driving_robot.urdf
-- Up-to-date symlink: /home/tim3145/espers2_ws/install/diffbot_description/share/diffbot_description/urdf/driving_robot_play.urdf
-- Up-to-date symlink: /home/tim3145/espers2_ws/install/diffbot_description/share/diffbot_description/rviz/diffbot2.rviz
-- Up-to-date symlink: /home/tim3145/espers2_ws/install/diffbot_description/share/diffbot_description/world/test.world
-- Up-to-date symlink: /home/tim3145/espers2_ws/install/diffbot_description/share/diffbot_description/config/costmap_common.yaml
-- Up-to-date symlink: /home/tim3145/espers2_ws/install/diffbot_description/share/diffbot_description/config/laser_filter.yaml
-- Up-to-date symlink: /home/tim3145/espers2_ws/install/diffbot_description/share/diffbot_description/config/localization_params.yaml
-- Up-to-date symlink: /home/tim3145/espers2_ws/install/diffbot_description/share/diffbot_description/config/map.data
-- Up-to-date symlink: /home/tim3145/espers2_ws/install/diffbot_description/share/diffbot_description/config/map.pgm
-- Up-to-date symlink: /home/tim3145/espers2_ws/install/diffbot_description/share/diffbot_description/config/map.posegraph
-- Up-to-date symlink: /home/tim3145/espers2_ws/install/diffbot_description/share/diffbot_description/config/map.yaml
-- Up-to-date symlink: /home/tim3145/espers2_ws/install/diffbot_description/share/diffbot_description/config/mapp.zip
-- Up-to-date symlink: /home/tim3145/espers2_ws/install/diffbot_description/share/diffbot_description/config/mapping_params.yaml
-- Up-to-date symlink: /home/tim3145/espers2_ws/install/diffbot_description/share/diffbot_description/config/nav2_params.yaml
-- Up-to-date symlink: /home/tim3145/espers2_ws/install/diffbot_description/share/diffbot_description/config/real_robot_mapping_params.yaml
-- Up-to-date symlink: /home/tim3145/espers2_ws/install/diffbot_description/share/diffbot_description/meshes/base_link.stl
-- Up-to-date symlink: /home/tim3145/espers2_ws/install/diffbot_description/share/diffbot_description/meshes/camera.stl
-- Up-to-date symlink: /home/tim3145/espers2_ws/install/diffbot_description/share/diffbot_description/meshes/legacy_from_main_description/FL_direction_1.stl
-- Up-to-date symlink: /home/tim3145/espers2_ws/install/diffbot_description/share/diffbot_description/meshes/legacy_from_main_description/FL_wheel_1.stl
-- Up-to-date symlink: /home/tim3145/espers2_ws/install/diffbot_description/share/diffbot_description/meshes/legacy_from_main_description/FR_direction_1.stl
-- Up-to-date symlink: /home/tim3145/espers2_ws/install/diffbot_description/share/diffbot_description/meshes/legacy_from_main_description/FR_wheel_1.stl
-- Up-to-date symlink: /home/tim3145/espers2_ws/install/diffbot_description/share/diffbot_description/meshes/legacy_from_main_description/RL_wheel_1.stl
-- Up-to-date symlink: /home/tim3145/espers2_ws/install/diffbot_description/share/diffbot_description/meshes/legacy_from_main_description/RR_wheel_1.stl
-- Up-to-date symlink: /home/tim3145/espers2_ws/install/diffbot_description/share/diffbot_description/meshes/legacy_from_main_description/base_link.stl
-- Up-to-date symlink: /home/tim3145/espers2_ws/install/diffbot_description/share/diffbot_description/meshes/legacy_from_main_description/collision_stl_file/FL_direction_2.stl
-- Up-to-date symlink: /home/tim3145/espers2_ws/install/diffbot_description/share/diffbot_description/meshes/legacy_from_main_description/collision_stl_file/FL_wheel_2.stl
-- Up-to-date symlink: /home/tim3145/espers2_ws/install/diffbot_description/share/diffbot_description/meshes/legacy_from_main_description/collision_stl_file/FR_direction_2.stl
-- Up-to-date symlink: /home/tim3145/espers2_ws/install/diffbot_description/share/diffbot_description/meshes/legacy_from_main_description/collision_stl_file/FR_wheel_2.stl
-- Up-to-date symlink: /home/tim3145/espers2_ws/install/diffbot_description/share/diffbot_description/meshes/legacy_from_main_description/collision_stl_file/RL_wheel_2.stl
-- Up-to-date symlink: /home/tim3145/espers2_ws/install/diffbot_description/share/diffbot_description/meshes/legacy_from_main_description/collision_stl_file/RR_wheel_2.stl
-- Up-to-date symlink: /home/tim3145/espers2_ws/install/diffbot_description/share/diffbot_description/meshes/legacy_from_main_description/collision_stl_file/base_link_2.stl
-- Up-to-date symlink: /home/tim3145/espers2_ws/install/diffbot_description/share/diffbot_description/meshes/lidar.stl
-- Up-to-date symlink: /home/tim3145/espers2_ws/install/diffbot_description/share/diffbot_description/meshes/new_wheel_left.stl
-- Up-to-date symlink: /home/tim3145/espers2_ws/install/diffbot_description/share/diffbot_description/meshes/new_wheel_right.stl
-- Up-to-date symlink: /home/tim3145/espers2_ws/install/diffbot_description/share/ament_index/resource_index/package_run_dependencies/diffbot_description
-- Up-to-date symlink: /home/tim3145/espers2_ws/install/diffbot_description/share/ament_index/resource_index/parent_prefix_path/diffbot_description
-- Up-to-date symlink: /home/tim3145/espers2_ws/install/diffbot_description/share/diffbot_description/environment/ament_prefix_path.sh
-- Up-to-date symlink: /home/tim3145/espers2_ws/install/diffbot_description/share/diffbot_description/environment/ament_prefix_path.dsv
-- Up-to-date symlink: /home/tim3145/espers2_ws/install/diffbot_description/share/diffbot_description/environment/path.sh
-- Up-to-date symlink: /home/tim3145/espers2_ws/install/diffbot_description/share/diffbot_description/environment/path.dsv
-- Up-to-date symlink: /home/tim3145/espers2_ws/install/diffbot_description/share/diffbot_description/local_setup.bash
-- Up-to-date symlink: /home/tim3145/espers2_ws/install/diffbot_description/share/diffbot_description/local_setup.sh
-- Up-to-date symlink: /home/tim3145/espers2_ws/install/diffbot_description/share/diffbot_description/local_setup.zsh
-- Up-to-date symlink: /home/tim3145/espers2_ws/install/diffbot_description/share/diffbot_description/local_setup.dsv
-- Symlinking: /home/tim3145/espers2_ws/install/diffbot_description/share/diffbot_description/package.dsv
-- Up-to-date symlink: /home/tim3145/espers2_ws/install/diffbot_description/share/ament_index/resource_index/packages/diffbot_description
-- Up-to-date symlink: /home/tim3145/espers2_ws/install/diffbot_description/share/diffbot_description/cmake/diffbot_descriptionConfig.cmake
-- Up-to-date symlink: /home/tim3145/espers2_ws/install/diffbot_description/share/diffbot_description/cmake/diffbot_descriptionConfig-version.cmake
-- Up-to-date symlink: /home/tim3145/espers2_ws/install/diffbot_description/share/diffbot_description/package.xml
-- Up-to-date symlink: /home/tim3145/espers2_ws/install/diffbot_description/share/diffbot_description/meshes/base_link.stl
-- Up-to-date symlink: /home/tim3145/espers2_ws/install/diffbot_description/share/diffbot_description/meshes/camera.stl
-- Up-to-date symlink: /home/tim3145/espers2_ws/install/diffbot_description/share/diffbot_description/meshes/legacy_from_main_description/FL_direction_1.stl
-- Up-to-date symlink: /home/tim3145/espers2_ws/install/diffbot_description/share/diffbot_description/meshes/legacy_from_main_description/FL_wheel_1.stl
-- Up-to-date symlink: /home/tim3145/espers2_ws/install/diffbot_description/share/diffbot_description/meshes/legacy_from_main_description/FR_direction_1.stl
-- Up-to-date symlink: /home/tim3145/espers2_ws/install/diffbot_description/share/diffbot_description/meshes/legacy_from_main_description/FR_wheel_1.stl
-- Up-to-date symlink: /home/tim3145/espers2_ws/install/diffbot_description/share/diffbot_description/meshes/legacy_from_main_description/RL_wheel_1.stl
-- Up-to-date symlink: /home/tim3145/espers2_ws/install/diffbot_description/share/diffbot_description/meshes/legacy_from_main_description/RR_wheel_1.stl
-- Up-to-date symlink: /home/tim3145/espers2_ws/install/diffbot_description/share/diffbot_description/meshes/legacy_from_main_description/base_link.stl
-- Up-to-date symlink: /home/tim3145/espers2_ws/install/diffbot_description/share/diffbot_description/meshes/legacy_from_main_description/collision_stl_file/FL_direction_2.stl
-- Up-to-date symlink: /home/tim3145/espers2_ws/install/diffbot_description/share/diffbot_description/meshes/legacy_from_main_description/collision_stl_file/FL_wheel_2.stl
-- Up-to-date symlink: /home/tim3145/espers2_ws/install/diffbot_description/share/diffbot_description/meshes/legacy_from_main_description/collision_stl_file/FR_direction_2.stl
-- Up-to-date symlink: /home/tim3145/espers2_ws/install/diffbot_description/share/diffbot_description/meshes/legacy_from_main_description/collision_stl_file/FR_wheel_2.stl
-- Up-to-date symlink: /home/tim3145/espers2_ws/install/diffbot_description/share/diffbot_description/meshes/legacy_from_main_description/collision_stl_file/RL_wheel_2.stl
-- Up-to-date symlink: /home/tim3145/espers2_ws/install/diffbot_description/share/diffbot_description/meshes/legacy_from_main_description/collision_stl_file/RR_wheel_2.stl
-- Up-to-date symlink: /home/tim3145/espers2_ws/install/diffbot_description/share/diffbot_description/meshes/legacy_from_main_description/collision_stl_file/base_link_2.stl
-- Up-to-date symlink: /home/tim3145/espers2_ws/install/diffbot_description/share/diffbot_description/meshes/lidar.stl
-- Up-to-date symlink: /home/tim3145/espers2_ws/install/diffbot_description/share/diffbot_description/meshes/new_wheel_left.stl
-- Up-to-date symlink: /home/tim3145/espers2_ws/install/diffbot_description/share/diffbot_description/meshes/new_wheel_right.stl
