[0.042s] Invoking command in '/home/tim3145/espers2_ws/build/sllidar_ros2': CMAKE_PREFIX_PATH=/home/tim3145/espers2_ws/install/sllidar_ros2:/home/tim3145/espers2_ws/install/rplidar_ros:/home/tim3145/espers2_ws/install/diffbot_description:/opt/ros/humble:/home/tim3145/espers2_ws/install/arduino_bridge /usr/bin/cmake --build /home/tim3145/espers2_ws/build/sllidar_ros2 -- -j4 -l4
[0.227s] [ 10%] Built target sllidar_client
[0.239s] [100%] Built target sllidar_node
[0.276s] Invoked command in '/home/tim3145/espers2_ws/build/sllidar_ros2' returned '0': CMAKE_PREFIX_PATH=/home/tim3145/espers2_ws/install/sllidar_ros2:/home/tim3145/espers2_ws/install/rplidar_ros:/home/tim3145/espers2_ws/install/diffbot_description:/opt/ros/humble:/home/tim3145/espers2_ws/install/arduino_bridge /usr/bin/cmake --build /home/tim3145/espers2_ws/build/sllidar_ros2 -- -j4 -l4
[0.423s] Invoking command in '/home/tim3145/espers2_ws/build/sllidar_ros2': CMAKE_PREFIX_PATH=/home/tim3145/espers2_ws/install/sllidar_ros2:/home/tim3145/espers2_ws/install/rplidar_ros:/home/tim3145/espers2_ws/install/diffbot_description:/opt/ros/humble:/home/tim3145/espers2_ws/install/arduino_bridge /usr/bin/cmake --install /home/tim3145/espers2_ws/build/sllidar_ros2
[0.434s] -- Install configuration: ""
[0.435s] -- Execute custom install script
[0.436s] -- Up-to-date symlink: /home/tim3145/espers2_ws/install/sllidar_ros2/share/sllidar_ros2/launch/sllidar_a1_launch.py
[0.437s] -- Up-to-date symlink: /home/tim3145/espers2_ws/install/sllidar_ros2/share/sllidar_ros2/launch/sllidar_a2m12_launch .py
[0.437s] -- Up-to-date symlink: /home/tim3145/espers2_ws/install/sllidar_ros2/share/sllidar_ros2/launch/sllidar_a2m7_launch.py
[0.437s] -- Up-to-date symlink: /home/tim3145/espers2_ws/install/sllidar_ros2/share/sllidar_ros2/launch/sllidar_a2m8_launch.py
[0.437s] -- Up-to-date symlink: /home/tim3145/espers2_ws/install/sllidar_ros2/share/sllidar_ros2/launch/sllidar_a3_launch.py
[0.438s] -- Up-to-date symlink: /home/tim3145/espers2_ws/install/sllidar_ros2/share/sllidar_ros2/launch/sllidar_c1_launch.py
[0.438s] -- Up-to-date symlink: /home/tim3145/espers2_ws/install/sllidar_ros2/share/sllidar_ros2/launch/sllidar_s1_launch.py
[0.438s] -- Up-to-date symlink: /home/tim3145/espers2_ws/install/sllidar_ros2/share/sllidar_ros2/launch/sllidar_s1_tcp_launch.py
[0.439s] -- Up-to-date symlink: /home/tim3145/espers2_ws/install/sllidar_ros2/share/sllidar_ros2/launch/sllidar_s2_launch.py
[0.439s] -- Up-to-date symlink: /home/tim3145/espers2_ws/install/sllidar_ros2/share/sllidar_ros2/launch/sllidar_s2e_launch.py
[0.440s] -- Up-to-date symlink: /home/tim3145/espers2_ws/install/sllidar_ros2/share/sllidar_ros2/launch/sllidar_s3_launch.py
[0.440s] -- Up-to-date symlink: /home/tim3145/espers2_ws/install/sllidar_ros2/share/sllidar_ros2/launch/sllidar_t1_launch.py
[0.440s] -- Up-to-date symlink: /home/tim3145/espers2_ws/install/sllidar_ros2/share/sllidar_ros2/launch/view_sllidar_a1_launch.py
[0.440s] -- Up-to-date symlink: /home/tim3145/espers2_ws/install/sllidar_ros2/share/sllidar_ros2/launch/view_sllidar_a2m12_launch.py
[0.441s] -- Up-to-date symlink: /home/tim3145/espers2_ws/install/sllidar_ros2/share/sllidar_ros2/launch/view_sllidar_a2m7_launch.py
[0.441s] -- Up-to-date symlink: /home/tim3145/espers2_ws/install/sllidar_ros2/share/sllidar_ros2/launch/view_sllidar_a2m8_launch.py
[0.441s] -- Up-to-date symlink: /home/tim3145/espers2_ws/install/sllidar_ros2/share/sllidar_ros2/launch/view_sllidar_a3_launch.py
[0.443s] -- Up-to-date symlink: /home/tim3145/espers2_ws/install/sllidar_ros2/share/sllidar_ros2/launch/view_sllidar_c1_launch.py
[0.443s] -- Up-to-date symlink: /home/tim3145/espers2_ws/install/sllidar_ros2/share/sllidar_ros2/launch/view_sllidar_s1_launch.py
[0.443s] -- Up-to-date symlink: /home/tim3145/espers2_ws/install/sllidar_ros2/share/sllidar_ros2/launch/view_sllidar_s1_tcp_launch.py
[0.444s] -- Up-to-date symlink: /home/tim3145/espers2_ws/install/sllidar_ros2/share/sllidar_ros2/launch/view_sllidar_s2_launch.py
[0.446s] -- Up-to-date symlink: /home/tim3145/espers2_ws/install/sllidar_ros2/share/sllidar_ros2/launch/view_sllidar_s2e_launch.py
[0.446s] -- Up-to-date symlink: /home/tim3145/espers2_ws/install/sllidar_ros2/share/sllidar_ros2/launch/view_sllidar_s3_launch.py
[0.446s] -- Up-to-date symlink: /home/tim3145/espers2_ws/install/sllidar_ros2/share/sllidar_ros2/launch/view_sllidar_t1_launch.py
[0.446s] -- Up-to-date symlink: /home/tim3145/espers2_ws/install/sllidar_ros2/share/sllidar_ros2/rviz/sllidar_ros2.rviz
[0.447s] -- Up-to-date symlink: /home/tim3145/espers2_ws/install/sllidar_ros2/lib/sllidar_ros2/sllidar_node
[0.449s] -- Up-to-date symlink: /home/tim3145/espers2_ws/install/sllidar_ros2/lib/sllidar_ros2/sllidar_client
[0.449s] -- Up-to-date symlink: /home/tim3145/espers2_ws/install/sllidar_ros2/share/ament_index/resource_index/package_run_dependencies/sllidar_ros2
[0.449s] -- Up-to-date symlink: /home/tim3145/espers2_ws/install/sllidar_ros2/share/ament_index/resource_index/parent_prefix_path/sllidar_ros2
[0.449s] -- Up-to-date symlink: /home/tim3145/espers2_ws/install/sllidar_ros2/share/sllidar_ros2/environment/ament_prefix_path.sh
[0.450s] -- Up-to-date symlink: /home/tim3145/espers2_ws/install/sllidar_ros2/share/sllidar_ros2/environment/ament_prefix_path.dsv
[0.450s] -- Up-to-date symlink: /home/tim3145/espers2_ws/install/sllidar_ros2/share/sllidar_ros2/environment/path.sh
[0.450s] -- Up-to-date symlink: /home/tim3145/espers2_ws/install/sllidar_ros2/share/sllidar_ros2/environment/path.dsv
[0.450s] -- Up-to-date symlink: /home/tim3145/espers2_ws/install/sllidar_ros2/share/sllidar_ros2/local_setup.bash
[0.451s] -- Up-to-date symlink: /home/tim3145/espers2_ws/install/sllidar_ros2/share/sllidar_ros2/local_setup.sh
[0.451s] -- Up-to-date symlink: /home/tim3145/espers2_ws/install/sllidar_ros2/share/sllidar_ros2/local_setup.zsh
[0.451s] -- Up-to-date symlink: /home/tim3145/espers2_ws/install/sllidar_ros2/share/sllidar_ros2/local_setup.dsv
[0.451s] -- Symlinking: /home/tim3145/espers2_ws/install/sllidar_ros2/share/sllidar_ros2/package.dsv
[0.467s] -- Up-to-date symlink: /home/tim3145/espers2_ws/install/sllidar_ros2/share/ament_index/resource_index/packages/sllidar_ros2
[0.467s] -- Up-to-date symlink: /home/tim3145/espers2_ws/install/sllidar_ros2/share/sllidar_ros2/cmake/ament_cmake_export_dependencies-extras.cmake
[0.467s] -- Up-to-date symlink: /home/tim3145/espers2_ws/install/sllidar_ros2/share/sllidar_ros2/cmake/ament_cmake_export_include_directories-extras.cmake
[0.468s] -- Up-to-date symlink: /home/tim3145/espers2_ws/install/sllidar_ros2/share/sllidar_ros2/cmake/sllidar_ros2Config.cmake
[0.468s] -- Up-to-date symlink: /home/tim3145/espers2_ws/install/sllidar_ros2/share/sllidar_ros2/cmake/sllidar_ros2Config-version.cmake
[0.468s] -- Up-to-date symlink: /home/tim3145/espers2_ws/install/sllidar_ros2/share/sllidar_ros2/package.xml
[0.472s] Invoked command in '/home/tim3145/espers2_ws/build/sllidar_ros2' returned '0': CMAKE_PREFIX_PATH=/home/tim3145/espers2_ws/install/sllidar_ros2:/home/tim3145/espers2_ws/install/rplidar_ros:/home/tim3145/espers2_ws/install/diffbot_description:/opt/ros/humble:/home/tim3145/espers2_ws/install/arduino_bridge /usr/bin/cmake --install /home/tim3145/espers2_ws/build/sllidar_ros2
