[0.010s] Invoking command in '/home/suhyeon/livox_ws/build/livox_sdk2': /usr/bin/cmake /home/suhyeon/livox_ws/Livox-SDK2 -DCMAKE_INSTALL_PREFIX=/home/suhyeon/livox_ws/install/livox_sdk2
[0.023s] -- main project dir: /home/suhyeon/livox_ws/Livox-SDK2
[0.024s] -- main project dir: /home/suhyeon/livox_ws/Livox-SDK2/samples
[0.025s] -- Configuring done
[0.047s] -- Generating done
[0.053s] -- Build files have been written to: /home/suhyeon/livox_ws/build/livox_sdk2
[0.056s] Invoked command in '/home/suhyeon/livox_ws/build/livox_sdk2' returned '0': /usr/bin/cmake /home/suhyeon/livox_ws/Livox-SDK2 -DCMAKE_INSTALL_PREFIX=/home/suhyeon/livox_ws/install/livox_sdk2
[0.059s] Invoking command in '/home/suhyeon/livox_ws/build/livox_sdk2': /usr/bin/cmake --build /home/suhyeon/livox_ws/build/livox_sdk2 -- -j16 -l16
[0.111s] [35m[1mConsolidate compiler generated dependencies of target livox_lidar_sdk_shared[0m
[0.111s] [35m[1mConsolidate compiler generated dependencies of target livox_lidar_sdk_static[0m
[0.148s] [ 83%] Built target livox_lidar_sdk_shared
[0.148s] [ 84%] Built target livox_lidar_sdk_static
[0.161s] [35m[1mConsolidate compiler generated dependencies of target multi_lidars_upgrade[0m
[0.161s] [35m[1mConsolidate compiler generated dependencies of target lidar_cmd_observer[0m
[0.161s] [35m[1mConsolidate compiler generated dependencies of target livox_lidar_quick_start[0m
[0.161s] [35m[1mConsolidate compiler generated dependencies of target debug_point_cloud[0m
[0.161s] [35m[1mConsolidate compiler generated dependencies of target logger[0m
[0.161s] [35m[1mConsolidate compiler generated dependencies of target livox_lidar_rmc_time_sync[0m
[0.177s] [ 95%] Built target lidar_cmd_observer
[0.177s] [ 95%] Built target livox_lidar_rmc_time_sync
[0.177s] [ 95%] Built target debug_point_cloud
[0.177s] [ 95%] Built target logger
[0.178s] [100%] Built target multi_lidars_upgrade
[0.178s] [100%] Built target livox_lidar_quick_start
[0.195s] Invoked command in '/home/suhyeon/livox_ws/build/livox_sdk2' returned '0': /usr/bin/cmake --build /home/suhyeon/livox_ws/build/livox_sdk2 -- -j16 -l16
[0.207s] Invoking command in '/home/suhyeon/livox_ws/build/livox_sdk2': /usr/bin/cmake --install /home/suhyeon/livox_ws/build/livox_sdk2
[0.217s] -- Install configuration: "Release"
[0.217s] -- Up-to-date: /home/suhyeon/livox_ws/install/livox_sdk2/lib/liblivox_lidar_sdk_static.a
[0.217s] -- Up-to-date: /home/suhyeon/livox_ws/install/livox_sdk2/include/livox_lidar_def.h
[0.217s] -- Up-to-date: /home/suhyeon/livox_ws/install/livox_sdk2/include/livox_lidar_api.h
[0.218s] -- Up-to-date: /home/suhyeon/livox_ws/install/livox_sdk2/include/livox_lidar_cfg.h
[0.218s] -- Up-to-date: /home/suhyeon/livox_ws/install/livox_sdk2/lib/liblivox_lidar_sdk_shared.so
[0.221s] Invoked command in '/home/suhyeon/livox_ws/build/livox_sdk2' returned '0': /usr/bin/cmake --install /home/suhyeon/livox_ws/build/livox_sdk2
