[0.041s] Invoking command in '/home/tim3145/espers2_ws/build/sllidar_ros2': CMAKE_PREFIX_PATH=/home/tim3145/espers2_ws/install/sllidar_ros2:/home/tim3145/espers2_ws/install/rplidar_ros:/home/tim3145/espers2_ws/install/diffbot_description:/opt/ros/humble:/home/tim3145/espers2_ws/install/arduino_bridge /usr/bin/cmake --build /home/tim3145/espers2_ws/build/sllidar_ros2 -- -j4 -l4
[0.217s] [ 10%] Built target sllidar_client
[0.259s] [100%] Built target sllidar_node
[0.295s] Invoked command in '/home/tim3145/espers2_ws/build/sllidar_ros2' returned '0': CMAKE_PREFIX_PATH=/home/tim3145/espers2_ws/install/sllidar_ros2:/home/tim3145/espers2_ws/install/rplidar_ros:/home/tim3145/espers2_ws/install/diffbot_description:/opt/ros/humble:/home/tim3145/espers2_ws/install/arduino_bridge /usr/bin/cmake --build /home/tim3145/espers2_ws/build/sllidar_ros2 -- -j4 -l4
[0.537s] Invoking command in '/home/tim3145/espers2_ws/build/sllidar_ros2': CMAKE_PREFIX_PATH=/home/tim3145/espers2_ws/install/sllidar_ros2:/home/tim3145/espers2_ws/install/rplidar_ros:/home/tim3145/espers2_ws/install/diffbot_description:/opt/ros/humble:/home/tim3145/espers2_ws/install/arduino_bridge /usr/bin/cmake --install /home/tim3145/espers2_ws/build/sllidar_ros2
[0.551s] -- Install configuration: ""
[0.552s] -- Execute custom install script
[0.553s] -- Up-to-date symlink: /home/tim3145/espers2_ws/install/sllidar_ros2/share/sllidar_ros2/launch/sllidar_a1_launch.py
[0.553s] -- Up-to-date symlink: /home/tim3145/espers2_ws/install/sllidar_ros2/share/sllidar_ros2/launch/sllidar_a2m12_launch .py
[0.553s] -- Up-to-date symlink: /home/tim3145/espers2_ws/install/sllidar_ros2/share/sllidar_ros2/launch/sllidar_a2m7_launch.py
[0.554s] -- Up-to-date symlink: /home/tim3145/espers2_ws/install/sllidar_ros2/share/sllidar_ros2/launch/sllidar_a2m8_launch.py
[0.554s] -- Up-to-date symlink: /home/tim3145/espers2_ws/install/sllidar_ros2/share/sllidar_ros2/launch/sllidar_a3_launch.py
[0.554s] -- Up-to-date symlink: /home/tim3145/espers2_ws/install/sllidar_ros2/share/sllidar_ros2/launch/sllidar_c1_launch.py
[0.555s] -- Up-to-date symlink: /home/tim3145/espers2_ws/install/sllidar_ros2/share/sllidar_ros2/launch/sllidar_s1_launch.py
[0.555s] -- Up-to-date symlink: /home/tim3145/espers2_ws/install/sllidar_ros2/share/sllidar_ros2/launch/sllidar_s1_tcp_launch.py
[0.555s] -- Up-to-date symlink: /home/tim3145/espers2_ws/install/sllidar_ros2/share/sllidar_ros2/launch/sllidar_s2_launch.py
[0.555s] -- Up-to-date symlink: /home/tim3145/espers2_ws/install/sllidar_ros2/share/sllidar_ros2/launch/sllidar_s2e_launch.py
[0.556s] -- Up-to-date symlink: /home/tim3145/espers2_ws/install/sllidar_ros2/share/sllidar_ros2/launch/sllidar_s3_launch.py
[0.556s] -- Up-to-date symlink: /home/tim3145/espers2_ws/install/sllidar_ros2/share/sllidar_ros2/launch/sllidar_t1_launch.py
[0.556s] -- Up-to-date symlink: /home/tim3145/espers2_ws/install/sllidar_ros2/share/sllidar_ros2/launch/view_sllidar_a1_launch.py
[0.556s] -- Up-to-date symlink: /home/tim3145/espers2_ws/install/sllidar_ros2/share/sllidar_ros2/launch/view_sllidar_a2m12_launch.py
[0.557s] -- Up-to-date symlink: /home/tim3145/espers2_ws/install/sllidar_ros2/share/sllidar_ros2/launch/view_sllidar_a2m7_launch.py
[0.557s] -- Up-to-date symlink: /home/tim3145/espers2_ws/install/sllidar_ros2/share/sllidar_ros2/launch/view_sllidar_a2m8_launch.py
[0.557s] -- Up-to-date symlink: /home/tim3145/espers2_ws/install/sllidar_ros2/share/sllidar_ros2/launch/view_sllidar_a3_launch.py
[0.558s] -- Up-to-date symlink: /home/tim3145/espers2_ws/install/sllidar_ros2/share/sllidar_ros2/launch/view_sllidar_c1_launch.py
[0.558s] -- Up-to-date symlink: /home/tim3145/espers2_ws/install/sllidar_ros2/share/sllidar_ros2/launch/view_sllidar_s1_launch.py
[0.558s] -- Up-to-date symlink: /home/tim3145/espers2_ws/install/sllidar_ros2/share/sllidar_ros2/launch/view_sllidar_s1_tcp_launch.py
[0.559s] -- Up-to-date symlink: /home/tim3145/espers2_ws/install/sllidar_ros2/share/sllidar_ros2/launch/view_sllidar_s2_launch.py
[0.559s] -- Up-to-date symlink: /home/tim3145/espers2_ws/install/sllidar_ros2/share/sllidar_ros2/launch/view_sllidar_s2e_launch.py
[0.559s] -- Up-to-date symlink: /home/tim3145/espers2_ws/install/sllidar_ros2/share/sllidar_ros2/launch/view_sllidar_s3_launch.py
[0.559s] -- Up-to-date symlink: /home/tim3145/espers2_ws/install/sllidar_ros2/share/sllidar_ros2/launch/view_sllidar_t1_launch.py
[0.560s] -- Up-to-date symlink: /home/tim3145/espers2_ws/install/sllidar_ros2/share/sllidar_ros2/rviz/sllidar_ros2.rviz
[0.561s] -- Up-to-date symlink: /home/tim3145/espers2_ws/install/sllidar_ros2/lib/sllidar_ros2/sllidar_node
[0.561s] -- Up-to-date symlink: /home/tim3145/espers2_ws/install/sllidar_ros2/lib/sllidar_ros2/sllidar_client
[0.561s] -- Up-to-date symlink: /home/tim3145/espers2_ws/install/sllidar_ros2/share/ament_index/resource_index/package_run_dependencies/sllidar_ros2
[0.562s] -- Up-to-date symlink: /home/tim3145/espers2_ws/install/sllidar_ros2/share/ament_index/resource_index/parent_prefix_path/sllidar_ros2
[0.562s] -- Up-to-date symlink: /home/tim3145/espers2_ws/install/sllidar_ros2/share/sllidar_ros2/environment/ament_prefix_path.sh
[0.563s] -- Up-to-date symlink: /home/tim3145/espers2_ws/install/sllidar_ros2/share/sllidar_ros2/environment/ament_prefix_path.dsv
[0.563s] -- Up-to-date symlink: /home/tim3145/espers2_ws/install/sllidar_ros2/share/sllidar_ros2/environment/path.sh
[0.564s] -- Up-to-date symlink: /home/tim3145/espers2_ws/install/sllidar_ros2/share/sllidar_ros2/environment/path.dsv
[0.564s] -- Up-to-date symlink: /home/tim3145/espers2_ws/install/sllidar_ros2/share/sllidar_ros2/local_setup.bash
[0.565s] -- Up-to-date symlink: /home/tim3145/espers2_ws/install/sllidar_ros2/share/sllidar_ros2/local_setup.sh
[0.565s] -- Up-to-date symlink: /home/tim3145/espers2_ws/install/sllidar_ros2/share/sllidar_ros2/local_setup.zsh
[0.565s] -- Up-to-date symlink: /home/tim3145/espers2_ws/install/sllidar_ros2/share/sllidar_ros2/local_setup.dsv
[0.566s] -- Symlinking: /home/tim3145/espers2_ws/install/sllidar_ros2/share/sllidar_ros2/package.dsv
[0.580s] -- Up-to-date symlink: /home/tim3145/espers2_ws/install/sllidar_ros2/share/ament_index/resource_index/packages/sllidar_ros2
[0.580s] -- Up-to-date symlink: /home/tim3145/espers2_ws/install/sllidar_ros2/share/sllidar_ros2/cmake/ament_cmake_export_dependencies-extras.cmake
[0.580s] -- Up-to-date symlink: /home/tim3145/espers2_ws/install/sllidar_ros2/share/sllidar_ros2/cmake/ament_cmake_export_include_directories-extras.cmake
[0.581s] -- Up-to-date symlink: /home/tim3145/espers2_ws/install/sllidar_ros2/share/sllidar_ros2/cmake/sllidar_ros2Config.cmake
[0.581s] -- Up-to-date symlink: /home/tim3145/espers2_ws/install/sllidar_ros2/share/sllidar_ros2/cmake/sllidar_ros2Config-version.cmake
[0.581s] -- Up-to-date symlink: /home/tim3145/espers2_ws/install/sllidar_ros2/share/sllidar_ros2/package.xml
[0.585s] Invoked command in '/home/tim3145/espers2_ws/build/sllidar_ros2' returned '0': CMAKE_PREFIX_PATH=/home/tim3145/espers2_ws/install/sllidar_ros2:/home/tim3145/espers2_ws/install/rplidar_ros:/home/tim3145/espers2_ws/install/diffbot_description:/opt/ros/humble:/home/tim3145/espers2_ws/install/arduino_bridge /usr/bin/cmake --install /home/tim3145/espers2_ws/build/sllidar_ros2
