[35m[1mConsolidate compiler generated dependencies of target livox_lidar_sdk_shared[0m
[35m[1mConsolidate compiler generated dependencies of target livox_lidar_sdk_static[0m
[ 42%] Built target livox_lidar_sdk_shared
[ 84%] Built target livox_lidar_sdk_static
[35m[1mConsolidate compiler generated dependencies of target multi_lidars_upgrade[0m
[35m[1mConsolidate compiler generated dependencies of target livox_lidar_quick_start[0m
[35m[1mConsolidate compiler generated dependencies of target lidar_cmd_observer[0m
[35m[1mConsolidate compiler generated dependencies of target livox_lidar_rmc_time_sync[0m
[35m[1mConsolidate compiler generated dependencies of target debug_point_cloud[0m
[35m[1mConsolidate compiler generated dependencies of target logger[0m
[ 86%] Built target multi_lidars_upgrade
[ 89%] Built target lidar_cmd_observer
[ 91%] Built target livox_lidar_quick_start
[ 93%] Built target debug_point_cloud
[ 97%] Built target livox_lidar_rmc_time_sync
[100%] Built target logger
-- Install configuration: "Release"
-- Up-to-date: /home/suhyeon/livox_ws/install/livox_sdk2/lib/liblivox_lidar_sdk_static.a
-- Up-to-date: /home/suhyeon/livox_ws/install/livox_sdk2/include/livox_lidar_def.h
-- Up-to-date: /home/suhyeon/livox_ws/install/livox_sdk2/include/livox_lidar_api.h
-- Up-to-date: /home/suhyeon/livox_ws/install/livox_sdk2/include/livox_lidar_cfg.h
-- Up-to-date: /home/suhyeon/livox_ws/install/livox_sdk2/lib/liblivox_lidar_sdk_shared.so
