[0.010s] Invoking command in '/home/suhyeon/livox_ws/build/livox_sdk2': /usr/bin/cmake --build /home/suhyeon/livox_ws/build/livox_sdk2 -- -j16 -l16
[0.047s] [35m[1mConsolidate compiler generated dependencies of target livox_lidar_sdk_shared[0m
[0.048s] [35m[1mConsolidate compiler generated dependencies of target livox_lidar_sdk_static[0m
[0.080s] [ 42%] Built target livox_lidar_sdk_shared
[0.082s] [ 84%] Built target livox_lidar_sdk_static
[0.091s] [35m[1mConsolidate compiler generated dependencies of target multi_lidars_upgrade[0m
[0.092s] [35m[1mConsolidate compiler generated dependencies of target livox_lidar_quick_start[0m
[0.092s] [35m[1mConsolidate compiler generated dependencies of target lidar_cmd_observer[0m
[0.092s] [35m[1mConsolidate compiler generated dependencies of target livox_lidar_rmc_time_sync[0m
[0.092s] [35m[1mConsolidate compiler generated dependencies of target debug_point_cloud[0m
[0.093s] [35m[1mConsolidate compiler generated dependencies of target logger[0m
[0.103s] [ 86%] Built target multi_lidars_upgrade
[0.104s] [ 89%] Built target lidar_cmd_observer
[0.104s] [ 91%] Built target livox_lidar_quick_start
[0.105s] [ 93%] Built target debug_point_cloud
[0.106s] [ 97%] Built target livox_lidar_rmc_time_sync
[0.107s] [100%] Built target logger
[0.119s] Invoked command in '/home/suhyeon/livox_ws/build/livox_sdk2' returned '0': /usr/bin/cmake --build /home/suhyeon/livox_ws/build/livox_sdk2 -- -j16 -l16
[0.129s] Invoking command in '/home/suhyeon/livox_ws/build/livox_sdk2': /usr/bin/cmake --install /home/suhyeon/livox_ws/build/livox_sdk2
[0.136s] -- Install configuration: "Release"
[0.136s] -- Up-to-date: /home/suhyeon/livox_ws/install/livox_sdk2/lib/liblivox_lidar_sdk_static.a
[0.136s] -- Up-to-date: /home/suhyeon/livox_ws/install/livox_sdk2/include/livox_lidar_def.h
[0.136s] -- Up-to-date: /home/suhyeon/livox_ws/install/livox_sdk2/include/livox_lidar_api.h
[0.136s] -- Up-to-date: /home/suhyeon/livox_ws/install/livox_sdk2/include/livox_lidar_cfg.h
[0.136s] -- Up-to-date: /home/suhyeon/livox_ws/install/livox_sdk2/lib/liblivox_lidar_sdk_shared.so
[0.138s] Invoked command in '/home/suhyeon/livox_ws/build/livox_sdk2' returned '0': /usr/bin/cmake --install /home/suhyeon/livox_ws/build/livox_sdk2
