[0.041s] Invoking command in '/home/tim3145/espers2_ws/build/diffbot_description': CMAKE_PREFIX_PATH=/home/tim3145/espers2_ws/install/sllidar_ros2:/home/tim3145/espers2_ws/install/rplidar_ros:/home/tim3145/espers2_ws/install/diffbot_description:/opt/ros/humble:/home/tim3145/espers2_ws/install/arduino_bridge /usr/bin/cmake --build /home/tim3145/espers2_ws/build/diffbot_description -- -j4 -l4
[0.156s] Invoked command in '/home/tim3145/espers2_ws/build/diffbot_description' returned '0': CMAKE_PREFIX_PATH=/home/tim3145/espers2_ws/install/sllidar_ros2:/home/tim3145/espers2_ws/install/rplidar_ros:/home/tim3145/espers2_ws/install/diffbot_description:/opt/ros/humble:/home/tim3145/espers2_ws/install/arduino_bridge /usr/bin/cmake --build /home/tim3145/espers2_ws/build/diffbot_description -- -j4 -l4
[0.278s] Invoking command in '/home/tim3145/espers2_ws/build/diffbot_description': CMAKE_PREFIX_PATH=/home/tim3145/espers2_ws/install/sllidar_ros2:/home/tim3145/espers2_ws/install/rplidar_ros:/home/tim3145/espers2_ws/install/diffbot_description:/opt/ros/humble:/home/tim3145/espers2_ws/install/arduino_bridge /usr/bin/cmake --install /home/tim3145/espers2_ws/build/diffbot_description
[0.303s] -- Install configuration: ""
[0.305s] -- Execute custom install script
[0.305s] -- Up-to-date symlink: /home/tim3145/espers2_ws/install/diffbot_description/share/diffbot_description/launch/localization.launch.py
[0.306s] -- Up-to-date symlink: /home/tim3145/espers2_ws/install/diffbot_description/share/diffbot_description/launch/mapping.launch.py
[0.306s] -- Up-to-date symlink: /home/tim3145/espers2_ws/install/diffbot_description/share/diffbot_description/launch/real_robot_mapping.launch.py
[0.306s] -- Up-to-date symlink: /home/tim3145/espers2_ws/install/diffbot_description/share/diffbot_description/launch/real_robot_navigation.launch.py
[0.306s] -- Up-to-date symlink: /home/tim3145/espers2_ws/install/diffbot_description/share/diffbot_description/urdf/driving_robot.urdf
[0.306s] -- Up-to-date symlink: /home/tim3145/espers2_ws/install/diffbot_description/share/diffbot_description/urdf/driving_robot_play.urdf
[0.307s] -- Up-to-date symlink: /home/tim3145/espers2_ws/install/diffbot_description/share/diffbot_description/rviz/diffbot2.rviz
[0.308s] -- Up-to-date symlink: /home/tim3145/espers2_ws/install/diffbot_description/share/diffbot_description/world/test.world
[0.308s] -- Up-to-date symlink: /home/tim3145/espers2_ws/install/diffbot_description/share/diffbot_description/config/costmap_common.yaml
[0.309s] -- Up-to-date symlink: /home/tim3145/espers2_ws/install/diffbot_description/share/diffbot_description/config/laser_filter.yaml
[0.309s] -- Up-to-date symlink: /home/tim3145/espers2_ws/install/diffbot_description/share/diffbot_description/config/localization_params.yaml
[0.309s] -- Up-to-date symlink: /home/tim3145/espers2_ws/install/diffbot_description/share/diffbot_description/config/map.data
[0.309s] -- Up-to-date symlink: /home/tim3145/espers2_ws/install/diffbot_description/share/diffbot_description/config/map.pgm
[0.310s] -- Up-to-date symlink: /home/tim3145/espers2_ws/install/diffbot_description/share/diffbot_description/config/map.posegraph
[0.310s] -- Up-to-date symlink: /home/tim3145/espers2_ws/install/diffbot_description/share/diffbot_description/config/map.yaml
[0.310s] -- Up-to-date symlink: /home/tim3145/espers2_ws/install/diffbot_description/share/diffbot_description/config/mapp.zip
[0.310s] -- Up-to-date symlink: /home/tim3145/espers2_ws/install/diffbot_description/share/diffbot_description/config/mapping_params.yaml
[0.310s] -- Up-to-date symlink: /home/tim3145/espers2_ws/install/diffbot_description/share/diffbot_description/config/nav2_params.yaml
[0.311s] -- Up-to-date symlink: /home/tim3145/espers2_ws/install/diffbot_description/share/diffbot_description/config/real_robot_mapping_params.yaml
[0.311s] -- Up-to-date symlink: /home/tim3145/espers2_ws/install/diffbot_description/share/diffbot_description/meshes/base_link.stl
[0.311s] -- Up-to-date symlink: /home/tim3145/espers2_ws/install/diffbot_description/share/diffbot_description/meshes/camera.stl
[0.311s] -- Up-to-date symlink: /home/tim3145/espers2_ws/install/diffbot_description/share/diffbot_description/meshes/legacy_from_main_description/FL_direction_1.stl
[0.311s] -- Up-to-date symlink: /home/tim3145/espers2_ws/install/diffbot_description/share/diffbot_description/meshes/legacy_from_main_description/FL_wheel_1.stl
[0.316s] -- Up-to-date symlink: /home/tim3145/espers2_ws/install/diffbot_description/share/diffbot_description/meshes/legacy_from_main_description/FR_direction_1.stl
[0.316s] -- Up-to-date symlink: /home/tim3145/espers2_ws/install/diffbot_description/share/diffbot_description/meshes/legacy_from_main_description/FR_wheel_1.stl
[0.316s] -- Up-to-date symlink: /home/tim3145/espers2_ws/install/diffbot_description/share/diffbot_description/meshes/legacy_from_main_description/RL_wheel_1.stl
[0.316s] -- Up-to-date symlink: /home/tim3145/espers2_ws/install/diffbot_description/share/diffbot_description/meshes/legacy_from_main_description/RR_wheel_1.stl
[0.317s] -- Up-to-date symlink: /home/tim3145/espers2_ws/install/diffbot_description/share/diffbot_description/meshes/legacy_from_main_description/base_link.stl
[0.317s] -- Up-to-date symlink: /home/tim3145/espers2_ws/install/diffbot_description/share/diffbot_description/meshes/legacy_from_main_description/collision_stl_file/FL_direction_2.stl
[0.317s] -- Up-to-date symlink: /home/tim3145/espers2_ws/install/diffbot_description/share/diffbot_description/meshes/legacy_from_main_description/collision_stl_file/FL_wheel_2.stl
[0.317s] -- Up-to-date symlink: /home/tim3145/espers2_ws/install/diffbot_description/share/diffbot_description/meshes/legacy_from_main_description/collision_stl_file/FR_direction_2.stl
[0.317s] -- Up-to-date symlink: /home/tim3145/espers2_ws/install/diffbot_description/share/diffbot_description/meshes/legacy_from_main_description/collision_stl_file/FR_wheel_2.stl
[0.318s] -- Up-to-date symlink: /home/tim3145/espers2_ws/install/diffbot_description/share/diffbot_description/meshes/legacy_from_main_description/collision_stl_file/RL_wheel_2.stl
[0.318s] -- Up-to-date symlink: /home/tim3145/espers2_ws/install/diffbot_description/share/diffbot_description/meshes/legacy_from_main_description/collision_stl_file/RR_wheel_2.stl
[0.318s] -- Up-to-date symlink: /home/tim3145/espers2_ws/install/diffbot_description/share/diffbot_description/meshes/legacy_from_main_description/collision_stl_file/base_link_2.stl
[0.318s] -- Up-to-date symlink: /home/tim3145/espers2_ws/install/diffbot_description/share/diffbot_description/meshes/lidar.stl
[0.319s] -- Up-to-date symlink: /home/tim3145/espers2_ws/install/diffbot_description/share/diffbot_description/meshes/new_wheel_left.stl
[0.319s] -- Up-to-date symlink: /home/tim3145/espers2_ws/install/diffbot_description/share/diffbot_description/meshes/new_wheel_right.stl
[0.319s] -- Up-to-date symlink: /home/tim3145/espers2_ws/install/diffbot_description/share/ament_index/resource_index/package_run_dependencies/diffbot_description
[0.320s] -- Up-to-date symlink: /home/tim3145/espers2_ws/install/diffbot_description/share/ament_index/resource_index/parent_prefix_path/diffbot_description
[0.320s] -- Up-to-date symlink: /home/tim3145/espers2_ws/install/diffbot_description/share/diffbot_description/environment/ament_prefix_path.sh
[0.320s] -- Up-to-date symlink: /home/tim3145/espers2_ws/install/diffbot_description/share/diffbot_description/environment/ament_prefix_path.dsv
[0.320s] -- Up-to-date symlink: /home/tim3145/espers2_ws/install/diffbot_description/share/diffbot_description/environment/path.sh
[0.320s] -- Up-to-date symlink: /home/tim3145/espers2_ws/install/diffbot_description/share/diffbot_description/environment/path.dsv
[0.321s] -- Up-to-date symlink: /home/tim3145/espers2_ws/install/diffbot_description/share/diffbot_description/local_setup.bash
[0.321s] -- Up-to-date symlink: /home/tim3145/espers2_ws/install/diffbot_description/share/diffbot_description/local_setup.sh
[0.321s] -- Up-to-date symlink: /home/tim3145/espers2_ws/install/diffbot_description/share/diffbot_description/local_setup.zsh
[0.321s] -- Up-to-date symlink: /home/tim3145/espers2_ws/install/diffbot_description/share/diffbot_description/local_setup.dsv
[0.322s] -- Symlinking: /home/tim3145/espers2_ws/install/diffbot_description/share/diffbot_description/package.dsv
[0.338s] -- Up-to-date symlink: /home/tim3145/espers2_ws/install/diffbot_description/share/ament_index/resource_index/packages/diffbot_description
[0.338s] -- Up-to-date symlink: /home/tim3145/espers2_ws/install/diffbot_description/share/diffbot_description/cmake/diffbot_descriptionConfig.cmake
[0.339s] -- Up-to-date symlink: /home/tim3145/espers2_ws/install/diffbot_description/share/diffbot_description/cmake/diffbot_descriptionConfig-version.cmake
[0.340s] -- Up-to-date symlink: /home/tim3145/espers2_ws/install/diffbot_description/share/diffbot_description/package.xml
[0.342s] -- Up-to-date symlink: /home/tim3145/espers2_ws/install/diffbot_description/share/diffbot_description/meshes/base_link.stl
[0.342s] -- Up-to-date symlink: /home/tim3145/espers2_ws/install/diffbot_description/share/diffbot_description/meshes/camera.stl
[0.343s] -- Up-to-date symlink: /home/tim3145/espers2_ws/install/diffbot_description/share/diffbot_description/meshes/legacy_from_main_description/FL_direction_1.stl
[0.343s] -- Up-to-date symlink: /home/tim3145/espers2_ws/install/diffbot_description/share/diffbot_description/meshes/legacy_from_main_description/FL_wheel_1.stl
[0.343s] -- Up-to-date symlink: /home/tim3145/espers2_ws/install/diffbot_description/share/diffbot_description/meshes/legacy_from_main_description/FR_direction_1.stl
[0.344s] -- Up-to-date symlink: /home/tim3145/espers2_ws/install/diffbot_description/share/diffbot_description/meshes/legacy_from_main_description/FR_wheel_1.stl
[0.344s] -- Up-to-date symlink: /home/tim3145/espers2_ws/install/diffbot_description/share/diffbot_description/meshes/legacy_from_main_description/RL_wheel_1.stl
[0.345s] -- Up-to-date symlink: /home/tim3145/espers2_ws/install/diffbot_description/share/diffbot_description/meshes/legacy_from_main_description/RR_wheel_1.stl
[0.345s] -- Up-to-date symlink: /home/tim3145/espers2_ws/install/diffbot_description/share/diffbot_description/meshes/legacy_from_main_description/base_link.stl
[0.346s] -- Up-to-date symlink: /home/tim3145/espers2_ws/install/diffbot_description/share/diffbot_description/meshes/legacy_from_main_description/collision_stl_file/FL_direction_2.stl
[0.346s] -- Up-to-date symlink: /home/tim3145/espers2_ws/install/diffbot_description/share/diffbot_description/meshes/legacy_from_main_description/collision_stl_file/FL_wheel_2.stl
[0.347s] -- Up-to-date symlink: /home/tim3145/espers2_ws/install/diffbot_description/share/diffbot_description/meshes/legacy_from_main_description/collision_stl_file/FR_direction_2.stl
[0.347s] -- Up-to-date symlink: /home/tim3145/espers2_ws/install/diffbot_description/share/diffbot_description/meshes/legacy_from_main_description/collision_stl_file/FR_wheel_2.stl
[0.348s] -- Up-to-date symlink: /home/tim3145/espers2_ws/install/diffbot_description/share/diffbot_description/meshes/legacy_from_main_description/collision_stl_file/RL_wheel_2.stl
[0.351s] -- Up-to-date symlink: /home/tim3145/espers2_ws/install/diffbot_description/share/diffbot_description/meshes/legacy_from_main_description/collision_stl_file/RR_wheel_2.stl
[0.351s] -- Up-to-date symlink: /home/tim3145/espers2_ws/install/diffbot_description/share/diffbot_description/meshes/legacy_from_main_description/collision_stl_file/base_link_2.stl
[0.352s] -- Up-to-date symlink: /home/tim3145/espers2_ws/install/diffbot_description/share/diffbot_description/meshes/lidar.stl
[0.352s] -- Up-to-date symlink: /home/tim3145/espers2_ws/install/diffbot_description/share/diffbot_description/meshes/new_wheel_left.stl
[0.352s] -- Up-to-date symlink: /home/tim3145/espers2_ws/install/diffbot_description/share/diffbot_description/meshes/new_wheel_right.stl
[0.391s] Invoked command in '/home/tim3145/espers2_ws/build/diffbot_description' returned '0': CMAKE_PREFIX_PATH=/home/tim3145/espers2_ws/install/sllidar_ros2:/home/tim3145/espers2_ws/install/rplidar_ros:/home/tim3145/espers2_ws/install/diffbot_description:/opt/ros/humble:/home/tim3145/espers2_ws/install/arduino_bridge /usr/bin/cmake --install /home/tim3145/espers2_ws/build/diffbot_description
