[0.039s] Invoking command in '/home/tim3145/espers2_ws/build/arduino_bridge': /usr/bin/cmake /home/tim3145/espers2_ws/src/arduino_bridge -DCATKIN_INSTALL_INTO_PREFIX_ROOT=0 -DCATKIN_SYMLINK_INSTALL=ON -DCMAKE_INSTALL_PREFIX=/home/tim3145/espers2_ws/install/arduino_bridge
[0.177s] -- The C compiler identification is GNU 11.4.0
[0.324s] -- The CXX compiler identification is GNU 11.4.0
[0.342s] -- Detecting C compiler ABI info
[0.512s] -- Detecting C compiler ABI info - done
[0.536s] -- Check for working C compiler: /usr/bin/cc - skipped
[0.537s] -- Detecting C compile features
[0.539s] -- Detecting C compile features - done
[0.548s] -- Detecting CXX compiler ABI info
[0.750s] -- Detecting CXX compiler ABI info - done
[0.779s] -- Check for working CXX compiler: /usr/bin/c++ - skipped
[0.780s] -- Detecting CXX compile features
[0.784s] -- Detecting CXX compile features - done
[0.789s] -- Found ament_cmake: 1.3.10 (/opt/ros/humble/share/ament_cmake/cmake)
[1.188s] -- Found Python3: /usr/bin/python3 (found version "3.10.12") found components: Interpreter 
[1.603s] -- Configuring done
[1.608s] -- Generating done
[1.611s] [33mCMake Warning:
[1.611s]   Manually-specified variables were not used by the project:
[1.611s] 
[1.611s]     CATKIN_INSTALL_INTO_PREFIX_ROOT
[1.613s]     CATKIN_SYMLINK_INSTALL
[1.614s] 
[1.614s] [0m
[1.614s] -- Build files have been written to: /home/tim3145/espers2_ws/build/arduino_bridge
[1.624s] Invoked command in '/home/tim3145/espers2_ws/build/arduino_bridge' returned '0': /usr/bin/cmake /home/tim3145/espers2_ws/src/arduino_bridge -DCATKIN_INSTALL_INTO_PREFIX_ROOT=0 -DCATKIN_SYMLINK_INSTALL=ON -DCMAKE_INSTALL_PREFIX=/home/tim3145/espers2_ws/install/arduino_bridge
[1.629s] Invoking command in '/home/tim3145/espers2_ws/build/arduino_bridge': /usr/bin/cmake --build /home/tim3145/espers2_ws/build/arduino_bridge -- -j4 -l4
[1.713s] Invoked command in '/home/tim3145/espers2_ws/build/arduino_bridge' returned '0': /usr/bin/cmake --build /home/tim3145/espers2_ws/build/arduino_bridge -- -j4 -l4
[1.847s] Invoking command in '/home/tim3145/espers2_ws/build/arduino_bridge': /usr/bin/cmake --install /home/tim3145/espers2_ws/build/arduino_bridge
[1.867s] -- Install configuration: ""
[1.868s] -- Installing: /home/tim3145/espers2_ws/install/arduino_bridge/lib/arduino_bridge/arduino_bridge.py
[1.869s] -- Installing: /home/tim3145/espers2_ws/install/arduino_bridge/share/ament_index/resource_index/package_run_dependencies/arduino_bridge
[1.869s] -- Installing: /home/tim3145/espers2_ws/install/arduino_bridge/share/ament_index/resource_index/parent_prefix_path/arduino_bridge
[1.870s] -- Installing: /home/tim3145/espers2_ws/install/arduino_bridge/share/arduino_bridge/environment/ament_prefix_path.sh
[1.871s] -- Installing: /home/tim3145/espers2_ws/install/arduino_bridge/share/arduino_bridge/environment/ament_prefix_path.dsv
[1.872s] -- Installing: /home/tim3145/espers2_ws/install/arduino_bridge/share/arduino_bridge/environment/path.sh
[1.873s] -- Installing: /home/tim3145/espers2_ws/install/arduino_bridge/share/arduino_bridge/environment/path.dsv
[1.874s] -- Installing: /home/tim3145/espers2_ws/install/arduino_bridge/share/arduino_bridge/local_setup.bash
[1.875s] -- Installing: /home/tim3145/espers2_ws/install/arduino_bridge/share/arduino_bridge/local_setup.sh
[1.875s] -- Installing: /home/tim3145/espers2_ws/install/arduino_bridge/share/arduino_bridge/local_setup.zsh
[1.876s] -- Installing: /home/tim3145/espers2_ws/install/arduino_bridge/share/arduino_bridge/local_setup.dsv
[1.877s] -- Installing: /home/tim3145/espers2_ws/install/arduino_bridge/share/arduino_bridge/package.dsv
[1.877s] -- Installing: /home/tim3145/espers2_ws/install/arduino_bridge/share/ament_index/resource_index/packages/arduino_bridge
[1.878s] -- Installing: /home/tim3145/espers2_ws/install/arduino_bridge/share/arduino_bridge/cmake/arduino_bridgeConfig.cmake
[1.879s] -- Installing: /home/tim3145/espers2_ws/install/arduino_bridge/share/arduino_bridge/cmake/arduino_bridgeConfig-version.cmake
[1.879s] -- Installing: /home/tim3145/espers2_ws/install/arduino_bridge/share/arduino_bridge/package.xml
[1.883s] Invoked command in '/home/tim3145/espers2_ws/build/arduino_bridge' returned '0': /usr/bin/cmake --install /home/tim3145/espers2_ws/build/arduino_bridge
