[0.041s] Invoking command in '/home/tim3145/espers2_ws/build/rplidar_ros': CMAKE_PREFIX_PATH=/home/tim3145/espers2_ws/install/sllidar_ros2:/home/tim3145/espers2_ws/install/rplidar_ros:/home/tim3145/espers2_ws/install/diffbot_description:/opt/ros/humble:/home/tim3145/espers2_ws/install/arduino_bridge /usr/bin/cmake --build /home/tim3145/espers2_ws/build/rplidar_ros -- -j4 -l4
[0.158s] [35m[1mConsolidate compiler generated dependencies of target rplidar_node[0m
[0.158s] [35m[1mConsolidate compiler generated dependencies of target rplidar_client[0m
[0.166s] [35m[1mConsolidate compiler generated dependencies of target rplidar_composition[0m
[0.241s] [  5%] Built target rplidar_client
[0.258s] [ 52%] Built target rplidar_node
[0.290s] [100%] Built target rplidar_composition
[0.329s] Invoked command in '/home/tim3145/espers2_ws/build/rplidar_ros' returned '0': CMAKE_PREFIX_PATH=/home/tim3145/espers2_ws/install/sllidar_ros2:/home/tim3145/espers2_ws/install/rplidar_ros:/home/tim3145/espers2_ws/install/diffbot_description:/opt/ros/humble:/home/tim3145/espers2_ws/install/arduino_bridge /usr/bin/cmake --build /home/tim3145/espers2_ws/build/rplidar_ros -- -j4 -l4
[0.473s] Invoking command in '/home/tim3145/espers2_ws/build/rplidar_ros': CMAKE_PREFIX_PATH=/home/tim3145/espers2_ws/install/sllidar_ros2:/home/tim3145/espers2_ws/install/rplidar_ros:/home/tim3145/espers2_ws/install/diffbot_description:/opt/ros/humble:/home/tim3145/espers2_ws/install/arduino_bridge /usr/bin/cmake --install /home/tim3145/espers2_ws/build/rplidar_ros
[0.484s] -- Install configuration: ""
[0.485s] -- Execute custom install script
[0.486s] -- Up-to-date symlink: /home/tim3145/espers2_ws/install/rplidar_ros/share/rplidar_ros/launch/rplidar_a1_launch.py
[0.489s] -- Up-to-date symlink: /home/tim3145/espers2_ws/install/rplidar_ros/share/rplidar_ros/launch/rplidar_a2m12_launch.py
[0.490s] -- Up-to-date symlink: /home/tim3145/espers2_ws/install/rplidar_ros/share/rplidar_ros/launch/rplidar_a2m7_launch.py
[0.490s] -- Up-to-date symlink: /home/tim3145/espers2_ws/install/rplidar_ros/share/rplidar_ros/launch/rplidar_a2m8_launch.py
[0.490s] -- Up-to-date symlink: /home/tim3145/espers2_ws/install/rplidar_ros/share/rplidar_ros/launch/rplidar_a3_launch.py
[0.491s] -- Up-to-date symlink: /home/tim3145/espers2_ws/install/rplidar_ros/share/rplidar_ros/launch/rplidar_c1_launch.py
[0.491s] -- Up-to-date symlink: /home/tim3145/espers2_ws/install/rplidar_ros/share/rplidar_ros/launch/rplidar_s1_launch.py
[0.492s] -- Up-to-date symlink: /home/tim3145/espers2_ws/install/rplidar_ros/share/rplidar_ros/launch/rplidar_s1_tcp_launch.py
[0.492s] -- Up-to-date symlink: /home/tim3145/espers2_ws/install/rplidar_ros/share/rplidar_ros/launch/rplidar_s2_launch.py
[0.492s] -- Up-to-date symlink: /home/tim3145/espers2_ws/install/rplidar_ros/share/rplidar_ros/launch/rplidar_s2e_launch.py
[0.493s] -- Up-to-date symlink: /home/tim3145/espers2_ws/install/rplidar_ros/share/rplidar_ros/launch/rplidar_s3_launch.py
[0.493s] -- Up-to-date symlink: /home/tim3145/espers2_ws/install/rplidar_ros/share/rplidar_ros/launch/rplidar_t1_launch.py
[0.493s] -- Up-to-date symlink: /home/tim3145/espers2_ws/install/rplidar_ros/share/rplidar_ros/launch/view_rplidar_a1_launch.py
[0.493s] -- Up-to-date symlink: /home/tim3145/espers2_ws/install/rplidar_ros/share/rplidar_ros/launch/view_rplidar_a2m12_launch.py
[0.494s] -- Up-to-date symlink: /home/tim3145/espers2_ws/install/rplidar_ros/share/rplidar_ros/launch/view_rplidar_a2m7_launch.py
[0.494s] -- Up-to-date symlink: /home/tim3145/espers2_ws/install/rplidar_ros/share/rplidar_ros/launch/view_rplidar_a2m8_launch.py
[0.494s] -- Up-to-date symlink: /home/tim3145/espers2_ws/install/rplidar_ros/share/rplidar_ros/launch/view_rplidar_a3_launch.py
[0.495s] -- Up-to-date symlink: /home/tim3145/espers2_ws/install/rplidar_ros/share/rplidar_ros/launch/view_rplidar_c1_launch.py
[0.495s] -- Up-to-date symlink: /home/tim3145/espers2_ws/install/rplidar_ros/share/rplidar_ros/launch/view_rplidar_s1_launch.py
[0.495s] -- Up-to-date symlink: /home/tim3145/espers2_ws/install/rplidar_ros/share/rplidar_ros/launch/view_rplidar_s1_tcp_launch.py
[0.495s] -- Up-to-date symlink: /home/tim3145/espers2_ws/install/rplidar_ros/share/rplidar_ros/launch/view_rplidar_s2_launch.py
[0.495s] -- Up-to-date symlink: /home/tim3145/espers2_ws/install/rplidar_ros/share/rplidar_ros/launch/view_rplidar_s2e_launch.py
[0.496s] -- Up-to-date symlink: /home/tim3145/espers2_ws/install/rplidar_ros/share/rplidar_ros/launch/view_rplidar_s3_launch.py
[0.496s] -- Up-to-date symlink: /home/tim3145/espers2_ws/install/rplidar_ros/share/rplidar_ros/launch/view_rplidar_t1_launch.py
[0.496s] -- Up-to-date symlink: /home/tim3145/espers2_ws/install/rplidar_ros/share/rplidar_ros/rviz/rplidar_ros.rviz
[0.496s] -- Up-to-date symlink: /home/tim3145/espers2_ws/install/rplidar_ros/lib/rplidar_ros/rplidar_node
[0.497s] -- Up-to-date symlink: /home/tim3145/espers2_ws/install/rplidar_ros/lib/rplidar_ros/rplidar_composition
[0.497s] -- Up-to-date symlink: /home/tim3145/espers2_ws/install/rplidar_ros/lib/rplidar_ros/rplidar_client
[0.497s] -- Up-to-date symlink: /home/tim3145/espers2_ws/install/rplidar_ros/share/ament_index/resource_index/package_run_dependencies/rplidar_ros
[0.497s] -- Up-to-date symlink: /home/tim3145/espers2_ws/install/rplidar_ros/share/ament_index/resource_index/parent_prefix_path/rplidar_ros
[0.497s] -- Up-to-date symlink: /home/tim3145/espers2_ws/install/rplidar_ros/share/rplidar_ros/environment/ament_prefix_path.sh
[0.498s] -- Up-to-date symlink: /home/tim3145/espers2_ws/install/rplidar_ros/share/rplidar_ros/environment/ament_prefix_path.dsv
[0.498s] -- Up-to-date symlink: /home/tim3145/espers2_ws/install/rplidar_ros/share/rplidar_ros/environment/path.sh
[0.498s] -- Up-to-date symlink: /home/tim3145/espers2_ws/install/rplidar_ros/share/rplidar_ros/environment/path.dsv
[0.498s] -- Up-to-date symlink: /home/tim3145/espers2_ws/install/rplidar_ros/share/rplidar_ros/local_setup.bash
[0.498s] -- Up-to-date symlink: /home/tim3145/espers2_ws/install/rplidar_ros/share/rplidar_ros/local_setup.sh
[0.498s] -- Up-to-date symlink: /home/tim3145/espers2_ws/install/rplidar_ros/share/rplidar_ros/local_setup.zsh
[0.499s] -- Up-to-date symlink: /home/tim3145/espers2_ws/install/rplidar_ros/share/rplidar_ros/local_setup.dsv
[0.499s] -- Symlinking: /home/tim3145/espers2_ws/install/rplidar_ros/share/rplidar_ros/package.dsv
[0.511s] -- Up-to-date symlink: /home/tim3145/espers2_ws/install/rplidar_ros/share/ament_index/resource_index/packages/rplidar_ros
[0.512s] -- Up-to-date symlink: /home/tim3145/espers2_ws/install/rplidar_ros/share/rplidar_ros/cmake/ament_cmake_export_dependencies-extras.cmake
[0.512s] -- Up-to-date symlink: /home/tim3145/espers2_ws/install/rplidar_ros/share/rplidar_ros/cmake/ament_cmake_export_include_directories-extras.cmake
[0.512s] -- Up-to-date symlink: /home/tim3145/espers2_ws/install/rplidar_ros/share/rplidar_ros/cmake/rplidar_rosConfig.cmake
[0.512s] -- Up-to-date symlink: /home/tim3145/espers2_ws/install/rplidar_ros/share/rplidar_ros/cmake/rplidar_rosConfig-version.cmake
[0.513s] -- Up-to-date symlink: /home/tim3145/espers2_ws/install/rplidar_ros/share/rplidar_ros/package.xml
[0.528s] Invoked command in '/home/tim3145/espers2_ws/build/rplidar_ros' returned '0': CMAKE_PREFIX_PATH=/home/tim3145/espers2_ws/install/sllidar_ros2:/home/tim3145/espers2_ws/install/rplidar_ros:/home/tim3145/espers2_ws/install/diffbot_description:/opt/ros/humble:/home/tim3145/espers2_ws/install/arduino_bridge /usr/bin/cmake --install /home/tim3145/espers2_ws/build/rplidar_ros
