[0.044s] Invoking command in '/home/tim3145/espers2_ws/build/arduino_bridge': /usr/bin/cmake --build /home/tim3145/espers2_ws/build/arduino_bridge -- -j4 -l4
[0.136s] Invoked command in '/home/tim3145/espers2_ws/build/arduino_bridge' returned '0': /usr/bin/cmake --build /home/tim3145/espers2_ws/build/arduino_bridge -- -j4 -l4
[0.307s] Invoking command in '/home/tim3145/espers2_ws/build/arduino_bridge': /usr/bin/cmake --install /home/tim3145/espers2_ws/build/arduino_bridge
[0.322s] -- Install configuration: ""
[0.323s] -- Up-to-date: /home/tim3145/espers2_ws/install/arduino_bridge/lib/arduino_bridge/arduino_bridge.py
[0.324s] -- Up-to-date: /home/tim3145/espers2_ws/install/arduino_bridge/share/ament_index/resource_index/package_run_dependencies/arduino_bridge
[0.324s] -- Up-to-date: /home/tim3145/espers2_ws/install/arduino_bridge/share/ament_index/resource_index/parent_prefix_path/arduino_bridge
[0.324s] -- Up-to-date: /home/tim3145/espers2_ws/install/arduino_bridge/share/arduino_bridge/environment/ament_prefix_path.sh
[0.324s] -- Up-to-date: /home/tim3145/espers2_ws/install/arduino_bridge/share/arduino_bridge/environment/ament_prefix_path.dsv
[0.326s] -- Up-to-date: /home/tim3145/espers2_ws/install/arduino_bridge/share/arduino_bridge/environment/path.sh
[0.326s] -- Up-to-date: /home/tim3145/espers2_ws/install/arduino_bridge/share/arduino_bridge/environment/path.dsv
[0.328s] -- Up-to-date: /home/tim3145/espers2_ws/install/arduino_bridge/share/arduino_bridge/local_setup.bash
[0.330s] -- Up-to-date: /home/tim3145/espers2_ws/install/arduino_bridge/share/arduino_bridge/local_setup.sh
[0.330s] -- Up-to-date: /home/tim3145/espers2_ws/install/arduino_bridge/share/arduino_bridge/local_setup.zsh
[0.331s] -- Up-to-date: /home/tim3145/espers2_ws/install/arduino_bridge/share/arduino_bridge/local_setup.dsv
[0.331s] -- Up-to-date: /home/tim3145/espers2_ws/install/arduino_bridge/share/arduino_bridge/package.dsv
[0.331s] -- Up-to-date: /home/tim3145/espers2_ws/install/arduino_bridge/share/ament_index/resource_index/packages/arduino_bridge
[0.331s] -- Up-to-date: /home/tim3145/espers2_ws/install/arduino_bridge/share/arduino_bridge/cmake/arduino_bridgeConfig.cmake
[0.331s] -- Up-to-date: /home/tim3145/espers2_ws/install/arduino_bridge/share/arduino_bridge/cmake/arduino_bridgeConfig-version.cmake
[0.332s] -- Up-to-date: /home/tim3145/espers2_ws/install/arduino_bridge/share/arduino_bridge/package.xml
[0.341s] Invoked command in '/home/tim3145/espers2_ws/build/arduino_bridge' returned '0': /usr/bin/cmake --install /home/tim3145/espers2_ws/build/arduino_bridge
