[0.040s] Invoking command in '/home/tim3145/espers2_ws/build/sllidar_ros2': CMAKE_PREFIX_PATH=/opt/ros/humble /usr/bin/cmake --build /home/tim3145/espers2_ws/build/sllidar_ros2 -- -j4 -l4
[0.206s] [ 10%] Built target sllidar_client
[0.232s] [100%] Built target sllidar_node
[0.265s] Invoked command in '/home/tim3145/espers2_ws/build/sllidar_ros2' returned '0': CMAKE_PREFIX_PATH=/opt/ros/humble /usr/bin/cmake --build /home/tim3145/espers2_ws/build/sllidar_ros2 -- -j4 -l4
[0.429s] Invoking command in '/home/tim3145/espers2_ws/build/sllidar_ros2': CMAKE_PREFIX_PATH=/opt/ros/humble /usr/bin/cmake --install /home/tim3145/espers2_ws/build/sllidar_ros2
[0.441s] -- Install configuration: ""
[0.442s] -- Execute custom install script
[0.443s] -- Up-to-date symlink: /home/tim3145/espers2_ws/install/sllidar_ros2/share/sllidar_ros2/launch/sllidar_a1_launch.py
[0.443s] -- Up-to-date symlink: /home/tim3145/espers2_ws/install/sllidar_ros2/share/sllidar_ros2/launch/sllidar_a2m12_launch .py
[0.444s] -- Up-to-date symlink: /home/tim3145/espers2_ws/install/sllidar_ros2/share/sllidar_ros2/launch/sllidar_a2m7_launch.py
[0.444s] -- Up-to-date symlink: /home/tim3145/espers2_ws/install/sllidar_ros2/share/sllidar_ros2/launch/sllidar_a2m8_launch.py
[0.444s] -- Up-to-date symlink: /home/tim3145/espers2_ws/install/sllidar_ros2/share/sllidar_ros2/launch/sllidar_a3_launch.py
[0.444s] -- Up-to-date symlink: /home/tim3145/espers2_ws/install/sllidar_ros2/share/sllidar_ros2/launch/sllidar_c1_launch.py
[0.445s] -- Up-to-date symlink: /home/tim3145/espers2_ws/install/sllidar_ros2/share/sllidar_ros2/launch/sllidar_s1_launch.py
[0.446s] -- Up-to-date symlink: /home/tim3145/espers2_ws/install/sllidar_ros2/share/sllidar_ros2/launch/sllidar_s1_tcp_launch.py
[0.446s] -- Up-to-date symlink: /home/tim3145/espers2_ws/install/sllidar_ros2/share/sllidar_ros2/launch/sllidar_s2_launch.py
[0.447s] -- Up-to-date symlink: /home/tim3145/espers2_ws/install/sllidar_ros2/share/sllidar_ros2/launch/sllidar_s2e_launch.py
[0.447s] -- Up-to-date symlink: /home/tim3145/espers2_ws/install/sllidar_ros2/share/sllidar_ros2/launch/sllidar_s3_launch.py
[0.448s] -- Up-to-date symlink: /home/tim3145/espers2_ws/install/sllidar_ros2/share/sllidar_ros2/launch/sllidar_t1_launch.py
[0.448s] -- Up-to-date symlink: /home/tim3145/espers2_ws/install/sllidar_ros2/share/sllidar_ros2/launch/view_sllidar_a1_launch.py
[0.448s] -- Up-to-date symlink: /home/tim3145/espers2_ws/install/sllidar_ros2/share/sllidar_ros2/launch/view_sllidar_a2m12_launch.py
[0.448s] -- Up-to-date symlink: /home/tim3145/espers2_ws/install/sllidar_ros2/share/sllidar_ros2/launch/view_sllidar_a2m7_launch.py
[0.448s] -- Up-to-date symlink: /home/tim3145/espers2_ws/install/sllidar_ros2/share/sllidar_ros2/launch/view_sllidar_a2m8_launch.py
[0.450s] -- Up-to-date symlink: /home/tim3145/espers2_ws/install/sllidar_ros2/share/sllidar_ros2/launch/view_sllidar_a3_launch.py
[0.452s] -- Up-to-date symlink: /home/tim3145/espers2_ws/install/sllidar_ros2/share/sllidar_ros2/launch/view_sllidar_c1_launch.py
[0.452s] -- Up-to-date symlink: /home/tim3145/espers2_ws/install/sllidar_ros2/share/sllidar_ros2/launch/view_sllidar_s1_launch.py
[0.452s] -- Up-to-date symlink: /home/tim3145/espers2_ws/install/sllidar_ros2/share/sllidar_ros2/launch/view_sllidar_s1_tcp_launch.py
[0.452s] -- Up-to-date symlink: /home/tim3145/espers2_ws/install/sllidar_ros2/share/sllidar_ros2/launch/view_sllidar_s2_launch.py
[0.452s] -- Up-to-date symlink: /home/tim3145/espers2_ws/install/sllidar_ros2/share/sllidar_ros2/launch/view_sllidar_s2e_launch.py
[0.453s] -- Up-to-date symlink: /home/tim3145/espers2_ws/install/sllidar_ros2/share/sllidar_ros2/launch/view_sllidar_s3_launch.py
[0.453s] -- Up-to-date symlink: /home/tim3145/espers2_ws/install/sllidar_ros2/share/sllidar_ros2/launch/view_sllidar_t1_launch.py
[0.454s] -- Up-to-date symlink: /home/tim3145/espers2_ws/install/sllidar_ros2/share/sllidar_ros2/rviz/sllidar_ros2.rviz
[0.455s] -- Up-to-date symlink: /home/tim3145/espers2_ws/install/sllidar_ros2/lib/sllidar_ros2/sllidar_node
[0.455s] -- Up-to-date symlink: /home/tim3145/espers2_ws/install/sllidar_ros2/lib/sllidar_ros2/sllidar_client
[0.456s] -- Up-to-date symlink: /home/tim3145/espers2_ws/install/sllidar_ros2/share/ament_index/resource_index/package_run_dependencies/sllidar_ros2
[0.457s] -- Up-to-date symlink: /home/tim3145/espers2_ws/install/sllidar_ros2/share/ament_index/resource_index/parent_prefix_path/sllidar_ros2
[0.457s] -- Up-to-date symlink: /home/tim3145/espers2_ws/install/sllidar_ros2/share/sllidar_ros2/environment/ament_prefix_path.sh
[0.458s] -- Up-to-date symlink: /home/tim3145/espers2_ws/install/sllidar_ros2/share/sllidar_ros2/environment/ament_prefix_path.dsv
[0.458s] -- Up-to-date symlink: /home/tim3145/espers2_ws/install/sllidar_ros2/share/sllidar_ros2/environment/path.sh
[0.458s] -- Up-to-date symlink: /home/tim3145/espers2_ws/install/sllidar_ros2/share/sllidar_ros2/environment/path.dsv
[0.458s] -- Up-to-date symlink: /home/tim3145/espers2_ws/install/sllidar_ros2/share/sllidar_ros2/local_setup.bash
[0.459s] -- Up-to-date symlink: /home/tim3145/espers2_ws/install/sllidar_ros2/share/sllidar_ros2/local_setup.sh
[0.459s] -- Up-to-date symlink: /home/tim3145/espers2_ws/install/sllidar_ros2/share/sllidar_ros2/local_setup.zsh
[0.459s] -- Up-to-date symlink: /home/tim3145/espers2_ws/install/sllidar_ros2/share/sllidar_ros2/local_setup.dsv
[0.459s] -- Symlinking: /home/tim3145/espers2_ws/install/sllidar_ros2/share/sllidar_ros2/package.dsv
[0.470s] -- Up-to-date symlink: /home/tim3145/espers2_ws/install/sllidar_ros2/share/ament_index/resource_index/packages/sllidar_ros2
[0.471s] -- Up-to-date symlink: /home/tim3145/espers2_ws/install/sllidar_ros2/share/sllidar_ros2/cmake/ament_cmake_export_dependencies-extras.cmake
[0.471s] -- Up-to-date symlink: /home/tim3145/espers2_ws/install/sllidar_ros2/share/sllidar_ros2/cmake/ament_cmake_export_include_directories-extras.cmake
[0.472s] -- Up-to-date symlink: /home/tim3145/espers2_ws/install/sllidar_ros2/share/sllidar_ros2/cmake/sllidar_ros2Config.cmake
[0.472s] -- Up-to-date symlink: /home/tim3145/espers2_ws/install/sllidar_ros2/share/sllidar_ros2/cmake/sllidar_ros2Config-version.cmake
[0.472s] -- Up-to-date symlink: /home/tim3145/espers2_ws/install/sllidar_ros2/share/sllidar_ros2/package.xml
[0.478s] Invoked command in '/home/tim3145/espers2_ws/build/sllidar_ros2' returned '0': CMAKE_PREFIX_PATH=/opt/ros/humble /usr/bin/cmake --install /home/tim3145/espers2_ws/build/sllidar_ros2
