[0.189s] DEBUG:colcon:Command line arguments: ['/usr/bin/colcon', 'build', '--symlink-install']
[0.189s] DEBUG:colcon:Parsed command line arguments: Namespace(log_base=None, log_level=None, verb_name='build', build_base='build', install_base='install', merge_install=False, symlink_install=True, test_result_base=None, continue_on_error=False, executor='parallel', parallel_workers=4, event_handlers=None, ignore_user_meta=False, metas=['./colcon.meta'], base_paths=['.'], packages_ignore=None, packages_ignore_regex=None, paths=None, packages_up_to=None, packages_up_to_regex=None, packages_above=None, packages_above_and_dependencies=None, packages_above_depth=None, packages_select_by_dep=None, packages_skip_by_dep=None, packages_skip_up_to=None, packages_select_build_failed=False, packages_skip_build_finished=False, packages_select_test_failures=False, packages_skip_test_passed=False, packages_select=None, packages_skip=None, packages_select_regex=None, packages_skip_regex=None, packages_start=None, packages_end=None, allow_overriding=[], cmake_args=None, cmake_target=None, cmake_target_skip_unavailable=False, cmake_clean_cache=False, cmake_clean_first=False, cmake_force_configure=False, ament_cmake_args=None, catkin_cmake_args=None, catkin_skip_building_tests=False, mixin_files=None, mixin=None, verb_parser=<colcon_mixin.mixin.mixin_argument.MixinArgumentDecorator object at 0x748c597661a0>, verb_extension=<colcon_core.verb.build.BuildVerb object at 0x748c59765cf0>, main=<bound method BuildVerb.main of <colcon_core.verb.build.BuildVerb object at 0x748c59765cf0>>, mixin_verb=('build',))
[0.530s] Level 1:colcon.colcon_core.package_discovery:discover_packages(colcon_meta) check parameters
[0.530s] Level 1:colcon.colcon_core.package_discovery:discover_packages(recursive) check parameters
[0.530s] Level 1:colcon.colcon_core.package_discovery:discover_packages(ignore) check parameters
[0.530s] Level 1:colcon.colcon_core.package_discovery:discover_packages(path) check parameters
[0.530s] Level 1:colcon.colcon_core.package_discovery:discover_packages(colcon_meta) discover
[0.530s] Level 1:colcon.colcon_core.package_discovery:discover_packages(recursive) discover
[0.530s] INFO:colcon.colcon_core.package_discovery:Crawling recursively for packages in '/home/tim3145/espers2_ws'
[0.530s] Level 1:colcon.colcon_core.package_identification:_identify(.) by extensions ['ignore', 'ignore_ament_install']
[0.530s] Level 1:colcon.colcon_core.package_identification:_identify(.) by extension 'ignore'
[0.530s] Level 1:colcon.colcon_core.package_identification:_identify(.) by extension 'ignore_ament_install'
[0.530s] Level 1:colcon.colcon_core.package_identification:_identify(.) by extensions ['colcon_pkg']
[0.531s] Level 1:colcon.colcon_core.package_identification:_identify(.) by extension 'colcon_pkg'
[0.531s] Level 1:colcon.colcon_core.package_identification:_identify(.) by extensions ['colcon_meta']
[0.531s] Level 1:colcon.colcon_core.package_identification:_identify(.) by extension 'colcon_meta'
[0.531s] Level 1:colcon.colcon_core.package_identification:_identify(.) by extensions ['ros']
[0.531s] Level 1:colcon.colcon_core.package_identification:_identify(.) by extension 'ros'
[0.549s] Level 1:colcon.colcon_core.package_identification:_identify(.) by extensions ['cmake', 'python']
[0.549s] Level 1:colcon.colcon_core.package_identification:_identify(.) by extension 'cmake'
[0.549s] Level 1:colcon.colcon_core.package_identification:_identify(.) by extension 'python'
[0.549s] Level 1:colcon.colcon_core.package_identification:_identify(.) by extensions ['python_setup_py']
[0.549s] Level 1:colcon.colcon_core.package_identification:_identify(.) by extension 'python_setup_py'
[0.550s] Level 1:colcon.colcon_core.package_identification:_identify(build) by extensions ['ignore', 'ignore_ament_install']
[0.550s] Level 1:colcon.colcon_core.package_identification:_identify(build) by extension 'ignore'
[0.550s] Level 1:colcon.colcon_core.package_identification:_identify(build) ignored
[0.550s] Level 1:colcon.colcon_core.package_identification:_identify(install) by extensions ['ignore', 'ignore_ament_install']
[0.550s] Level 1:colcon.colcon_core.package_identification:_identify(install) by extension 'ignore'
[0.550s] Level 1:colcon.colcon_core.package_identification:_identify(install) ignored
[0.551s] Level 1:colcon.colcon_core.package_identification:_identify(log) by extensions ['ignore', 'ignore_ament_install']
[0.551s] Level 1:colcon.colcon_core.package_identification:_identify(log) by extension 'ignore'
[0.551s] Level 1:colcon.colcon_core.package_identification:_identify(log) ignored
[0.551s] Level 1:colcon.colcon_core.package_identification:_identify(robot_edit.ino) by extensions ['ignore', 'ignore_ament_install']
[0.551s] Level 1:colcon.colcon_core.package_identification:_identify(robot_edit.ino) by extension 'ignore'
[0.551s] Level 1:colcon.colcon_core.package_identification:_identify(robot_edit.ino) by extension 'ignore_ament_install'
[0.551s] Level 1:colcon.colcon_core.package_identification:_identify(robot_edit.ino) by extensions ['colcon_pkg']
[0.552s] Level 1:colcon.colcon_core.package_identification:_identify(robot_edit.ino) by extension 'colcon_pkg'
[0.552s] Level 1:colcon.colcon_core.package_identification:_identify(robot_edit.ino) by extensions ['colcon_meta']
[0.552s] Level 1:colcon.colcon_core.package_identification:_identify(robot_edit.ino) by extension 'colcon_meta'
[0.552s] Level 1:colcon.colcon_core.package_identification:_identify(robot_edit.ino) by extensions ['ros']
[0.552s] Level 1:colcon.colcon_core.package_identification:_identify(robot_edit.ino) by extension 'ros'
[0.552s] Level 1:colcon.colcon_core.package_identification:_identify(robot_edit.ino) by extensions ['cmake', 'python']
[0.552s] Level 1:colcon.colcon_core.package_identification:_identify(robot_edit.ino) by extension 'cmake'
[0.552s] Level 1:colcon.colcon_core.package_identification:_identify(robot_edit.ino) by extension 'python'
[0.552s] Level 1:colcon.colcon_core.package_identification:_identify(robot_edit.ino) by extensions ['python_setup_py']
[0.552s] Level 1:colcon.colcon_core.package_identification:_identify(robot_edit.ino) by extension 'python_setup_py'
[0.553s] Level 1:colcon.colcon_core.package_identification:_identify(src) by extensions ['ignore', 'ignore_ament_install']
[0.553s] Level 1:colcon.colcon_core.package_identification:_identify(src) by extension 'ignore'
[0.553s] Level 1:colcon.colcon_core.package_identification:_identify(src) by extension 'ignore_ament_install'
[0.553s] Level 1:colcon.colcon_core.package_identification:_identify(src) by extensions ['colcon_pkg']
[0.553s] Level 1:colcon.colcon_core.package_identification:_identify(src) by extension 'colcon_pkg'
[0.553s] Level 1:colcon.colcon_core.package_identification:_identify(src) by extensions ['colcon_meta']
[0.553s] Level 1:colcon.colcon_core.package_identification:_identify(src) by extension 'colcon_meta'
[0.553s] Level 1:colcon.colcon_core.package_identification:_identify(src) by extensions ['ros']
[0.553s] Level 1:colcon.colcon_core.package_identification:_identify(src) by extension 'ros'
[0.554s] Level 1:colcon.colcon_core.package_identification:_identify(src) by extensions ['cmake', 'python']
[0.554s] Level 1:colcon.colcon_core.package_identification:_identify(src) by extension 'cmake'
[0.554s] Level 1:colcon.colcon_core.package_identification:_identify(src) by extension 'python'
[0.554s] Level 1:colcon.colcon_core.package_identification:_identify(src) by extensions ['python_setup_py']
[0.554s] Level 1:colcon.colcon_core.package_identification:_identify(src) by extension 'python_setup_py'
[0.554s] Level 1:colcon.colcon_core.package_identification:_identify(src/arduino_bridge) by extensions ['ignore', 'ignore_ament_install']
[0.554s] Level 1:colcon.colcon_core.package_identification:_identify(src/arduino_bridge) by extension 'ignore'
[0.554s] Level 1:colcon.colcon_core.package_identification:_identify(src/arduino_bridge) by extension 'ignore_ament_install'
[0.554s] Level 1:colcon.colcon_core.package_identification:_identify(src/arduino_bridge) by extensions ['colcon_pkg']
[0.554s] Level 1:colcon.colcon_core.package_identification:_identify(src/arduino_bridge) by extension 'colcon_pkg'
[0.555s] Level 1:colcon.colcon_core.package_identification:_identify(src/arduino_bridge) by extensions ['colcon_meta']
[0.555s] Level 1:colcon.colcon_core.package_identification:_identify(src/arduino_bridge) by extension 'colcon_meta'
[0.555s] Level 1:colcon.colcon_core.package_identification:_identify(src/arduino_bridge) by extensions ['ros']
[0.555s] Level 1:colcon.colcon_core.package_identification:_identify(src/arduino_bridge) by extension 'ros'
[0.559s] DEBUG:colcon.colcon_core.package_identification:Package 'src/arduino_bridge' with type 'ros.catkin' and name 'arduino_bridge'
[0.559s] Level 1:colcon.colcon_core.package_identification:_identify(src/diffbot_description) by extensions ['ignore', 'ignore_ament_install']
[0.560s] Level 1:colcon.colcon_core.package_identification:_identify(src/diffbot_description) by extension 'ignore'
[0.560s] Level 1:colcon.colcon_core.package_identification:_identify(src/diffbot_description) by extension 'ignore_ament_install'
[0.560s] Level 1:colcon.colcon_core.package_identification:_identify(src/diffbot_description) by extensions ['colcon_pkg']
[0.560s] Level 1:colcon.colcon_core.package_identification:_identify(src/diffbot_description) by extension 'colcon_pkg'
[0.560s] Level 1:colcon.colcon_core.package_identification:_identify(src/diffbot_description) by extensions ['colcon_meta']
[0.560s] Level 1:colcon.colcon_core.package_identification:_identify(src/diffbot_description) by extension 'colcon_meta'
[0.560s] Level 1:colcon.colcon_core.package_identification:_identify(src/diffbot_description) by extensions ['ros']
[0.560s] Level 1:colcon.colcon_core.package_identification:_identify(src/diffbot_description) by extension 'ros'
[0.562s] DEBUG:colcon.colcon_core.package_identification:Package 'src/diffbot_description' with type 'ros.ament_cmake' and name 'diffbot_description'
[0.562s] Level 1:colcon.colcon_core.package_identification:_identify(src/rplidar_ros) by extensions ['ignore', 'ignore_ament_install']
[0.562s] Level 1:colcon.colcon_core.package_identification:_identify(src/rplidar_ros) by extension 'ignore'
[0.563s] Level 1:colcon.colcon_core.package_identification:_identify(src/rplidar_ros) by extension 'ignore_ament_install'
[0.563s] Level 1:colcon.colcon_core.package_identification:_identify(src/rplidar_ros) by extensions ['colcon_pkg']
[0.563s] Level 1:colcon.colcon_core.package_identification:_identify(src/rplidar_ros) by extension 'colcon_pkg'
[0.563s] Level 1:colcon.colcon_core.package_identification:_identify(src/rplidar_ros) by extensions ['colcon_meta']
[0.563s] Level 1:colcon.colcon_core.package_identification:_identify(src/rplidar_ros) by extension 'colcon_meta'
[0.563s] Level 1:colcon.colcon_core.package_identification:_identify(src/rplidar_ros) by extensions ['ros']
[0.563s] Level 1:colcon.colcon_core.package_identification:_identify(src/rplidar_ros) by extension 'ros'
[0.564s] DEBUG:colcon.colcon_core.package_identification:Package 'src/rplidar_ros' with type 'ros.ament_cmake' and name 'rplidar_ros'
[0.564s] Level 1:colcon.colcon_core.package_identification:_identify(src/sllidar_ros2) by extensions ['ignore', 'ignore_ament_install']
[0.564s] Level 1:colcon.colcon_core.package_identification:_identify(src/sllidar_ros2) by extension 'ignore'
[0.564s] Level 1:colcon.colcon_core.package_identification:_identify(src/sllidar_ros2) by extension 'ignore_ament_install'
[0.564s] Level 1:colcon.colcon_core.package_identification:_identify(src/sllidar_ros2) by extensions ['colcon_pkg']
[0.564s] Level 1:colcon.colcon_core.package_identification:_identify(src/sllidar_ros2) by extension 'colcon_pkg'
[0.565s] Level 1:colcon.colcon_core.package_identification:_identify(src/sllidar_ros2) by extensions ['colcon_meta']
[0.565s] Level 1:colcon.colcon_core.package_identification:_identify(src/sllidar_ros2) by extension 'colcon_meta'
[0.565s] Level 1:colcon.colcon_core.package_identification:_identify(src/sllidar_ros2) by extensions ['ros']
[0.565s] Level 1:colcon.colcon_core.package_identification:_identify(src/sllidar_ros2) by extension 'ros'
[0.566s] DEBUG:colcon.colcon_core.package_identification:Package 'src/sllidar_ros2' with type 'ros.ament_cmake' and name 'sllidar_ros2'
[0.566s] Level 1:colcon.colcon_core.package_discovery:discover_packages(recursive) using defaults
[0.566s] Level 1:colcon.colcon_core.package_discovery:discover_packages(ignore) discover
[0.566s] Level 1:colcon.colcon_core.package_discovery:discover_packages(ignore) using defaults
[0.566s] Level 1:colcon.colcon_core.package_discovery:discover_packages(path) discover
[0.566s] Level 1:colcon.colcon_core.package_discovery:discover_packages(path) using defaults
[0.597s] Level 1:colcon.colcon_core.package_discovery:discover_packages(prefix_path) check parameters
[0.597s] Level 1:colcon.colcon_core.package_discovery:discover_packages(prefix_path) discover
[0.604s] DEBUG:colcon.colcon_installed_package_information.package_discovery:Found 428 installed packages in /opt/ros/humble
[0.621s] Level 1:colcon.colcon_core.package_discovery:discover_packages(prefix_path) using defaults
[0.711s] Level 5:colcon.colcon_core.verb:set package 'arduino_bridge' build argument 'cmake_args' from command line to 'None'
[0.711s] Level 5:colcon.colcon_core.verb:set package 'arduino_bridge' build argument 'cmake_target' from command line to 'None'
[0.711s] Level 5:colcon.colcon_core.verb:set package 'arduino_bridge' build argument 'cmake_target_skip_unavailable' from command line to 'False'
[0.712s] Level 5:colcon.colcon_core.verb:set package 'arduino_bridge' build argument 'cmake_clean_cache' from command line to 'False'
[0.712s] Level 5:colcon.colcon_core.verb:set package 'arduino_bridge' build argument 'cmake_clean_first' from command line to 'False'
[0.712s] Level 5:colcon.colcon_core.verb:set package 'arduino_bridge' build argument 'cmake_force_configure' from command line to 'False'
[0.712s] Level 5:colcon.colcon_core.verb:set package 'arduino_bridge' build argument 'ament_cmake_args' from command line to 'None'
[0.712s] Level 5:colcon.colcon_core.verb:set package 'arduino_bridge' build argument 'catkin_cmake_args' from command line to 'None'
[0.712s] Level 5:colcon.colcon_core.verb:set package 'arduino_bridge' build argument 'catkin_skip_building_tests' from command line to 'False'
[0.712s] DEBUG:colcon.colcon_core.verb:Building package 'arduino_bridge' with the following arguments: {'ament_cmake_args': None, 'build_base': '/home/tim3145/espers2_ws/build/arduino_bridge', 'catkin_cmake_args': None, 'catkin_skip_building_tests': False, 'cmake_args': None, 'cmake_clean_cache': False, 'cmake_clean_first': False, 'cmake_force_configure': False, 'cmake_target': None, 'cmake_target_skip_unavailable': False, 'install_base': '/home/tim3145/espers2_ws/install/arduino_bridge', 'merge_install': False, 'path': '/home/tim3145/espers2_ws/src/arduino_bridge', 'symlink_install': True, 'test_result_base': None}
[0.712s] Level 5:colcon.colcon_core.verb:set package 'diffbot_description' build argument 'cmake_args' from command line to 'None'
[0.712s] Level 5:colcon.colcon_core.verb:set package 'diffbot_description' build argument 'cmake_target' from command line to 'None'
[0.712s] Level 5:colcon.colcon_core.verb:set package 'diffbot_description' build argument 'cmake_target_skip_unavailable' from command line to 'False'
[0.712s] Level 5:colcon.colcon_core.verb:set package 'diffbot_description' build argument 'cmake_clean_cache' from command line to 'False'
[0.713s] Level 5:colcon.colcon_core.verb:set package 'diffbot_description' build argument 'cmake_clean_first' from command line to 'False'
[0.713s] Level 5:colcon.colcon_core.verb:set package 'diffbot_description' build argument 'cmake_force_configure' from command line to 'False'
[0.713s] Level 5:colcon.colcon_core.verb:set package 'diffbot_description' build argument 'ament_cmake_args' from command line to 'None'
[0.713s] Level 5:colcon.colcon_core.verb:set package 'diffbot_description' build argument 'catkin_cmake_args' from command line to 'None'
[0.713s] Level 5:colcon.colcon_core.verb:set package 'diffbot_description' build argument 'catkin_skip_building_tests' from command line to 'False'
[0.713s] DEBUG:colcon.colcon_core.verb:Building package 'diffbot_description' with the following arguments: {'ament_cmake_args': None, 'build_base': '/home/tim3145/espers2_ws/build/diffbot_description', 'catkin_cmake_args': None, 'catkin_skip_building_tests': False, 'cmake_args': None, 'cmake_clean_cache': False, 'cmake_clean_first': False, 'cmake_force_configure': False, 'cmake_target': None, 'cmake_target_skip_unavailable': False, 'install_base': '/home/tim3145/espers2_ws/install/diffbot_description', 'merge_install': False, 'path': '/home/tim3145/espers2_ws/src/diffbot_description', 'symlink_install': True, 'test_result_base': None}
[0.713s] Level 5:colcon.colcon_core.verb:set package 'rplidar_ros' build argument 'cmake_args' from command line to 'None'
[0.713s] Level 5:colcon.colcon_core.verb:set package 'rplidar_ros' build argument 'cmake_target' from command line to 'None'
[0.713s] Level 5:colcon.colcon_core.verb:set package 'rplidar_ros' build argument 'cmake_target_skip_unavailable' from command line to 'False'
[0.713s] Level 5:colcon.colcon_core.verb:set package 'rplidar_ros' build argument 'cmake_clean_cache' from command line to 'False'
[0.713s] Level 5:colcon.colcon_core.verb:set package 'rplidar_ros' build argument 'cmake_clean_first' from command line to 'False'
[0.713s] Level 5:colcon.colcon_core.verb:set package 'rplidar_ros' build argument 'cmake_force_configure' from command line to 'False'
[0.714s] Level 5:colcon.colcon_core.verb:set package 'rplidar_ros' build argument 'ament_cmake_args' from command line to 'None'
[0.714s] Level 5:colcon.colcon_core.verb:set package 'rplidar_ros' build argument 'catkin_cmake_args' from command line to 'None'
[0.714s] Level 5:colcon.colcon_core.verb:set package 'rplidar_ros' build argument 'catkin_skip_building_tests' from command line to 'False'
[0.714s] DEBUG:colcon.colcon_core.verb:Building package 'rplidar_ros' with the following arguments: {'ament_cmake_args': None, 'build_base': '/home/tim3145/espers2_ws/build/rplidar_ros', 'catkin_cmake_args': None, 'catkin_skip_building_tests': False, 'cmake_args': None, 'cmake_clean_cache': False, 'cmake_clean_first': False, 'cmake_force_configure': False, 'cmake_target': None, 'cmake_target_skip_unavailable': False, 'install_base': '/home/tim3145/espers2_ws/install/rplidar_ros', 'merge_install': False, 'path': '/home/tim3145/espers2_ws/src/rplidar_ros', 'symlink_install': True, 'test_result_base': None}
[0.714s] Level 5:colcon.colcon_core.verb:set package 'sllidar_ros2' build argument 'cmake_args' from command line to 'None'
[0.714s] Level 5:colcon.colcon_core.verb:set package 'sllidar_ros2' build argument 'cmake_target' from command line to 'None'
[0.714s] Level 5:colcon.colcon_core.verb:set package 'sllidar_ros2' build argument 'cmake_target_skip_unavailable' from command line to 'False'
[0.714s] Level 5:colcon.colcon_core.verb:set package 'sllidar_ros2' build argument 'cmake_clean_cache' from command line to 'False'
[0.714s] Level 5:colcon.colcon_core.verb:set package 'sllidar_ros2' build argument 'cmake_clean_first' from command line to 'False'
[0.714s] Level 5:colcon.colcon_core.verb:set package 'sllidar_ros2' build argument 'cmake_force_configure' from command line to 'False'
[0.714s] Level 5:colcon.colcon_core.verb:set package 'sllidar_ros2' build argument 'ament_cmake_args' from command line to 'None'
[0.714s] Level 5:colcon.colcon_core.verb:set package 'sllidar_ros2' build argument 'catkin_cmake_args' from command line to 'None'
[0.714s] Level 5:colcon.colcon_core.verb:set package 'sllidar_ros2' build argument 'catkin_skip_building_tests' from command line to 'False'
[0.715s] DEBUG:colcon.colcon_core.verb:Building package 'sllidar_ros2' with the following arguments: {'ament_cmake_args': None, 'build_base': '/home/tim3145/espers2_ws/build/sllidar_ros2', 'catkin_cmake_args': None, 'catkin_skip_building_tests': False, 'cmake_args': None, 'cmake_clean_cache': False, 'cmake_clean_first': False, 'cmake_force_configure': False, 'cmake_target': None, 'cmake_target_skip_unavailable': False, 'install_base': '/home/tim3145/espers2_ws/install/sllidar_ros2', 'merge_install': False, 'path': '/home/tim3145/espers2_ws/src/sllidar_ros2', 'symlink_install': True, 'test_result_base': None}
[0.715s] INFO:colcon.colcon_core.executor:Executing jobs using 'parallel' executor
[0.716s] DEBUG:colcon.colcon_parallel_executor.executor.parallel:run_until_complete
[0.716s] INFO:colcon.colcon_ros.task.catkin.build:Building ROS package in '/home/tim3145/espers2_ws/src/arduino_bridge' with build type 'catkin'
[0.717s] INFO:colcon.colcon_cmake.task.cmake.build:Building CMake package in '/home/tim3145/espers2_ws/src/arduino_bridge'
[0.720s] INFO:colcon.colcon_core.plugin_system:Skipping extension 'colcon_core.shell.bat': Not used on non-Windows systems
[0.720s] INFO:colcon.colcon_core.shell:Skip shell extension 'powershell' for command environment: Not usable outside of PowerShell
[0.721s] DEBUG:colcon.colcon_core.shell:Skip shell extension 'dsv' for command environment
[0.726s] INFO:colcon.colcon_ros.task.ament_cmake.build:Building ROS package in '/home/tim3145/espers2_ws/src/diffbot_description' with build type 'ament_cmake'
[0.726s] INFO:colcon.colcon_cmake.task.cmake.build:Building CMake package in '/home/tim3145/espers2_ws/src/diffbot_description'
[0.727s] INFO:colcon.colcon_core.shell:Skip shell extension 'powershell' for command environment: Not usable outside of PowerShell
[0.727s] DEBUG:colcon.colcon_core.shell:Skip shell extension 'dsv' for command environment
[0.733s] INFO:colcon.colcon_ros.task.ament_cmake.build:Building ROS package in '/home/tim3145/espers2_ws/src/rplidar_ros' with build type 'ament_cmake'
[0.733s] INFO:colcon.colcon_cmake.task.cmake.build:Building CMake package in '/home/tim3145/espers2_ws/src/rplidar_ros'
[0.734s] INFO:colcon.colcon_core.shell:Skip shell extension 'powershell' for command environment: Not usable outside of PowerShell
[0.734s] DEBUG:colcon.colcon_core.shell:Skip shell extension 'dsv' for command environment
[0.739s] INFO:colcon.colcon_ros.task.ament_cmake.build:Building ROS package in '/home/tim3145/espers2_ws/src/sllidar_ros2' with build type 'ament_cmake'
[0.739s] INFO:colcon.colcon_cmake.task.cmake.build:Building CMake package in '/home/tim3145/espers2_ws/src/sllidar_ros2'
[0.739s] INFO:colcon.colcon_core.shell:Skip shell extension 'powershell' for command environment: Not usable outside of PowerShell
[0.739s] DEBUG:colcon.colcon_core.shell:Skip shell extension 'dsv' for command environment
[0.757s] DEBUG:colcon.colcon_core.event_handler.log_command:Invoking command in '/home/tim3145/espers2_ws/build/arduino_bridge': /usr/bin/cmake /home/tim3145/espers2_ws/src/arduino_bridge -DCATKIN_INSTALL_INTO_PREFIX_ROOT=0 -DCATKIN_SYMLINK_INSTALL=ON -DCMAKE_INSTALL_PREFIX=/home/tim3145/espers2_ws/install/arduino_bridge
[0.766s] DEBUG:colcon.colcon_core.event_handler.log_command:Invoking command in '/home/tim3145/espers2_ws/build/diffbot_description': CMAKE_PREFIX_PATH=/opt/ros/humble /usr/bin/cmake /home/tim3145/espers2_ws/src/diffbot_description -DAMENT_CMAKE_SYMLINK_INSTALL=1 -DCMAKE_INSTALL_PREFIX=/home/tim3145/espers2_ws/install/diffbot_description
[0.769s] DEBUG:colcon.colcon_core.event_handler.log_command:Invoking command in '/home/tim3145/espers2_ws/build/rplidar_ros': CMAKE_PREFIX_PATH=/opt/ros/humble /usr/bin/cmake /home/tim3145/espers2_ws/src/rplidar_ros -DAMENT_CMAKE_SYMLINK_INSTALL=1 -DCMAKE_INSTALL_PREFIX=/home/tim3145/espers2_ws/install/rplidar_ros
[0.780s] DEBUG:colcon.colcon_core.event_handler.log_command:Invoking command in '/home/tim3145/espers2_ws/build/sllidar_ros2': CMAKE_PREFIX_PATH=/opt/ros/humble /usr/bin/cmake /home/tim3145/espers2_ws/src/sllidar_ros2 -DAMENT_CMAKE_SYMLINK_INSTALL=1 -DCMAKE_INSTALL_PREFIX=/home/tim3145/espers2_ws/install/sllidar_ros2
[2.342s] DEBUG:colcon.colcon_core.event_handler.log_command:Invoked command in '/home/tim3145/espers2_ws/build/arduino_bridge' returned '0': /usr/bin/cmake /home/tim3145/espers2_ws/src/arduino_bridge -DCATKIN_INSTALL_INTO_PREFIX_ROOT=0 -DCATKIN_SYMLINK_INSTALL=ON -DCMAKE_INSTALL_PREFIX=/home/tim3145/espers2_ws/install/arduino_bridge
[2.347s] DEBUG:colcon.colcon_core.event_handler.log_command:Invoking command in '/home/tim3145/espers2_ws/build/arduino_bridge': /usr/bin/cmake --build /home/tim3145/espers2_ws/build/arduino_bridge -- -j4 -l4
[2.431s] DEBUG:colcon.colcon_core.event_handler.log_command:Invoked command in '/home/tim3145/espers2_ws/build/arduino_bridge' returned '0': /usr/bin/cmake --build /home/tim3145/espers2_ws/build/arduino_bridge -- -j4 -l4
[2.565s] DEBUG:colcon.colcon_core.event_handler.log_command:Invoking command in '/home/tim3145/espers2_ws/build/arduino_bridge': /usr/bin/cmake --install /home/tim3145/espers2_ws/build/arduino_bridge
[2.601s] DEBUG:colcon.colcon_core.event_handler.log_command:Invoked command in '/home/tim3145/espers2_ws/build/arduino_bridge' returned '0': /usr/bin/cmake --install /home/tim3145/espers2_ws/build/arduino_bridge
[2.655s] Level 1:colcon.colcon_core.shell:create_environment_hook('arduino_bridge', 'ros_package_path')
[2.656s] INFO:colcon.colcon_core.shell:Creating environment hook '/home/tim3145/espers2_ws/install/arduino_bridge/share/arduino_bridge/hook/ros_package_path.ps1'
[2.658s] INFO:colcon.colcon_core.shell:Creating environment descriptor '/home/tim3145/espers2_ws/install/arduino_bridge/share/arduino_bridge/hook/ros_package_path.dsv'
[2.659s] INFO:colcon.colcon_core.shell:Creating environment hook '/home/tim3145/espers2_ws/install/arduino_bridge/share/arduino_bridge/hook/ros_package_path.sh'
[2.660s] Level 1:colcon.colcon_core.shell:create_environment_hook('arduino_bridge', 'pkg_config_path')
[2.661s] INFO:colcon.colcon_core.shell:Creating environment hook '/home/tim3145/espers2_ws/install/arduino_bridge/share/arduino_bridge/hook/pkg_config_path.ps1'
[2.662s] INFO:colcon.colcon_core.shell:Creating environment descriptor '/home/tim3145/espers2_ws/install/arduino_bridge/share/arduino_bridge/hook/pkg_config_path.dsv'
[2.663s] INFO:colcon.colcon_core.shell:Creating environment hook '/home/tim3145/espers2_ws/install/arduino_bridge/share/arduino_bridge/hook/pkg_config_path.sh'
[2.667s] Level 1:colcon.colcon_core.shell:create_environment_hook('arduino_bridge', 'pkg_config_path_multiarch')
[2.667s] INFO:colcon.colcon_core.shell:Creating environment hook '/home/tim3145/espers2_ws/install/arduino_bridge/share/arduino_bridge/hook/pkg_config_path_multiarch.ps1'
[2.668s] INFO:colcon.colcon_core.shell:Creating environment descriptor '/home/tim3145/espers2_ws/install/arduino_bridge/share/arduino_bridge/hook/pkg_config_path_multiarch.dsv'
[2.669s] INFO:colcon.colcon_core.shell:Creating environment hook '/home/tim3145/espers2_ws/install/arduino_bridge/share/arduino_bridge/hook/pkg_config_path_multiarch.sh'
[2.672s] Level 1:colcon.colcon_core.environment:create_environment_scripts_only(arduino_bridge)
[2.678s] Level 1:colcon.colcon_core.environment:checking '/home/tim3145/espers2_ws/install/arduino_bridge' for CMake module files
[2.680s] Level 1:colcon.colcon_core.environment:checking '/home/tim3145/espers2_ws/install/arduino_bridge' for CMake config files
[2.681s] Level 1:colcon.colcon_core.shell:create_environment_hook('arduino_bridge', 'cmake_prefix_path')
[2.681s] INFO:colcon.colcon_core.shell:Creating environment hook '/home/tim3145/espers2_ws/install/arduino_bridge/share/arduino_bridge/hook/cmake_prefix_path.ps1'
[2.682s] INFO:colcon.colcon_core.shell:Creating environment descriptor '/home/tim3145/espers2_ws/install/arduino_bridge/share/arduino_bridge/hook/cmake_prefix_path.dsv'
[2.683s] INFO:colcon.colcon_core.shell:Creating environment hook '/home/tim3145/espers2_ws/install/arduino_bridge/share/arduino_bridge/hook/cmake_prefix_path.sh'
[2.684s] Level 1:colcon.colcon_core.environment:checking '/home/tim3145/espers2_ws/install/arduino_bridge/lib'
[2.685s] Level 1:colcon.colcon_core.environment:checking '/home/tim3145/espers2_ws/install/arduino_bridge/bin'
[2.685s] Level 1:colcon.colcon_core.environment:checking '/home/tim3145/espers2_ws/install/arduino_bridge/lib/pkgconfig/arduino_bridge.pc'
[2.686s] Level 1:colcon.colcon_core.environment:checking '/home/tim3145/espers2_ws/install/arduino_bridge/lib/python3.10/site-packages'
[2.686s] Level 1:colcon.colcon_core.environment:checking '/home/tim3145/espers2_ws/install/arduino_bridge/bin'
[2.687s] INFO:colcon.colcon_core.shell:Creating package script '/home/tim3145/espers2_ws/install/arduino_bridge/share/arduino_bridge/package.ps1'
[2.690s] INFO:colcon.colcon_core.shell:Creating package descriptor '/home/tim3145/espers2_ws/install/arduino_bridge/share/arduino_bridge/package.dsv'
[2.692s] INFO:colcon.colcon_core.shell:Creating package script '/home/tim3145/espers2_ws/install/arduino_bridge/share/arduino_bridge/package.sh'
[2.695s] INFO:colcon.colcon_core.shell:Creating package script '/home/tim3145/espers2_ws/install/arduino_bridge/share/arduino_bridge/package.bash'
[2.697s] INFO:colcon.colcon_core.shell:Creating package script '/home/tim3145/espers2_ws/install/arduino_bridge/share/arduino_bridge/package.zsh'
[2.700s] Level 1:colcon.colcon_core.environment:create_file_with_runtime_dependencies(/home/tim3145/espers2_ws/install/arduino_bridge/share/colcon-core/packages/arduino_bridge)
[3.747s] DEBUG:colcon.colcon_core.event_handler.log_command:Invoked command in '/home/tim3145/espers2_ws/build/rplidar_ros' returned '0': CMAKE_PREFIX_PATH=/opt/ros/humble /usr/bin/cmake /home/tim3145/espers2_ws/src/rplidar_ros -DAMENT_CMAKE_SYMLINK_INSTALL=1 -DCMAKE_INSTALL_PREFIX=/home/tim3145/espers2_ws/install/rplidar_ros
[3.751s] DEBUG:colcon.colcon_core.event_handler.log_command:Invoking command in '/home/tim3145/espers2_ws/build/rplidar_ros': CMAKE_PREFIX_PATH=/opt/ros/humble /usr/bin/cmake --build /home/tim3145/espers2_ws/build/rplidar_ros -- -j4 -l4
[4.064s] DEBUG:colcon.colcon_core.event_handler.log_command:Invoked command in '/home/tim3145/espers2_ws/build/sllidar_ros2' returned '0': CMAKE_PREFIX_PATH=/opt/ros/humble /usr/bin/cmake /home/tim3145/espers2_ws/src/sllidar_ros2 -DAMENT_CMAKE_SYMLINK_INSTALL=1 -DCMAKE_INSTALL_PREFIX=/home/tim3145/espers2_ws/install/sllidar_ros2
[4.065s] DEBUG:colcon.colcon_core.event_handler.log_command:Invoking command in '/home/tim3145/espers2_ws/build/sllidar_ros2': CMAKE_PREFIX_PATH=/opt/ros/humble /usr/bin/cmake --build /home/tim3145/espers2_ws/build/sllidar_ros2 -- -j4 -l4
[11.000s] DEBUG:colcon.colcon_core.event_handler.log_command:Invoked command in '/home/tim3145/espers2_ws/build/diffbot_description' returned '0': CMAKE_PREFIX_PATH=/opt/ros/humble /usr/bin/cmake /home/tim3145/espers2_ws/src/diffbot_description -DAMENT_CMAKE_SYMLINK_INSTALL=1 -DCMAKE_INSTALL_PREFIX=/home/tim3145/espers2_ws/install/diffbot_description
[11.001s] DEBUG:colcon.colcon_core.event_handler.log_command:Invoking command in '/home/tim3145/espers2_ws/build/diffbot_description': CMAKE_PREFIX_PATH=/opt/ros/humble /usr/bin/cmake --build /home/tim3145/espers2_ws/build/diffbot_description -- -j4 -l4
[11.222s] DEBUG:colcon.colcon_core.event_handler.log_command:Invoked command in '/home/tim3145/espers2_ws/build/diffbot_description' returned '0': CMAKE_PREFIX_PATH=/opt/ros/humble /usr/bin/cmake --build /home/tim3145/espers2_ws/build/diffbot_description -- -j4 -l4
[11.369s] DEBUG:colcon.colcon_core.event_handler.log_command:Invoking command in '/home/tim3145/espers2_ws/build/diffbot_description': CMAKE_PREFIX_PATH=/opt/ros/humble /usr/bin/cmake --install /home/tim3145/espers2_ws/build/diffbot_description
[12.947s] Level 1:colcon.colcon_core.environment:create_environment_scripts_only(diffbot_description)
[12.947s] Level 1:colcon.colcon_core.environment:checking '/home/tim3145/espers2_ws/install/diffbot_description' for CMake module files
[12.949s] Level 1:colcon.colcon_core.environment:checking '/home/tim3145/espers2_ws/install/diffbot_description' for CMake config files
[12.950s] DEBUG:colcon.colcon_core.event_handler.log_command:Invoked command in '/home/tim3145/espers2_ws/build/diffbot_description' returned '0': CMAKE_PREFIX_PATH=/opt/ros/humble /usr/bin/cmake --install /home/tim3145/espers2_ws/build/diffbot_description
[12.951s] Level 1:colcon.colcon_core.shell:create_environment_hook('diffbot_description', 'cmake_prefix_path')
[12.951s] INFO:colcon.colcon_core.shell:Creating environment hook '/home/tim3145/espers2_ws/install/diffbot_description/share/diffbot_description/hook/cmake_prefix_path.ps1'
[12.953s] INFO:colcon.colcon_core.shell:Creating environment descriptor '/home/tim3145/espers2_ws/install/diffbot_description/share/diffbot_description/hook/cmake_prefix_path.dsv'
[12.953s] INFO:colcon.colcon_core.shell:Creating environment hook '/home/tim3145/espers2_ws/install/diffbot_description/share/diffbot_description/hook/cmake_prefix_path.sh'
[12.955s] Level 1:colcon.colcon_core.environment:checking '/home/tim3145/espers2_ws/install/diffbot_description/bin'
[12.955s] Level 1:colcon.colcon_core.environment:checking '/home/tim3145/espers2_ws/install/diffbot_description/lib/pkgconfig/diffbot_description.pc'
[12.955s] Level 1:colcon.colcon_core.environment:checking '/home/tim3145/espers2_ws/install/diffbot_description/lib/python3.10/site-packages'
[12.956s] Level 1:colcon.colcon_core.environment:checking '/home/tim3145/espers2_ws/install/diffbot_description/bin'
[12.957s] INFO:colcon.colcon_core.shell:Creating package script '/home/tim3145/espers2_ws/install/diffbot_description/share/diffbot_description/package.ps1'
[12.958s] INFO:colcon.colcon_core.shell:Creating package descriptor '/home/tim3145/espers2_ws/install/diffbot_description/share/diffbot_description/package.dsv'
[12.959s] INFO:colcon.colcon_core.shell:Creating package script '/home/tim3145/espers2_ws/install/diffbot_description/share/diffbot_description/package.sh'
[12.960s] INFO:colcon.colcon_core.shell:Creating package script '/home/tim3145/espers2_ws/install/diffbot_description/share/diffbot_description/package.bash'
[12.961s] INFO:colcon.colcon_core.shell:Creating package script '/home/tim3145/espers2_ws/install/diffbot_description/share/diffbot_description/package.zsh'
[12.962s] Level 1:colcon.colcon_core.environment:create_file_with_runtime_dependencies(/home/tim3145/espers2_ws/install/diffbot_description/share/colcon-core/packages/diffbot_description)
[13.070s] Level 1:colcon.colcon_core.environment:create_environment_scripts_only(diffbot_description)
[13.071s] Level 1:colcon.colcon_core.environment:checking '/home/tim3145/espers2_ws/install/diffbot_description' for CMake module files
[13.075s] Level 1:colcon.colcon_core.environment:checking '/home/tim3145/espers2_ws/install/diffbot_description' for CMake config files
[13.078s] Level 1:colcon.colcon_core.shell:create_environment_hook('diffbot_description', 'cmake_prefix_path')
[13.080s] INFO:colcon.colcon_core.shell:Creating environment hook '/home/tim3145/espers2_ws/install/diffbot_description/share/diffbot_description/hook/cmake_prefix_path.ps1'
[13.081s] INFO:colcon.colcon_core.shell:Creating environment descriptor '/home/tim3145/espers2_ws/install/diffbot_description/share/diffbot_description/hook/cmake_prefix_path.dsv'
[13.081s] INFO:colcon.colcon_core.shell:Creating environment hook '/home/tim3145/espers2_ws/install/diffbot_description/share/diffbot_description/hook/cmake_prefix_path.sh'
[13.086s] Level 1:colcon.colcon_core.environment:checking '/home/tim3145/espers2_ws/install/diffbot_description/bin'
[13.086s] Level 1:colcon.colcon_core.environment:checking '/home/tim3145/espers2_ws/install/diffbot_description/lib/pkgconfig/diffbot_description.pc'
[13.087s] Level 1:colcon.colcon_core.environment:checking '/home/tim3145/espers2_ws/install/diffbot_description/lib/python3.10/site-packages'
[13.091s] Level 1:colcon.colcon_core.environment:checking '/home/tim3145/espers2_ws/install/diffbot_description/bin'
[13.092s] INFO:colcon.colcon_core.shell:Creating package script '/home/tim3145/espers2_ws/install/diffbot_description/share/diffbot_description/package.ps1'
[13.096s] INFO:colcon.colcon_core.shell:Creating package descriptor '/home/tim3145/espers2_ws/install/diffbot_description/share/diffbot_description/package.dsv'
[13.097s] INFO:colcon.colcon_core.shell:Creating package script '/home/tim3145/espers2_ws/install/diffbot_description/share/diffbot_description/package.sh'
[13.102s] INFO:colcon.colcon_core.shell:Creating package script '/home/tim3145/espers2_ws/install/diffbot_description/share/diffbot_description/package.bash'
[13.106s] INFO:colcon.colcon_core.shell:Creating package script '/home/tim3145/espers2_ws/install/diffbot_description/share/diffbot_description/package.zsh'
[13.107s] Level 1:colcon.colcon_core.environment:create_file_with_runtime_dependencies(/home/tim3145/espers2_ws/install/diffbot_description/share/colcon-core/packages/diffbot_description)
[43.984s] DEBUG:colcon.colcon_core.event_handler.log_command:Invoked command in '/home/tim3145/espers2_ws/build/sllidar_ros2' returned '0': CMAKE_PREFIX_PATH=/opt/ros/humble /usr/bin/cmake --build /home/tim3145/espers2_ws/build/sllidar_ros2 -- -j4 -l4
[44.109s] DEBUG:colcon.colcon_core.event_handler.log_command:Invoking command in '/home/tim3145/espers2_ws/build/sllidar_ros2': CMAKE_PREFIX_PATH=/opt/ros/humble /usr/bin/cmake --install /home/tim3145/espers2_ws/build/sllidar_ros2
[44.944s] Level 1:colcon.colcon_core.environment:create_environment_scripts_only(sllidar_ros2)
[44.944s] Level 1:colcon.colcon_core.environment:checking '/home/tim3145/espers2_ws/install/sllidar_ros2' for CMake module files
[44.945s] DEBUG:colcon.colcon_core.event_handler.log_command:Invoked command in '/home/tim3145/espers2_ws/build/sllidar_ros2' returned '0': CMAKE_PREFIX_PATH=/opt/ros/humble /usr/bin/cmake --install /home/tim3145/espers2_ws/build/sllidar_ros2
[44.946s] Level 1:colcon.colcon_core.environment:checking '/home/tim3145/espers2_ws/install/sllidar_ros2' for CMake config files
[44.946s] Level 1:colcon.colcon_core.shell:create_environment_hook('sllidar_ros2', 'cmake_prefix_path')
[44.947s] INFO:colcon.colcon_core.shell:Creating environment hook '/home/tim3145/espers2_ws/install/sllidar_ros2/share/sllidar_ros2/hook/cmake_prefix_path.ps1'
[44.947s] INFO:colcon.colcon_core.shell:Creating environment descriptor '/home/tim3145/espers2_ws/install/sllidar_ros2/share/sllidar_ros2/hook/cmake_prefix_path.dsv'
[44.948s] INFO:colcon.colcon_core.shell:Creating environment hook '/home/tim3145/espers2_ws/install/sllidar_ros2/share/sllidar_ros2/hook/cmake_prefix_path.sh'
[44.949s] Level 1:colcon.colcon_core.environment:checking '/home/tim3145/espers2_ws/install/sllidar_ros2/lib'
[44.949s] Level 1:colcon.colcon_core.environment:checking '/home/tim3145/espers2_ws/install/sllidar_ros2/bin'
[44.949s] Level 1:colcon.colcon_core.environment:checking '/home/tim3145/espers2_ws/install/sllidar_ros2/lib/pkgconfig/sllidar_ros2.pc'
[44.949s] Level 1:colcon.colcon_core.environment:checking '/home/tim3145/espers2_ws/install/sllidar_ros2/lib/python3.10/site-packages'
[44.949s] Level 1:colcon.colcon_core.environment:checking '/home/tim3145/espers2_ws/install/sllidar_ros2/bin'
[44.950s] INFO:colcon.colcon_core.shell:Creating package script '/home/tim3145/espers2_ws/install/sllidar_ros2/share/sllidar_ros2/package.ps1'
[44.951s] INFO:colcon.colcon_core.shell:Creating package descriptor '/home/tim3145/espers2_ws/install/sllidar_ros2/share/sllidar_ros2/package.dsv'
[44.951s] INFO:colcon.colcon_core.shell:Creating package script '/home/tim3145/espers2_ws/install/sllidar_ros2/share/sllidar_ros2/package.sh'
[44.952s] INFO:colcon.colcon_core.shell:Creating package script '/home/tim3145/espers2_ws/install/sllidar_ros2/share/sllidar_ros2/package.bash'
[44.952s] INFO:colcon.colcon_core.shell:Creating package script '/home/tim3145/espers2_ws/install/sllidar_ros2/share/sllidar_ros2/package.zsh'
[44.953s] Level 1:colcon.colcon_core.environment:create_file_with_runtime_dependencies(/home/tim3145/espers2_ws/install/sllidar_ros2/share/colcon-core/packages/sllidar_ros2)
[45.071s] Level 1:colcon.colcon_core.environment:create_environment_scripts_only(sllidar_ros2)
[45.072s] Level 1:colcon.colcon_core.environment:checking '/home/tim3145/espers2_ws/install/sllidar_ros2' for CMake module files
[45.073s] Level 1:colcon.colcon_core.environment:checking '/home/tim3145/espers2_ws/install/sllidar_ros2' for CMake config files
[45.074s] Level 1:colcon.colcon_core.shell:create_environment_hook('sllidar_ros2', 'cmake_prefix_path')
[45.074s] INFO:colcon.colcon_core.shell:Creating environment hook '/home/tim3145/espers2_ws/install/sllidar_ros2/share/sllidar_ros2/hook/cmake_prefix_path.ps1'
[45.075s] INFO:colcon.colcon_core.shell:Creating environment descriptor '/home/tim3145/espers2_ws/install/sllidar_ros2/share/sllidar_ros2/hook/cmake_prefix_path.dsv'
[45.076s] INFO:colcon.colcon_core.shell:Creating environment hook '/home/tim3145/espers2_ws/install/sllidar_ros2/share/sllidar_ros2/hook/cmake_prefix_path.sh'
[45.077s] Level 1:colcon.colcon_core.environment:checking '/home/tim3145/espers2_ws/install/sllidar_ros2/lib'
[45.077s] Level 1:colcon.colcon_core.environment:checking '/home/tim3145/espers2_ws/install/sllidar_ros2/bin'
[45.077s] Level 1:colcon.colcon_core.environment:checking '/home/tim3145/espers2_ws/install/sllidar_ros2/lib/pkgconfig/sllidar_ros2.pc'
[45.078s] Level 1:colcon.colcon_core.environment:checking '/home/tim3145/espers2_ws/install/sllidar_ros2/lib/python3.10/site-packages'
[45.078s] Level 1:colcon.colcon_core.environment:checking '/home/tim3145/espers2_ws/install/sllidar_ros2/bin'
[45.078s] INFO:colcon.colcon_core.shell:Creating package script '/home/tim3145/espers2_ws/install/sllidar_ros2/share/sllidar_ros2/package.ps1'
[45.079s] INFO:colcon.colcon_core.shell:Creating package descriptor '/home/tim3145/espers2_ws/install/sllidar_ros2/share/sllidar_ros2/package.dsv'
[45.080s] INFO:colcon.colcon_core.shell:Creating package script '/home/tim3145/espers2_ws/install/sllidar_ros2/share/sllidar_ros2/package.sh'
[45.081s] INFO:colcon.colcon_core.shell:Creating package script '/home/tim3145/espers2_ws/install/sllidar_ros2/share/sllidar_ros2/package.bash'
[45.081s] INFO:colcon.colcon_core.shell:Creating package script '/home/tim3145/espers2_ws/install/sllidar_ros2/share/sllidar_ros2/package.zsh'
[45.082s] Level 1:colcon.colcon_core.environment:create_file_with_runtime_dependencies(/home/tim3145/espers2_ws/install/sllidar_ros2/share/colcon-core/packages/sllidar_ros2)
[49.005s] DEBUG:colcon.colcon_core.event_handler.log_command:Invoked command in '/home/tim3145/espers2_ws/build/rplidar_ros' returned '0': CMAKE_PREFIX_PATH=/opt/ros/humble /usr/bin/cmake --build /home/tim3145/espers2_ws/build/rplidar_ros -- -j4 -l4
[49.115s] DEBUG:colcon.colcon_core.event_handler.log_command:Invoking command in '/home/tim3145/espers2_ws/build/rplidar_ros': CMAKE_PREFIX_PATH=/opt/ros/humble /usr/bin/cmake --install /home/tim3145/espers2_ws/build/rplidar_ros
[49.733s] Level 1:colcon.colcon_core.environment:create_environment_scripts_only(rplidar_ros)
[49.733s] Level 1:colcon.colcon_core.environment:checking '/home/tim3145/espers2_ws/install/rplidar_ros' for CMake module files
[49.734s] DEBUG:colcon.colcon_core.event_handler.log_command:Invoked command in '/home/tim3145/espers2_ws/build/rplidar_ros' returned '0': CMAKE_PREFIX_PATH=/opt/ros/humble /usr/bin/cmake --install /home/tim3145/espers2_ws/build/rplidar_ros
[49.734s] Level 1:colcon.colcon_core.environment:checking '/home/tim3145/espers2_ws/install/rplidar_ros' for CMake config files
[49.735s] Level 1:colcon.colcon_core.shell:create_environment_hook('rplidar_ros', 'cmake_prefix_path')
[49.735s] INFO:colcon.colcon_core.shell:Creating environment hook '/home/tim3145/espers2_ws/install/rplidar_ros/share/rplidar_ros/hook/cmake_prefix_path.ps1'
[49.736s] INFO:colcon.colcon_core.shell:Creating environment descriptor '/home/tim3145/espers2_ws/install/rplidar_ros/share/rplidar_ros/hook/cmake_prefix_path.dsv'
[49.736s] INFO:colcon.colcon_core.shell:Creating environment hook '/home/tim3145/espers2_ws/install/rplidar_ros/share/rplidar_ros/hook/cmake_prefix_path.sh'
[49.737s] Level 1:colcon.colcon_core.environment:checking '/home/tim3145/espers2_ws/install/rplidar_ros/lib'
[49.737s] Level 1:colcon.colcon_core.environment:checking '/home/tim3145/espers2_ws/install/rplidar_ros/bin'
[49.737s] Level 1:colcon.colcon_core.environment:checking '/home/tim3145/espers2_ws/install/rplidar_ros/lib/pkgconfig/rplidar_ros.pc'
[49.737s] Level 1:colcon.colcon_core.environment:checking '/home/tim3145/espers2_ws/install/rplidar_ros/lib/python3.10/site-packages'
[49.738s] Level 1:colcon.colcon_core.environment:checking '/home/tim3145/espers2_ws/install/rplidar_ros/bin'
[49.738s] INFO:colcon.colcon_core.shell:Creating package script '/home/tim3145/espers2_ws/install/rplidar_ros/share/rplidar_ros/package.ps1'
[49.739s] INFO:colcon.colcon_core.shell:Creating package descriptor '/home/tim3145/espers2_ws/install/rplidar_ros/share/rplidar_ros/package.dsv'
[49.740s] INFO:colcon.colcon_core.shell:Creating package script '/home/tim3145/espers2_ws/install/rplidar_ros/share/rplidar_ros/package.sh'
[49.740s] INFO:colcon.colcon_core.shell:Creating package script '/home/tim3145/espers2_ws/install/rplidar_ros/share/rplidar_ros/package.bash'
[49.741s] INFO:colcon.colcon_core.shell:Creating package script '/home/tim3145/espers2_ws/install/rplidar_ros/share/rplidar_ros/package.zsh'
[49.741s] Level 1:colcon.colcon_core.environment:create_file_with_runtime_dependencies(/home/tim3145/espers2_ws/install/rplidar_ros/share/colcon-core/packages/rplidar_ros)
[49.848s] Level 1:colcon.colcon_core.environment:create_environment_scripts_only(rplidar_ros)
[49.849s] Level 1:colcon.colcon_core.environment:checking '/home/tim3145/espers2_ws/install/rplidar_ros' for CMake module files
[49.850s] Level 1:colcon.colcon_core.environment:checking '/home/tim3145/espers2_ws/install/rplidar_ros' for CMake config files
[49.851s] Level 1:colcon.colcon_core.shell:create_environment_hook('rplidar_ros', 'cmake_prefix_path')
[49.851s] INFO:colcon.colcon_core.shell:Creating environment hook '/home/tim3145/espers2_ws/install/rplidar_ros/share/rplidar_ros/hook/cmake_prefix_path.ps1'
[49.852s] INFO:colcon.colcon_core.shell:Creating environment descriptor '/home/tim3145/espers2_ws/install/rplidar_ros/share/rplidar_ros/hook/cmake_prefix_path.dsv'
[49.852s] INFO:colcon.colcon_core.shell:Creating environment hook '/home/tim3145/espers2_ws/install/rplidar_ros/share/rplidar_ros/hook/cmake_prefix_path.sh'
[49.853s] Level 1:colcon.colcon_core.environment:checking '/home/tim3145/espers2_ws/install/rplidar_ros/lib'
[49.853s] Level 1:colcon.colcon_core.environment:checking '/home/tim3145/espers2_ws/install/rplidar_ros/bin'
[49.853s] Level 1:colcon.colcon_core.environment:checking '/home/tim3145/espers2_ws/install/rplidar_ros/lib/pkgconfig/rplidar_ros.pc'
[49.853s] Level 1:colcon.colcon_core.environment:checking '/home/tim3145/espers2_ws/install/rplidar_ros/lib/python3.10/site-packages'
[49.854s] Level 1:colcon.colcon_core.environment:checking '/home/tim3145/espers2_ws/install/rplidar_ros/bin'
[49.854s] INFO:colcon.colcon_core.shell:Creating package script '/home/tim3145/espers2_ws/install/rplidar_ros/share/rplidar_ros/package.ps1'
[49.855s] INFO:colcon.colcon_core.shell:Creating package descriptor '/home/tim3145/espers2_ws/install/rplidar_ros/share/rplidar_ros/package.dsv'
[49.856s] INFO:colcon.colcon_core.shell:Creating package script '/home/tim3145/espers2_ws/install/rplidar_ros/share/rplidar_ros/package.sh'
[49.857s] INFO:colcon.colcon_core.shell:Creating package script '/home/tim3145/espers2_ws/install/rplidar_ros/share/rplidar_ros/package.bash'
[49.858s] INFO:colcon.colcon_core.shell:Creating package script '/home/tim3145/espers2_ws/install/rplidar_ros/share/rplidar_ros/package.zsh'
[49.859s] Level 1:colcon.colcon_core.environment:create_file_with_runtime_dependencies(/home/tim3145/espers2_ws/install/rplidar_ros/share/colcon-core/packages/rplidar_ros)
[49.860s] DEBUG:colcon.colcon_parallel_executor.executor.parallel:closing loop
[49.861s] DEBUG:colcon.colcon_parallel_executor.executor.parallel:loop closed
[49.861s] DEBUG:colcon.colcon_parallel_executor.executor.parallel:run_until_complete finished with '0'
[49.861s] DEBUG:colcon.colcon_core.event_reactor:joining thread
[49.895s] INFO:colcon.colcon_core.plugin_system:Skipping extension 'colcon_notification.desktop_notification.terminal_notifier': Not used on non-Darwin systems
[49.895s] INFO:colcon.colcon_core.plugin_system:Skipping extension 'colcon_notification.desktop_notification.win32': Not used on non-Windows systems
[49.895s] INFO:colcon.colcon_notification.desktop_notification:Sending desktop notification using 'notify2'
[49.912s] DEBUG:colcon.colcon_core.event_reactor:joined thread
[49.912s] INFO:colcon.colcon_core.shell:Creating prefix script '/home/tim3145/espers2_ws/install/local_setup.ps1'
[49.915s] INFO:colcon.colcon_core.shell:Creating prefix util module '/home/tim3145/espers2_ws/install/_local_setup_util_ps1.py'
[49.918s] INFO:colcon.colcon_core.shell:Creating prefix chain script '/home/tim3145/espers2_ws/install/setup.ps1'
[49.921s] INFO:colcon.colcon_core.shell:Creating prefix script '/home/tim3145/espers2_ws/install/local_setup.sh'
[49.922s] INFO:colcon.colcon_core.shell:Creating prefix util module '/home/tim3145/espers2_ws/install/_local_setup_util_sh.py'
[49.923s] INFO:colcon.colcon_core.shell:Creating prefix chain script '/home/tim3145/espers2_ws/install/setup.sh'
[49.926s] INFO:colcon.colcon_core.shell:Creating prefix script '/home/tim3145/espers2_ws/install/local_setup.bash'
[49.927s] INFO:colcon.colcon_core.shell:Creating prefix chain script '/home/tim3145/espers2_ws/install/setup.bash'
[49.929s] INFO:colcon.colcon_core.shell:Creating prefix script '/home/tim3145/espers2_ws/install/local_setup.zsh'
[49.930s] INFO:colcon.colcon_core.shell:Creating prefix chain script '/home/tim3145/espers2_ws/install/setup.zsh'
