[0.178s] DEBUG:colcon:Command line arguments: ['/usr/bin/colcon', 'build', '--symlink-install']
[0.178s] DEBUG:colcon:Parsed command line arguments: Namespace(log_base=None, log_level=None, verb_name='build', build_base='build', install_base='install', merge_install=False, symlink_install=True, test_result_base=None, continue_on_error=False, executor='parallel', parallel_workers=4, event_handlers=None, ignore_user_meta=False, metas=['./colcon.meta'], base_paths=['.'], packages_ignore=None, packages_ignore_regex=None, paths=None, packages_up_to=None, packages_up_to_regex=None, packages_above=None, packages_above_and_dependencies=None, packages_above_depth=None, packages_select_by_dep=None, packages_skip_by_dep=None, packages_skip_up_to=None, packages_select_build_failed=False, packages_skip_build_finished=False, packages_select_test_failures=False, packages_skip_test_passed=False, packages_select=None, packages_skip=None, packages_select_regex=None, packages_skip_regex=None, packages_start=None, packages_end=None, allow_overriding=[], cmake_args=None, cmake_target=None, cmake_target_skip_unavailable=False, cmake_clean_cache=False, cmake_clean_first=False, cmake_force_configure=False, ament_cmake_args=None, catkin_cmake_args=None, catkin_skip_building_tests=False, mixin_files=None, mixin=None, verb_parser=<colcon_mixin.mixin.mixin_argument.MixinArgumentDecorator object at 0x7ab0195321a0>, verb_extension=<colcon_core.verb.build.BuildVerb object at 0x7ab019531cf0>, main=<bound method BuildVerb.main of <colcon_core.verb.build.BuildVerb object at 0x7ab019531cf0>>, mixin_verb=('build',))
[0.496s] Level 1:colcon.colcon_core.package_discovery:discover_packages(colcon_meta) check parameters
[0.496s] Level 1:colcon.colcon_core.package_discovery:discover_packages(recursive) check parameters
[0.496s] Level 1:colcon.colcon_core.package_discovery:discover_packages(ignore) check parameters
[0.496s] Level 1:colcon.colcon_core.package_discovery:discover_packages(path) check parameters
[0.496s] Level 1:colcon.colcon_core.package_discovery:discover_packages(colcon_meta) discover
[0.496s] Level 1:colcon.colcon_core.package_discovery:discover_packages(recursive) discover
[0.496s] INFO:colcon.colcon_core.package_discovery:Crawling recursively for packages in '/home/tim3145/espers2_ws'
[0.497s] Level 1:colcon.colcon_core.package_identification:_identify(.) by extensions ['ignore', 'ignore_ament_install']
[0.497s] Level 1:colcon.colcon_core.package_identification:_identify(.) by extension 'ignore'
[0.497s] Level 1:colcon.colcon_core.package_identification:_identify(.) by extension 'ignore_ament_install'
[0.497s] Level 1:colcon.colcon_core.package_identification:_identify(.) by extensions ['colcon_pkg']
[0.497s] Level 1:colcon.colcon_core.package_identification:_identify(.) by extension 'colcon_pkg'
[0.497s] Level 1:colcon.colcon_core.package_identification:_identify(.) by extensions ['colcon_meta']
[0.497s] Level 1:colcon.colcon_core.package_identification:_identify(.) by extension 'colcon_meta'
[0.497s] Level 1:colcon.colcon_core.package_identification:_identify(.) by extensions ['ros']
[0.497s] Level 1:colcon.colcon_core.package_identification:_identify(.) by extension 'ros'
[0.516s] Level 1:colcon.colcon_core.package_identification:_identify(.) by extensions ['cmake', 'python']
[0.516s] Level 1:colcon.colcon_core.package_identification:_identify(.) by extension 'cmake'
[0.516s] Level 1:colcon.colcon_core.package_identification:_identify(.) by extension 'python'
[0.516s] Level 1:colcon.colcon_core.package_identification:_identify(.) by extensions ['python_setup_py']
[0.516s] Level 1:colcon.colcon_core.package_identification:_identify(.) by extension 'python_setup_py'
[0.516s] Level 1:colcon.colcon_core.package_identification:_identify(build) by extensions ['ignore', 'ignore_ament_install']
[0.516s] Level 1:colcon.colcon_core.package_identification:_identify(build) by extension 'ignore'
[0.517s] Level 1:colcon.colcon_core.package_identification:_identify(build) ignored
[0.517s] Level 1:colcon.colcon_core.package_identification:_identify(install) by extensions ['ignore', 'ignore_ament_install']
[0.517s] Level 1:colcon.colcon_core.package_identification:_identify(install) by extension 'ignore'
[0.517s] Level 1:colcon.colcon_core.package_identification:_identify(install) ignored
[0.517s] Level 1:colcon.colcon_core.package_identification:_identify(log) by extensions ['ignore', 'ignore_ament_install']
[0.517s] Level 1:colcon.colcon_core.package_identification:_identify(log) by extension 'ignore'
[0.517s] Level 1:colcon.colcon_core.package_identification:_identify(log) ignored
[0.517s] Level 1:colcon.colcon_core.package_identification:_identify(robot_edit.ino) by extensions ['ignore', 'ignore_ament_install']
[0.518s] Level 1:colcon.colcon_core.package_identification:_identify(robot_edit.ino) by extension 'ignore'
[0.518s] Level 1:colcon.colcon_core.package_identification:_identify(robot_edit.ino) by extension 'ignore_ament_install'
[0.518s] Level 1:colcon.colcon_core.package_identification:_identify(robot_edit.ino) by extensions ['colcon_pkg']
[0.518s] Level 1:colcon.colcon_core.package_identification:_identify(robot_edit.ino) by extension 'colcon_pkg'
[0.518s] Level 1:colcon.colcon_core.package_identification:_identify(robot_edit.ino) by extensions ['colcon_meta']
[0.518s] Level 1:colcon.colcon_core.package_identification:_identify(robot_edit.ino) by extension 'colcon_meta'
[0.518s] Level 1:colcon.colcon_core.package_identification:_identify(robot_edit.ino) by extensions ['ros']
[0.518s] Level 1:colcon.colcon_core.package_identification:_identify(robot_edit.ino) by extension 'ros'
[0.518s] Level 1:colcon.colcon_core.package_identification:_identify(robot_edit.ino) by extensions ['cmake', 'python']
[0.518s] Level 1:colcon.colcon_core.package_identification:_identify(robot_edit.ino) by extension 'cmake'
[0.518s] Level 1:colcon.colcon_core.package_identification:_identify(robot_edit.ino) by extension 'python'
[0.518s] Level 1:colcon.colcon_core.package_identification:_identify(robot_edit.ino) by extensions ['python_setup_py']
[0.518s] Level 1:colcon.colcon_core.package_identification:_identify(robot_edit.ino) by extension 'python_setup_py'
[0.518s] Level 1:colcon.colcon_core.package_identification:_identify(src) by extensions ['ignore', 'ignore_ament_install']
[0.519s] Level 1:colcon.colcon_core.package_identification:_identify(src) by extension 'ignore'
[0.519s] Level 1:colcon.colcon_core.package_identification:_identify(src) by extension 'ignore_ament_install'
[0.519s] Level 1:colcon.colcon_core.package_identification:_identify(src) by extensions ['colcon_pkg']
[0.519s] Level 1:colcon.colcon_core.package_identification:_identify(src) by extension 'colcon_pkg'
[0.519s] Level 1:colcon.colcon_core.package_identification:_identify(src) by extensions ['colcon_meta']
[0.519s] Level 1:colcon.colcon_core.package_identification:_identify(src) by extension 'colcon_meta'
[0.519s] Level 1:colcon.colcon_core.package_identification:_identify(src) by extensions ['ros']
[0.519s] Level 1:colcon.colcon_core.package_identification:_identify(src) by extension 'ros'
[0.519s] Level 1:colcon.colcon_core.package_identification:_identify(src) by extensions ['cmake', 'python']
[0.519s] Level 1:colcon.colcon_core.package_identification:_identify(src) by extension 'cmake'
[0.519s] Level 1:colcon.colcon_core.package_identification:_identify(src) by extension 'python'
[0.519s] Level 1:colcon.colcon_core.package_identification:_identify(src) by extensions ['python_setup_py']
[0.519s] Level 1:colcon.colcon_core.package_identification:_identify(src) by extension 'python_setup_py'
[0.519s] Level 1:colcon.colcon_core.package_identification:_identify(src/arduino_bridge) by extensions ['ignore', 'ignore_ament_install']
[0.520s] Level 1:colcon.colcon_core.package_identification:_identify(src/arduino_bridge) by extension 'ignore'
[0.520s] Level 1:colcon.colcon_core.package_identification:_identify(src/arduino_bridge) by extension 'ignore_ament_install'
[0.520s] Level 1:colcon.colcon_core.package_identification:_identify(src/arduino_bridge) by extensions ['colcon_pkg']
[0.520s] Level 1:colcon.colcon_core.package_identification:_identify(src/arduino_bridge) by extension 'colcon_pkg'
[0.520s] Level 1:colcon.colcon_core.package_identification:_identify(src/arduino_bridge) by extensions ['colcon_meta']
[0.520s] Level 1:colcon.colcon_core.package_identification:_identify(src/arduino_bridge) by extension 'colcon_meta'
[0.520s] Level 1:colcon.colcon_core.package_identification:_identify(src/arduino_bridge) by extensions ['ros']
[0.520s] Level 1:colcon.colcon_core.package_identification:_identify(src/arduino_bridge) by extension 'ros'
[0.524s] DEBUG:colcon.colcon_core.package_identification:Package 'src/arduino_bridge' with type 'ros.catkin' and name 'arduino_bridge'
[0.524s] Level 1:colcon.colcon_core.package_identification:_identify(src/diffbot_description) by extensions ['ignore', 'ignore_ament_install']
[0.524s] Level 1:colcon.colcon_core.package_identification:_identify(src/diffbot_description) by extension 'ignore'
[0.524s] Level 1:colcon.colcon_core.package_identification:_identify(src/diffbot_description) by extension 'ignore_ament_install'
[0.524s] Level 1:colcon.colcon_core.package_identification:_identify(src/diffbot_description) by extensions ['colcon_pkg']
[0.524s] Level 1:colcon.colcon_core.package_identification:_identify(src/diffbot_description) by extension 'colcon_pkg'
[0.524s] Level 1:colcon.colcon_core.package_identification:_identify(src/diffbot_description) by extensions ['colcon_meta']
[0.524s] Level 1:colcon.colcon_core.package_identification:_identify(src/diffbot_description) by extension 'colcon_meta'
[0.525s] Level 1:colcon.colcon_core.package_identification:_identify(src/diffbot_description) by extensions ['ros']
[0.525s] Level 1:colcon.colcon_core.package_identification:_identify(src/diffbot_description) by extension 'ros'
[0.526s] DEBUG:colcon.colcon_core.package_identification:Package 'src/diffbot_description' with type 'ros.ament_cmake' and name 'diffbot_description'
[0.526s] Level 1:colcon.colcon_core.package_identification:_identify(src/rplidar_ros) by extensions ['ignore', 'ignore_ament_install']
[0.527s] Level 1:colcon.colcon_core.package_identification:_identify(src/rplidar_ros) by extension 'ignore'
[0.527s] Level 1:colcon.colcon_core.package_identification:_identify(src/rplidar_ros) by extension 'ignore_ament_install'
[0.527s] Level 1:colcon.colcon_core.package_identification:_identify(src/rplidar_ros) by extensions ['colcon_pkg']
[0.527s] Level 1:colcon.colcon_core.package_identification:_identify(src/rplidar_ros) by extension 'colcon_pkg'
[0.527s] Level 1:colcon.colcon_core.package_identification:_identify(src/rplidar_ros) by extensions ['colcon_meta']
[0.527s] Level 1:colcon.colcon_core.package_identification:_identify(src/rplidar_ros) by extension 'colcon_meta'
[0.527s] Level 1:colcon.colcon_core.package_identification:_identify(src/rplidar_ros) by extensions ['ros']
[0.527s] Level 1:colcon.colcon_core.package_identification:_identify(src/rplidar_ros) by extension 'ros'
[0.528s] DEBUG:colcon.colcon_core.package_identification:Package 'src/rplidar_ros' with type 'ros.ament_cmake' and name 'rplidar_ros'
[0.528s] Level 1:colcon.colcon_core.package_identification:_identify(src/sllidar_ros2) by extensions ['ignore', 'ignore_ament_install']
[0.528s] Level 1:colcon.colcon_core.package_identification:_identify(src/sllidar_ros2) by extension 'ignore'
[0.528s] Level 1:colcon.colcon_core.package_identification:_identify(src/sllidar_ros2) by extension 'ignore_ament_install'
[0.528s] Level 1:colcon.colcon_core.package_identification:_identify(src/sllidar_ros2) by extensions ['colcon_pkg']
[0.529s] Level 1:colcon.colcon_core.package_identification:_identify(src/sllidar_ros2) by extension 'colcon_pkg'
[0.529s] Level 1:colcon.colcon_core.package_identification:_identify(src/sllidar_ros2) by extensions ['colcon_meta']
[0.529s] Level 1:colcon.colcon_core.package_identification:_identify(src/sllidar_ros2) by extension 'colcon_meta'
[0.529s] Level 1:colcon.colcon_core.package_identification:_identify(src/sllidar_ros2) by extensions ['ros']
[0.529s] Level 1:colcon.colcon_core.package_identification:_identify(src/sllidar_ros2) by extension 'ros'
[0.530s] DEBUG:colcon.colcon_core.package_identification:Package 'src/sllidar_ros2' with type 'ros.ament_cmake' and name 'sllidar_ros2'
[0.530s] Level 1:colcon.colcon_core.package_discovery:discover_packages(recursive) using defaults
[0.530s] Level 1:colcon.colcon_core.package_discovery:discover_packages(ignore) discover
[0.530s] Level 1:colcon.colcon_core.package_discovery:discover_packages(ignore) using defaults
[0.530s] Level 1:colcon.colcon_core.package_discovery:discover_packages(path) discover
[0.530s] Level 1:colcon.colcon_core.package_discovery:discover_packages(path) using defaults
[0.560s] Level 1:colcon.colcon_core.package_discovery:discover_packages(prefix_path) check parameters
[0.560s] Level 1:colcon.colcon_core.package_discovery:discover_packages(prefix_path) discover
[0.563s] DEBUG:colcon.colcon_installed_package_information.package_discovery:Found 4 installed packages in /home/tim3145/espers2_ws/install
[0.566s] DEBUG:colcon.colcon_installed_package_information.package_discovery:Found 428 installed packages in /opt/ros/humble
[0.582s] Level 1:colcon.colcon_core.package_discovery:discover_packages(prefix_path) using defaults
[0.663s] Level 5:colcon.colcon_core.verb:set package 'arduino_bridge' build argument 'cmake_args' from command line to 'None'
[0.663s] Level 5:colcon.colcon_core.verb:set package 'arduino_bridge' build argument 'cmake_target' from command line to 'None'
[0.663s] Level 5:colcon.colcon_core.verb:set package 'arduino_bridge' build argument 'cmake_target_skip_unavailable' from command line to 'False'
[0.663s] Level 5:colcon.colcon_core.verb:set package 'arduino_bridge' build argument 'cmake_clean_cache' from command line to 'False'
[0.663s] Level 5:colcon.colcon_core.verb:set package 'arduino_bridge' build argument 'cmake_clean_first' from command line to 'False'
[0.663s] Level 5:colcon.colcon_core.verb:set package 'arduino_bridge' build argument 'cmake_force_configure' from command line to 'False'
[0.663s] Level 5:colcon.colcon_core.verb:set package 'arduino_bridge' build argument 'ament_cmake_args' from command line to 'None'
[0.663s] Level 5:colcon.colcon_core.verb:set package 'arduino_bridge' build argument 'catkin_cmake_args' from command line to 'None'
[0.663s] Level 5:colcon.colcon_core.verb:set package 'arduino_bridge' build argument 'catkin_skip_building_tests' from command line to 'False'
[0.663s] DEBUG:colcon.colcon_core.verb:Building package 'arduino_bridge' with the following arguments: {'ament_cmake_args': None, 'build_base': '/home/tim3145/espers2_ws/build/arduino_bridge', 'catkin_cmake_args': None, 'catkin_skip_building_tests': False, 'cmake_args': None, 'cmake_clean_cache': False, 'cmake_clean_first': False, 'cmake_force_configure': False, 'cmake_target': None, 'cmake_target_skip_unavailable': False, 'install_base': '/home/tim3145/espers2_ws/install/arduino_bridge', 'merge_install': False, 'path': '/home/tim3145/espers2_ws/src/arduino_bridge', 'symlink_install': True, 'test_result_base': None}
[0.664s] Level 5:colcon.colcon_core.verb:set package 'diffbot_description' build argument 'cmake_args' from command line to 'None'
[0.664s] Level 5:colcon.colcon_core.verb:set package 'diffbot_description' build argument 'cmake_target' from command line to 'None'
[0.664s] Level 5:colcon.colcon_core.verb:set package 'diffbot_description' build argument 'cmake_target_skip_unavailable' from command line to 'False'
[0.664s] Level 5:colcon.colcon_core.verb:set package 'diffbot_description' build argument 'cmake_clean_cache' from command line to 'False'
[0.664s] Level 5:colcon.colcon_core.verb:set package 'diffbot_description' build argument 'cmake_clean_first' from command line to 'False'
[0.664s] Level 5:colcon.colcon_core.verb:set package 'diffbot_description' build argument 'cmake_force_configure' from command line to 'False'
[0.664s] Level 5:colcon.colcon_core.verb:set package 'diffbot_description' build argument 'ament_cmake_args' from command line to 'None'
[0.664s] Level 5:colcon.colcon_core.verb:set package 'diffbot_description' build argument 'catkin_cmake_args' from command line to 'None'
[0.664s] Level 5:colcon.colcon_core.verb:set package 'diffbot_description' build argument 'catkin_skip_building_tests' from command line to 'False'
[0.664s] DEBUG:colcon.colcon_core.verb:Building package 'diffbot_description' with the following arguments: {'ament_cmake_args': None, 'build_base': '/home/tim3145/espers2_ws/build/diffbot_description', 'catkin_cmake_args': None, 'catkin_skip_building_tests': False, 'cmake_args': None, 'cmake_clean_cache': False, 'cmake_clean_first': False, 'cmake_force_configure': False, 'cmake_target': None, 'cmake_target_skip_unavailable': False, 'install_base': '/home/tim3145/espers2_ws/install/diffbot_description', 'merge_install': False, 'path': '/home/tim3145/espers2_ws/src/diffbot_description', 'symlink_install': True, 'test_result_base': None}
[0.665s] Level 5:colcon.colcon_core.verb:set package 'rplidar_ros' build argument 'cmake_args' from command line to 'None'
[0.665s] Level 5:colcon.colcon_core.verb:set package 'rplidar_ros' build argument 'cmake_target' from command line to 'None'
[0.665s] Level 5:colcon.colcon_core.verb:set package 'rplidar_ros' build argument 'cmake_target_skip_unavailable' from command line to 'False'
[0.665s] Level 5:colcon.colcon_core.verb:set package 'rplidar_ros' build argument 'cmake_clean_cache' from command line to 'False'
[0.665s] Level 5:colcon.colcon_core.verb:set package 'rplidar_ros' build argument 'cmake_clean_first' from command line to 'False'
[0.665s] Level 5:colcon.colcon_core.verb:set package 'rplidar_ros' build argument 'cmake_force_configure' from command line to 'False'
[0.665s] Level 5:colcon.colcon_core.verb:set package 'rplidar_ros' build argument 'ament_cmake_args' from command line to 'None'
[0.665s] Level 5:colcon.colcon_core.verb:set package 'rplidar_ros' build argument 'catkin_cmake_args' from command line to 'None'
[0.665s] Level 5:colcon.colcon_core.verb:set package 'rplidar_ros' build argument 'catkin_skip_building_tests' from command line to 'False'
[0.665s] DEBUG:colcon.colcon_core.verb:Building package 'rplidar_ros' with the following arguments: {'ament_cmake_args': None, 'build_base': '/home/tim3145/espers2_ws/build/rplidar_ros', 'catkin_cmake_args': None, 'catkin_skip_building_tests': False, 'cmake_args': None, 'cmake_clean_cache': False, 'cmake_clean_first': False, 'cmake_force_configure': False, 'cmake_target': None, 'cmake_target_skip_unavailable': False, 'install_base': '/home/tim3145/espers2_ws/install/rplidar_ros', 'merge_install': False, 'path': '/home/tim3145/espers2_ws/src/rplidar_ros', 'symlink_install': True, 'test_result_base': None}
[0.666s] Level 5:colcon.colcon_core.verb:set package 'sllidar_ros2' build argument 'cmake_args' from command line to 'None'
[0.666s] Level 5:colcon.colcon_core.verb:set package 'sllidar_ros2' build argument 'cmake_target' from command line to 'None'
[0.666s] Level 5:colcon.colcon_core.verb:set package 'sllidar_ros2' build argument 'cmake_target_skip_unavailable' from command line to 'False'
[0.666s] Level 5:colcon.colcon_core.verb:set package 'sllidar_ros2' build argument 'cmake_clean_cache' from command line to 'False'
[0.666s] Level 5:colcon.colcon_core.verb:set package 'sllidar_ros2' build argument 'cmake_clean_first' from command line to 'False'
[0.666s] Level 5:colcon.colcon_core.verb:set package 'sllidar_ros2' build argument 'cmake_force_configure' from command line to 'False'
[0.666s] Level 5:colcon.colcon_core.verb:set package 'sllidar_ros2' build argument 'ament_cmake_args' from command line to 'None'
[0.666s] Level 5:colcon.colcon_core.verb:set package 'sllidar_ros2' build argument 'catkin_cmake_args' from command line to 'None'
[0.666s] Level 5:colcon.colcon_core.verb:set package 'sllidar_ros2' build argument 'catkin_skip_building_tests' from command line to 'False'
[0.666s] DEBUG:colcon.colcon_core.verb:Building package 'sllidar_ros2' with the following arguments: {'ament_cmake_args': None, 'build_base': '/home/tim3145/espers2_ws/build/sllidar_ros2', 'catkin_cmake_args': None, 'catkin_skip_building_tests': False, 'cmake_args': None, 'cmake_clean_cache': False, 'cmake_clean_first': False, 'cmake_force_configure': False, 'cmake_target': None, 'cmake_target_skip_unavailable': False, 'install_base': '/home/tim3145/espers2_ws/install/sllidar_ros2', 'merge_install': False, 'path': '/home/tim3145/espers2_ws/src/sllidar_ros2', 'symlink_install': True, 'test_result_base': None}
[0.666s] INFO:colcon.colcon_core.executor:Executing jobs using 'parallel' executor
[0.668s] DEBUG:colcon.colcon_parallel_executor.executor.parallel:run_until_complete
[0.668s] INFO:colcon.colcon_ros.task.catkin.build:Building ROS package in '/home/tim3145/espers2_ws/src/arduino_bridge' with build type 'catkin'
[0.668s] INFO:colcon.colcon_cmake.task.cmake.build:Building CMake package in '/home/tim3145/espers2_ws/src/arduino_bridge'
[0.671s] INFO:colcon.colcon_core.plugin_system:Skipping extension 'colcon_core.shell.bat': Not used on non-Windows systems
[0.671s] INFO:colcon.colcon_core.shell:Skip shell extension 'powershell' for command environment: Not usable outside of PowerShell
[0.672s] DEBUG:colcon.colcon_core.shell:Skip shell extension 'dsv' for command environment
[0.678s] INFO:colcon.colcon_ros.task.ament_cmake.build:Building ROS package in '/home/tim3145/espers2_ws/src/diffbot_description' with build type 'ament_cmake'
[0.678s] INFO:colcon.colcon_cmake.task.cmake.build:Building CMake package in '/home/tim3145/espers2_ws/src/diffbot_description'
[0.678s] INFO:colcon.colcon_core.shell:Skip shell extension 'powershell' for command environment: Not usable outside of PowerShell
[0.678s] DEBUG:colcon.colcon_core.shell:Skip shell extension 'dsv' for command environment
[0.685s] INFO:colcon.colcon_ros.task.ament_cmake.build:Building ROS package in '/home/tim3145/espers2_ws/src/rplidar_ros' with build type 'ament_cmake'
[0.685s] INFO:colcon.colcon_cmake.task.cmake.build:Building CMake package in '/home/tim3145/espers2_ws/src/rplidar_ros'
[0.686s] INFO:colcon.colcon_core.shell:Skip shell extension 'powershell' for command environment: Not usable outside of PowerShell
[0.686s] DEBUG:colcon.colcon_core.shell:Skip shell extension 'dsv' for command environment
[0.692s] INFO:colcon.colcon_ros.task.ament_cmake.build:Building ROS package in '/home/tim3145/espers2_ws/src/sllidar_ros2' with build type 'ament_cmake'
[0.692s] INFO:colcon.colcon_cmake.task.cmake.build:Building CMake package in '/home/tim3145/espers2_ws/src/sllidar_ros2'
[0.692s] INFO:colcon.colcon_core.shell:Skip shell extension 'powershell' for command environment: Not usable outside of PowerShell
[0.693s] DEBUG:colcon.colcon_core.shell:Skip shell extension 'dsv' for command environment
[0.711s] DEBUG:colcon.colcon_core.event_handler.log_command:Invoking command in '/home/tim3145/espers2_ws/build/arduino_bridge': /usr/bin/cmake --build /home/tim3145/espers2_ws/build/arduino_bridge -- -j4 -l4
[0.718s] DEBUG:colcon.colcon_core.event_handler.log_command:Invoking command in '/home/tim3145/espers2_ws/build/diffbot_description': CMAKE_PREFIX_PATH=/home/tim3145/espers2_ws/install/sllidar_ros2:/home/tim3145/espers2_ws/install/rplidar_ros:/home/tim3145/espers2_ws/install/diffbot_description:/opt/ros/humble:/home/tim3145/espers2_ws/install/arduino_bridge /usr/bin/cmake --build /home/tim3145/espers2_ws/build/diffbot_description -- -j4 -l4
[0.724s] DEBUG:colcon.colcon_core.event_handler.log_command:Invoking command in '/home/tim3145/espers2_ws/build/rplidar_ros': CMAKE_PREFIX_PATH=/home/tim3145/espers2_ws/install/sllidar_ros2:/home/tim3145/espers2_ws/install/rplidar_ros:/home/tim3145/espers2_ws/install/diffbot_description:/opt/ros/humble:/home/tim3145/espers2_ws/install/arduino_bridge /usr/bin/cmake --build /home/tim3145/espers2_ws/build/rplidar_ros -- -j4 -l4
[0.732s] DEBUG:colcon.colcon_core.event_handler.log_command:Invoking command in '/home/tim3145/espers2_ws/build/sllidar_ros2': CMAKE_PREFIX_PATH=/home/tim3145/espers2_ws/install/sllidar_ros2:/home/tim3145/espers2_ws/install/rplidar_ros:/home/tim3145/espers2_ws/install/diffbot_description:/opt/ros/humble:/home/tim3145/espers2_ws/install/arduino_bridge /usr/bin/cmake --build /home/tim3145/espers2_ws/build/sllidar_ros2 -- -j4 -l4
[0.791s] DEBUG:colcon.colcon_core.event_handler.log_command:Invoked command in '/home/tim3145/espers2_ws/build/arduino_bridge' returned '0': /usr/bin/cmake --build /home/tim3145/espers2_ws/build/arduino_bridge -- -j4 -l4
[0.822s] DEBUG:colcon.colcon_core.event_handler.log_command:Invoked command in '/home/tim3145/espers2_ws/build/diffbot_description' returned '0': CMAKE_PREFIX_PATH=/home/tim3145/espers2_ws/install/sllidar_ros2:/home/tim3145/espers2_ws/install/rplidar_ros:/home/tim3145/espers2_ws/install/diffbot_description:/opt/ros/humble:/home/tim3145/espers2_ws/install/arduino_bridge /usr/bin/cmake --build /home/tim3145/espers2_ws/build/diffbot_description -- -j4 -l4
[0.939s] DEBUG:colcon.colcon_core.event_handler.log_command:Invoking command in '/home/tim3145/espers2_ws/build/diffbot_description': CMAKE_PREFIX_PATH=/home/tim3145/espers2_ws/install/sllidar_ros2:/home/tim3145/espers2_ws/install/rplidar_ros:/home/tim3145/espers2_ws/install/diffbot_description:/opt/ros/humble:/home/tim3145/espers2_ws/install/arduino_bridge /usr/bin/cmake --install /home/tim3145/espers2_ws/build/diffbot_description
[0.950s] DEBUG:colcon.colcon_core.event_handler.log_command:Invoking command in '/home/tim3145/espers2_ws/build/arduino_bridge': /usr/bin/cmake --install /home/tim3145/espers2_ws/build/arduino_bridge
[0.964s] DEBUG:colcon.colcon_core.event_handler.log_command:Invoked command in '/home/tim3145/espers2_ws/build/rplidar_ros' returned '0': CMAKE_PREFIX_PATH=/home/tim3145/espers2_ws/install/sllidar_ros2:/home/tim3145/espers2_ws/install/rplidar_ros:/home/tim3145/espers2_ws/install/diffbot_description:/opt/ros/humble:/home/tim3145/espers2_ws/install/arduino_bridge /usr/bin/cmake --build /home/tim3145/espers2_ws/build/rplidar_ros -- -j4 -l4
[0.983s] DEBUG:colcon.colcon_core.event_handler.log_command:Invoked command in '/home/tim3145/espers2_ws/build/arduino_bridge' returned '0': /usr/bin/cmake --install /home/tim3145/espers2_ws/build/arduino_bridge
[0.992s] DEBUG:colcon.colcon_core.event_handler.log_command:Invoked command in '/home/tim3145/espers2_ws/build/sllidar_ros2' returned '0': CMAKE_PREFIX_PATH=/home/tim3145/espers2_ws/install/sllidar_ros2:/home/tim3145/espers2_ws/install/rplidar_ros:/home/tim3145/espers2_ws/install/diffbot_description:/opt/ros/humble:/home/tim3145/espers2_ws/install/arduino_bridge /usr/bin/cmake --build /home/tim3145/espers2_ws/build/sllidar_ros2 -- -j4 -l4
[1.012s] Level 1:colcon.colcon_core.environment:create_environment_scripts_only(diffbot_description)
[1.014s] DEBUG:colcon.colcon_core.event_handler.log_command:Invoked command in '/home/tim3145/espers2_ws/build/diffbot_description' returned '0': CMAKE_PREFIX_PATH=/home/tim3145/espers2_ws/install/sllidar_ros2:/home/tim3145/espers2_ws/install/rplidar_ros:/home/tim3145/espers2_ws/install/diffbot_description:/opt/ros/humble:/home/tim3145/espers2_ws/install/arduino_bridge /usr/bin/cmake --install /home/tim3145/espers2_ws/build/diffbot_description
[1.021s] Level 1:colcon.colcon_core.environment:checking '/home/tim3145/espers2_ws/install/diffbot_description' for CMake module files
[1.023s] Level 1:colcon.colcon_core.environment:checking '/home/tim3145/espers2_ws/install/diffbot_description' for CMake config files
[1.024s] Level 1:colcon.colcon_core.shell:create_environment_hook('diffbot_description', 'cmake_prefix_path')
[1.024s] INFO:colcon.colcon_core.shell:Creating environment hook '/home/tim3145/espers2_ws/install/diffbot_description/share/diffbot_description/hook/cmake_prefix_path.ps1'
[1.027s] INFO:colcon.colcon_core.shell:Creating environment descriptor '/home/tim3145/espers2_ws/install/diffbot_description/share/diffbot_description/hook/cmake_prefix_path.dsv'
[1.028s] INFO:colcon.colcon_core.shell:Creating environment hook '/home/tim3145/espers2_ws/install/diffbot_description/share/diffbot_description/hook/cmake_prefix_path.sh'
[1.030s] Level 1:colcon.colcon_core.environment:checking '/home/tim3145/espers2_ws/install/diffbot_description/bin'
[1.030s] Level 1:colcon.colcon_core.environment:checking '/home/tim3145/espers2_ws/install/diffbot_description/lib/pkgconfig/diffbot_description.pc'
[1.030s] Level 1:colcon.colcon_core.environment:checking '/home/tim3145/espers2_ws/install/diffbot_description/lib/python3.10/site-packages'
[1.031s] Level 1:colcon.colcon_core.environment:checking '/home/tim3145/espers2_ws/install/diffbot_description/bin'
[1.032s] INFO:colcon.colcon_core.shell:Creating package script '/home/tim3145/espers2_ws/install/diffbot_description/share/diffbot_description/package.ps1'
[1.034s] INFO:colcon.colcon_core.shell:Creating package descriptor '/home/tim3145/espers2_ws/install/diffbot_description/share/diffbot_description/package.dsv'
[1.036s] INFO:colcon.colcon_core.shell:Creating package script '/home/tim3145/espers2_ws/install/diffbot_description/share/diffbot_description/package.sh'
[1.038s] INFO:colcon.colcon_core.shell:Creating package script '/home/tim3145/espers2_ws/install/diffbot_description/share/diffbot_description/package.bash'
[1.039s] INFO:colcon.colcon_core.shell:Creating package script '/home/tim3145/espers2_ws/install/diffbot_description/share/diffbot_description/package.zsh'
[1.041s] Level 1:colcon.colcon_core.environment:create_file_with_runtime_dependencies(/home/tim3145/espers2_ws/install/diffbot_description/share/colcon-core/packages/diffbot_description)
[1.045s] Level 1:colcon.colcon_core.shell:create_environment_hook('arduino_bridge', 'ros_package_path')
[1.045s] INFO:colcon.colcon_core.shell:Creating environment hook '/home/tim3145/espers2_ws/install/arduino_bridge/share/arduino_bridge/hook/ros_package_path.ps1'
[1.046s] INFO:colcon.colcon_core.shell:Creating environment descriptor '/home/tim3145/espers2_ws/install/arduino_bridge/share/arduino_bridge/hook/ros_package_path.dsv'
[1.047s] INFO:colcon.colcon_core.shell:Creating environment hook '/home/tim3145/espers2_ws/install/arduino_bridge/share/arduino_bridge/hook/ros_package_path.sh'
[1.049s] Level 1:colcon.colcon_core.shell:create_environment_hook('arduino_bridge', 'pkg_config_path')
[1.050s] INFO:colcon.colcon_core.shell:Creating environment hook '/home/tim3145/espers2_ws/install/arduino_bridge/share/arduino_bridge/hook/pkg_config_path.ps1'
[1.051s] INFO:colcon.colcon_core.shell:Creating environment descriptor '/home/tim3145/espers2_ws/install/arduino_bridge/share/arduino_bridge/hook/pkg_config_path.dsv'
[1.051s] INFO:colcon.colcon_core.shell:Creating environment hook '/home/tim3145/espers2_ws/install/arduino_bridge/share/arduino_bridge/hook/pkg_config_path.sh'
[1.056s] Level 1:colcon.colcon_core.shell:create_environment_hook('arduino_bridge', 'pkg_config_path_multiarch')
[1.056s] INFO:colcon.colcon_core.shell:Creating environment hook '/home/tim3145/espers2_ws/install/arduino_bridge/share/arduino_bridge/hook/pkg_config_path_multiarch.ps1'
[1.057s] INFO:colcon.colcon_core.shell:Creating environment descriptor '/home/tim3145/espers2_ws/install/arduino_bridge/share/arduino_bridge/hook/pkg_config_path_multiarch.dsv'
[1.058s] INFO:colcon.colcon_core.shell:Creating environment hook '/home/tim3145/espers2_ws/install/arduino_bridge/share/arduino_bridge/hook/pkg_config_path_multiarch.sh'
[1.061s] Level 1:colcon.colcon_core.environment:create_environment_scripts_only(arduino_bridge)
[1.062s] Level 1:colcon.colcon_core.environment:checking '/home/tim3145/espers2_ws/install/arduino_bridge' for CMake module files
[1.064s] Level 1:colcon.colcon_core.environment:checking '/home/tim3145/espers2_ws/install/arduino_bridge' for CMake config files
[1.065s] Level 1:colcon.colcon_core.shell:create_environment_hook('arduino_bridge', 'cmake_prefix_path')
[1.066s] INFO:colcon.colcon_core.shell:Creating environment hook '/home/tim3145/espers2_ws/install/arduino_bridge/share/arduino_bridge/hook/cmake_prefix_path.ps1'
[1.067s] INFO:colcon.colcon_core.shell:Creating environment descriptor '/home/tim3145/espers2_ws/install/arduino_bridge/share/arduino_bridge/hook/cmake_prefix_path.dsv'
[1.067s] INFO:colcon.colcon_core.shell:Creating environment hook '/home/tim3145/espers2_ws/install/arduino_bridge/share/arduino_bridge/hook/cmake_prefix_path.sh'
[1.069s] Level 1:colcon.colcon_core.environment:checking '/home/tim3145/espers2_ws/install/arduino_bridge/lib'
[1.069s] Level 1:colcon.colcon_core.environment:checking '/home/tim3145/espers2_ws/install/arduino_bridge/bin'
[1.070s] Level 1:colcon.colcon_core.environment:checking '/home/tim3145/espers2_ws/install/arduino_bridge/lib/pkgconfig/arduino_bridge.pc'
[1.070s] Level 1:colcon.colcon_core.environment:checking '/home/tim3145/espers2_ws/install/arduino_bridge/lib/python3.10/site-packages'
[1.071s] Level 1:colcon.colcon_core.environment:checking '/home/tim3145/espers2_ws/install/arduino_bridge/bin'
[1.073s] INFO:colcon.colcon_core.shell:Creating package script '/home/tim3145/espers2_ws/install/arduino_bridge/share/arduino_bridge/package.ps1'
[1.074s] INFO:colcon.colcon_core.shell:Creating package descriptor '/home/tim3145/espers2_ws/install/arduino_bridge/share/arduino_bridge/package.dsv'
[1.076s] INFO:colcon.colcon_core.shell:Creating package script '/home/tim3145/espers2_ws/install/arduino_bridge/share/arduino_bridge/package.sh'
[1.078s] INFO:colcon.colcon_core.shell:Creating package script '/home/tim3145/espers2_ws/install/arduino_bridge/share/arduino_bridge/package.bash'
[1.079s] INFO:colcon.colcon_core.shell:Creating package script '/home/tim3145/espers2_ws/install/arduino_bridge/share/arduino_bridge/package.zsh'
[1.079s] Level 1:colcon.colcon_core.environment:create_file_with_runtime_dependencies(/home/tim3145/espers2_ws/install/arduino_bridge/share/colcon-core/packages/arduino_bridge)
[1.095s] Level 1:colcon.colcon_core.environment:create_environment_scripts_only(diffbot_description)
[1.095s] Level 1:colcon.colcon_core.environment:checking '/home/tim3145/espers2_ws/install/diffbot_description' for CMake module files
[1.096s] Level 1:colcon.colcon_core.environment:checking '/home/tim3145/espers2_ws/install/diffbot_description' for CMake config files
[1.097s] Level 1:colcon.colcon_core.shell:create_environment_hook('diffbot_description', 'cmake_prefix_path')
[1.097s] INFO:colcon.colcon_core.shell:Creating environment hook '/home/tim3145/espers2_ws/install/diffbot_description/share/diffbot_description/hook/cmake_prefix_path.ps1'
[1.098s] INFO:colcon.colcon_core.shell:Creating environment descriptor '/home/tim3145/espers2_ws/install/diffbot_description/share/diffbot_description/hook/cmake_prefix_path.dsv'
[1.098s] INFO:colcon.colcon_core.shell:Creating environment hook '/home/tim3145/espers2_ws/install/diffbot_description/share/diffbot_description/hook/cmake_prefix_path.sh'
[1.100s] Level 1:colcon.colcon_core.environment:checking '/home/tim3145/espers2_ws/install/diffbot_description/bin'
[1.100s] Level 1:colcon.colcon_core.environment:checking '/home/tim3145/espers2_ws/install/diffbot_description/lib/pkgconfig/diffbot_description.pc'
[1.101s] Level 1:colcon.colcon_core.environment:checking '/home/tim3145/espers2_ws/install/diffbot_description/lib/python3.10/site-packages'
[1.101s] Level 1:colcon.colcon_core.environment:checking '/home/tim3145/espers2_ws/install/diffbot_description/bin'
[1.102s] INFO:colcon.colcon_core.shell:Creating package script '/home/tim3145/espers2_ws/install/diffbot_description/share/diffbot_description/package.ps1'
[1.104s] INFO:colcon.colcon_core.shell:Creating package descriptor '/home/tim3145/espers2_ws/install/diffbot_description/share/diffbot_description/package.dsv'
[1.105s] INFO:colcon.colcon_core.shell:Creating package script '/home/tim3145/espers2_ws/install/diffbot_description/share/diffbot_description/package.sh'
[1.106s] INFO:colcon.colcon_core.shell:Creating package script '/home/tim3145/espers2_ws/install/diffbot_description/share/diffbot_description/package.bash'
[1.107s] INFO:colcon.colcon_core.shell:Creating package script '/home/tim3145/espers2_ws/install/diffbot_description/share/diffbot_description/package.zsh'
[1.108s] Level 1:colcon.colcon_core.environment:create_file_with_runtime_dependencies(/home/tim3145/espers2_ws/install/diffbot_description/share/colcon-core/packages/diffbot_description)
[1.114s] DEBUG:colcon.colcon_core.event_handler.log_command:Invoking command in '/home/tim3145/espers2_ws/build/rplidar_ros': CMAKE_PREFIX_PATH=/home/tim3145/espers2_ws/install/sllidar_ros2:/home/tim3145/espers2_ws/install/rplidar_ros:/home/tim3145/espers2_ws/install/diffbot_description:/opt/ros/humble:/home/tim3145/espers2_ws/install/arduino_bridge /usr/bin/cmake --install /home/tim3145/espers2_ws/build/rplidar_ros
[1.123s] DEBUG:colcon.colcon_core.event_handler.log_command:Invoking command in '/home/tim3145/espers2_ws/build/sllidar_ros2': CMAKE_PREFIX_PATH=/home/tim3145/espers2_ws/install/sllidar_ros2:/home/tim3145/espers2_ws/install/rplidar_ros:/home/tim3145/espers2_ws/install/diffbot_description:/opt/ros/humble:/home/tim3145/espers2_ws/install/arduino_bridge /usr/bin/cmake --install /home/tim3145/espers2_ws/build/sllidar_ros2
[1.160s] Level 1:colcon.colcon_core.environment:create_environment_scripts_only(rplidar_ros)
[1.161s] Level 1:colcon.colcon_core.environment:checking '/home/tim3145/espers2_ws/install/rplidar_ros' for CMake module files
[1.162s] DEBUG:colcon.colcon_core.event_handler.log_command:Invoked command in '/home/tim3145/espers2_ws/build/rplidar_ros' returned '0': CMAKE_PREFIX_PATH=/home/tim3145/espers2_ws/install/sllidar_ros2:/home/tim3145/espers2_ws/install/rplidar_ros:/home/tim3145/espers2_ws/install/diffbot_description:/opt/ros/humble:/home/tim3145/espers2_ws/install/arduino_bridge /usr/bin/cmake --install /home/tim3145/espers2_ws/build/rplidar_ros
[1.163s] Level 1:colcon.colcon_core.environment:checking '/home/tim3145/espers2_ws/install/rplidar_ros' for CMake config files
[1.163s] Level 1:colcon.colcon_core.shell:create_environment_hook('rplidar_ros', 'cmake_prefix_path')
[1.164s] INFO:colcon.colcon_core.shell:Creating environment hook '/home/tim3145/espers2_ws/install/rplidar_ros/share/rplidar_ros/hook/cmake_prefix_path.ps1'
[1.166s] INFO:colcon.colcon_core.shell:Creating environment descriptor '/home/tim3145/espers2_ws/install/rplidar_ros/share/rplidar_ros/hook/cmake_prefix_path.dsv'
[1.167s] INFO:colcon.colcon_core.shell:Creating environment hook '/home/tim3145/espers2_ws/install/rplidar_ros/share/rplidar_ros/hook/cmake_prefix_path.sh'
[1.168s] Level 1:colcon.colcon_core.environment:checking '/home/tim3145/espers2_ws/install/rplidar_ros/lib'
[1.168s] Level 1:colcon.colcon_core.environment:checking '/home/tim3145/espers2_ws/install/rplidar_ros/bin'
[1.168s] Level 1:colcon.colcon_core.environment:checking '/home/tim3145/espers2_ws/install/rplidar_ros/lib/pkgconfig/rplidar_ros.pc'
[1.169s] Level 1:colcon.colcon_core.environment:checking '/home/tim3145/espers2_ws/install/rplidar_ros/lib/python3.10/site-packages'
[1.169s] Level 1:colcon.colcon_core.environment:checking '/home/tim3145/espers2_ws/install/rplidar_ros/bin'
[1.169s] INFO:colcon.colcon_core.shell:Creating package script '/home/tim3145/espers2_ws/install/rplidar_ros/share/rplidar_ros/package.ps1'
[1.170s] INFO:colcon.colcon_core.shell:Creating package descriptor '/home/tim3145/espers2_ws/install/rplidar_ros/share/rplidar_ros/package.dsv'
[1.171s] INFO:colcon.colcon_core.shell:Creating package script '/home/tim3145/espers2_ws/install/rplidar_ros/share/rplidar_ros/package.sh'
[1.171s] INFO:colcon.colcon_core.shell:Creating package script '/home/tim3145/espers2_ws/install/rplidar_ros/share/rplidar_ros/package.bash'
[1.172s] INFO:colcon.colcon_core.shell:Creating package script '/home/tim3145/espers2_ws/install/rplidar_ros/share/rplidar_ros/package.zsh'
[1.172s] Level 1:colcon.colcon_core.environment:create_file_with_runtime_dependencies(/home/tim3145/espers2_ws/install/rplidar_ros/share/colcon-core/packages/rplidar_ros)
[1.175s] Level 1:colcon.colcon_core.environment:create_environment_scripts_only(sllidar_ros2)
[1.176s] Level 1:colcon.colcon_core.environment:checking '/home/tim3145/espers2_ws/install/sllidar_ros2' for CMake module files
[1.176s] DEBUG:colcon.colcon_core.event_handler.log_command:Invoked command in '/home/tim3145/espers2_ws/build/sllidar_ros2' returned '0': CMAKE_PREFIX_PATH=/home/tim3145/espers2_ws/install/sllidar_ros2:/home/tim3145/espers2_ws/install/rplidar_ros:/home/tim3145/espers2_ws/install/diffbot_description:/opt/ros/humble:/home/tim3145/espers2_ws/install/arduino_bridge /usr/bin/cmake --install /home/tim3145/espers2_ws/build/sllidar_ros2
[1.177s] Level 1:colcon.colcon_core.environment:checking '/home/tim3145/espers2_ws/install/sllidar_ros2' for CMake config files
[1.177s] Level 1:colcon.colcon_core.shell:create_environment_hook('sllidar_ros2', 'cmake_prefix_path')
[1.178s] INFO:colcon.colcon_core.shell:Creating environment hook '/home/tim3145/espers2_ws/install/sllidar_ros2/share/sllidar_ros2/hook/cmake_prefix_path.ps1'
[1.178s] INFO:colcon.colcon_core.shell:Creating environment descriptor '/home/tim3145/espers2_ws/install/sllidar_ros2/share/sllidar_ros2/hook/cmake_prefix_path.dsv'
[1.179s] INFO:colcon.colcon_core.shell:Creating environment hook '/home/tim3145/espers2_ws/install/sllidar_ros2/share/sllidar_ros2/hook/cmake_prefix_path.sh'
[1.180s] Level 1:colcon.colcon_core.environment:checking '/home/tim3145/espers2_ws/install/sllidar_ros2/lib'
[1.180s] Level 1:colcon.colcon_core.environment:checking '/home/tim3145/espers2_ws/install/sllidar_ros2/bin'
[1.180s] Level 1:colcon.colcon_core.environment:checking '/home/tim3145/espers2_ws/install/sllidar_ros2/lib/pkgconfig/sllidar_ros2.pc'
[1.180s] Level 1:colcon.colcon_core.environment:checking '/home/tim3145/espers2_ws/install/sllidar_ros2/lib/python3.10/site-packages'
[1.180s] Level 1:colcon.colcon_core.environment:checking '/home/tim3145/espers2_ws/install/sllidar_ros2/bin'
[1.181s] INFO:colcon.colcon_core.shell:Creating package script '/home/tim3145/espers2_ws/install/sllidar_ros2/share/sllidar_ros2/package.ps1'
[1.182s] INFO:colcon.colcon_core.shell:Creating package descriptor '/home/tim3145/espers2_ws/install/sllidar_ros2/share/sllidar_ros2/package.dsv'
[1.182s] INFO:colcon.colcon_core.shell:Creating package script '/home/tim3145/espers2_ws/install/sllidar_ros2/share/sllidar_ros2/package.sh'
[1.183s] INFO:colcon.colcon_core.shell:Creating package script '/home/tim3145/espers2_ws/install/sllidar_ros2/share/sllidar_ros2/package.bash'
[1.183s] INFO:colcon.colcon_core.shell:Creating package script '/home/tim3145/espers2_ws/install/sllidar_ros2/share/sllidar_ros2/package.zsh'
[1.184s] Level 1:colcon.colcon_core.environment:create_file_with_runtime_dependencies(/home/tim3145/espers2_ws/install/sllidar_ros2/share/colcon-core/packages/sllidar_ros2)
[1.280s] Level 1:colcon.colcon_core.environment:create_environment_scripts_only(rplidar_ros)
[1.280s] Level 1:colcon.colcon_core.environment:checking '/home/tim3145/espers2_ws/install/rplidar_ros' for CMake module files
[1.281s] Level 1:colcon.colcon_core.environment:checking '/home/tim3145/espers2_ws/install/rplidar_ros' for CMake config files
[1.282s] Level 1:colcon.colcon_core.shell:create_environment_hook('rplidar_ros', 'cmake_prefix_path')
[1.282s] INFO:colcon.colcon_core.shell:Creating environment hook '/home/tim3145/espers2_ws/install/rplidar_ros/share/rplidar_ros/hook/cmake_prefix_path.ps1'
[1.283s] INFO:colcon.colcon_core.shell:Creating environment descriptor '/home/tim3145/espers2_ws/install/rplidar_ros/share/rplidar_ros/hook/cmake_prefix_path.dsv'
[1.283s] INFO:colcon.colcon_core.shell:Creating environment hook '/home/tim3145/espers2_ws/install/rplidar_ros/share/rplidar_ros/hook/cmake_prefix_path.sh'
[1.284s] Level 1:colcon.colcon_core.environment:checking '/home/tim3145/espers2_ws/install/rplidar_ros/lib'
[1.284s] Level 1:colcon.colcon_core.environment:checking '/home/tim3145/espers2_ws/install/rplidar_ros/bin'
[1.284s] Level 1:colcon.colcon_core.environment:checking '/home/tim3145/espers2_ws/install/rplidar_ros/lib/pkgconfig/rplidar_ros.pc'
[1.285s] Level 1:colcon.colcon_core.environment:checking '/home/tim3145/espers2_ws/install/rplidar_ros/lib/python3.10/site-packages'
[1.285s] Level 1:colcon.colcon_core.environment:checking '/home/tim3145/espers2_ws/install/rplidar_ros/bin'
[1.286s] INFO:colcon.colcon_core.shell:Creating package script '/home/tim3145/espers2_ws/install/rplidar_ros/share/rplidar_ros/package.ps1'
[1.286s] INFO:colcon.colcon_core.shell:Creating package descriptor '/home/tim3145/espers2_ws/install/rplidar_ros/share/rplidar_ros/package.dsv'
[1.287s] INFO:colcon.colcon_core.shell:Creating package script '/home/tim3145/espers2_ws/install/rplidar_ros/share/rplidar_ros/package.sh'
[1.288s] INFO:colcon.colcon_core.shell:Creating package script '/home/tim3145/espers2_ws/install/rplidar_ros/share/rplidar_ros/package.bash'
[1.289s] INFO:colcon.colcon_core.shell:Creating package script '/home/tim3145/espers2_ws/install/rplidar_ros/share/rplidar_ros/package.zsh'
[1.290s] Level 1:colcon.colcon_core.environment:create_file_with_runtime_dependencies(/home/tim3145/espers2_ws/install/rplidar_ros/share/colcon-core/packages/rplidar_ros)
[1.292s] Level 1:colcon.colcon_core.environment:create_environment_scripts_only(sllidar_ros2)
[1.293s] Level 1:colcon.colcon_core.environment:checking '/home/tim3145/espers2_ws/install/sllidar_ros2' for CMake module files
[1.294s] Level 1:colcon.colcon_core.environment:checking '/home/tim3145/espers2_ws/install/sllidar_ros2' for CMake config files
[1.294s] Level 1:colcon.colcon_core.shell:create_environment_hook('sllidar_ros2', 'cmake_prefix_path')
[1.295s] INFO:colcon.colcon_core.shell:Creating environment hook '/home/tim3145/espers2_ws/install/sllidar_ros2/share/sllidar_ros2/hook/cmake_prefix_path.ps1'
[1.295s] INFO:colcon.colcon_core.shell:Creating environment descriptor '/home/tim3145/espers2_ws/install/sllidar_ros2/share/sllidar_ros2/hook/cmake_prefix_path.dsv'
[1.296s] INFO:colcon.colcon_core.shell:Creating environment hook '/home/tim3145/espers2_ws/install/sllidar_ros2/share/sllidar_ros2/hook/cmake_prefix_path.sh'
[1.297s] Level 1:colcon.colcon_core.environment:checking '/home/tim3145/espers2_ws/install/sllidar_ros2/lib'
[1.297s] Level 1:colcon.colcon_core.environment:checking '/home/tim3145/espers2_ws/install/sllidar_ros2/bin'
[1.297s] Level 1:colcon.colcon_core.environment:checking '/home/tim3145/espers2_ws/install/sllidar_ros2/lib/pkgconfig/sllidar_ros2.pc'
[1.297s] Level 1:colcon.colcon_core.environment:checking '/home/tim3145/espers2_ws/install/sllidar_ros2/lib/python3.10/site-packages'
[1.298s] Level 1:colcon.colcon_core.environment:checking '/home/tim3145/espers2_ws/install/sllidar_ros2/bin'
[1.299s] INFO:colcon.colcon_core.shell:Creating package script '/home/tim3145/espers2_ws/install/sllidar_ros2/share/sllidar_ros2/package.ps1'
[1.300s] INFO:colcon.colcon_core.shell:Creating package descriptor '/home/tim3145/espers2_ws/install/sllidar_ros2/share/sllidar_ros2/package.dsv'
[1.300s] INFO:colcon.colcon_core.shell:Creating package script '/home/tim3145/espers2_ws/install/sllidar_ros2/share/sllidar_ros2/package.sh'
[1.301s] INFO:colcon.colcon_core.shell:Creating package script '/home/tim3145/espers2_ws/install/sllidar_ros2/share/sllidar_ros2/package.bash'
[1.302s] INFO:colcon.colcon_core.shell:Creating package script '/home/tim3145/espers2_ws/install/sllidar_ros2/share/sllidar_ros2/package.zsh'
[1.303s] Level 1:colcon.colcon_core.environment:create_file_with_runtime_dependencies(/home/tim3145/espers2_ws/install/sllidar_ros2/share/colcon-core/packages/sllidar_ros2)
[1.303s] DEBUG:colcon.colcon_parallel_executor.executor.parallel:closing loop
[1.304s] DEBUG:colcon.colcon_parallel_executor.executor.parallel:loop closed
[1.304s] DEBUG:colcon.colcon_parallel_executor.executor.parallel:run_until_complete finished with '0'
[1.304s] DEBUG:colcon.colcon_core.event_reactor:joining thread
[1.312s] INFO:colcon.colcon_core.plugin_system:Skipping extension 'colcon_notification.desktop_notification.terminal_notifier': Not used on non-Darwin systems
[1.312s] INFO:colcon.colcon_core.plugin_system:Skipping extension 'colcon_notification.desktop_notification.win32': Not used on non-Windows systems
[1.312s] INFO:colcon.colcon_notification.desktop_notification:Sending desktop notification using 'notify2'
[1.329s] DEBUG:colcon.colcon_core.event_reactor:joined thread
[1.330s] INFO:colcon.colcon_core.shell:Creating prefix script '/home/tim3145/espers2_ws/install/local_setup.ps1'
[1.331s] INFO:colcon.colcon_core.shell:Creating prefix util module '/home/tim3145/espers2_ws/install/_local_setup_util_ps1.py'
[1.334s] INFO:colcon.colcon_core.shell:Creating prefix chain script '/home/tim3145/espers2_ws/install/setup.ps1'
[1.337s] INFO:colcon.colcon_core.shell:Creating prefix script '/home/tim3145/espers2_ws/install/local_setup.sh'
[1.338s] INFO:colcon.colcon_core.shell:Creating prefix util module '/home/tim3145/espers2_ws/install/_local_setup_util_sh.py'
[1.339s] INFO:colcon.colcon_core.shell:Creating prefix chain script '/home/tim3145/espers2_ws/install/setup.sh'
[1.341s] INFO:colcon.colcon_core.shell:Creating prefix script '/home/tim3145/espers2_ws/install/local_setup.bash'
[1.342s] INFO:colcon.colcon_core.shell:Creating prefix chain script '/home/tim3145/espers2_ws/install/setup.bash'
[1.343s] INFO:colcon.colcon_core.shell:Creating prefix script '/home/tim3145/espers2_ws/install/local_setup.zsh'
[1.344s] INFO:colcon.colcon_core.shell:Creating prefix chain script '/home/tim3145/espers2_ws/install/setup.zsh'
