[0.180s] DEBUG:colcon:Command line arguments: ['/usr/bin/colcon', 'build', '--symlink-install']
[0.180s] DEBUG:colcon:Parsed command line arguments: Namespace(log_base=None, log_level=None, verb_name='build', build_base='build', install_base='install', merge_install=False, symlink_install=True, test_result_base=None, continue_on_error=False, executor='parallel', parallel_workers=4, event_handlers=None, ignore_user_meta=False, metas=['./colcon.meta'], base_paths=['.'], packages_ignore=None, packages_ignore_regex=None, paths=None, packages_up_to=None, packages_up_to_regex=None, packages_above=None, packages_above_and_dependencies=None, packages_above_depth=None, packages_select_by_dep=None, packages_skip_by_dep=None, packages_skip_up_to=None, packages_select_build_failed=False, packages_skip_build_finished=False, packages_select_test_failures=False, packages_skip_test_passed=False, packages_select=None, packages_skip=None, packages_select_regex=None, packages_skip_regex=None, packages_start=None, packages_end=None, allow_overriding=[], cmake_args=None, cmake_target=None, cmake_target_skip_unavailable=False, cmake_clean_cache=False, cmake_clean_first=False, cmake_force_configure=False, ament_cmake_args=None, catkin_cmake_args=None, catkin_skip_building_tests=False, mixin_files=None, mixin=None, verb_parser=<colcon_mixin.mixin.mixin_argument.MixinArgumentDecorator object at 0x74f48b7061a0>, verb_extension=<colcon_core.verb.build.BuildVerb object at 0x74f48b705cf0>, main=<bound method BuildVerb.main of <colcon_core.verb.build.BuildVerb object at 0x74f48b705cf0>>, mixin_verb=('build',))
[0.494s] Level 1:colcon.colcon_core.package_discovery:discover_packages(colcon_meta) check parameters
[0.495s] Level 1:colcon.colcon_core.package_discovery:discover_packages(recursive) check parameters
[0.495s] Level 1:colcon.colcon_core.package_discovery:discover_packages(ignore) check parameters
[0.495s] Level 1:colcon.colcon_core.package_discovery:discover_packages(path) check parameters
[0.495s] Level 1:colcon.colcon_core.package_discovery:discover_packages(colcon_meta) discover
[0.495s] Level 1:colcon.colcon_core.package_discovery:discover_packages(recursive) discover
[0.495s] INFO:colcon.colcon_core.package_discovery:Crawling recursively for packages in '/home/tim3145/espers2_ws'
[0.495s] Level 1:colcon.colcon_core.package_identification:_identify(.) by extensions ['ignore', 'ignore_ament_install']
[0.495s] Level 1:colcon.colcon_core.package_identification:_identify(.) by extension 'ignore'
[0.495s] Level 1:colcon.colcon_core.package_identification:_identify(.) by extension 'ignore_ament_install'
[0.495s] Level 1:colcon.colcon_core.package_identification:_identify(.) by extensions ['colcon_pkg']
[0.495s] Level 1:colcon.colcon_core.package_identification:_identify(.) by extension 'colcon_pkg'
[0.496s] Level 1:colcon.colcon_core.package_identification:_identify(.) by extensions ['colcon_meta']
[0.496s] Level 1:colcon.colcon_core.package_identification:_identify(.) by extension 'colcon_meta'
[0.496s] Level 1:colcon.colcon_core.package_identification:_identify(.) by extensions ['ros']
[0.496s] Level 1:colcon.colcon_core.package_identification:_identify(.) by extension 'ros'
[0.514s] Level 1:colcon.colcon_core.package_identification:_identify(.) by extensions ['cmake', 'python']
[0.514s] Level 1:colcon.colcon_core.package_identification:_identify(.) by extension 'cmake'
[0.514s] Level 1:colcon.colcon_core.package_identification:_identify(.) by extension 'python'
[0.514s] Level 1:colcon.colcon_core.package_identification:_identify(.) by extensions ['python_setup_py']
[0.514s] Level 1:colcon.colcon_core.package_identification:_identify(.) by extension 'python_setup_py'
[0.514s] Level 1:colcon.colcon_core.package_identification:_identify(build) by extensions ['ignore', 'ignore_ament_install']
[0.514s] Level 1:colcon.colcon_core.package_identification:_identify(build) by extension 'ignore'
[0.514s] Level 1:colcon.colcon_core.package_identification:_identify(build) ignored
[0.514s] Level 1:colcon.colcon_core.package_identification:_identify(install) by extensions ['ignore', 'ignore_ament_install']
[0.515s] Level 1:colcon.colcon_core.package_identification:_identify(install) by extension 'ignore'
[0.515s] Level 1:colcon.colcon_core.package_identification:_identify(install) ignored
[0.515s] Level 1:colcon.colcon_core.package_identification:_identify(log) by extensions ['ignore', 'ignore_ament_install']
[0.515s] Level 1:colcon.colcon_core.package_identification:_identify(log) by extension 'ignore'
[0.515s] Level 1:colcon.colcon_core.package_identification:_identify(log) ignored
[0.515s] Level 1:colcon.colcon_core.package_identification:_identify(robot_edit.ino) by extensions ['ignore', 'ignore_ament_install']
[0.515s] Level 1:colcon.colcon_core.package_identification:_identify(robot_edit.ino) by extension 'ignore'
[0.515s] Level 1:colcon.colcon_core.package_identification:_identify(robot_edit.ino) by extension 'ignore_ament_install'
[0.515s] Level 1:colcon.colcon_core.package_identification:_identify(robot_edit.ino) by extensions ['colcon_pkg']
[0.515s] Level 1:colcon.colcon_core.package_identification:_identify(robot_edit.ino) by extension 'colcon_pkg'
[0.516s] Level 1:colcon.colcon_core.package_identification:_identify(robot_edit.ino) by extensions ['colcon_meta']
[0.516s] Level 1:colcon.colcon_core.package_identification:_identify(robot_edit.ino) by extension 'colcon_meta'
[0.516s] Level 1:colcon.colcon_core.package_identification:_identify(robot_edit.ino) by extensions ['ros']
[0.516s] Level 1:colcon.colcon_core.package_identification:_identify(robot_edit.ino) by extension 'ros'
[0.516s] Level 1:colcon.colcon_core.package_identification:_identify(robot_edit.ino) by extensions ['cmake', 'python']
[0.516s] Level 1:colcon.colcon_core.package_identification:_identify(robot_edit.ino) by extension 'cmake'
[0.516s] Level 1:colcon.colcon_core.package_identification:_identify(robot_edit.ino) by extension 'python'
[0.516s] Level 1:colcon.colcon_core.package_identification:_identify(robot_edit.ino) by extensions ['python_setup_py']
[0.516s] Level 1:colcon.colcon_core.package_identification:_identify(robot_edit.ino) by extension 'python_setup_py'
[0.516s] Level 1:colcon.colcon_core.package_identification:_identify(src) by extensions ['ignore', 'ignore_ament_install']
[0.516s] Level 1:colcon.colcon_core.package_identification:_identify(src) by extension 'ignore'
[0.516s] Level 1:colcon.colcon_core.package_identification:_identify(src) by extension 'ignore_ament_install'
[0.516s] Level 1:colcon.colcon_core.package_identification:_identify(src) by extensions ['colcon_pkg']
[0.516s] Level 1:colcon.colcon_core.package_identification:_identify(src) by extension 'colcon_pkg'
[0.517s] Level 1:colcon.colcon_core.package_identification:_identify(src) by extensions ['colcon_meta']
[0.517s] Level 1:colcon.colcon_core.package_identification:_identify(src) by extension 'colcon_meta'
[0.517s] Level 1:colcon.colcon_core.package_identification:_identify(src) by extensions ['ros']
[0.517s] Level 1:colcon.colcon_core.package_identification:_identify(src) by extension 'ros'
[0.517s] Level 1:colcon.colcon_core.package_identification:_identify(src) by extensions ['cmake', 'python']
[0.517s] Level 1:colcon.colcon_core.package_identification:_identify(src) by extension 'cmake'
[0.517s] Level 1:colcon.colcon_core.package_identification:_identify(src) by extension 'python'
[0.517s] Level 1:colcon.colcon_core.package_identification:_identify(src) by extensions ['python_setup_py']
[0.517s] Level 1:colcon.colcon_core.package_identification:_identify(src) by extension 'python_setup_py'
[0.517s] Level 1:colcon.colcon_core.package_identification:_identify(src/arduino_bridge) by extensions ['ignore', 'ignore_ament_install']
[0.517s] Level 1:colcon.colcon_core.package_identification:_identify(src/arduino_bridge) by extension 'ignore'
[0.517s] Level 1:colcon.colcon_core.package_identification:_identify(src/arduino_bridge) by extension 'ignore_ament_install'
[0.517s] Level 1:colcon.colcon_core.package_identification:_identify(src/arduino_bridge) by extensions ['colcon_pkg']
[0.517s] Level 1:colcon.colcon_core.package_identification:_identify(src/arduino_bridge) by extension 'colcon_pkg'
[0.518s] Level 1:colcon.colcon_core.package_identification:_identify(src/arduino_bridge) by extensions ['colcon_meta']
[0.518s] Level 1:colcon.colcon_core.package_identification:_identify(src/arduino_bridge) by extension 'colcon_meta'
[0.518s] Level 1:colcon.colcon_core.package_identification:_identify(src/arduino_bridge) by extensions ['ros']
[0.518s] Level 1:colcon.colcon_core.package_identification:_identify(src/arduino_bridge) by extension 'ros'
[0.521s] DEBUG:colcon.colcon_core.package_identification:Package 'src/arduino_bridge' with type 'ros.catkin' and name 'arduino_bridge'
[0.521s] Level 1:colcon.colcon_core.package_identification:_identify(src/diffbot_description) by extensions ['ignore', 'ignore_ament_install']
[0.522s] Level 1:colcon.colcon_core.package_identification:_identify(src/diffbot_description) by extension 'ignore'
[0.522s] Level 1:colcon.colcon_core.package_identification:_identify(src/diffbot_description) by extension 'ignore_ament_install'
[0.522s] Level 1:colcon.colcon_core.package_identification:_identify(src/diffbot_description) by extensions ['colcon_pkg']
[0.522s] Level 1:colcon.colcon_core.package_identification:_identify(src/diffbot_description) by extension 'colcon_pkg'
[0.522s] Level 1:colcon.colcon_core.package_identification:_identify(src/diffbot_description) by extensions ['colcon_meta']
[0.522s] Level 1:colcon.colcon_core.package_identification:_identify(src/diffbot_description) by extension 'colcon_meta'
[0.522s] Level 1:colcon.colcon_core.package_identification:_identify(src/diffbot_description) by extensions ['ros']
[0.522s] Level 1:colcon.colcon_core.package_identification:_identify(src/diffbot_description) by extension 'ros'
[0.524s] DEBUG:colcon.colcon_core.package_identification:Package 'src/diffbot_description' with type 'ros.ament_cmake' and name 'diffbot_description'
[0.524s] Level 1:colcon.colcon_core.package_identification:_identify(src/rplidar_ros) by extensions ['ignore', 'ignore_ament_install']
[0.524s] Level 1:colcon.colcon_core.package_identification:_identify(src/rplidar_ros) by extension 'ignore'
[0.524s] Level 1:colcon.colcon_core.package_identification:_identify(src/rplidar_ros) by extension 'ignore_ament_install'
[0.524s] Level 1:colcon.colcon_core.package_identification:_identify(src/rplidar_ros) by extensions ['colcon_pkg']
[0.524s] Level 1:colcon.colcon_core.package_identification:_identify(src/rplidar_ros) by extension 'colcon_pkg'
[0.524s] Level 1:colcon.colcon_core.package_identification:_identify(src/rplidar_ros) by extensions ['colcon_meta']
[0.524s] Level 1:colcon.colcon_core.package_identification:_identify(src/rplidar_ros) by extension 'colcon_meta'
[0.525s] Level 1:colcon.colcon_core.package_identification:_identify(src/rplidar_ros) by extensions ['ros']
[0.525s] Level 1:colcon.colcon_core.package_identification:_identify(src/rplidar_ros) by extension 'ros'
[0.526s] DEBUG:colcon.colcon_core.package_identification:Package 'src/rplidar_ros' with type 'ros.ament_cmake' and name 'rplidar_ros'
[0.526s] Level 1:colcon.colcon_core.package_identification:_identify(src/sllidar_ros2) by extensions ['ignore', 'ignore_ament_install']
[0.526s] Level 1:colcon.colcon_core.package_identification:_identify(src/sllidar_ros2) by extension 'ignore'
[0.526s] Level 1:colcon.colcon_core.package_identification:_identify(src/sllidar_ros2) by extension 'ignore_ament_install'
[0.526s] Level 1:colcon.colcon_core.package_identification:_identify(src/sllidar_ros2) by extensions ['colcon_pkg']
[0.526s] Level 1:colcon.colcon_core.package_identification:_identify(src/sllidar_ros2) by extension 'colcon_pkg'
[0.526s] Level 1:colcon.colcon_core.package_identification:_identify(src/sllidar_ros2) by extensions ['colcon_meta']
[0.526s] Level 1:colcon.colcon_core.package_identification:_identify(src/sllidar_ros2) by extension 'colcon_meta'
[0.526s] Level 1:colcon.colcon_core.package_identification:_identify(src/sllidar_ros2) by extensions ['ros']
[0.526s] Level 1:colcon.colcon_core.package_identification:_identify(src/sllidar_ros2) by extension 'ros'
[0.528s] DEBUG:colcon.colcon_core.package_identification:Package 'src/sllidar_ros2' with type 'ros.ament_cmake' and name 'sllidar_ros2'
[0.528s] Level 1:colcon.colcon_core.package_discovery:discover_packages(recursive) using defaults
[0.528s] Level 1:colcon.colcon_core.package_discovery:discover_packages(ignore) discover
[0.528s] Level 1:colcon.colcon_core.package_discovery:discover_packages(ignore) using defaults
[0.528s] Level 1:colcon.colcon_core.package_discovery:discover_packages(path) discover
[0.528s] Level 1:colcon.colcon_core.package_discovery:discover_packages(path) using defaults
[0.559s] Level 1:colcon.colcon_core.package_discovery:discover_packages(prefix_path) check parameters
[0.559s] Level 1:colcon.colcon_core.package_discovery:discover_packages(prefix_path) discover
[0.561s] DEBUG:colcon.colcon_installed_package_information.package_discovery:Found 4 installed packages in /home/tim3145/espers2_ws/install
[0.564s] DEBUG:colcon.colcon_installed_package_information.package_discovery:Found 428 installed packages in /opt/ros/humble
[0.581s] Level 1:colcon.colcon_core.package_discovery:discover_packages(prefix_path) using defaults
[0.664s] Level 5:colcon.colcon_core.verb:set package 'arduino_bridge' build argument 'cmake_args' from command line to 'None'
[0.664s] Level 5:colcon.colcon_core.verb:set package 'arduino_bridge' build argument 'cmake_target' from command line to 'None'
[0.664s] Level 5:colcon.colcon_core.verb:set package 'arduino_bridge' build argument 'cmake_target_skip_unavailable' from command line to 'False'
[0.664s] Level 5:colcon.colcon_core.verb:set package 'arduino_bridge' build argument 'cmake_clean_cache' from command line to 'False'
[0.664s] Level 5:colcon.colcon_core.verb:set package 'arduino_bridge' build argument 'cmake_clean_first' from command line to 'False'
[0.664s] Level 5:colcon.colcon_core.verb:set package 'arduino_bridge' build argument 'cmake_force_configure' from command line to 'False'
[0.664s] Level 5:colcon.colcon_core.verb:set package 'arduino_bridge' build argument 'ament_cmake_args' from command line to 'None'
[0.664s] Level 5:colcon.colcon_core.verb:set package 'arduino_bridge' build argument 'catkin_cmake_args' from command line to 'None'
[0.664s] Level 5:colcon.colcon_core.verb:set package 'arduino_bridge' build argument 'catkin_skip_building_tests' from command line to 'False'
[0.665s] DEBUG:colcon.colcon_core.verb:Building package 'arduino_bridge' with the following arguments: {'ament_cmake_args': None, 'build_base': '/home/tim3145/espers2_ws/build/arduino_bridge', 'catkin_cmake_args': None, 'catkin_skip_building_tests': False, 'cmake_args': None, 'cmake_clean_cache': False, 'cmake_clean_first': False, 'cmake_force_configure': False, 'cmake_target': None, 'cmake_target_skip_unavailable': False, 'install_base': '/home/tim3145/espers2_ws/install/arduino_bridge', 'merge_install': False, 'path': '/home/tim3145/espers2_ws/src/arduino_bridge', 'symlink_install': True, 'test_result_base': None}
[0.665s] Level 5:colcon.colcon_core.verb:set package 'diffbot_description' build argument 'cmake_args' from command line to 'None'
[0.665s] Level 5:colcon.colcon_core.verb:set package 'diffbot_description' build argument 'cmake_target' from command line to 'None'
[0.665s] Level 5:colcon.colcon_core.verb:set package 'diffbot_description' build argument 'cmake_target_skip_unavailable' from command line to 'False'
[0.665s] Level 5:colcon.colcon_core.verb:set package 'diffbot_description' build argument 'cmake_clean_cache' from command line to 'False'
[0.665s] Level 5:colcon.colcon_core.verb:set package 'diffbot_description' build argument 'cmake_clean_first' from command line to 'False'
[0.665s] Level 5:colcon.colcon_core.verb:set package 'diffbot_description' build argument 'cmake_force_configure' from command line to 'False'
[0.665s] Level 5:colcon.colcon_core.verb:set package 'diffbot_description' build argument 'ament_cmake_args' from command line to 'None'
[0.665s] Level 5:colcon.colcon_core.verb:set package 'diffbot_description' build argument 'catkin_cmake_args' from command line to 'None'
[0.665s] Level 5:colcon.colcon_core.verb:set package 'diffbot_description' build argument 'catkin_skip_building_tests' from command line to 'False'
[0.665s] DEBUG:colcon.colcon_core.verb:Building package 'diffbot_description' with the following arguments: {'ament_cmake_args': None, 'build_base': '/home/tim3145/espers2_ws/build/diffbot_description', 'catkin_cmake_args': None, 'catkin_skip_building_tests': False, 'cmake_args': None, 'cmake_clean_cache': False, 'cmake_clean_first': False, 'cmake_force_configure': False, 'cmake_target': None, 'cmake_target_skip_unavailable': False, 'install_base': '/home/tim3145/espers2_ws/install/diffbot_description', 'merge_install': False, 'path': '/home/tim3145/espers2_ws/src/diffbot_description', 'symlink_install': True, 'test_result_base': None}
[0.666s] Level 5:colcon.colcon_core.verb:set package 'rplidar_ros' build argument 'cmake_args' from command line to 'None'
[0.666s] Level 5:colcon.colcon_core.verb:set package 'rplidar_ros' build argument 'cmake_target' from command line to 'None'
[0.666s] Level 5:colcon.colcon_core.verb:set package 'rplidar_ros' build argument 'cmake_target_skip_unavailable' from command line to 'False'
[0.666s] Level 5:colcon.colcon_core.verb:set package 'rplidar_ros' build argument 'cmake_clean_cache' from command line to 'False'
[0.666s] Level 5:colcon.colcon_core.verb:set package 'rplidar_ros' build argument 'cmake_clean_first' from command line to 'False'
[0.666s] Level 5:colcon.colcon_core.verb:set package 'rplidar_ros' build argument 'cmake_force_configure' from command line to 'False'
[0.666s] Level 5:colcon.colcon_core.verb:set package 'rplidar_ros' build argument 'ament_cmake_args' from command line to 'None'
[0.666s] Level 5:colcon.colcon_core.verb:set package 'rplidar_ros' build argument 'catkin_cmake_args' from command line to 'None'
[0.666s] Level 5:colcon.colcon_core.verb:set package 'rplidar_ros' build argument 'catkin_skip_building_tests' from command line to 'False'
[0.666s] DEBUG:colcon.colcon_core.verb:Building package 'rplidar_ros' with the following arguments: {'ament_cmake_args': None, 'build_base': '/home/tim3145/espers2_ws/build/rplidar_ros', 'catkin_cmake_args': None, 'catkin_skip_building_tests': False, 'cmake_args': None, 'cmake_clean_cache': False, 'cmake_clean_first': False, 'cmake_force_configure': False, 'cmake_target': None, 'cmake_target_skip_unavailable': False, 'install_base': '/home/tim3145/espers2_ws/install/rplidar_ros', 'merge_install': False, 'path': '/home/tim3145/espers2_ws/src/rplidar_ros', 'symlink_install': True, 'test_result_base': None}
[0.667s] Level 5:colcon.colcon_core.verb:set package 'sllidar_ros2' build argument 'cmake_args' from command line to 'None'
[0.667s] Level 5:colcon.colcon_core.verb:set package 'sllidar_ros2' build argument 'cmake_target' from command line to 'None'
[0.667s] Level 5:colcon.colcon_core.verb:set package 'sllidar_ros2' build argument 'cmake_target_skip_unavailable' from command line to 'False'
[0.667s] Level 5:colcon.colcon_core.verb:set package 'sllidar_ros2' build argument 'cmake_clean_cache' from command line to 'False'
[0.667s] Level 5:colcon.colcon_core.verb:set package 'sllidar_ros2' build argument 'cmake_clean_first' from command line to 'False'
[0.667s] Level 5:colcon.colcon_core.verb:set package 'sllidar_ros2' build argument 'cmake_force_configure' from command line to 'False'
[0.667s] Level 5:colcon.colcon_core.verb:set package 'sllidar_ros2' build argument 'ament_cmake_args' from command line to 'None'
[0.667s] Level 5:colcon.colcon_core.verb:set package 'sllidar_ros2' build argument 'catkin_cmake_args' from command line to 'None'
[0.667s] Level 5:colcon.colcon_core.verb:set package 'sllidar_ros2' build argument 'catkin_skip_building_tests' from command line to 'False'
[0.667s] DEBUG:colcon.colcon_core.verb:Building package 'sllidar_ros2' with the following arguments: {'ament_cmake_args': None, 'build_base': '/home/tim3145/espers2_ws/build/sllidar_ros2', 'catkin_cmake_args': None, 'catkin_skip_building_tests': False, 'cmake_args': None, 'cmake_clean_cache': False, 'cmake_clean_first': False, 'cmake_force_configure': False, 'cmake_target': None, 'cmake_target_skip_unavailable': False, 'install_base': '/home/tim3145/espers2_ws/install/sllidar_ros2', 'merge_install': False, 'path': '/home/tim3145/espers2_ws/src/sllidar_ros2', 'symlink_install': True, 'test_result_base': None}
[0.667s] INFO:colcon.colcon_core.executor:Executing jobs using 'parallel' executor
[0.669s] DEBUG:colcon.colcon_parallel_executor.executor.parallel:run_until_complete
[0.669s] INFO:colcon.colcon_ros.task.catkin.build:Building ROS package in '/home/tim3145/espers2_ws/src/arduino_bridge' with build type 'catkin'
[0.669s] INFO:colcon.colcon_cmake.task.cmake.build:Building CMake package in '/home/tim3145/espers2_ws/src/arduino_bridge'
[0.672s] INFO:colcon.colcon_core.plugin_system:Skipping extension 'colcon_core.shell.bat': Not used on non-Windows systems
[0.673s] INFO:colcon.colcon_core.shell:Skip shell extension 'powershell' for command environment: Not usable outside of PowerShell
[0.673s] DEBUG:colcon.colcon_core.shell:Skip shell extension 'dsv' for command environment
[0.679s] INFO:colcon.colcon_ros.task.ament_cmake.build:Building ROS package in '/home/tim3145/espers2_ws/src/diffbot_description' with build type 'ament_cmake'
[0.679s] INFO:colcon.colcon_cmake.task.cmake.build:Building CMake package in '/home/tim3145/espers2_ws/src/diffbot_description'
[0.679s] INFO:colcon.colcon_core.shell:Skip shell extension 'powershell' for command environment: Not usable outside of PowerShell
[0.679s] DEBUG:colcon.colcon_core.shell:Skip shell extension 'dsv' for command environment
[0.685s] INFO:colcon.colcon_ros.task.ament_cmake.build:Building ROS package in '/home/tim3145/espers2_ws/src/rplidar_ros' with build type 'ament_cmake'
[0.686s] INFO:colcon.colcon_cmake.task.cmake.build:Building CMake package in '/home/tim3145/espers2_ws/src/rplidar_ros'
[0.686s] INFO:colcon.colcon_core.shell:Skip shell extension 'powershell' for command environment: Not usable outside of PowerShell
[0.686s] DEBUG:colcon.colcon_core.shell:Skip shell extension 'dsv' for command environment
[0.692s] INFO:colcon.colcon_ros.task.ament_cmake.build:Building ROS package in '/home/tim3145/espers2_ws/src/sllidar_ros2' with build type 'ament_cmake'
[0.693s] INFO:colcon.colcon_cmake.task.cmake.build:Building CMake package in '/home/tim3145/espers2_ws/src/sllidar_ros2'
[0.693s] INFO:colcon.colcon_core.shell:Skip shell extension 'powershell' for command environment: Not usable outside of PowerShell
[0.693s] DEBUG:colcon.colcon_core.shell:Skip shell extension 'dsv' for command environment
[0.711s] DEBUG:colcon.colcon_core.event_handler.log_command:Invoking command in '/home/tim3145/espers2_ws/build/arduino_bridge': /usr/bin/cmake --build /home/tim3145/espers2_ws/build/arduino_bridge -- -j4 -l4
[0.718s] DEBUG:colcon.colcon_core.event_handler.log_command:Invoking command in '/home/tim3145/espers2_ws/build/diffbot_description': CMAKE_PREFIX_PATH=/home/tim3145/espers2_ws/install/sllidar_ros2:/home/tim3145/espers2_ws/install/rplidar_ros:/home/tim3145/espers2_ws/install/diffbot_description:/opt/ros/humble:/home/tim3145/espers2_ws/install/arduino_bridge /usr/bin/cmake --build /home/tim3145/espers2_ws/build/diffbot_description -- -j4 -l4
[0.726s] DEBUG:colcon.colcon_core.event_handler.log_command:Invoking command in '/home/tim3145/espers2_ws/build/rplidar_ros': CMAKE_PREFIX_PATH=/home/tim3145/espers2_ws/install/sllidar_ros2:/home/tim3145/espers2_ws/install/rplidar_ros:/home/tim3145/espers2_ws/install/diffbot_description:/opt/ros/humble:/home/tim3145/espers2_ws/install/arduino_bridge /usr/bin/cmake --build /home/tim3145/espers2_ws/build/rplidar_ros -- -j4 -l4
[0.735s] DEBUG:colcon.colcon_core.event_handler.log_command:Invoking command in '/home/tim3145/espers2_ws/build/sllidar_ros2': CMAKE_PREFIX_PATH=/home/tim3145/espers2_ws/install/sllidar_ros2:/home/tim3145/espers2_ws/install/rplidar_ros:/home/tim3145/espers2_ws/install/diffbot_description:/opt/ros/humble:/home/tim3145/espers2_ws/install/arduino_bridge /usr/bin/cmake --build /home/tim3145/espers2_ws/build/sllidar_ros2 -- -j4 -l4
[0.795s] DEBUG:colcon.colcon_core.event_handler.log_command:Invoked command in '/home/tim3145/espers2_ws/build/arduino_bridge' returned '0': /usr/bin/cmake --build /home/tim3145/espers2_ws/build/arduino_bridge -- -j4 -l4
[0.823s] DEBUG:colcon.colcon_core.event_handler.log_command:Invoked command in '/home/tim3145/espers2_ws/build/diffbot_description' returned '0': CMAKE_PREFIX_PATH=/home/tim3145/espers2_ws/install/sllidar_ros2:/home/tim3145/espers2_ws/install/rplidar_ros:/home/tim3145/espers2_ws/install/diffbot_description:/opt/ros/humble:/home/tim3145/espers2_ws/install/arduino_bridge /usr/bin/cmake --build /home/tim3145/espers2_ws/build/diffbot_description -- -j4 -l4
[0.929s] DEBUG:colcon.colcon_core.event_handler.log_command:Invoking command in '/home/tim3145/espers2_ws/build/diffbot_description': CMAKE_PREFIX_PATH=/home/tim3145/espers2_ws/install/sllidar_ros2:/home/tim3145/espers2_ws/install/rplidar_ros:/home/tim3145/espers2_ws/install/diffbot_description:/opt/ros/humble:/home/tim3145/espers2_ws/install/arduino_bridge /usr/bin/cmake --install /home/tim3145/espers2_ws/build/diffbot_description
[0.944s] DEBUG:colcon.colcon_core.event_handler.log_command:Invoking command in '/home/tim3145/espers2_ws/build/arduino_bridge': /usr/bin/cmake --install /home/tim3145/espers2_ws/build/arduino_bridge
[0.981s] DEBUG:colcon.colcon_core.event_handler.log_command:Invoked command in '/home/tim3145/espers2_ws/build/arduino_bridge' returned '0': /usr/bin/cmake --install /home/tim3145/espers2_ws/build/arduino_bridge
[0.982s] DEBUG:colcon.colcon_core.event_handler.log_command:Invoked command in '/home/tim3145/espers2_ws/build/rplidar_ros' returned '0': CMAKE_PREFIX_PATH=/home/tim3145/espers2_ws/install/sllidar_ros2:/home/tim3145/espers2_ws/install/rplidar_ros:/home/tim3145/espers2_ws/install/diffbot_description:/opt/ros/humble:/home/tim3145/espers2_ws/install/arduino_bridge /usr/bin/cmake --build /home/tim3145/espers2_ws/build/rplidar_ros -- -j4 -l4
[0.990s] DEBUG:colcon.colcon_core.event_handler.log_command:Invoked command in '/home/tim3145/espers2_ws/build/sllidar_ros2' returned '0': CMAKE_PREFIX_PATH=/home/tim3145/espers2_ws/install/sllidar_ros2:/home/tim3145/espers2_ws/install/rplidar_ros:/home/tim3145/espers2_ws/install/diffbot_description:/opt/ros/humble:/home/tim3145/espers2_ws/install/arduino_bridge /usr/bin/cmake --build /home/tim3145/espers2_ws/build/sllidar_ros2 -- -j4 -l4
[1.002s] Level 1:colcon.colcon_core.environment:create_environment_scripts_only(diffbot_description)
[1.005s] DEBUG:colcon.colcon_core.event_handler.log_command:Invoked command in '/home/tim3145/espers2_ws/build/diffbot_description' returned '0': CMAKE_PREFIX_PATH=/home/tim3145/espers2_ws/install/sllidar_ros2:/home/tim3145/espers2_ws/install/rplidar_ros:/home/tim3145/espers2_ws/install/diffbot_description:/opt/ros/humble:/home/tim3145/espers2_ws/install/arduino_bridge /usr/bin/cmake --install /home/tim3145/espers2_ws/build/diffbot_description
[1.010s] Level 1:colcon.colcon_core.environment:checking '/home/tim3145/espers2_ws/install/diffbot_description' for CMake module files
[1.012s] Level 1:colcon.colcon_core.environment:checking '/home/tim3145/espers2_ws/install/diffbot_description' for CMake config files
[1.013s] Level 1:colcon.colcon_core.shell:create_environment_hook('diffbot_description', 'cmake_prefix_path')
[1.014s] INFO:colcon.colcon_core.shell:Creating environment hook '/home/tim3145/espers2_ws/install/diffbot_description/share/diffbot_description/hook/cmake_prefix_path.ps1'
[1.015s] INFO:colcon.colcon_core.shell:Creating environment descriptor '/home/tim3145/espers2_ws/install/diffbot_description/share/diffbot_description/hook/cmake_prefix_path.dsv'
[1.016s] INFO:colcon.colcon_core.shell:Creating environment hook '/home/tim3145/espers2_ws/install/diffbot_description/share/diffbot_description/hook/cmake_prefix_path.sh'
[1.018s] Level 1:colcon.colcon_core.environment:checking '/home/tim3145/espers2_ws/install/diffbot_description/bin'
[1.018s] Level 1:colcon.colcon_core.environment:checking '/home/tim3145/espers2_ws/install/diffbot_description/lib/pkgconfig/diffbot_description.pc'
[1.019s] Level 1:colcon.colcon_core.environment:checking '/home/tim3145/espers2_ws/install/diffbot_description/lib/python3.10/site-packages'
[1.019s] Level 1:colcon.colcon_core.environment:checking '/home/tim3145/espers2_ws/install/diffbot_description/bin'
[1.022s] INFO:colcon.colcon_core.shell:Creating package script '/home/tim3145/espers2_ws/install/diffbot_description/share/diffbot_description/package.ps1'
[1.024s] INFO:colcon.colcon_core.shell:Creating package descriptor '/home/tim3145/espers2_ws/install/diffbot_description/share/diffbot_description/package.dsv'
[1.028s] INFO:colcon.colcon_core.shell:Creating package script '/home/tim3145/espers2_ws/install/diffbot_description/share/diffbot_description/package.sh'
[1.038s] INFO:colcon.colcon_core.shell:Creating package script '/home/tim3145/espers2_ws/install/diffbot_description/share/diffbot_description/package.bash'
[1.040s] INFO:colcon.colcon_core.shell:Creating package script '/home/tim3145/espers2_ws/install/diffbot_description/share/diffbot_description/package.zsh'
[1.049s] Level 1:colcon.colcon_core.environment:create_file_with_runtime_dependencies(/home/tim3145/espers2_ws/install/diffbot_description/share/colcon-core/packages/diffbot_description)
[1.068s] Level 1:colcon.colcon_core.shell:create_environment_hook('arduino_bridge', 'ros_package_path')
[1.069s] INFO:colcon.colcon_core.shell:Creating environment hook '/home/tim3145/espers2_ws/install/arduino_bridge/share/arduino_bridge/hook/ros_package_path.ps1'
[1.070s] INFO:colcon.colcon_core.shell:Creating environment descriptor '/home/tim3145/espers2_ws/install/arduino_bridge/share/arduino_bridge/hook/ros_package_path.dsv'
[1.070s] INFO:colcon.colcon_core.shell:Creating environment hook '/home/tim3145/espers2_ws/install/arduino_bridge/share/arduino_bridge/hook/ros_package_path.sh'
[1.075s] Level 1:colcon.colcon_core.shell:create_environment_hook('arduino_bridge', 'pkg_config_path')
[1.079s] INFO:colcon.colcon_core.shell:Creating environment hook '/home/tim3145/espers2_ws/install/arduino_bridge/share/arduino_bridge/hook/pkg_config_path.ps1'
[1.080s] INFO:colcon.colcon_core.shell:Creating environment descriptor '/home/tim3145/espers2_ws/install/arduino_bridge/share/arduino_bridge/hook/pkg_config_path.dsv'
[1.084s] INFO:colcon.colcon_core.shell:Creating environment hook '/home/tim3145/espers2_ws/install/arduino_bridge/share/arduino_bridge/hook/pkg_config_path.sh'
[1.095s] Level 1:colcon.colcon_core.shell:create_environment_hook('arduino_bridge', 'pkg_config_path_multiarch')
[1.096s] INFO:colcon.colcon_core.shell:Creating environment hook '/home/tim3145/espers2_ws/install/arduino_bridge/share/arduino_bridge/hook/pkg_config_path_multiarch.ps1'
[1.097s] INFO:colcon.colcon_core.shell:Creating environment descriptor '/home/tim3145/espers2_ws/install/arduino_bridge/share/arduino_bridge/hook/pkg_config_path_multiarch.dsv'
[1.097s] INFO:colcon.colcon_core.shell:Creating environment hook '/home/tim3145/espers2_ws/install/arduino_bridge/share/arduino_bridge/hook/pkg_config_path_multiarch.sh'
[1.102s] Level 1:colcon.colcon_core.environment:create_environment_scripts_only(arduino_bridge)
[1.102s] Level 1:colcon.colcon_core.environment:checking '/home/tim3145/espers2_ws/install/arduino_bridge' for CMake module files
[1.104s] Level 1:colcon.colcon_core.environment:checking '/home/tim3145/espers2_ws/install/arduino_bridge' for CMake config files
[1.106s] Level 1:colcon.colcon_core.shell:create_environment_hook('arduino_bridge', 'cmake_prefix_path')
[1.107s] INFO:colcon.colcon_core.shell:Creating environment hook '/home/tim3145/espers2_ws/install/arduino_bridge/share/arduino_bridge/hook/cmake_prefix_path.ps1'
[1.108s] INFO:colcon.colcon_core.shell:Creating environment descriptor '/home/tim3145/espers2_ws/install/arduino_bridge/share/arduino_bridge/hook/cmake_prefix_path.dsv'
[1.111s] INFO:colcon.colcon_core.shell:Creating environment hook '/home/tim3145/espers2_ws/install/arduino_bridge/share/arduino_bridge/hook/cmake_prefix_path.sh'
[1.112s] Level 1:colcon.colcon_core.environment:checking '/home/tim3145/espers2_ws/install/arduino_bridge/lib'
[1.115s] Level 1:colcon.colcon_core.environment:checking '/home/tim3145/espers2_ws/install/arduino_bridge/bin'
[1.116s] Level 1:colcon.colcon_core.environment:checking '/home/tim3145/espers2_ws/install/arduino_bridge/lib/pkgconfig/arduino_bridge.pc'
[1.116s] Level 1:colcon.colcon_core.environment:checking '/home/tim3145/espers2_ws/install/arduino_bridge/lib/python3.10/site-packages'
[1.117s] Level 1:colcon.colcon_core.environment:checking '/home/tim3145/espers2_ws/install/arduino_bridge/bin'
[1.119s] INFO:colcon.colcon_core.shell:Creating package script '/home/tim3145/espers2_ws/install/arduino_bridge/share/arduino_bridge/package.ps1'
[1.121s] INFO:colcon.colcon_core.shell:Creating package descriptor '/home/tim3145/espers2_ws/install/arduino_bridge/share/arduino_bridge/package.dsv'
[1.123s] INFO:colcon.colcon_core.shell:Creating package script '/home/tim3145/espers2_ws/install/arduino_bridge/share/arduino_bridge/package.sh'
[1.124s] INFO:colcon.colcon_core.shell:Creating package script '/home/tim3145/espers2_ws/install/arduino_bridge/share/arduino_bridge/package.bash'
[1.130s] INFO:colcon.colcon_core.shell:Creating package script '/home/tim3145/espers2_ws/install/arduino_bridge/share/arduino_bridge/package.zsh'
[1.131s] Level 1:colcon.colcon_core.environment:create_file_with_runtime_dependencies(/home/tim3145/espers2_ws/install/arduino_bridge/share/colcon-core/packages/arduino_bridge)
[1.172s] Level 1:colcon.colcon_core.environment:create_environment_scripts_only(diffbot_description)
[1.173s] Level 1:colcon.colcon_core.environment:checking '/home/tim3145/espers2_ws/install/diffbot_description' for CMake module files
[1.174s] Level 1:colcon.colcon_core.environment:checking '/home/tim3145/espers2_ws/install/diffbot_description' for CMake config files
[1.175s] Level 1:colcon.colcon_core.shell:create_environment_hook('diffbot_description', 'cmake_prefix_path')
[1.176s] INFO:colcon.colcon_core.shell:Creating environment hook '/home/tim3145/espers2_ws/install/diffbot_description/share/diffbot_description/hook/cmake_prefix_path.ps1'
[1.179s] INFO:colcon.colcon_core.shell:Creating environment descriptor '/home/tim3145/espers2_ws/install/diffbot_description/share/diffbot_description/hook/cmake_prefix_path.dsv'
[1.180s] INFO:colcon.colcon_core.shell:Creating environment hook '/home/tim3145/espers2_ws/install/diffbot_description/share/diffbot_description/hook/cmake_prefix_path.sh'
[1.181s] Level 1:colcon.colcon_core.environment:checking '/home/tim3145/espers2_ws/install/diffbot_description/bin'
[1.181s] Level 1:colcon.colcon_core.environment:checking '/home/tim3145/espers2_ws/install/diffbot_description/lib/pkgconfig/diffbot_description.pc'
[1.182s] Level 1:colcon.colcon_core.environment:checking '/home/tim3145/espers2_ws/install/diffbot_description/lib/python3.10/site-packages'
[1.183s] Level 1:colcon.colcon_core.environment:checking '/home/tim3145/espers2_ws/install/diffbot_description/bin'
[1.184s] INFO:colcon.colcon_core.shell:Creating package script '/home/tim3145/espers2_ws/install/diffbot_description/share/diffbot_description/package.ps1'
[1.185s] INFO:colcon.colcon_core.shell:Creating package descriptor '/home/tim3145/espers2_ws/install/diffbot_description/share/diffbot_description/package.dsv'
[1.187s] INFO:colcon.colcon_core.shell:Creating package script '/home/tim3145/espers2_ws/install/diffbot_description/share/diffbot_description/package.sh'
[1.188s] INFO:colcon.colcon_core.shell:Creating package script '/home/tim3145/espers2_ws/install/diffbot_description/share/diffbot_description/package.bash'
[1.189s] INFO:colcon.colcon_core.shell:Creating package script '/home/tim3145/espers2_ws/install/diffbot_description/share/diffbot_description/package.zsh'
[1.191s] Level 1:colcon.colcon_core.environment:create_file_with_runtime_dependencies(/home/tim3145/espers2_ws/install/diffbot_description/share/colcon-core/packages/diffbot_description)
[1.220s] DEBUG:colcon.colcon_core.event_handler.log_command:Invoking command in '/home/tim3145/espers2_ws/build/rplidar_ros': CMAKE_PREFIX_PATH=/home/tim3145/espers2_ws/install/sllidar_ros2:/home/tim3145/espers2_ws/install/rplidar_ros:/home/tim3145/espers2_ws/install/diffbot_description:/opt/ros/humble:/home/tim3145/espers2_ws/install/arduino_bridge /usr/bin/cmake --install /home/tim3145/espers2_ws/build/rplidar_ros
[1.231s] DEBUG:colcon.colcon_core.event_handler.log_command:Invoking command in '/home/tim3145/espers2_ws/build/sllidar_ros2': CMAKE_PREFIX_PATH=/home/tim3145/espers2_ws/install/sllidar_ros2:/home/tim3145/espers2_ws/install/rplidar_ros:/home/tim3145/espers2_ws/install/diffbot_description:/opt/ros/humble:/home/tim3145/espers2_ws/install/arduino_bridge /usr/bin/cmake --install /home/tim3145/espers2_ws/build/sllidar_ros2
[1.261s] Level 1:colcon.colcon_core.environment:create_environment_scripts_only(rplidar_ros)
[1.262s] Level 1:colcon.colcon_core.environment:checking '/home/tim3145/espers2_ws/install/rplidar_ros' for CMake module files
[1.263s] DEBUG:colcon.colcon_core.event_handler.log_command:Invoked command in '/home/tim3145/espers2_ws/build/rplidar_ros' returned '0': CMAKE_PREFIX_PATH=/home/tim3145/espers2_ws/install/sllidar_ros2:/home/tim3145/espers2_ws/install/rplidar_ros:/home/tim3145/espers2_ws/install/diffbot_description:/opt/ros/humble:/home/tim3145/espers2_ws/install/arduino_bridge /usr/bin/cmake --install /home/tim3145/espers2_ws/build/rplidar_ros
[1.264s] Level 1:colcon.colcon_core.environment:checking '/home/tim3145/espers2_ws/install/rplidar_ros' for CMake config files
[1.265s] Level 1:colcon.colcon_core.shell:create_environment_hook('rplidar_ros', 'cmake_prefix_path')
[1.265s] INFO:colcon.colcon_core.shell:Creating environment hook '/home/tim3145/espers2_ws/install/rplidar_ros/share/rplidar_ros/hook/cmake_prefix_path.ps1'
[1.266s] INFO:colcon.colcon_core.shell:Creating environment descriptor '/home/tim3145/espers2_ws/install/rplidar_ros/share/rplidar_ros/hook/cmake_prefix_path.dsv'
[1.266s] INFO:colcon.colcon_core.shell:Creating environment hook '/home/tim3145/espers2_ws/install/rplidar_ros/share/rplidar_ros/hook/cmake_prefix_path.sh'
[1.267s] Level 1:colcon.colcon_core.environment:checking '/home/tim3145/espers2_ws/install/rplidar_ros/lib'
[1.267s] Level 1:colcon.colcon_core.environment:checking '/home/tim3145/espers2_ws/install/rplidar_ros/bin'
[1.268s] Level 1:colcon.colcon_core.environment:checking '/home/tim3145/espers2_ws/install/rplidar_ros/lib/pkgconfig/rplidar_ros.pc'
[1.268s] Level 1:colcon.colcon_core.environment:checking '/home/tim3145/espers2_ws/install/rplidar_ros/lib/python3.10/site-packages'
[1.268s] Level 1:colcon.colcon_core.environment:checking '/home/tim3145/espers2_ws/install/rplidar_ros/bin'
[1.269s] INFO:colcon.colcon_core.shell:Creating package script '/home/tim3145/espers2_ws/install/rplidar_ros/share/rplidar_ros/package.ps1'
[1.269s] INFO:colcon.colcon_core.shell:Creating package descriptor '/home/tim3145/espers2_ws/install/rplidar_ros/share/rplidar_ros/package.dsv'
[1.270s] INFO:colcon.colcon_core.shell:Creating package script '/home/tim3145/espers2_ws/install/rplidar_ros/share/rplidar_ros/package.sh'
[1.270s] INFO:colcon.colcon_core.shell:Creating package script '/home/tim3145/espers2_ws/install/rplidar_ros/share/rplidar_ros/package.bash'
[1.271s] INFO:colcon.colcon_core.shell:Creating package script '/home/tim3145/espers2_ws/install/rplidar_ros/share/rplidar_ros/package.zsh'
[1.271s] Level 1:colcon.colcon_core.environment:create_file_with_runtime_dependencies(/home/tim3145/espers2_ws/install/rplidar_ros/share/colcon-core/packages/rplidar_ros)
[1.278s] Level 1:colcon.colcon_core.environment:create_environment_scripts_only(sllidar_ros2)
[1.278s] Level 1:colcon.colcon_core.environment:checking '/home/tim3145/espers2_ws/install/sllidar_ros2' for CMake module files
[1.279s] DEBUG:colcon.colcon_core.event_handler.log_command:Invoked command in '/home/tim3145/espers2_ws/build/sllidar_ros2' returned '0': CMAKE_PREFIX_PATH=/home/tim3145/espers2_ws/install/sllidar_ros2:/home/tim3145/espers2_ws/install/rplidar_ros:/home/tim3145/espers2_ws/install/diffbot_description:/opt/ros/humble:/home/tim3145/espers2_ws/install/arduino_bridge /usr/bin/cmake --install /home/tim3145/espers2_ws/build/sllidar_ros2
[1.280s] Level 1:colcon.colcon_core.environment:checking '/home/tim3145/espers2_ws/install/sllidar_ros2' for CMake config files
[1.281s] Level 1:colcon.colcon_core.shell:create_environment_hook('sllidar_ros2', 'cmake_prefix_path')
[1.281s] INFO:colcon.colcon_core.shell:Creating environment hook '/home/tim3145/espers2_ws/install/sllidar_ros2/share/sllidar_ros2/hook/cmake_prefix_path.ps1'
[1.282s] INFO:colcon.colcon_core.shell:Creating environment descriptor '/home/tim3145/espers2_ws/install/sllidar_ros2/share/sllidar_ros2/hook/cmake_prefix_path.dsv'
[1.283s] INFO:colcon.colcon_core.shell:Creating environment hook '/home/tim3145/espers2_ws/install/sllidar_ros2/share/sllidar_ros2/hook/cmake_prefix_path.sh'
[1.284s] Level 1:colcon.colcon_core.environment:checking '/home/tim3145/espers2_ws/install/sllidar_ros2/lib'
[1.284s] Level 1:colcon.colcon_core.environment:checking '/home/tim3145/espers2_ws/install/sllidar_ros2/bin'
[1.284s] Level 1:colcon.colcon_core.environment:checking '/home/tim3145/espers2_ws/install/sllidar_ros2/lib/pkgconfig/sllidar_ros2.pc'
[1.285s] Level 1:colcon.colcon_core.environment:checking '/home/tim3145/espers2_ws/install/sllidar_ros2/lib/python3.10/site-packages'
[1.285s] Level 1:colcon.colcon_core.environment:checking '/home/tim3145/espers2_ws/install/sllidar_ros2/bin'
[1.286s] INFO:colcon.colcon_core.shell:Creating package script '/home/tim3145/espers2_ws/install/sllidar_ros2/share/sllidar_ros2/package.ps1'
[1.287s] INFO:colcon.colcon_core.shell:Creating package descriptor '/home/tim3145/espers2_ws/install/sllidar_ros2/share/sllidar_ros2/package.dsv'
[1.287s] INFO:colcon.colcon_core.shell:Creating package script '/home/tim3145/espers2_ws/install/sllidar_ros2/share/sllidar_ros2/package.sh'
[1.288s] INFO:colcon.colcon_core.shell:Creating package script '/home/tim3145/espers2_ws/install/sllidar_ros2/share/sllidar_ros2/package.bash'
[1.288s] INFO:colcon.colcon_core.shell:Creating package script '/home/tim3145/espers2_ws/install/sllidar_ros2/share/sllidar_ros2/package.zsh'
[1.289s] Level 1:colcon.colcon_core.environment:create_file_with_runtime_dependencies(/home/tim3145/espers2_ws/install/sllidar_ros2/share/colcon-core/packages/sllidar_ros2)
[1.378s] Level 1:colcon.colcon_core.environment:create_environment_scripts_only(rplidar_ros)
[1.378s] Level 1:colcon.colcon_core.environment:checking '/home/tim3145/espers2_ws/install/rplidar_ros' for CMake module files
[1.379s] Level 1:colcon.colcon_core.environment:checking '/home/tim3145/espers2_ws/install/rplidar_ros' for CMake config files
[1.380s] Level 1:colcon.colcon_core.shell:create_environment_hook('rplidar_ros', 'cmake_prefix_path')
[1.380s] INFO:colcon.colcon_core.shell:Creating environment hook '/home/tim3145/espers2_ws/install/rplidar_ros/share/rplidar_ros/hook/cmake_prefix_path.ps1'
[1.381s] INFO:colcon.colcon_core.shell:Creating environment descriptor '/home/tim3145/espers2_ws/install/rplidar_ros/share/rplidar_ros/hook/cmake_prefix_path.dsv'
[1.381s] INFO:colcon.colcon_core.shell:Creating environment hook '/home/tim3145/espers2_ws/install/rplidar_ros/share/rplidar_ros/hook/cmake_prefix_path.sh'
[1.382s] Level 1:colcon.colcon_core.environment:checking '/home/tim3145/espers2_ws/install/rplidar_ros/lib'
[1.382s] Level 1:colcon.colcon_core.environment:checking '/home/tim3145/espers2_ws/install/rplidar_ros/bin'
[1.382s] Level 1:colcon.colcon_core.environment:checking '/home/tim3145/espers2_ws/install/rplidar_ros/lib/pkgconfig/rplidar_ros.pc'
[1.383s] Level 1:colcon.colcon_core.environment:checking '/home/tim3145/espers2_ws/install/rplidar_ros/lib/python3.10/site-packages'
[1.383s] Level 1:colcon.colcon_core.environment:checking '/home/tim3145/espers2_ws/install/rplidar_ros/bin'
[1.384s] INFO:colcon.colcon_core.shell:Creating package script '/home/tim3145/espers2_ws/install/rplidar_ros/share/rplidar_ros/package.ps1'
[1.384s] INFO:colcon.colcon_core.shell:Creating package descriptor '/home/tim3145/espers2_ws/install/rplidar_ros/share/rplidar_ros/package.dsv'
[1.385s] INFO:colcon.colcon_core.shell:Creating package script '/home/tim3145/espers2_ws/install/rplidar_ros/share/rplidar_ros/package.sh'
[1.386s] INFO:colcon.colcon_core.shell:Creating package script '/home/tim3145/espers2_ws/install/rplidar_ros/share/rplidar_ros/package.bash'
[1.387s] INFO:colcon.colcon_core.shell:Creating package script '/home/tim3145/espers2_ws/install/rplidar_ros/share/rplidar_ros/package.zsh'
[1.387s] Level 1:colcon.colcon_core.environment:create_file_with_runtime_dependencies(/home/tim3145/espers2_ws/install/rplidar_ros/share/colcon-core/packages/rplidar_ros)
[1.428s] Level 1:colcon.colcon_core.environment:create_environment_scripts_only(sllidar_ros2)
[1.429s] Level 1:colcon.colcon_core.environment:checking '/home/tim3145/espers2_ws/install/sllidar_ros2' for CMake module files
[1.430s] Level 1:colcon.colcon_core.environment:checking '/home/tim3145/espers2_ws/install/sllidar_ros2' for CMake config files
[1.430s] Level 1:colcon.colcon_core.shell:create_environment_hook('sllidar_ros2', 'cmake_prefix_path')
[1.431s] INFO:colcon.colcon_core.shell:Creating environment hook '/home/tim3145/espers2_ws/install/sllidar_ros2/share/sllidar_ros2/hook/cmake_prefix_path.ps1'
[1.431s] INFO:colcon.colcon_core.shell:Creating environment descriptor '/home/tim3145/espers2_ws/install/sllidar_ros2/share/sllidar_ros2/hook/cmake_prefix_path.dsv'
[1.432s] INFO:colcon.colcon_core.shell:Creating environment hook '/home/tim3145/espers2_ws/install/sllidar_ros2/share/sllidar_ros2/hook/cmake_prefix_path.sh'
[1.433s] Level 1:colcon.colcon_core.environment:checking '/home/tim3145/espers2_ws/install/sllidar_ros2/lib'
[1.433s] Level 1:colcon.colcon_core.environment:checking '/home/tim3145/espers2_ws/install/sllidar_ros2/bin'
[1.433s] Level 1:colcon.colcon_core.environment:checking '/home/tim3145/espers2_ws/install/sllidar_ros2/lib/pkgconfig/sllidar_ros2.pc'
[1.433s] Level 1:colcon.colcon_core.environment:checking '/home/tim3145/espers2_ws/install/sllidar_ros2/lib/python3.10/site-packages'
[1.433s] Level 1:colcon.colcon_core.environment:checking '/home/tim3145/espers2_ws/install/sllidar_ros2/bin'
[1.434s] INFO:colcon.colcon_core.shell:Creating package script '/home/tim3145/espers2_ws/install/sllidar_ros2/share/sllidar_ros2/package.ps1'
[1.435s] INFO:colcon.colcon_core.shell:Creating package descriptor '/home/tim3145/espers2_ws/install/sllidar_ros2/share/sllidar_ros2/package.dsv'
[1.435s] INFO:colcon.colcon_core.shell:Creating package script '/home/tim3145/espers2_ws/install/sllidar_ros2/share/sllidar_ros2/package.sh'
[1.436s] INFO:colcon.colcon_core.shell:Creating package script '/home/tim3145/espers2_ws/install/sllidar_ros2/share/sllidar_ros2/package.bash'
[1.436s] INFO:colcon.colcon_core.shell:Creating package script '/home/tim3145/espers2_ws/install/sllidar_ros2/share/sllidar_ros2/package.zsh'
[1.437s] Level 1:colcon.colcon_core.environment:create_file_with_runtime_dependencies(/home/tim3145/espers2_ws/install/sllidar_ros2/share/colcon-core/packages/sllidar_ros2)
[1.437s] DEBUG:colcon.colcon_parallel_executor.executor.parallel:closing loop
[1.437s] DEBUG:colcon.colcon_parallel_executor.executor.parallel:loop closed
[1.437s] DEBUG:colcon.colcon_parallel_executor.executor.parallel:run_until_complete finished with '0'
[1.438s] DEBUG:colcon.colcon_core.event_reactor:joining thread
[1.447s] INFO:colcon.colcon_core.plugin_system:Skipping extension 'colcon_notification.desktop_notification.terminal_notifier': Not used on non-Darwin systems
[1.447s] INFO:colcon.colcon_core.plugin_system:Skipping extension 'colcon_notification.desktop_notification.win32': Not used on non-Windows systems
[1.447s] INFO:colcon.colcon_notification.desktop_notification:Sending desktop notification using 'notify2'
[1.463s] DEBUG:colcon.colcon_core.event_reactor:joined thread
[1.464s] INFO:colcon.colcon_core.shell:Creating prefix script '/home/tim3145/espers2_ws/install/local_setup.ps1'
[1.465s] INFO:colcon.colcon_core.shell:Creating prefix util module '/home/tim3145/espers2_ws/install/_local_setup_util_ps1.py'
[1.467s] INFO:colcon.colcon_core.shell:Creating prefix chain script '/home/tim3145/espers2_ws/install/setup.ps1'
[1.469s] INFO:colcon.colcon_core.shell:Creating prefix script '/home/tim3145/espers2_ws/install/local_setup.sh'
[1.470s] INFO:colcon.colcon_core.shell:Creating prefix util module '/home/tim3145/espers2_ws/install/_local_setup_util_sh.py'
[1.470s] INFO:colcon.colcon_core.shell:Creating prefix chain script '/home/tim3145/espers2_ws/install/setup.sh'
[1.472s] INFO:colcon.colcon_core.shell:Creating prefix script '/home/tim3145/espers2_ws/install/local_setup.bash'
[1.473s] INFO:colcon.colcon_core.shell:Creating prefix chain script '/home/tim3145/espers2_ws/install/setup.bash'
[1.474s] INFO:colcon.colcon_core.shell:Creating prefix script '/home/tim3145/espers2_ws/install/local_setup.zsh'
[1.475s] INFO:colcon.colcon_core.shell:Creating prefix chain script '/home/tim3145/espers2_ws/install/setup.zsh'
